[ 25%] Built target turtlebot3_drive
[ 50%] Built target obstacle1
[ 75%] Built target obstacles
[100%] Built target obstacle2
-- Install configuration: ""
-- Up-to-date: /home/asd/ros2_ws8/install/turtlebot3_gazebo_goat/lib/turtlebot3_gazebo_goat/turtlebot3_drive
-- Up-to-date: /home/asd/ros2_ws8/install/turtlebot3_gazebo_goat/share/turtlebot3_gazebo_goat//launch
-- Up-to-date: /home/asd/ros2_ws8/install/turtlebot3_gazebo_goat/share/turtlebot3_gazebo_goat//launch/robot_state_publisher.launch.py
-- Up-to-date: /home/asd/ros2_ws8/install/turtlebot3_gazebo_goat/share/turtlebot3_gazebo_goat//launch/turtlebot3_dqn_stage1.launch.py
-- Up-to-date: /home/asd/ros2_ws8/install/turtlebot3_gazebo_goat/share/turtlebot3_gazebo_goat//launch/turtlebot3_world.launch.py
-- Up-to-date: /home/asd/ros2_ws8/install/turtlebot3_gazebo_goat/share/turtlebot3_gazebo_goat//launch/turtlebot3_dqn_stage3.launch.py
-- Up-to-date: /home/asd/ros2_ws8/install/turtlebot3_gazebo_goat/share/turtlebot3_gazebo_goat//launch/turtlebot3_dqn_stage2.launch.py
-- Up-to-date: /home/asd/ros2_ws8/install/turtlebot3_gazebo_goat/share/turtlebot3_gazebo_goat//launch/turtlebot3_goat_hotel.launch.py
-- Up-to-date: /home/asd/ros2_ws8/install/turtlebot3_gazebo_goat/share/turtlebot3_gazebo_goat//launch/turtlebot3_dqn_stage4.launch.py
-- Up-to-date: /home/asd/ros2_ws8/install/turtlebot3_gazebo_goat/share/turtlebot3_gazebo_goat//launch/empty_world.launch.py
-- Up-to-date: /home/asd/ros2_ws8/install/turtlebot3_gazebo_goat/share/turtlebot3_gazebo_goat//launch/spawn_turtlebot3.launch.py
-- Up-to-date: /home/asd/ros2_ws8/install/turtlebot3_gazebo_goat/share/turtlebot3_gazebo_goat//launch/turtlebot3_house.launch.py
-- Up-to-date: /home/asd/ros2_ws8/install/turtlebot3_gazebo_goat/share/turtlebot3_gazebo_goat//models
-- Up-to-date: /home/asd/ros2_ws8/install/turtlebot3_gazebo_goat/share/turtlebot3_gazebo_goat//models/turtlebot3_common
-- Up-to-date: /home/asd/ros2_ws8/install/turtlebot3_gazebo_goat/share/turtlebot3_gazebo_goat//models/turtlebot3_common/model.config
-- Up-to-date: /home/asd/ros2_ws8/install/turtlebot3_gazebo_goat/share/turtlebot3_gazebo_goat//models/turtlebot3_common/meshes
-- Up-to-date: /home/asd/ros2_ws8/install/turtlebot3_gazebo_goat/share/turtlebot3_gazebo_goat//models/turtlebot3_common/meshes/lds.dae
-- Up-to-date: /home/asd/ros2_ws8/install/turtlebot3_gazebo_goat/share/turtlebot3_gazebo_goat//models/turtlebot3_common/meshes/waffle_base.dae
-- Up-to-date: /home/asd/ros2_ws8/install/turtlebot3_gazebo_goat/share/turtlebot3_gazebo_goat//models/turtlebot3_common/meshes/burger_base.dae
-- Up-to-date: /home/asd/ros2_ws8/install/turtlebot3_gazebo_goat/share/turtlebot3_gazebo_goat//models/turtlebot3_common/meshes/tire.dae
-- Up-to-date: /home/asd/ros2_ws8/install/turtlebot3_gazebo_goat/share/turtlebot3_gazebo_goat//models/turtlebot3_common/meshes/r200.dae
-- Up-to-date: /home/asd/ros2_ws8/install/turtlebot3_gazebo_goat/share/turtlebot3_gazebo_goat//models/turtlebot3_common/meshes/waffle_pi_base.dae
-- Up-to-date: /home/asd/ros2_ws8/install/turtlebot3_gazebo_goat/share/turtlebot3_gazebo_goat//models/turtlebot3_house
-- Up-to-date: /home/asd/ros2_ws8/install/turtlebot3_gazebo_goat/share/turtlebot3_gazebo_goat//models/turtlebot3_house/model.config
-- Up-to-date: /home/asd/ros2_ws8/install/turtlebot3_gazebo_goat/share/turtlebot3_gazebo_goat//models/turtlebot3_house/model.sdf
-- Up-to-date: /home/asd/ros2_ws8/install/turtlebot3_gazebo_goat/share/turtlebot3_gazebo_goat//models/turtlebot3_waffle_pi
-- Up-to-date: /home/asd/ros2_ws8/install/turtlebot3_gazebo_goat/share/turtlebot3_gazebo_goat//models/turtlebot3_waffle_pi/model.config
-- Up-to-date: /home/asd/ros2_ws8/install/turtlebot3_gazebo_goat/share/turtlebot3_gazebo_goat//models/turtlebot3_waffle_pi/model-1_4_.sdf
-- Up-to-date: /home/asd/ros2_ws8/install/turtlebot3_gazebo_goat/share/turtlebot3_gazebo_goat//models/turtlebot3_waffle_pi/model.sdf
-- Up-to-date: /home/asd/ros2_ws8/install/turtlebot3_gazebo_goat/share/turtlebot3_gazebo_goat//models/turtlebot3_waffle
-- Up-to-date: /home/asd/ros2_ws8/install/turtlebot3_gazebo_goat/share/turtlebot3_gazebo_goat//models/turtlebot3_waffle/model.config
-- Up-to-date: /home/asd/ros2_ws8/install/turtlebot3_gazebo_goat/share/turtlebot3_gazebo_goat//models/turtlebot3_waffle/model-1_4.sdf
-- Up-to-date: /home/asd/ros2_ws8/install/turtlebot3_gazebo_goat/share/turtlebot3_gazebo_goat//models/turtlebot3_waffle/model.sdf
-- Up-to-date: /home/asd/ros2_ws8/install/turtlebot3_gazebo_goat/share/turtlebot3_gazebo_goat//models/turtlebot3_world
-- Up-to-date: /home/asd/ros2_ws8/install/turtlebot3_gazebo_goat/share/turtlebot3_gazebo_goat//models/turtlebot3_world/model.config
-- Up-to-date: /home/asd/ros2_ws8/install/turtlebot3_gazebo_goat/share/turtlebot3_gazebo_goat//models/turtlebot3_world/model-1_4.sdf
-- Up-to-date: /home/asd/ros2_ws8/install/turtlebot3_gazebo_goat/share/turtlebot3_gazebo_goat//models/turtlebot3_world/meshes
-- Up-to-date: /home/asd/ros2_ws8/install/turtlebot3_gazebo_goat/share/turtlebot3_gazebo_goat//models/turtlebot3_world/meshes/hexagon.dae
-- Up-to-date: /home/asd/ros2_ws8/install/turtlebot3_gazebo_goat/share/turtlebot3_gazebo_goat//models/turtlebot3_world/meshes/wall.dae
-- Up-to-date: /home/asd/ros2_ws8/install/turtlebot3_gazebo_goat/share/turtlebot3_gazebo_goat//models/turtlebot3_world/model.sdf
-- Up-to-date: /home/asd/ros2_ws8/install/turtlebot3_gazebo_goat/share/turtlebot3_gazebo_goat//models/turtlebot3_burger
-- Up-to-date: /home/asd/ros2_ws8/install/turtlebot3_gazebo_goat/share/turtlebot3_gazebo_goat//models/turtlebot3_burger/model.config
-- Up-to-date: /home/asd/ros2_ws8/install/turtlebot3_gazebo_goat/share/turtlebot3_gazebo_goat//models/turtlebot3_burger/model-1_4.sdf
-- Up-to-date: /home/asd/ros2_ws8/install/turtlebot3_gazebo_goat/share/turtlebot3_gazebo_goat//models/turtlebot3_burger/model.sdf
-- Up-to-date: /home/asd/ros2_ws8/install/turtlebot3_gazebo_goat/share/turtlebot3_gazebo_goat//models/turtlebot3_dqn_world
-- Up-to-date: /home/asd/ros2_ws8/install/turtlebot3_gazebo_goat/share/turtlebot3_gazebo_goat//models/turtlebot3_dqn_world/obstacles
-- Up-to-date: /home/asd/ros2_ws8/install/turtlebot3_gazebo_goat/share/turtlebot3_gazebo_goat//models/turtlebot3_dqn_world/obstacles/model.config
-- Up-to-date: /home/asd/ros2_ws8/install/turtlebot3_gazebo_goat/share/turtlebot3_gazebo_goat//models/turtlebot3_dqn_world/obstacles/model.sdf
-- Up-to-date: /home/asd/ros2_ws8/install/turtlebot3_gazebo_goat/share/turtlebot3_gazebo_goat//models/turtlebot3_dqn_world/model.config
-- Up-to-date: /home/asd/ros2_ws8/install/turtlebot3_gazebo_goat/share/turtlebot3_gazebo_goat//models/turtlebot3_dqn_world/obstacle_plugin
-- Up-to-date: /home/asd/ros2_ws8/install/turtlebot3_gazebo_goat/share/turtlebot3_gazebo_goat//models/turtlebot3_dqn_world/obstacle_plugin/obstacle2.cc
-- Up-to-date: /home/asd/ros2_ws8/install/turtlebot3_gazebo_goat/share/turtlebot3_gazebo_goat//models/turtlebot3_dqn_world/obstacle_plugin/obstacle1.cc
-- Up-to-date: /home/asd/ros2_ws8/install/turtlebot3_gazebo_goat/share/turtlebot3_gazebo_goat//models/turtlebot3_dqn_world/obstacle_plugin/obstacles.cc
-- Up-to-date: /home/asd/ros2_ws8/install/turtlebot3_gazebo_goat/share/turtlebot3_gazebo_goat//models/turtlebot3_dqn_world/obstacle_plugin/CMakeLists.txt
-- Up-to-date: /home/asd/ros2_ws8/install/turtlebot3_gazebo_goat/share/turtlebot3_gazebo_goat//models/turtlebot3_dqn_world/goal_box
-- Up-to-date: /home/asd/ros2_ws8/install/turtlebot3_gazebo_goat/share/turtlebot3_gazebo_goat//models/turtlebot3_dqn_world/goal_box/model.config
-- Up-to-date: /home/asd/ros2_ws8/install/turtlebot3_gazebo_goat/share/turtlebot3_gazebo_goat//models/turtlebot3_dqn_world/goal_box/model.sdf
-- Up-to-date: /home/asd/ros2_ws8/install/turtlebot3_gazebo_goat/share/turtlebot3_gazebo_goat//models/turtlebot3_dqn_world/obstacle1
-- Up-to-date: /home/asd/ros2_ws8/install/turtlebot3_gazebo_goat/share/turtlebot3_gazebo_goat//models/turtlebot3_dqn_world/obstacle1/model.config
-- Up-to-date: /home/asd/ros2_ws8/install/turtlebot3_gazebo_goat/share/turtlebot3_gazebo_goat//models/turtlebot3_dqn_world/obstacle1/model.sdf
-- Up-to-date: /home/asd/ros2_ws8/install/turtlebot3_gazebo_goat/share/turtlebot3_gazebo_goat//models/turtlebot3_dqn_world/inner_walls
-- Up-to-date: /home/asd/ros2_ws8/install/turtlebot3_gazebo_goat/share/turtlebot3_gazebo_goat//models/turtlebot3_dqn_world/inner_walls/model.config
-- Up-to-date: /home/asd/ros2_ws8/install/turtlebot3_gazebo_goat/share/turtlebot3_gazebo_goat//models/turtlebot3_dqn_world/inner_walls/model.sdf
-- Up-to-date: /home/asd/ros2_ws8/install/turtlebot3_gazebo_goat/share/turtlebot3_gazebo_goat//models/turtlebot3_dqn_world/model.sdf
-- Up-to-date: /home/asd/ros2_ws8/install/turtlebot3_gazebo_goat/share/turtlebot3_gazebo_goat//models/turtlebot3_dqn_world/obstacle2
-- Up-to-date: /home/asd/ros2_ws8/install/turtlebot3_gazebo_goat/share/turtlebot3_gazebo_goat//models/turtlebot3_dqn_world/obstacle2/model.config
-- Up-to-date: /home/asd/ros2_ws8/install/turtlebot3_gazebo_goat/share/turtlebot3_gazebo_goat//models/turtlebot3_dqn_world/obstacle2/model.sdf
-- Up-to-date: /home/asd/ros2_ws8/install/turtlebot3_gazebo_goat/share/turtlebot3_gazebo_goat//rviz
-- Up-to-date: /home/asd/ros2_ws8/install/turtlebot3_gazebo_goat/share/turtlebot3_gazebo_goat//rviz/tb3_gazebo.rviz
-- Up-to-date: /home/asd/ros2_ws8/install/turtlebot3_gazebo_goat/share/turtlebot3_gazebo_goat//urdf
-- Up-to-date: /home/asd/ros2_ws8/install/turtlebot3_gazebo_goat/share/turtlebot3_gazebo_goat//urdf/turtlebot3_burger.urdf
-- Up-to-date: /home/asd/ros2_ws8/install/turtlebot3_gazebo_goat/share/turtlebot3_gazebo_goat//urdf/turtlebot3_waffle.urdf
-- Up-to-date: /home/asd/ros2_ws8/install/turtlebot3_gazebo_goat/share/turtlebot3_gazebo_goat//urdf/common_properties.urdf
-- Up-to-date: /home/asd/ros2_ws8/install/turtlebot3_gazebo_goat/share/turtlebot3_gazebo_goat//urdf/turtlebot3_waffle_pi.urdf
-- Up-to-date: /home/asd/ros2_ws8/install/turtlebot3_gazebo_goat/share/turtlebot3_gazebo_goat//worlds
-- Up-to-date: /home/asd/ros2_ws8/install/turtlebot3_gazebo_goat/share/turtlebot3_gazebo_goat//worlds/turtlebot3_dqn_stage2.world
-- Up-to-date: /home/asd/ros2_ws8/install/turtlebot3_gazebo_goat/share/turtlebot3_gazebo_goat//worlds/turtlebot3_dqn_stage4.world
-- Up-to-date: /home/asd/ros2_ws8/install/turtlebot3_gazebo_goat/share/turtlebot3_gazebo_goat//worlds/turtlebot3_world.world
-- Up-to-date: /home/asd/ros2_ws8/install/turtlebot3_gazebo_goat/share/turtlebot3_gazebo_goat//worlds/empty_world.world
-- Up-to-date: /home/asd/ros2_ws8/install/turtlebot3_gazebo_goat/share/turtlebot3_gazebo_goat//worlds/turtlebot3_dqn_stage3.world
-- Up-to-date: /home/asd/ros2_ws8/install/turtlebot3_gazebo_goat/share/turtlebot3_gazebo_goat//worlds/goat_hotel2.world
-- Up-to-date: /home/asd/ros2_ws8/install/turtlebot3_gazebo_goat/share/turtlebot3_gazebo_goat//worlds/turtlebot3_dqn_stage1.world
-- Up-to-date: /home/asd/ros2_ws8/install/turtlebot3_gazebo_goat/share/turtlebot3_gazebo_goat//worlds/turtlebot3_house.world
-- Up-to-date: /home/asd/ros2_ws8/install/turtlebot3_gazebo_goat/share/turtlebot3_gazebo_goat//worlds/goat_hotel.world
-- Up-to-date: /home/asd/ros2_ws8/install/turtlebot3_gazebo_goat/include/
-- Up-to-date: /home/asd/ros2_ws8/install/turtlebot3_gazebo_goat/include//turtlebot3_gazebo
-- Up-to-date: /home/asd/ros2_ws8/install/turtlebot3_gazebo_goat/include//turtlebot3_gazebo/turtlebot3_drive.hpp
-- Up-to-date: /home/asd/ros2_ws8/install/turtlebot3_gazebo_goat/share/ament_index/resource_index/package_run_dependencies/turtlebot3_gazebo_goat
-- Up-to-date: /home/asd/ros2_ws8/install/turtlebot3_gazebo_goat/share/ament_index/resource_index/parent_prefix_path/turtlebot3_gazebo_goat
-- Up-to-date: /home/asd/ros2_ws8/install/turtlebot3_gazebo_goat/share/turtlebot3_gazebo_goat/environment/ament_prefix_path.sh
-- Up-to-date: /home/asd/ros2_ws8/install/turtlebot3_gazebo_goat/share/turtlebot3_gazebo_goat/environment/ament_prefix_path.dsv
-- Up-to-date: /home/asd/ros2_ws8/install/turtlebot3_gazebo_goat/share/turtlebot3_gazebo_goat/environment/path.sh
-- Up-to-date: /home/asd/ros2_ws8/install/turtlebot3_gazebo_goat/share/turtlebot3_gazebo_goat/environment/path.dsv
-- Up-to-date: /home/asd/ros2_ws8/install/turtlebot3_gazebo_goat/share/turtlebot3_gazebo_goat/local_setup.bash
-- Up-to-date: /home/asd/ros2_ws8/install/turtlebot3_gazebo_goat/share/turtlebot3_gazebo_goat/local_setup.sh
-- Up-to-date: /home/asd/ros2_ws8/install/turtlebot3_gazebo_goat/share/turtlebot3_gazebo_goat/local_setup.zsh
-- Up-to-date: /home/asd/ros2_ws8/install/turtlebot3_gazebo_goat/share/turtlebot3_gazebo_goat/local_setup.dsv
-- Installing: /home/asd/ros2_ws8/install/turtlebot3_gazebo_goat/share/turtlebot3_gazebo_goat/package.dsv
-- Up-to-date: /home/asd/ros2_ws8/install/turtlebot3_gazebo_goat/share/ament_index/resource_index/packages/turtlebot3_gazebo_goat
-- Up-to-date: /home/asd/ros2_ws8/install/turtlebot3_gazebo_goat/share/turtlebot3_gazebo_goat/cmake/ament_cmake_export_include_directories-extras.cmake
-- Up-to-date: /home/asd/ros2_ws8/install/turtlebot3_gazebo_goat/share/turtlebot3_gazebo_goat/cmake/ament_cmake_export_dependencies-extras.cmake
-- Up-to-date: /home/asd/ros2_ws8/install/turtlebot3_gazebo_goat/share/turtlebot3_gazebo_goat/cmake/turtlebot3_gazebo_goatConfig.cmake
-- Up-to-date: /home/asd/ros2_ws8/install/turtlebot3_gazebo_goat/share/turtlebot3_gazebo_goat/cmake/turtlebot3_gazebo_goatConfig-version.cmake
-- Up-to-date: /home/asd/ros2_ws8/install/turtlebot3_gazebo_goat/share/turtlebot3_gazebo_goat/package.xml
