[0.156s] Invoking command in '/home/asd/ros2_ws9/build/turtlebot3_gazebo_goat': CMAKE_PREFIX_PATH=${CMAKE_PREFIX_PATH}:/home/asd/ros2_ws9/install/my_goat_pkg:/home/asd/ros2_ws7/install/my_py_pkg_anscer:/home/asd/ros2_ws4/install/esp_wifi:/home/asd/ros2_ws4/install/maping_odom:/home/asd/ros2_ws/install/turtlesim_catch_them_all:/home/asd/ros2_ws/install/my_py_pkg:/opt/ros/humble /usr/bin/cmake --build /home/asd/ros2_ws9/build/turtlebot3_gazebo_goat -- -j8 -l8
[0.519s] [ 25%] Built target turtlebot3_drive
[0.683s] [ 50%] Built target obstacles
[0.904s] [ 75%] Built target obstacle2
[1.104s] [100%] Built target obstacle1
[1.162s] Invoked command in '/home/asd/ros2_ws9/build/turtlebot3_gazebo_goat' returned '0': CMAKE_PREFIX_PATH=${CMAKE_PREFIX_PATH}:/home/asd/ros2_ws9/install/my_goat_pkg:/home/asd/ros2_ws7/install/my_py_pkg_anscer:/home/asd/ros2_ws4/install/esp_wifi:/home/asd/ros2_ws4/install/maping_odom:/home/asd/ros2_ws/install/turtlesim_catch_them_all:/home/asd/ros2_ws/install/my_py_pkg:/opt/ros/humble /usr/bin/cmake --build /home/asd/ros2_ws9/build/turtlebot3_gazebo_goat -- -j8 -l8
[1.170s] Invoking command in '/home/asd/ros2_ws9/build/turtlebot3_gazebo_goat': CMAKE_PREFIX_PATH=${CMAKE_PREFIX_PATH}:/home/asd/ros2_ws9/install/my_goat_pkg:/home/asd/ros2_ws7/install/my_py_pkg_anscer:/home/asd/ros2_ws4/install/esp_wifi:/home/asd/ros2_ws4/install/maping_odom:/home/asd/ros2_ws/install/turtlesim_catch_them_all:/home/asd/ros2_ws/install/my_py_pkg:/opt/ros/humble /usr/bin/cmake --install /home/asd/ros2_ws9/build/turtlebot3_gazebo_goat
[1.209s] -- Install configuration: ""
[1.212s] -- Up-to-date: /home/asd/ros2_ws9/install/turtlebot3_gazebo_goat/lib/turtlebot3_gazebo_goat/turtlebot3_drive
[1.214s] -- Up-to-date: /home/asd/ros2_ws9/install/turtlebot3_gazebo_goat/share/turtlebot3_gazebo_goat//launch
[1.215s] -- Up-to-date: /home/asd/ros2_ws9/install/turtlebot3_gazebo_goat/share/turtlebot3_gazebo_goat//launch/robot_state_publisher.launch.py
[1.218s] -- Up-to-date: /home/asd/ros2_ws9/install/turtlebot3_gazebo_goat/share/turtlebot3_gazebo_goat//launch/turtlebot3_dqn_stage1.launch.py
[1.218s] -- Up-to-date: /home/asd/ros2_ws9/install/turtlebot3_gazebo_goat/share/turtlebot3_gazebo_goat//launch/turtlebot3_world.launch.py
[1.220s] -- Up-to-date: /home/asd/ros2_ws9/install/turtlebot3_gazebo_goat/share/turtlebot3_gazebo_goat//launch/turtlebot3_dqn_stage3.launch.py
[1.220s] -- Up-to-date: /home/asd/ros2_ws9/install/turtlebot3_gazebo_goat/share/turtlebot3_gazebo_goat//launch/turtlebot3_dqn_stage2.launch.py
[1.221s] -- Up-to-date: /home/asd/ros2_ws9/install/turtlebot3_gazebo_goat/share/turtlebot3_gazebo_goat//launch/turtlebot3_goat_hotel.launch.py
[1.222s] -- Up-to-date: /home/asd/ros2_ws9/install/turtlebot3_gazebo_goat/share/turtlebot3_gazebo_goat//launch/turtlebot3_dqn_stage4.launch.py
[1.223s] -- Up-to-date: /home/asd/ros2_ws9/install/turtlebot3_gazebo_goat/share/turtlebot3_gazebo_goat//launch/empty_world.launch.py
[1.224s] -- Up-to-date: /home/asd/ros2_ws9/install/turtlebot3_gazebo_goat/share/turtlebot3_gazebo_goat//launch/spawn_turtlebot3.launch.py
[1.225s] -- Up-to-date: /home/asd/ros2_ws9/install/turtlebot3_gazebo_goat/share/turtlebot3_gazebo_goat//launch/turtlebot3_house.launch.py
[1.227s] -- Up-to-date: /home/asd/ros2_ws9/install/turtlebot3_gazebo_goat/share/turtlebot3_gazebo_goat//models
[1.228s] -- Up-to-date: /home/asd/ros2_ws9/install/turtlebot3_gazebo_goat/share/turtlebot3_gazebo_goat//models/turtlebot3_common
[1.228s] -- Up-to-date: /home/asd/ros2_ws9/install/turtlebot3_gazebo_goat/share/turtlebot3_gazebo_goat//models/turtlebot3_common/model.config
[1.229s] -- Up-to-date: /home/asd/ros2_ws9/install/turtlebot3_gazebo_goat/share/turtlebot3_gazebo_goat//models/turtlebot3_common/meshes
[1.230s] -- Up-to-date: /home/asd/ros2_ws9/install/turtlebot3_gazebo_goat/share/turtlebot3_gazebo_goat//models/turtlebot3_common/meshes/lds.dae
[1.235s] -- Up-to-date: /home/asd/ros2_ws9/install/turtlebot3_gazebo_goat/share/turtlebot3_gazebo_goat//models/turtlebot3_common/meshes/waffle_base.dae
[1.236s] -- Up-to-date: /home/asd/ros2_ws9/install/turtlebot3_gazebo_goat/share/turtlebot3_gazebo_goat//models/turtlebot3_common/meshes/burger_base.dae
[1.236s] -- Up-to-date: /home/asd/ros2_ws9/install/turtlebot3_gazebo_goat/share/turtlebot3_gazebo_goat//models/turtlebot3_common/meshes/tire.dae
[1.237s] -- Up-to-date: /home/asd/ros2_ws9/install/turtlebot3_gazebo_goat/share/turtlebot3_gazebo_goat//models/turtlebot3_common/meshes/r200.dae
[1.238s] -- Up-to-date: /home/asd/ros2_ws9/install/turtlebot3_gazebo_goat/share/turtlebot3_gazebo_goat//models/turtlebot3_common/meshes/waffle_pi_base.dae
[1.239s] -- Up-to-date: /home/asd/ros2_ws9/install/turtlebot3_gazebo_goat/share/turtlebot3_gazebo_goat//models/turtlebot3_house
[1.240s] -- Up-to-date: /home/asd/ros2_ws9/install/turtlebot3_gazebo_goat/share/turtlebot3_gazebo_goat//models/turtlebot3_house/model.config
[1.241s] -- Up-to-date: /home/asd/ros2_ws9/install/turtlebot3_gazebo_goat/share/turtlebot3_gazebo_goat//models/turtlebot3_house/model.sdf
[1.242s] -- Up-to-date: /home/asd/ros2_ws9/install/turtlebot3_gazebo_goat/share/turtlebot3_gazebo_goat//models/turtlebot3_waffle_pi
[1.242s] -- Up-to-date: /home/asd/ros2_ws9/install/turtlebot3_gazebo_goat/share/turtlebot3_gazebo_goat//models/turtlebot3_waffle_pi/model.config
[1.243s] -- Up-to-date: /home/asd/ros2_ws9/install/turtlebot3_gazebo_goat/share/turtlebot3_gazebo_goat//models/turtlebot3_waffle_pi/model-1_4_.sdf
[1.244s] -- Up-to-date: /home/asd/ros2_ws9/install/turtlebot3_gazebo_goat/share/turtlebot3_gazebo_goat//models/turtlebot3_waffle_pi/model.sdf
[1.245s] -- Up-to-date: /home/asd/ros2_ws9/install/turtlebot3_gazebo_goat/share/turtlebot3_gazebo_goat//models/turtlebot3_waffle
[1.245s] -- Up-to-date: /home/asd/ros2_ws9/install/turtlebot3_gazebo_goat/share/turtlebot3_gazebo_goat//models/turtlebot3_waffle/model.config
[1.246s] -- Up-to-date: /home/asd/ros2_ws9/install/turtlebot3_gazebo_goat/share/turtlebot3_gazebo_goat//models/turtlebot3_waffle/model-1_4.sdf
[1.246s] -- Up-to-date: /home/asd/ros2_ws9/install/turtlebot3_gazebo_goat/share/turtlebot3_gazebo_goat//models/turtlebot3_waffle/model.sdf
[1.247s] -- Up-to-date: /home/asd/ros2_ws9/install/turtlebot3_gazebo_goat/share/turtlebot3_gazebo_goat//models/turtlebot3_world
[1.248s] -- Up-to-date: /home/asd/ros2_ws9/install/turtlebot3_gazebo_goat/share/turtlebot3_gazebo_goat//models/turtlebot3_world/model.config
[1.248s] -- Up-to-date: /home/asd/ros2_ws9/install/turtlebot3_gazebo_goat/share/turtlebot3_gazebo_goat//models/turtlebot3_world/model-1_4.sdf
[1.249s] -- Up-to-date: /home/asd/ros2_ws9/install/turtlebot3_gazebo_goat/share/turtlebot3_gazebo_goat//models/turtlebot3_world/meshes
[1.250s] -- Up-to-date: /home/asd/ros2_ws9/install/turtlebot3_gazebo_goat/share/turtlebot3_gazebo_goat//models/turtlebot3_world/meshes/hexagon.dae
[1.251s] -- Up-to-date: /home/asd/ros2_ws9/install/turtlebot3_gazebo_goat/share/turtlebot3_gazebo_goat//models/turtlebot3_world/meshes/wall.dae
[1.251s] -- Up-to-date: /home/asd/ros2_ws9/install/turtlebot3_gazebo_goat/share/turtlebot3_gazebo_goat//models/turtlebot3_world/model.sdf
[1.252s] -- Up-to-date: /home/asd/ros2_ws9/install/turtlebot3_gazebo_goat/share/turtlebot3_gazebo_goat//models/turtlebot3_burger
[1.252s] -- Up-to-date: /home/asd/ros2_ws9/install/turtlebot3_gazebo_goat/share/turtlebot3_gazebo_goat//models/turtlebot3_burger/model.config
[1.253s] -- Up-to-date: /home/asd/ros2_ws9/install/turtlebot3_gazebo_goat/share/turtlebot3_gazebo_goat//models/turtlebot3_burger/model-1_4.sdf
[1.253s] -- Up-to-date: /home/asd/ros2_ws9/install/turtlebot3_gazebo_goat/share/turtlebot3_gazebo_goat//models/turtlebot3_burger/model.sdf
[1.254s] -- Up-to-date: /home/asd/ros2_ws9/install/turtlebot3_gazebo_goat/share/turtlebot3_gazebo_goat//models/turtlebot3_dqn_world
[1.255s] -- Up-to-date: /home/asd/ros2_ws9/install/turtlebot3_gazebo_goat/share/turtlebot3_gazebo_goat//models/turtlebot3_dqn_world/obstacles
[1.256s] -- Up-to-date: /home/asd/ros2_ws9/install/turtlebot3_gazebo_goat/share/turtlebot3_gazebo_goat//models/turtlebot3_dqn_world/obstacles/model.config
[1.257s] -- Up-to-date: /home/asd/ros2_ws9/install/turtlebot3_gazebo_goat/share/turtlebot3_gazebo_goat//models/turtlebot3_dqn_world/obstacles/model.sdf
[1.258s] -- Up-to-date: /home/asd/ros2_ws9/install/turtlebot3_gazebo_goat/share/turtlebot3_gazebo_goat//models/turtlebot3_dqn_world/model.config
[1.259s] -- Up-to-date: /home/asd/ros2_ws9/install/turtlebot3_gazebo_goat/share/turtlebot3_gazebo_goat//models/turtlebot3_dqn_world/obstacle_plugin
[1.260s] -- Up-to-date: /home/asd/ros2_ws9/install/turtlebot3_gazebo_goat/share/turtlebot3_gazebo_goat//models/turtlebot3_dqn_world/obstacle_plugin/obstacle2.cc
[1.260s] -- Up-to-date: /home/asd/ros2_ws9/install/turtlebot3_gazebo_goat/share/turtlebot3_gazebo_goat//models/turtlebot3_dqn_world/obstacle_plugin/obstacle1.cc
[1.261s] -- Up-to-date: /home/asd/ros2_ws9/install/turtlebot3_gazebo_goat/share/turtlebot3_gazebo_goat//models/turtlebot3_dqn_world/obstacle_plugin/obstacles.cc
[1.261s] -- Up-to-date: /home/asd/ros2_ws9/install/turtlebot3_gazebo_goat/share/turtlebot3_gazebo_goat//models/turtlebot3_dqn_world/obstacle_plugin/CMakeLists.txt
[1.262s] -- Up-to-date: /home/asd/ros2_ws9/install/turtlebot3_gazebo_goat/share/turtlebot3_gazebo_goat//models/turtlebot3_dqn_world/goal_box
[1.263s] -- Up-to-date: /home/asd/ros2_ws9/install/turtlebot3_gazebo_goat/share/turtlebot3_gazebo_goat//models/turtlebot3_dqn_world/goal_box/model.config
[1.264s] -- Up-to-date: /home/asd/ros2_ws9/install/turtlebot3_gazebo_goat/share/turtlebot3_gazebo_goat//models/turtlebot3_dqn_world/goal_box/model.sdf
[1.264s] -- Up-to-date: /home/asd/ros2_ws9/install/turtlebot3_gazebo_goat/share/turtlebot3_gazebo_goat//models/turtlebot3_dqn_world/obstacle1
[1.265s] -- Up-to-date: /home/asd/ros2_ws9/install/turtlebot3_gazebo_goat/share/turtlebot3_gazebo_goat//models/turtlebot3_dqn_world/obstacle1/model.config
[1.265s] -- Up-to-date: /home/asd/ros2_ws9/install/turtlebot3_gazebo_goat/share/turtlebot3_gazebo_goat//models/turtlebot3_dqn_world/obstacle1/model.sdf
[1.266s] -- Up-to-date: /home/asd/ros2_ws9/install/turtlebot3_gazebo_goat/share/turtlebot3_gazebo_goat//models/turtlebot3_dqn_world/inner_walls
[1.267s] -- Up-to-date: /home/asd/ros2_ws9/install/turtlebot3_gazebo_goat/share/turtlebot3_gazebo_goat//models/turtlebot3_dqn_world/inner_walls/model.config
[1.267s] -- Up-to-date: /home/asd/ros2_ws9/install/turtlebot3_gazebo_goat/share/turtlebot3_gazebo_goat//models/turtlebot3_dqn_world/inner_walls/model.sdf
[1.268s] -- Up-to-date: /home/asd/ros2_ws9/install/turtlebot3_gazebo_goat/share/turtlebot3_gazebo_goat//models/turtlebot3_dqn_world/model.sdf
[1.268s] -- Up-to-date: /home/asd/ros2_ws9/install/turtlebot3_gazebo_goat/share/turtlebot3_gazebo_goat//models/turtlebot3_dqn_world/obstacle2
[1.269s] -- Up-to-date: /home/asd/ros2_ws9/install/turtlebot3_gazebo_goat/share/turtlebot3_gazebo_goat//models/turtlebot3_dqn_world/obstacle2/model.config
[1.270s] -- Up-to-date: /home/asd/ros2_ws9/install/turtlebot3_gazebo_goat/share/turtlebot3_gazebo_goat//models/turtlebot3_dqn_world/obstacle2/model.sdf
[1.270s] -- Up-to-date: /home/asd/ros2_ws9/install/turtlebot3_gazebo_goat/share/turtlebot3_gazebo_goat//rviz
[1.271s] -- Up-to-date: /home/asd/ros2_ws9/install/turtlebot3_gazebo_goat/share/turtlebot3_gazebo_goat//rviz/tb3_gazebo.rviz
[1.271s] -- Up-to-date: /home/asd/ros2_ws9/install/turtlebot3_gazebo_goat/share/turtlebot3_gazebo_goat//urdf
[1.272s] -- Up-to-date: /home/asd/ros2_ws9/install/turtlebot3_gazebo_goat/share/turtlebot3_gazebo_goat//urdf/turtlebot3_burger.urdf
[1.272s] -- Up-to-date: /home/asd/ros2_ws9/install/turtlebot3_gazebo_goat/share/turtlebot3_gazebo_goat//urdf/turtlebot3_waffle.urdf
[1.272s] -- Up-to-date: /home/asd/ros2_ws9/install/turtlebot3_gazebo_goat/share/turtlebot3_gazebo_goat//urdf/common_properties.urdf
[1.273s] -- Up-to-date: /home/asd/ros2_ws9/install/turtlebot3_gazebo_goat/share/turtlebot3_gazebo_goat//urdf/turtlebot3_waffle_pi.urdf
[1.273s] -- Up-to-date: /home/asd/ros2_ws9/install/turtlebot3_gazebo_goat/share/turtlebot3_gazebo_goat//worlds
[1.273s] -- Up-to-date: /home/asd/ros2_ws9/install/turtlebot3_gazebo_goat/share/turtlebot3_gazebo_goat//worlds/turtlebot3_dqn_stage2.world
[1.274s] -- Up-to-date: /home/asd/ros2_ws9/install/turtlebot3_gazebo_goat/share/turtlebot3_gazebo_goat//worlds/turtlebot3_dqn_stage4.world
[1.274s] -- Up-to-date: /home/asd/ros2_ws9/install/turtlebot3_gazebo_goat/share/turtlebot3_gazebo_goat//worlds/turtlebot3_world.world
[1.275s] -- Up-to-date: /home/asd/ros2_ws9/install/turtlebot3_gazebo_goat/share/turtlebot3_gazebo_goat//worlds/empty_world.world
[1.279s] -- Up-to-date: /home/asd/ros2_ws9/install/turtlebot3_gazebo_goat/share/turtlebot3_gazebo_goat//worlds/turtlebot3_dqn_stage3.world
[1.280s] -- Up-to-date: /home/asd/ros2_ws9/install/turtlebot3_gazebo_goat/share/turtlebot3_gazebo_goat//worlds/goat_hotel2.world
[1.281s] -- Up-to-date: /home/asd/ros2_ws9/install/turtlebot3_gazebo_goat/share/turtlebot3_gazebo_goat//worlds/turtlebot3_dqn_stage1.world
[1.282s] -- Up-to-date: /home/asd/ros2_ws9/install/turtlebot3_gazebo_goat/share/turtlebot3_gazebo_goat//worlds/turtlebot3_house.world
[1.283s] -- Up-to-date: /home/asd/ros2_ws9/install/turtlebot3_gazebo_goat/share/turtlebot3_gazebo_goat//worlds/goat_hotel.world
[1.284s] -- Up-to-date: /home/asd/ros2_ws9/install/turtlebot3_gazebo_goat/include/
[1.285s] -- Up-to-date: /home/asd/ros2_ws9/install/turtlebot3_gazebo_goat/include//turtlebot3_gazebo
[1.285s] -- Up-to-date: /home/asd/ros2_ws9/install/turtlebot3_gazebo_goat/include//turtlebot3_gazebo/turtlebot3_drive.hpp
[1.286s] -- Up-to-date: /home/asd/ros2_ws9/install/turtlebot3_gazebo_goat/share/ament_index/resource_index/package_run_dependencies/turtlebot3_gazebo_goat
[1.287s] -- Up-to-date: /home/asd/ros2_ws9/install/turtlebot3_gazebo_goat/share/ament_index/resource_index/parent_prefix_path/turtlebot3_gazebo_goat
[1.288s] -- Up-to-date: /home/asd/ros2_ws9/install/turtlebot3_gazebo_goat/share/turtlebot3_gazebo_goat/environment/ament_prefix_path.sh
[1.288s] -- Up-to-date: /home/asd/ros2_ws9/install/turtlebot3_gazebo_goat/share/turtlebot3_gazebo_goat/environment/ament_prefix_path.dsv
[1.290s] -- Up-to-date: /home/asd/ros2_ws9/install/turtlebot3_gazebo_goat/share/turtlebot3_gazebo_goat/environment/path.sh
[1.291s] -- Up-to-date: /home/asd/ros2_ws9/install/turtlebot3_gazebo_goat/share/turtlebot3_gazebo_goat/environment/path.dsv
[1.292s] -- Up-to-date: /home/asd/ros2_ws9/install/turtlebot3_gazebo_goat/share/turtlebot3_gazebo_goat/local_setup.bash
[1.293s] -- Up-to-date: /home/asd/ros2_ws9/install/turtlebot3_gazebo_goat/share/turtlebot3_gazebo_goat/local_setup.sh
[1.294s] -- Up-to-date: /home/asd/ros2_ws9/install/turtlebot3_gazebo_goat/share/turtlebot3_gazebo_goat/local_setup.zsh
[1.294s] -- Up-to-date: /home/asd/ros2_ws9/install/turtlebot3_gazebo_goat/share/turtlebot3_gazebo_goat/local_setup.dsv
[1.295s] -- Installing: /home/asd/ros2_ws9/install/turtlebot3_gazebo_goat/share/turtlebot3_gazebo_goat/package.dsv
[1.295s] -- Up-to-date: /home/asd/ros2_ws9/install/turtlebot3_gazebo_goat/share/ament_index/resource_index/packages/turtlebot3_gazebo_goat
[1.295s] -- Up-to-date: /home/asd/ros2_ws9/install/turtlebot3_gazebo_goat/share/turtlebot3_gazebo_goat/cmake/ament_cmake_export_include_directories-extras.cmake
[1.296s] -- Up-to-date: /home/asd/ros2_ws9/install/turtlebot3_gazebo_goat/share/turtlebot3_gazebo_goat/cmake/ament_cmake_export_dependencies-extras.cmake
[1.298s] -- Up-to-date: /home/asd/ros2_ws9/install/turtlebot3_gazebo_goat/share/turtlebot3_gazebo_goat/cmake/turtlebot3_gazebo_goatConfig.cmake
[1.298s] -- Up-to-date: /home/asd/ros2_ws9/install/turtlebot3_gazebo_goat/share/turtlebot3_gazebo_goat/cmake/turtlebot3_gazebo_goatConfig-version.cmake
[1.299s] -- Up-to-date: /home/asd/ros2_ws9/install/turtlebot3_gazebo_goat/share/turtlebot3_gazebo_goat/package.xml
[1.311s] Invoked command in '/home/asd/ros2_ws9/build/turtlebot3_gazebo_goat' returned '0': CMAKE_PREFIX_PATH=${CMAKE_PREFIX_PATH}:/home/asd/ros2_ws9/install/my_goat_pkg:/home/asd/ros2_ws7/install/my_py_pkg_anscer:/home/asd/ros2_ws4/install/esp_wifi:/home/asd/ros2_ws4/install/maping_odom:/home/asd/ros2_ws/install/turtlesim_catch_them_all:/home/asd/ros2_ws/install/my_py_pkg:/opt/ros/humble /usr/bin/cmake --install /home/asd/ros2_ws9/build/turtlebot3_gazebo_goat
