[3.155s] Invoking command in '/home/asd/ros2_ws9/src/my_goat_pkg': AMENT_PREFIX_PATH=/home/asd/ros2_ws9/install/goat_interfaces:${AMENT_PREFIX_PATH} CMAKE_PREFIX_PATH=/home/asd/ros2_ws9/install/goat_interfaces:${CMAKE_PREFIX_PATH} LD_LIBRARY_PATH=/home/asd/ros2_ws9/install/goat_interfaces/lib:/home/asd/ros2_ws7/install/custom_interfaces_anscer/lib:/home/asd/ros2_ws4/install/my_interfaces/lib:/home/asd/ros2_ws/install/my_robot_interfaces/lib:/usr/lib/x86_64-linux-gnu/gazebo-11/plugins:/opt/ros/humble/opt/rviz_ogre_vendor/lib:/opt/ros/humble/lib/x86_64-linux-gnu:/opt/ros/humble/lib:/usr/share/gazebo/../../lib/x86_64-linux-gnu/gazebo-11/plugins PYTHONPATH=/home/asd/ros2_ws9/build/my_goat_pkg/prefix_override:/usr/lib/python3/dist-packages/colcon_core/task/python/colcon_distutils_commands:/home/asd/ros2_ws9/install/my_goat_pkg/lib/python3.10/site-packages:/home/asd/ros2_ws9/install/goat_interfaces/local/lib/python3.10/dist-packages:${PYTHONPATH} /usr/bin/python3 -W ignore:setup.py install is deprecated -W ignore:easy_install command is deprecated setup.py egg_info --egg-base ../../build/my_goat_pkg build --build-base /home/asd/ros2_ws9/build/my_goat_pkg/build install --record /home/asd/ros2_ws9/build/my_goat_pkg/install.log --single-version-externally-managed install_data
[4.467s] running egg_info
[4.469s] writing ../../build/my_goat_pkg/my_goat_pkg.egg-info/PKG-INFO
[4.470s] writing dependency_links to ../../build/my_goat_pkg/my_goat_pkg.egg-info/dependency_links.txt
[4.471s] writing entry points to ../../build/my_goat_pkg/my_goat_pkg.egg-info/entry_points.txt
[4.472s] writing requirements to ../../build/my_goat_pkg/my_goat_pkg.egg-info/requires.txt
[4.473s] writing top-level names to ../../build/my_goat_pkg/my_goat_pkg.egg-info/top_level.txt
[4.481s] reading manifest file '../../build/my_goat_pkg/my_goat_pkg.egg-info/SOURCES.txt'
[4.485s] writing manifest file '../../build/my_goat_pkg/my_goat_pkg.egg-info/SOURCES.txt'
[4.485s] running build
[4.486s] running build_py
[4.487s] running install
[4.489s] running install_lib
[4.494s] running install_data
[4.495s] running install_egg_info
[4.503s] removing '/home/asd/ros2_ws9/install/my_goat_pkg/lib/python3.10/site-packages/my_goat_pkg-0.0.0-py3.10.egg-info' (and everything under it)
[4.504s] Copying ../../build/my_goat_pkg/my_goat_pkg.egg-info to /home/asd/ros2_ws9/install/my_goat_pkg/lib/python3.10/site-packages/my_goat_pkg-0.0.0-py3.10.egg-info
[4.507s] running install_scripts
[4.599s] Installing goat_robo script to /home/asd/ros2_ws9/install/my_goat_pkg/lib/my_goat_pkg
[4.600s] Installing navigator_server script to /home/asd/ros2_ws9/install/my_goat_pkg/lib/my_goat_pkg
[4.601s] writing list of installed files to '/home/asd/ros2_ws9/build/my_goat_pkg/install.log'
[4.697s] Invoked command in '/home/asd/ros2_ws9/src/my_goat_pkg' returned '0': AMENT_PREFIX_PATH=/home/asd/ros2_ws9/install/goat_interfaces:${AMENT_PREFIX_PATH} CMAKE_PREFIX_PATH=/home/asd/ros2_ws9/install/goat_interfaces:${CMAKE_PREFIX_PATH} LD_LIBRARY_PATH=/home/asd/ros2_ws9/install/goat_interfaces/lib:/home/asd/ros2_ws7/install/custom_interfaces_anscer/lib:/home/asd/ros2_ws4/install/my_interfaces/lib:/home/asd/ros2_ws/install/my_robot_interfaces/lib:/usr/lib/x86_64-linux-gnu/gazebo-11/plugins:/opt/ros/humble/opt/rviz_ogre_vendor/lib:/opt/ros/humble/lib/x86_64-linux-gnu:/opt/ros/humble/lib:/usr/share/gazebo/../../lib/x86_64-linux-gnu/gazebo-11/plugins PYTHONPATH=/home/asd/ros2_ws9/build/my_goat_pkg/prefix_override:/usr/lib/python3/dist-packages/colcon_core/task/python/colcon_distutils_commands:/home/asd/ros2_ws9/install/my_goat_pkg/lib/python3.10/site-packages:/home/asd/ros2_ws9/install/goat_interfaces/local/lib/python3.10/dist-packages:${PYTHONPATH} /usr/bin/python3 -W ignore:setup.py install is deprecated -W ignore:easy_install command is deprecated setup.py egg_info --egg-base ../../build/my_goat_pkg build --build-base /home/asd/ros2_ws9/build/my_goat_pkg/build install --record /home/asd/ros2_ws9/build/my_goat_pkg/install.log --single-version-externally-managed install_data
