[0.099s] Invoking command in '/home/asd/ros2_ws9/build/goat_interfaces': CMAKE_PREFIX_PATH=${CMAKE_PREFIX_PATH}:/home/asd/ros2_ws8/install/turtlebot3_simulations:/home/asd/ros2_ws8/install/turtlebot3_gazebo_goat:/home/asd/ros2_ws8/install/turtlebot3_fake_node:/home/asd/ros2_ws8/install/testbed_gazebo_goat:/home/asd/ros2_ws8/install/testbed_description_goat:/home/asd/ros2_ws8/install/my_goat_pkg:/home/asd/ros2_ws8/install/goat_interfaces:/home/asd/ros2_ws8/install/goat_gazebo:/home/asd/ros2_ws7/install/my_py_pkg_anscer:/home/asd/ros2_ws4/install/esp_wifi:/home/asd/ros2_ws4/install/maping_odom:/home/asd/ros2_ws/install/turtlesim_catch_them_all:/home/asd/ros2_ws/install/my_py_pkg:/opt/ros/humble /usr/bin/cmake --build /home/asd/ros2_ws9/build/goat_interfaces -- -j8 -l8
[0.264s] [  9%] Built target goat_interfaces__rosidl_generator_c
[0.275s] [ 12%] Built target goat_interfaces__cpp
[0.360s] [ 12%] Built target ament_cmake_python_copy_goat_interfaces
[0.472s] [ 22%] Built target goat_interfaces__rosidl_typesupport_fastrtps_c
[0.474s] [ 32%] Built target goat_interfaces__rosidl_typesupport_introspection_cpp
[0.475s] [ 41%] Built target goat_interfaces__rosidl_typesupport_introspection_c
[0.475s] [ 51%] Built target goat_interfaces__rosidl_typesupport_fastrtps_cpp
[0.475s] [ 61%] Built target goat_interfaces__rosidl_typesupport_cpp
[0.476s] [ 70%] Built target goat_interfaces__rosidl_typesupport_c
[0.561s] [ 70%] Built target goat_interfaces
[0.629s] [ 74%] Built target goat_interfaces__py
[0.707s] [ 80%] Built target goat_interfaces__rosidl_generator_py
[0.778s] [ 87%] Built target goat_interfaces__rosidl_typesupport_introspection_c__pyext
[0.781s] [100%] Built target goat_interfaces__rosidl_typesupport_fastrtps_c__pyext
[0.782s] [100%] Built target goat_interfaces__rosidl_typesupport_c__pyext
[1.201s] running egg_info
[1.202s] writing goat_interfaces.egg-info/PKG-INFO
[1.203s] writing dependency_links to goat_interfaces.egg-info/dependency_links.txt
[1.203s] writing top-level names to goat_interfaces.egg-info/top_level.txt
[1.205s] reading manifest file 'goat_interfaces.egg-info/SOURCES.txt'
[1.206s] writing manifest file 'goat_interfaces.egg-info/SOURCES.txt'
[1.239s] [100%] Built target ament_cmake_python_build_goat_interfaces_egg
[1.261s] Invoked command in '/home/asd/ros2_ws9/build/goat_interfaces' returned '0': CMAKE_PREFIX_PATH=${CMAKE_PREFIX_PATH}:/home/asd/ros2_ws8/install/turtlebot3_simulations:/home/asd/ros2_ws8/install/turtlebot3_gazebo_goat:/home/asd/ros2_ws8/install/turtlebot3_fake_node:/home/asd/ros2_ws8/install/testbed_gazebo_goat:/home/asd/ros2_ws8/install/testbed_description_goat:/home/asd/ros2_ws8/install/my_goat_pkg:/home/asd/ros2_ws8/install/goat_interfaces:/home/asd/ros2_ws8/install/goat_gazebo:/home/asd/ros2_ws7/install/my_py_pkg_anscer:/home/asd/ros2_ws4/install/esp_wifi:/home/asd/ros2_ws4/install/maping_odom:/home/asd/ros2_ws/install/turtlesim_catch_them_all:/home/asd/ros2_ws/install/my_py_pkg:/opt/ros/humble /usr/bin/cmake --build /home/asd/ros2_ws9/build/goat_interfaces -- -j8 -l8
[1.263s] Invoking command in '/home/asd/ros2_ws9/build/goat_interfaces': CMAKE_PREFIX_PATH=${CMAKE_PREFIX_PATH}:/home/asd/ros2_ws8/install/turtlebot3_simulations:/home/asd/ros2_ws8/install/turtlebot3_gazebo_goat:/home/asd/ros2_ws8/install/turtlebot3_fake_node:/home/asd/ros2_ws8/install/testbed_gazebo_goat:/home/asd/ros2_ws8/install/testbed_description_goat:/home/asd/ros2_ws8/install/my_goat_pkg:/home/asd/ros2_ws8/install/goat_interfaces:/home/asd/ros2_ws8/install/goat_gazebo:/home/asd/ros2_ws7/install/my_py_pkg_anscer:/home/asd/ros2_ws4/install/esp_wifi:/home/asd/ros2_ws4/install/maping_odom:/home/asd/ros2_ws/install/turtlesim_catch_them_all:/home/asd/ros2_ws/install/my_py_pkg:/opt/ros/humble /usr/bin/cmake --install /home/asd/ros2_ws9/build/goat_interfaces
[1.279s] -- Install configuration: ""
[1.279s] -- Up-to-date: /home/asd/ros2_ws9/install/goat_interfaces/share/ament_index/resource_index/rosidl_interfaces/goat_interfaces
[1.279s] -- Up-to-date: /home/asd/ros2_ws9/install/goat_interfaces/include/goat_interfaces/goat_interfaces
[1.280s] -- Up-to-date: /home/asd/ros2_ws9/install/goat_interfaces/include/goat_interfaces/goat_interfaces/msg
[1.280s] -- Up-to-date: /home/asd/ros2_ws9/install/goat_interfaces/include/goat_interfaces/goat_interfaces/msg/rosidl_generator_c__visibility_control.h
[1.280s] -- Up-to-date: /home/asd/ros2_ws9/install/goat_interfaces/include/goat_interfaces/goat_interfaces/srv
[1.280s] -- Up-to-date: /home/asd/ros2_ws9/install/goat_interfaces/include/goat_interfaces/goat_interfaces/srv/go_to_pose.h
[1.280s] -- Up-to-date: /home/asd/ros2_ws9/install/goat_interfaces/include/goat_interfaces/goat_interfaces/srv/detail
[1.280s] -- Up-to-date: /home/asd/ros2_ws9/install/goat_interfaces/include/goat_interfaces/goat_interfaces/srv/detail/go_to_pose__type_support.h
[1.280s] -- Up-to-date: /home/asd/ros2_ws9/install/goat_interfaces/include/goat_interfaces/goat_interfaces/srv/detail/go_to_pose__functions.h
[1.281s] -- Up-to-date: /home/asd/ros2_ws9/install/goat_interfaces/include/goat_interfaces/goat_interfaces/srv/detail/go_to_pose__struct.h
[1.281s] -- Up-to-date: /home/asd/ros2_ws9/install/goat_interfaces/include/goat_interfaces/goat_interfaces/srv/detail/go_to_pose__functions.c
[1.281s] -- Up-to-date: /home/asd/ros2_ws9/install/goat_interfaces/share/goat_interfaces/environment/library_path.sh
[1.281s] -- Up-to-date: /home/asd/ros2_ws9/install/goat_interfaces/share/goat_interfaces/environment/library_path.dsv
[1.281s] -- Up-to-date: /home/asd/ros2_ws9/install/goat_interfaces/lib/libgoat_interfaces__rosidl_generator_c.so
[1.281s] -- Up-to-date: /home/asd/ros2_ws9/install/goat_interfaces/include/goat_interfaces/goat_interfaces
[1.282s] -- Up-to-date: /home/asd/ros2_ws9/install/goat_interfaces/include/goat_interfaces/goat_interfaces/msg
[1.282s] -- Up-to-date: /home/asd/ros2_ws9/install/goat_interfaces/include/goat_interfaces/goat_interfaces/msg/rosidl_typesupport_fastrtps_c__visibility_control.h
[1.282s] -- Up-to-date: /home/asd/ros2_ws9/install/goat_interfaces/include/goat_interfaces/goat_interfaces/srv
[1.282s] -- Up-to-date: /home/asd/ros2_ws9/install/goat_interfaces/include/goat_interfaces/goat_interfaces/srv/detail
[1.282s] -- Up-to-date: /home/asd/ros2_ws9/install/goat_interfaces/include/goat_interfaces/goat_interfaces/srv/detail/go_to_pose__rosidl_typesupport_fastrtps_c.h
[1.282s] -- Up-to-date: /home/asd/ros2_ws9/install/goat_interfaces/lib/libgoat_interfaces__rosidl_typesupport_fastrtps_c.so
[1.282s] -- Up-to-date: /home/asd/ros2_ws9/install/goat_interfaces/include/goat_interfaces/goat_interfaces
[1.283s] -- Up-to-date: /home/asd/ros2_ws9/install/goat_interfaces/include/goat_interfaces/goat_interfaces/msg
[1.283s] -- Up-to-date: /home/asd/ros2_ws9/install/goat_interfaces/include/goat_interfaces/goat_interfaces/msg/rosidl_typesupport_introspection_c__visibility_control.h
[1.283s] -- Up-to-date: /home/asd/ros2_ws9/install/goat_interfaces/include/goat_interfaces/goat_interfaces/srv
[1.283s] -- Up-to-date: /home/asd/ros2_ws9/install/goat_interfaces/include/goat_interfaces/goat_interfaces/srv/detail
[1.283s] -- Up-to-date: /home/asd/ros2_ws9/install/goat_interfaces/include/goat_interfaces/goat_interfaces/srv/detail/go_to_pose__rosidl_typesupport_introspection_c.h
[1.283s] -- Up-to-date: /home/asd/ros2_ws9/install/goat_interfaces/include/goat_interfaces/goat_interfaces/srv/detail/go_to_pose__type_support.c
[1.283s] -- Up-to-date: /home/asd/ros2_ws9/install/goat_interfaces/lib/libgoat_interfaces__rosidl_typesupport_introspection_c.so
[1.283s] -- Up-to-date: /home/asd/ros2_ws9/install/goat_interfaces/lib/libgoat_interfaces__rosidl_typesupport_c.so
[1.284s] -- Up-to-date: /home/asd/ros2_ws9/install/goat_interfaces/include/goat_interfaces/goat_interfaces
[1.284s] -- Up-to-date: /home/asd/ros2_ws9/install/goat_interfaces/include/goat_interfaces/goat_interfaces/msg
[1.284s] -- Up-to-date: /home/asd/ros2_ws9/install/goat_interfaces/include/goat_interfaces/goat_interfaces/msg/rosidl_generator_cpp__visibility_control.hpp
[1.284s] -- Up-to-date: /home/asd/ros2_ws9/install/goat_interfaces/include/goat_interfaces/goat_interfaces/srv
[1.284s] -- Up-to-date: /home/asd/ros2_ws9/install/goat_interfaces/include/goat_interfaces/goat_interfaces/srv/go_to_pose.hpp
[1.285s] -- Up-to-date: /home/asd/ros2_ws9/install/goat_interfaces/include/goat_interfaces/goat_interfaces/srv/detail
[1.285s] -- Up-to-date: /home/asd/ros2_ws9/install/goat_interfaces/include/goat_interfaces/goat_interfaces/srv/detail/go_to_pose__builder.hpp
[1.285s] -- Up-to-date: /home/asd/ros2_ws9/install/goat_interfaces/include/goat_interfaces/goat_interfaces/srv/detail/go_to_pose__type_support.hpp
[1.285s] -- Up-to-date: /home/asd/ros2_ws9/install/goat_interfaces/include/goat_interfaces/goat_interfaces/srv/detail/go_to_pose__struct.hpp
[1.285s] -- Up-to-date: /home/asd/ros2_ws9/install/goat_interfaces/include/goat_interfaces/goat_interfaces/srv/detail/go_to_pose__traits.hpp
[1.285s] -- Up-to-date: /home/asd/ros2_ws9/install/goat_interfaces/include/goat_interfaces/goat_interfaces
[1.285s] -- Up-to-date: /home/asd/ros2_ws9/install/goat_interfaces/include/goat_interfaces/goat_interfaces/msg
[1.285s] -- Up-to-date: /home/asd/ros2_ws9/install/goat_interfaces/include/goat_interfaces/goat_interfaces/msg/rosidl_typesupport_fastrtps_cpp__visibility_control.h
[1.285s] -- Up-to-date: /home/asd/ros2_ws9/install/goat_interfaces/include/goat_interfaces/goat_interfaces/srv
[1.286s] -- Up-to-date: /home/asd/ros2_ws9/install/goat_interfaces/include/goat_interfaces/goat_interfaces/srv/detail
[1.286s] -- Up-to-date: /home/asd/ros2_ws9/install/goat_interfaces/include/goat_interfaces/goat_interfaces/srv/detail/dds_fastrtps
[1.286s] -- Up-to-date: /home/asd/ros2_ws9/install/goat_interfaces/include/goat_interfaces/goat_interfaces/srv/detail/go_to_pose__rosidl_typesupport_fastrtps_cpp.hpp
[1.286s] -- Up-to-date: /home/asd/ros2_ws9/install/goat_interfaces/lib/libgoat_interfaces__rosidl_typesupport_fastrtps_cpp.so
[1.286s] -- Up-to-date: /home/asd/ros2_ws9/install/goat_interfaces/include/goat_interfaces/goat_interfaces
[1.286s] -- Up-to-date: /home/asd/ros2_ws9/install/goat_interfaces/include/goat_interfaces/goat_interfaces/srv
[1.286s] -- Up-to-date: /home/asd/ros2_ws9/install/goat_interfaces/include/goat_interfaces/goat_interfaces/srv/detail
[1.286s] -- Up-to-date: /home/asd/ros2_ws9/install/goat_interfaces/include/goat_interfaces/goat_interfaces/srv/detail/go_to_pose__type_support.cpp
[1.286s] -- Up-to-date: /home/asd/ros2_ws9/install/goat_interfaces/include/goat_interfaces/goat_interfaces/srv/detail/go_to_pose__rosidl_typesupport_introspection_cpp.hpp
[1.287s] -- Up-to-date: /home/asd/ros2_ws9/install/goat_interfaces/lib/libgoat_interfaces__rosidl_typesupport_introspection_cpp.so
[1.287s] -- Up-to-date: /home/asd/ros2_ws9/install/goat_interfaces/lib/libgoat_interfaces__rosidl_typesupport_cpp.so
[1.287s] -- Up-to-date: /home/asd/ros2_ws9/install/goat_interfaces/share/goat_interfaces/environment/pythonpath.sh
[1.287s] -- Up-to-date: /home/asd/ros2_ws9/install/goat_interfaces/share/goat_interfaces/environment/pythonpath.dsv
[1.287s] -- Up-to-date: /home/asd/ros2_ws9/install/goat_interfaces/local/lib/python3.10/dist-packages/goat_interfaces-0.0.0-py3.10.egg-info
[1.287s] -- Installing: /home/asd/ros2_ws9/install/goat_interfaces/local/lib/python3.10/dist-packages/goat_interfaces-0.0.0-py3.10.egg-info/top_level.txt
[1.287s] -- Installing: /home/asd/ros2_ws9/install/goat_interfaces/local/lib/python3.10/dist-packages/goat_interfaces-0.0.0-py3.10.egg-info/PKG-INFO
[1.288s] -- Installing: /home/asd/ros2_ws9/install/goat_interfaces/local/lib/python3.10/dist-packages/goat_interfaces-0.0.0-py3.10.egg-info/dependency_links.txt
[1.288s] -- Installing: /home/asd/ros2_ws9/install/goat_interfaces/local/lib/python3.10/dist-packages/goat_interfaces-0.0.0-py3.10.egg-info/SOURCES.txt
[1.288s] -- Up-to-date: /home/asd/ros2_ws9/install/goat_interfaces/local/lib/python3.10/dist-packages/goat_interfaces
[1.288s] -- Up-to-date: /home/asd/ros2_ws9/install/goat_interfaces/local/lib/python3.10/dist-packages/goat_interfaces/goat_interfaces_s__rosidl_typesupport_c.cpython-310-x86_64-linux-gnu.so
[1.288s] -- Up-to-date: /home/asd/ros2_ws9/install/goat_interfaces/local/lib/python3.10/dist-packages/goat_interfaces/_goat_interfaces_s.ep.rosidl_typesupport_fastrtps_c.c
[1.288s] -- Up-to-date: /home/asd/ros2_ws9/install/goat_interfaces/local/lib/python3.10/dist-packages/goat_interfaces/srv
[1.289s] -- Up-to-date: /home/asd/ros2_ws9/install/goat_interfaces/local/lib/python3.10/dist-packages/goat_interfaces/srv/_go_to_pose_s.c
[1.289s] -- Up-to-date: /home/asd/ros2_ws9/install/goat_interfaces/local/lib/python3.10/dist-packages/goat_interfaces/srv/_go_to_pose.py
[1.289s] -- Up-to-date: /home/asd/ros2_ws9/install/goat_interfaces/local/lib/python3.10/dist-packages/goat_interfaces/srv/__init__.py
[1.289s] -- Up-to-date: /home/asd/ros2_ws9/install/goat_interfaces/local/lib/python3.10/dist-packages/goat_interfaces/libgoat_interfaces__rosidl_generator_py.so
[1.289s] -- Up-to-date: /home/asd/ros2_ws9/install/goat_interfaces/local/lib/python3.10/dist-packages/goat_interfaces/_goat_interfaces_s.ep.rosidl_typesupport_c.c
[1.289s] -- Up-to-date: /home/asd/ros2_ws9/install/goat_interfaces/local/lib/python3.10/dist-packages/goat_interfaces/goat_interfaces_s__rosidl_typesupport_introspection_c.cpython-310-x86_64-linux-gnu.so
[1.289s] -- Up-to-date: /home/asd/ros2_ws9/install/goat_interfaces/local/lib/python3.10/dist-packages/goat_interfaces/_goat_interfaces_s.ep.rosidl_typesupport_introspection_c.c
[1.289s] -- Up-to-date: /home/asd/ros2_ws9/install/goat_interfaces/local/lib/python3.10/dist-packages/goat_interfaces/__init__.py
[1.289s] -- Up-to-date: /home/asd/ros2_ws9/install/goat_interfaces/local/lib/python3.10/dist-packages/goat_interfaces/goat_interfaces_s__rosidl_typesupport_fastrtps_c.cpython-310-x86_64-linux-gnu.so
[1.417s] Listing '/home/asd/ros2_ws9/install/goat_interfaces/local/lib/python3.10/dist-packages/goat_interfaces'...
[1.417s] Listing '/home/asd/ros2_ws9/install/goat_interfaces/local/lib/python3.10/dist-packages/goat_interfaces/srv'...
[1.423s] -- Up-to-date: /home/asd/ros2_ws9/install/goat_interfaces/local/lib/python3.10/dist-packages/goat_interfaces/goat_interfaces_s__rosidl_typesupport_fastrtps_c.cpython-310-x86_64-linux-gnu.so
[1.423s] -- Up-to-date: /home/asd/ros2_ws9/install/goat_interfaces/local/lib/python3.10/dist-packages/goat_interfaces/goat_interfaces_s__rosidl_typesupport_introspection_c.cpython-310-x86_64-linux-gnu.so
[1.424s] -- Up-to-date: /home/asd/ros2_ws9/install/goat_interfaces/local/lib/python3.10/dist-packages/goat_interfaces/goat_interfaces_s__rosidl_typesupport_c.cpython-310-x86_64-linux-gnu.so
[1.424s] -- Up-to-date: /home/asd/ros2_ws9/install/goat_interfaces/lib/libgoat_interfaces__rosidl_generator_py.so
[1.425s] -- Up-to-date: /home/asd/ros2_ws9/install/goat_interfaces/share/goat_interfaces/srv/GoToPose.idl
[1.425s] -- Up-to-date: /home/asd/ros2_ws9/install/goat_interfaces/share/goat_interfaces/srv/GoToPose.srv
[1.425s] -- Up-to-date: /home/asd/ros2_ws9/install/goat_interfaces/share/goat_interfaces/srv/GoToPose_Request.msg
[1.425s] -- Up-to-date: /home/asd/ros2_ws9/install/goat_interfaces/share/goat_interfaces/srv/GoToPose_Response.msg
[1.426s] -- Up-to-date: /home/asd/ros2_ws9/install/goat_interfaces/share/ament_index/resource_index/package_run_dependencies/goat_interfaces
[1.426s] -- Up-to-date: /home/asd/ros2_ws9/install/goat_interfaces/share/ament_index/resource_index/parent_prefix_path/goat_interfaces
[1.426s] -- Up-to-date: /home/asd/ros2_ws9/install/goat_interfaces/share/goat_interfaces/environment/ament_prefix_path.sh
[1.426s] -- Up-to-date: /home/asd/ros2_ws9/install/goat_interfaces/share/goat_interfaces/environment/ament_prefix_path.dsv
[1.427s] -- Up-to-date: /home/asd/ros2_ws9/install/goat_interfaces/share/goat_interfaces/environment/path.sh
[1.427s] -- Up-to-date: /home/asd/ros2_ws9/install/goat_interfaces/share/goat_interfaces/environment/path.dsv
[1.427s] -- Up-to-date: /home/asd/ros2_ws9/install/goat_interfaces/share/goat_interfaces/local_setup.bash
[1.427s] -- Up-to-date: /home/asd/ros2_ws9/install/goat_interfaces/share/goat_interfaces/local_setup.sh
[1.427s] -- Up-to-date: /home/asd/ros2_ws9/install/goat_interfaces/share/goat_interfaces/local_setup.zsh
[1.428s] -- Up-to-date: /home/asd/ros2_ws9/install/goat_interfaces/share/goat_interfaces/local_setup.dsv
[1.428s] -- Installing: /home/asd/ros2_ws9/install/goat_interfaces/share/goat_interfaces/package.dsv
[1.428s] -- Up-to-date: /home/asd/ros2_ws9/install/goat_interfaces/share/ament_index/resource_index/packages/goat_interfaces
[1.428s] -- Up-to-date: /home/asd/ros2_ws9/install/goat_interfaces/share/goat_interfaces/cmake/export_goat_interfaces__rosidl_generator_cExport.cmake
[1.428s] -- Up-to-date: /home/asd/ros2_ws9/install/goat_interfaces/share/goat_interfaces/cmake/export_goat_interfaces__rosidl_generator_cExport-noconfig.cmake
[1.428s] -- Up-to-date: /home/asd/ros2_ws9/install/goat_interfaces/share/goat_interfaces/cmake/export_goat_interfaces__rosidl_typesupport_fastrtps_cExport.cmake
[1.428s] -- Up-to-date: /home/asd/ros2_ws9/install/goat_interfaces/share/goat_interfaces/cmake/export_goat_interfaces__rosidl_typesupport_fastrtps_cExport-noconfig.cmake
[1.428s] -- Up-to-date: /home/asd/ros2_ws9/install/goat_interfaces/share/goat_interfaces/cmake/goat_interfaces__rosidl_typesupport_introspection_cExport.cmake
[1.429s] -- Up-to-date: /home/asd/ros2_ws9/install/goat_interfaces/share/goat_interfaces/cmake/goat_interfaces__rosidl_typesupport_introspection_cExport-noconfig.cmake
[1.429s] -- Up-to-date: /home/asd/ros2_ws9/install/goat_interfaces/share/goat_interfaces/cmake/goat_interfaces__rosidl_typesupport_cExport.cmake
[1.429s] -- Up-to-date: /home/asd/ros2_ws9/install/goat_interfaces/share/goat_interfaces/cmake/goat_interfaces__rosidl_typesupport_cExport-noconfig.cmake
[1.429s] -- Up-to-date: /home/asd/ros2_ws9/install/goat_interfaces/share/goat_interfaces/cmake/export_goat_interfaces__rosidl_generator_cppExport.cmake
[1.429s] -- Up-to-date: /home/asd/ros2_ws9/install/goat_interfaces/share/goat_interfaces/cmake/export_goat_interfaces__rosidl_typesupport_fastrtps_cppExport.cmake
[1.429s] -- Up-to-date: /home/asd/ros2_ws9/install/goat_interfaces/share/goat_interfaces/cmake/export_goat_interfaces__rosidl_typesupport_fastrtps_cppExport-noconfig.cmake
[1.429s] -- Up-to-date: /home/asd/ros2_ws9/install/goat_interfaces/share/goat_interfaces/cmake/goat_interfaces__rosidl_typesupport_introspection_cppExport.cmake
[1.429s] -- Up-to-date: /home/asd/ros2_ws9/install/goat_interfaces/share/goat_interfaces/cmake/goat_interfaces__rosidl_typesupport_introspection_cppExport-noconfig.cmake
[1.430s] -- Up-to-date: /home/asd/ros2_ws9/install/goat_interfaces/share/goat_interfaces/cmake/goat_interfaces__rosidl_typesupport_cppExport.cmake
[1.430s] -- Up-to-date: /home/asd/ros2_ws9/install/goat_interfaces/share/goat_interfaces/cmake/goat_interfaces__rosidl_typesupport_cppExport-noconfig.cmake
[1.430s] -- Up-to-date: /home/asd/ros2_ws9/install/goat_interfaces/share/goat_interfaces/cmake/export_goat_interfaces__rosidl_generator_pyExport.cmake
[1.430s] -- Up-to-date: /home/asd/ros2_ws9/install/goat_interfaces/share/goat_interfaces/cmake/export_goat_interfaces__rosidl_generator_pyExport-noconfig.cmake
[1.430s] -- Up-to-date: /home/asd/ros2_ws9/install/goat_interfaces/share/goat_interfaces/cmake/rosidl_cmake-extras.cmake
[1.430s] -- Up-to-date: /home/asd/ros2_ws9/install/goat_interfaces/share/goat_interfaces/cmake/ament_cmake_export_include_directories-extras.cmake
[1.430s] -- Up-to-date: /home/asd/ros2_ws9/install/goat_interfaces/share/goat_interfaces/cmake/ament_cmake_export_libraries-extras.cmake
[1.430s] -- Up-to-date: /home/asd/ros2_ws9/install/goat_interfaces/share/goat_interfaces/cmake/ament_cmake_export_targets-extras.cmake
[1.430s] -- Up-to-date: /home/asd/ros2_ws9/install/goat_interfaces/share/goat_interfaces/cmake/rosidl_cmake_export_typesupport_targets-extras.cmake
[1.431s] -- Up-to-date: /home/asd/ros2_ws9/install/goat_interfaces/share/goat_interfaces/cmake/ament_cmake_export_dependencies-extras.cmake
[1.431s] -- Up-to-date: /home/asd/ros2_ws9/install/goat_interfaces/share/goat_interfaces/cmake/rosidl_cmake_export_typesupport_libraries-extras.cmake
[1.431s] -- Up-to-date: /home/asd/ros2_ws9/install/goat_interfaces/share/goat_interfaces/cmake/goat_interfacesConfig.cmake
[1.431s] -- Up-to-date: /home/asd/ros2_ws9/install/goat_interfaces/share/goat_interfaces/cmake/goat_interfacesConfig-version.cmake
[1.431s] -- Up-to-date: /home/asd/ros2_ws9/install/goat_interfaces/share/goat_interfaces/package.xml
[1.434s] Invoked command in '/home/asd/ros2_ws9/build/goat_interfaces' returned '0': CMAKE_PREFIX_PATH=${CMAKE_PREFIX_PATH}:/home/asd/ros2_ws8/install/turtlebot3_simulations:/home/asd/ros2_ws8/install/turtlebot3_gazebo_goat:/home/asd/ros2_ws8/install/turtlebot3_fake_node:/home/asd/ros2_ws8/install/testbed_gazebo_goat:/home/asd/ros2_ws8/install/testbed_description_goat:/home/asd/ros2_ws8/install/my_goat_pkg:/home/asd/ros2_ws8/install/goat_interfaces:/home/asd/ros2_ws8/install/goat_gazebo:/home/asd/ros2_ws7/install/my_py_pkg_anscer:/home/asd/ros2_ws4/install/esp_wifi:/home/asd/ros2_ws4/install/maping_odom:/home/asd/ros2_ws/install/turtlesim_catch_them_all:/home/asd/ros2_ws/install/my_py_pkg:/opt/ros/humble /usr/bin/cmake --install /home/asd/ros2_ws9/build/goat_interfaces
