[35m[1mConsolidate compiler generated dependencies of target custom_interfaces_anscer__rosidl_generator_c[0m
[  2%] Built target custom_interfaces_anscer__cpp
[ 12%] Built target custom_interfaces_anscer__rosidl_generator_c
[ 12%] Built target ament_cmake_python_copy_custom_interfaces_anscer
[35m[1mConsolidate compiler generated dependencies of target custom_interfaces_anscer__rosidl_typesupport_cpp[0m
[35m[1mConsolidate compiler generated dependencies of target custom_interfaces_anscer__rosidl_typesupport_fastrtps_cpp[0m
[35m[1mConsolidate compiler generated dependencies of target custom_interfaces_anscer__rosidl_typesupport_introspection_cpp[0m
[35m[1mConsolidate compiler generated dependencies of target custom_interfaces_anscer__rosidl_typesupport_fastrtps_c[0m
[35m[1mConsolidate compiler generated dependencies of target custom_interfaces_anscer__rosidl_typesupport_introspection_c[0m
[35m[1mConsolidate compiler generated dependencies of target custom_interfaces_anscer__rosidl_typesupport_c[0m
[ 23%] Built target custom_interfaces_anscer__rosidl_typesupport_cpp
[ 33%] Built target custom_interfaces_anscer__rosidl_typesupport_introspection_cpp
[ 43%] Built target custom_interfaces_anscer__rosidl_typesupport_fastrtps_cpp
[ 53%] Built target custom_interfaces_anscer__rosidl_typesupport_c
[ 64%] Built target custom_interfaces_anscer__rosidl_typesupport_introspection_c
[ 74%] Built target custom_interfaces_anscer__rosidl_typesupport_fastrtps_c
[ 74%] Built target custom_interfaces_anscer
[ 76%] Built target custom_interfaces_anscer__py
[35m[1mConsolidate compiler generated dependencies of target custom_interfaces_anscer__rosidl_generator_py[0m
[ 84%] Built target custom_interfaces_anscer__rosidl_generator_py
[35m[1mConsolidate compiler generated dependencies of target custom_interfaces_anscer__rosidl_typesupport_fastrtps_c__pyext[0m
[35m[1mConsolidate compiler generated dependencies of target custom_interfaces_anscer__rosidl_typesupport_introspection_c__pyext[0m
[35m[1mConsolidate compiler generated dependencies of target custom_interfaces_anscer__rosidl_typesupport_c__pyext[0m
[100%] Built target custom_interfaces_anscer__rosidl_typesupport_introspection_c__pyext
[100%] Built target custom_interfaces_anscer__rosidl_typesupport_c__pyext
[100%] Built target custom_interfaces_anscer__rosidl_typesupport_fastrtps_c__pyext
running egg_info
writing custom_interfaces_anscer.egg-info/PKG-INFO
writing dependency_links to custom_interfaces_anscer.egg-info/dependency_links.txt
writing top-level names to custom_interfaces_anscer.egg-info/top_level.txt
reading manifest file 'custom_interfaces_anscer.egg-info/SOURCES.txt'
writing manifest file 'custom_interfaces_anscer.egg-info/SOURCES.txt'
[100%] Built target ament_cmake_python_build_custom_interfaces_anscer_egg
-- Install configuration: ""
-- Up-to-date: /home/asd/ros2_ws7/install/custom_interfaces_anscer/share/ament_index/resource_index/rosidl_interfaces/custom_interfaces_anscer
-- Up-to-date: /home/asd/ros2_ws7/install/custom_interfaces_anscer/include/custom_interfaces_anscer/custom_interfaces_anscer
-- Up-to-date: /home/asd/ros2_ws7/install/custom_interfaces_anscer/include/custom_interfaces_anscer/custom_interfaces_anscer/msg
-- Up-to-date: /home/asd/ros2_ws7/install/custom_interfaces_anscer/include/custom_interfaces_anscer/custom_interfaces_anscer/msg/rosidl_generator_c__visibility_control.h
-- Up-to-date: /home/asd/ros2_ws7/install/custom_interfaces_anscer/include/custom_interfaces_anscer/custom_interfaces_anscer/srv
-- Up-to-date: /home/asd/ros2_ws7/install/custom_interfaces_anscer/include/custom_interfaces_anscer/custom_interfaces_anscer/srv/time_in_sec.h
-- Up-to-date: /home/asd/ros2_ws7/install/custom_interfaces_anscer/include/custom_interfaces_anscer/custom_interfaces_anscer/srv/detail
-- Up-to-date: /home/asd/ros2_ws7/install/custom_interfaces_anscer/include/custom_interfaces_anscer/custom_interfaces_anscer/srv/detail/csv_path__struct.h
-- Up-to-date: /home/asd/ros2_ws7/install/custom_interfaces_anscer/include/custom_interfaces_anscer/custom_interfaces_anscer/srv/detail/time_in_sec__functions.c
-- Up-to-date: /home/asd/ros2_ws7/install/custom_interfaces_anscer/include/custom_interfaces_anscer/custom_interfaces_anscer/srv/detail/csv_path__type_support.h
-- Up-to-date: /home/asd/ros2_ws7/install/custom_interfaces_anscer/include/custom_interfaces_anscer/custom_interfaces_anscer/srv/detail/time_in_sec__struct.h
-- Up-to-date: /home/asd/ros2_ws7/install/custom_interfaces_anscer/include/custom_interfaces_anscer/custom_interfaces_anscer/srv/detail/time_in_sec__functions.h
-- Up-to-date: /home/asd/ros2_ws7/install/custom_interfaces_anscer/include/custom_interfaces_anscer/custom_interfaces_anscer/srv/detail/csv_path__functions.c
-- Up-to-date: /home/asd/ros2_ws7/install/custom_interfaces_anscer/include/custom_interfaces_anscer/custom_interfaces_anscer/srv/detail/csv_path__functions.h
-- Up-to-date: /home/asd/ros2_ws7/install/custom_interfaces_anscer/include/custom_interfaces_anscer/custom_interfaces_anscer/srv/detail/time_in_sec__type_support.h
-- Up-to-date: /home/asd/ros2_ws7/install/custom_interfaces_anscer/include/custom_interfaces_anscer/custom_interfaces_anscer/srv/csv_path.h
-- Up-to-date: /home/asd/ros2_ws7/install/custom_interfaces_anscer/share/custom_interfaces_anscer/environment/library_path.sh
-- Up-to-date: /home/asd/ros2_ws7/install/custom_interfaces_anscer/share/custom_interfaces_anscer/environment/library_path.dsv
-- Up-to-date: /home/asd/ros2_ws7/install/custom_interfaces_anscer/lib/libcustom_interfaces_anscer__rosidl_generator_c.so
-- Up-to-date: /home/asd/ros2_ws7/install/custom_interfaces_anscer/include/custom_interfaces_anscer/custom_interfaces_anscer
-- Up-to-date: /home/asd/ros2_ws7/install/custom_interfaces_anscer/include/custom_interfaces_anscer/custom_interfaces_anscer/msg
-- Up-to-date: /home/asd/ros2_ws7/install/custom_interfaces_anscer/include/custom_interfaces_anscer/custom_interfaces_anscer/msg/rosidl_typesupport_fastrtps_c__visibility_control.h
-- Up-to-date: /home/asd/ros2_ws7/install/custom_interfaces_anscer/include/custom_interfaces_anscer/custom_interfaces_anscer/srv
-- Up-to-date: /home/asd/ros2_ws7/install/custom_interfaces_anscer/include/custom_interfaces_anscer/custom_interfaces_anscer/srv/detail
-- Up-to-date: /home/asd/ros2_ws7/install/custom_interfaces_anscer/include/custom_interfaces_anscer/custom_interfaces_anscer/srv/detail/time_in_sec__rosidl_typesupport_fastrtps_c.h
-- Up-to-date: /home/asd/ros2_ws7/install/custom_interfaces_anscer/include/custom_interfaces_anscer/custom_interfaces_anscer/srv/detail/csv_path__rosidl_typesupport_fastrtps_c.h
-- Up-to-date: /home/asd/ros2_ws7/install/custom_interfaces_anscer/lib/libcustom_interfaces_anscer__rosidl_typesupport_fastrtps_c.so
-- Up-to-date: /home/asd/ros2_ws7/install/custom_interfaces_anscer/include/custom_interfaces_anscer/custom_interfaces_anscer
-- Up-to-date: /home/asd/ros2_ws7/install/custom_interfaces_anscer/include/custom_interfaces_anscer/custom_interfaces_anscer/msg
-- Up-to-date: /home/asd/ros2_ws7/install/custom_interfaces_anscer/include/custom_interfaces_anscer/custom_interfaces_anscer/msg/rosidl_typesupport_introspection_c__visibility_control.h
-- Up-to-date: /home/asd/ros2_ws7/install/custom_interfaces_anscer/include/custom_interfaces_anscer/custom_interfaces_anscer/srv
-- Up-to-date: /home/asd/ros2_ws7/install/custom_interfaces_anscer/include/custom_interfaces_anscer/custom_interfaces_anscer/srv/detail
-- Up-to-date: /home/asd/ros2_ws7/install/custom_interfaces_anscer/include/custom_interfaces_anscer/custom_interfaces_anscer/srv/detail/csv_path__type_support.c
-- Up-to-date: /home/asd/ros2_ws7/install/custom_interfaces_anscer/include/custom_interfaces_anscer/custom_interfaces_anscer/srv/detail/time_in_sec__type_support.c
-- Up-to-date: /home/asd/ros2_ws7/install/custom_interfaces_anscer/include/custom_interfaces_anscer/custom_interfaces_anscer/srv/detail/time_in_sec__rosidl_typesupport_introspection_c.h
-- Up-to-date: /home/asd/ros2_ws7/install/custom_interfaces_anscer/include/custom_interfaces_anscer/custom_interfaces_anscer/srv/detail/csv_path__rosidl_typesupport_introspection_c.h
-- Up-to-date: /home/asd/ros2_ws7/install/custom_interfaces_anscer/lib/libcustom_interfaces_anscer__rosidl_typesupport_introspection_c.so
-- Up-to-date: /home/asd/ros2_ws7/install/custom_interfaces_anscer/lib/libcustom_interfaces_anscer__rosidl_typesupport_c.so
-- Up-to-date: /home/asd/ros2_ws7/install/custom_interfaces_anscer/include/custom_interfaces_anscer/custom_interfaces_anscer
-- Up-to-date: /home/asd/ros2_ws7/install/custom_interfaces_anscer/include/custom_interfaces_anscer/custom_interfaces_anscer/msg
-- Up-to-date: /home/asd/ros2_ws7/install/custom_interfaces_anscer/include/custom_interfaces_anscer/custom_interfaces_anscer/msg/rosidl_generator_cpp__visibility_control.hpp
-- Up-to-date: /home/asd/ros2_ws7/install/custom_interfaces_anscer/include/custom_interfaces_anscer/custom_interfaces_anscer/srv
-- Up-to-date: /home/asd/ros2_ws7/install/custom_interfaces_anscer/include/custom_interfaces_anscer/custom_interfaces_anscer/srv/time_in_sec.hpp
-- Up-to-date: /home/asd/ros2_ws7/install/custom_interfaces_anscer/include/custom_interfaces_anscer/custom_interfaces_anscer/srv/detail
-- Up-to-date: /home/asd/ros2_ws7/install/custom_interfaces_anscer/include/custom_interfaces_anscer/custom_interfaces_anscer/srv/detail/time_in_sec__traits.hpp
-- Up-to-date: /home/asd/ros2_ws7/install/custom_interfaces_anscer/include/custom_interfaces_anscer/custom_interfaces_anscer/srv/detail/csv_path__builder.hpp
-- Up-to-date: /home/asd/ros2_ws7/install/custom_interfaces_anscer/include/custom_interfaces_anscer/custom_interfaces_anscer/srv/detail/time_in_sec__builder.hpp
-- Up-to-date: /home/asd/ros2_ws7/install/custom_interfaces_anscer/include/custom_interfaces_anscer/custom_interfaces_anscer/srv/detail/time_in_sec__struct.hpp
-- Up-to-date: /home/asd/ros2_ws7/install/custom_interfaces_anscer/include/custom_interfaces_anscer/custom_interfaces_anscer/srv/detail/csv_path__type_support.hpp
-- Up-to-date: /home/asd/ros2_ws7/install/custom_interfaces_anscer/include/custom_interfaces_anscer/custom_interfaces_anscer/srv/detail/time_in_sec__type_support.hpp
-- Up-to-date: /home/asd/ros2_ws7/install/custom_interfaces_anscer/include/custom_interfaces_anscer/custom_interfaces_anscer/srv/detail/csv_path__struct.hpp
-- Up-to-date: /home/asd/ros2_ws7/install/custom_interfaces_anscer/include/custom_interfaces_anscer/custom_interfaces_anscer/srv/detail/csv_path__traits.hpp
-- Up-to-date: /home/asd/ros2_ws7/install/custom_interfaces_anscer/include/custom_interfaces_anscer/custom_interfaces_anscer/srv/csv_path.hpp
-- Up-to-date: /home/asd/ros2_ws7/install/custom_interfaces_anscer/include/custom_interfaces_anscer/custom_interfaces_anscer
-- Up-to-date: /home/asd/ros2_ws7/install/custom_interfaces_anscer/include/custom_interfaces_anscer/custom_interfaces_anscer/msg
-- Up-to-date: /home/asd/ros2_ws7/install/custom_interfaces_anscer/include/custom_interfaces_anscer/custom_interfaces_anscer/msg/rosidl_typesupport_fastrtps_cpp__visibility_control.h
-- Up-to-date: /home/asd/ros2_ws7/install/custom_interfaces_anscer/include/custom_interfaces_anscer/custom_interfaces_anscer/srv
-- Up-to-date: /home/asd/ros2_ws7/install/custom_interfaces_anscer/include/custom_interfaces_anscer/custom_interfaces_anscer/srv/detail
-- Up-to-date: /home/asd/ros2_ws7/install/custom_interfaces_anscer/include/custom_interfaces_anscer/custom_interfaces_anscer/srv/detail/dds_fastrtps
-- Up-to-date: /home/asd/ros2_ws7/install/custom_interfaces_anscer/include/custom_interfaces_anscer/custom_interfaces_anscer/srv/detail/time_in_sec__rosidl_typesupport_fastrtps_cpp.hpp
-- Up-to-date: /home/asd/ros2_ws7/install/custom_interfaces_anscer/include/custom_interfaces_anscer/custom_interfaces_anscer/srv/detail/csv_path__rosidl_typesupport_fastrtps_cpp.hpp
-- Up-to-date: /home/asd/ros2_ws7/install/custom_interfaces_anscer/lib/libcustom_interfaces_anscer__rosidl_typesupport_fastrtps_cpp.so
-- Up-to-date: /home/asd/ros2_ws7/install/custom_interfaces_anscer/include/custom_interfaces_anscer/custom_interfaces_anscer
-- Up-to-date: /home/asd/ros2_ws7/install/custom_interfaces_anscer/include/custom_interfaces_anscer/custom_interfaces_anscer/srv
-- Up-to-date: /home/asd/ros2_ws7/install/custom_interfaces_anscer/include/custom_interfaces_anscer/custom_interfaces_anscer/srv/detail
-- Up-to-date: /home/asd/ros2_ws7/install/custom_interfaces_anscer/include/custom_interfaces_anscer/custom_interfaces_anscer/srv/detail/time_in_sec__rosidl_typesupport_introspection_cpp.hpp
-- Up-to-date: /home/asd/ros2_ws7/install/custom_interfaces_anscer/include/custom_interfaces_anscer/custom_interfaces_anscer/srv/detail/time_in_sec__type_support.cpp
-- Up-to-date: /home/asd/ros2_ws7/install/custom_interfaces_anscer/include/custom_interfaces_anscer/custom_interfaces_anscer/srv/detail/csv_path__rosidl_typesupport_introspection_cpp.hpp
-- Up-to-date: /home/asd/ros2_ws7/install/custom_interfaces_anscer/include/custom_interfaces_anscer/custom_interfaces_anscer/srv/detail/csv_path__type_support.cpp
-- Up-to-date: /home/asd/ros2_ws7/install/custom_interfaces_anscer/lib/libcustom_interfaces_anscer__rosidl_typesupport_introspection_cpp.so
-- Up-to-date: /home/asd/ros2_ws7/install/custom_interfaces_anscer/lib/libcustom_interfaces_anscer__rosidl_typesupport_cpp.so
-- Up-to-date: /home/asd/ros2_ws7/install/custom_interfaces_anscer/share/custom_interfaces_anscer/environment/pythonpath.sh
-- Up-to-date: /home/asd/ros2_ws7/install/custom_interfaces_anscer/share/custom_interfaces_anscer/environment/pythonpath.dsv
-- Up-to-date: /home/asd/ros2_ws7/install/custom_interfaces_anscer/local/lib/python3.10/dist-packages/custom_interfaces_anscer-0.0.0-py3.10.egg-info
-- Installing: /home/asd/ros2_ws7/install/custom_interfaces_anscer/local/lib/python3.10/dist-packages/custom_interfaces_anscer-0.0.0-py3.10.egg-info/top_level.txt
-- Installing: /home/asd/ros2_ws7/install/custom_interfaces_anscer/local/lib/python3.10/dist-packages/custom_interfaces_anscer-0.0.0-py3.10.egg-info/PKG-INFO
-- Installing: /home/asd/ros2_ws7/install/custom_interfaces_anscer/local/lib/python3.10/dist-packages/custom_interfaces_anscer-0.0.0-py3.10.egg-info/dependency_links.txt
-- Installing: /home/asd/ros2_ws7/install/custom_interfaces_anscer/local/lib/python3.10/dist-packages/custom_interfaces_anscer-0.0.0-py3.10.egg-info/SOURCES.txt
-- Up-to-date: /home/asd/ros2_ws7/install/custom_interfaces_anscer/local/lib/python3.10/dist-packages/custom_interfaces_anscer
-- Up-to-date: /home/asd/ros2_ws7/install/custom_interfaces_anscer/local/lib/python3.10/dist-packages/custom_interfaces_anscer/custom_interfaces_anscer_s__rosidl_typesupport_introspection_c.cpython-310-x86_64-linux-gnu.so
-- Up-to-date: /home/asd/ros2_ws7/install/custom_interfaces_anscer/local/lib/python3.10/dist-packages/custom_interfaces_anscer/libcustom_interfaces_anscer__rosidl_generator_py.so
-- Up-to-date: /home/asd/ros2_ws7/install/custom_interfaces_anscer/local/lib/python3.10/dist-packages/custom_interfaces_anscer/_custom_interfaces_anscer_s.ep.rosidl_typesupport_c.c
-- Up-to-date: /home/asd/ros2_ws7/install/custom_interfaces_anscer/local/lib/python3.10/dist-packages/custom_interfaces_anscer/srv
-- Up-to-date: /home/asd/ros2_ws7/install/custom_interfaces_anscer/local/lib/python3.10/dist-packages/custom_interfaces_anscer/srv/_csv_path.py
-- Up-to-date: /home/asd/ros2_ws7/install/custom_interfaces_anscer/local/lib/python3.10/dist-packages/custom_interfaces_anscer/srv/_csv_path_s.c
-- Up-to-date: /home/asd/ros2_ws7/install/custom_interfaces_anscer/local/lib/python3.10/dist-packages/custom_interfaces_anscer/srv/__init__.py
-- Up-to-date: /home/asd/ros2_ws7/install/custom_interfaces_anscer/local/lib/python3.10/dist-packages/custom_interfaces_anscer/srv/_time_in_sec_s.c
-- Up-to-date: /home/asd/ros2_ws7/install/custom_interfaces_anscer/local/lib/python3.10/dist-packages/custom_interfaces_anscer/srv/_time_in_sec.py
-- Up-to-date: /home/asd/ros2_ws7/install/custom_interfaces_anscer/local/lib/python3.10/dist-packages/custom_interfaces_anscer/custom_interfaces_anscer_s__rosidl_typesupport_c.cpython-310-x86_64-linux-gnu.so
-- Up-to-date: /home/asd/ros2_ws7/install/custom_interfaces_anscer/local/lib/python3.10/dist-packages/custom_interfaces_anscer/custom_interfaces_anscer_s__rosidl_typesupport_fastrtps_c.cpython-310-x86_64-linux-gnu.so
-- Up-to-date: /home/asd/ros2_ws7/install/custom_interfaces_anscer/local/lib/python3.10/dist-packages/custom_interfaces_anscer/__init__.py
-- Up-to-date: /home/asd/ros2_ws7/install/custom_interfaces_anscer/local/lib/python3.10/dist-packages/custom_interfaces_anscer/_custom_interfaces_anscer_s.ep.rosidl_typesupport_fastrtps_c.c
-- Up-to-date: /home/asd/ros2_ws7/install/custom_interfaces_anscer/local/lib/python3.10/dist-packages/custom_interfaces_anscer/_custom_interfaces_anscer_s.ep.rosidl_typesupport_introspection_c.c
Listing '/home/asd/ros2_ws7/install/custom_interfaces_anscer/local/lib/python3.10/dist-packages/custom_interfaces_anscer'...
Listing '/home/asd/ros2_ws7/install/custom_interfaces_anscer/local/lib/python3.10/dist-packages/custom_interfaces_anscer/srv'...
-- Up-to-date: /home/asd/ros2_ws7/install/custom_interfaces_anscer/local/lib/python3.10/dist-packages/custom_interfaces_anscer/custom_interfaces_anscer_s__rosidl_typesupport_fastrtps_c.cpython-310-x86_64-linux-gnu.so
-- Up-to-date: /home/asd/ros2_ws7/install/custom_interfaces_anscer/local/lib/python3.10/dist-packages/custom_interfaces_anscer/custom_interfaces_anscer_s__rosidl_typesupport_introspection_c.cpython-310-x86_64-linux-gnu.so
-- Up-to-date: /home/asd/ros2_ws7/install/custom_interfaces_anscer/local/lib/python3.10/dist-packages/custom_interfaces_anscer/custom_interfaces_anscer_s__rosidl_typesupport_c.cpython-310-x86_64-linux-gnu.so
-- Up-to-date: /home/asd/ros2_ws7/install/custom_interfaces_anscer/lib/libcustom_interfaces_anscer__rosidl_generator_py.so
-- Up-to-date: /home/asd/ros2_ws7/install/custom_interfaces_anscer/share/custom_interfaces_anscer/srv/CsvPath.idl
-- Up-to-date: /home/asd/ros2_ws7/install/custom_interfaces_anscer/share/custom_interfaces_anscer/srv/TimeInSec.idl
-- Up-to-date: /home/asd/ros2_ws7/install/custom_interfaces_anscer/share/custom_interfaces_anscer/srv/CsvPath.srv
-- Up-to-date: /home/asd/ros2_ws7/install/custom_interfaces_anscer/share/custom_interfaces_anscer/srv/CsvPath_Request.msg
-- Up-to-date: /home/asd/ros2_ws7/install/custom_interfaces_anscer/share/custom_interfaces_anscer/srv/CsvPath_Response.msg
-- Up-to-date: /home/asd/ros2_ws7/install/custom_interfaces_anscer/share/custom_interfaces_anscer/srv/TimeInSec.srv
-- Up-to-date: /home/asd/ros2_ws7/install/custom_interfaces_anscer/share/custom_interfaces_anscer/srv/TimeInSec_Request.msg
-- Up-to-date: /home/asd/ros2_ws7/install/custom_interfaces_anscer/share/custom_interfaces_anscer/srv/TimeInSec_Response.msg
-- Up-to-date: /home/asd/ros2_ws7/install/custom_interfaces_anscer/share/ament_index/resource_index/package_run_dependencies/custom_interfaces_anscer
-- Up-to-date: /home/asd/ros2_ws7/install/custom_interfaces_anscer/share/ament_index/resource_index/parent_prefix_path/custom_interfaces_anscer
-- Up-to-date: /home/asd/ros2_ws7/install/custom_interfaces_anscer/share/custom_interfaces_anscer/environment/ament_prefix_path.sh
-- Up-to-date: /home/asd/ros2_ws7/install/custom_interfaces_anscer/share/custom_interfaces_anscer/environment/ament_prefix_path.dsv
-- Up-to-date: /home/asd/ros2_ws7/install/custom_interfaces_anscer/share/custom_interfaces_anscer/environment/path.sh
-- Up-to-date: /home/asd/ros2_ws7/install/custom_interfaces_anscer/share/custom_interfaces_anscer/environment/path.dsv
-- Up-to-date: /home/asd/ros2_ws7/install/custom_interfaces_anscer/share/custom_interfaces_anscer/local_setup.bash
-- Up-to-date: /home/asd/ros2_ws7/install/custom_interfaces_anscer/share/custom_interfaces_anscer/local_setup.sh
-- Up-to-date: /home/asd/ros2_ws7/install/custom_interfaces_anscer/share/custom_interfaces_anscer/local_setup.zsh
-- Up-to-date: /home/asd/ros2_ws7/install/custom_interfaces_anscer/share/custom_interfaces_anscer/local_setup.dsv
-- Installing: /home/asd/ros2_ws7/install/custom_interfaces_anscer/share/custom_interfaces_anscer/package.dsv
-- Up-to-date: /home/asd/ros2_ws7/install/custom_interfaces_anscer/share/ament_index/resource_index/packages/custom_interfaces_anscer
-- Up-to-date: /home/asd/ros2_ws7/install/custom_interfaces_anscer/share/custom_interfaces_anscer/cmake/export_custom_interfaces_anscer__rosidl_generator_cExport.cmake
-- Up-to-date: /home/asd/ros2_ws7/install/custom_interfaces_anscer/share/custom_interfaces_anscer/cmake/export_custom_interfaces_anscer__rosidl_generator_cExport-noconfig.cmake
-- Up-to-date: /home/asd/ros2_ws7/install/custom_interfaces_anscer/share/custom_interfaces_anscer/cmake/export_custom_interfaces_anscer__rosidl_typesupport_fastrtps_cExport.cmake
-- Up-to-date: /home/asd/ros2_ws7/install/custom_interfaces_anscer/share/custom_interfaces_anscer/cmake/export_custom_interfaces_anscer__rosidl_typesupport_fastrtps_cExport-noconfig.cmake
-- Up-to-date: /home/asd/ros2_ws7/install/custom_interfaces_anscer/share/custom_interfaces_anscer/cmake/custom_interfaces_anscer__rosidl_typesupport_introspection_cExport.cmake
-- Up-to-date: /home/asd/ros2_ws7/install/custom_interfaces_anscer/share/custom_interfaces_anscer/cmake/custom_interfaces_anscer__rosidl_typesupport_introspection_cExport-noconfig.cmake
-- Up-to-date: /home/asd/ros2_ws7/install/custom_interfaces_anscer/share/custom_interfaces_anscer/cmake/custom_interfaces_anscer__rosidl_typesupport_cExport.cmake
-- Up-to-date: /home/asd/ros2_ws7/install/custom_interfaces_anscer/share/custom_interfaces_anscer/cmake/custom_interfaces_anscer__rosidl_typesupport_cExport-noconfig.cmake
-- Up-to-date: /home/asd/ros2_ws7/install/custom_interfaces_anscer/share/custom_interfaces_anscer/cmake/export_custom_interfaces_anscer__rosidl_generator_cppExport.cmake
-- Up-to-date: /home/asd/ros2_ws7/install/custom_interfaces_anscer/share/custom_interfaces_anscer/cmake/export_custom_interfaces_anscer__rosidl_typesupport_fastrtps_cppExport.cmake
-- Up-to-date: /home/asd/ros2_ws7/install/custom_interfaces_anscer/share/custom_interfaces_anscer/cmake/export_custom_interfaces_anscer__rosidl_typesupport_fastrtps_cppExport-noconfig.cmake
-- Up-to-date: /home/asd/ros2_ws7/install/custom_interfaces_anscer/share/custom_interfaces_anscer/cmake/custom_interfaces_anscer__rosidl_typesupport_introspection_cppExport.cmake
-- Up-to-date: /home/asd/ros2_ws7/install/custom_interfaces_anscer/share/custom_interfaces_anscer/cmake/custom_interfaces_anscer__rosidl_typesupport_introspection_cppExport-noconfig.cmake
-- Up-to-date: /home/asd/ros2_ws7/install/custom_interfaces_anscer/share/custom_interfaces_anscer/cmake/custom_interfaces_anscer__rosidl_typesupport_cppExport.cmake
-- Up-to-date: /home/asd/ros2_ws7/install/custom_interfaces_anscer/share/custom_interfaces_anscer/cmake/custom_interfaces_anscer__rosidl_typesupport_cppExport-noconfig.cmake
-- Up-to-date: /home/asd/ros2_ws7/install/custom_interfaces_anscer/share/custom_interfaces_anscer/cmake/export_custom_interfaces_anscer__rosidl_generator_pyExport.cmake
-- Up-to-date: /home/asd/ros2_ws7/install/custom_interfaces_anscer/share/custom_interfaces_anscer/cmake/export_custom_interfaces_anscer__rosidl_generator_pyExport-noconfig.cmake
-- Up-to-date: /home/asd/ros2_ws7/install/custom_interfaces_anscer/share/custom_interfaces_anscer/cmake/rosidl_cmake-extras.cmake
-- Up-to-date: /home/asd/ros2_ws7/install/custom_interfaces_anscer/share/custom_interfaces_anscer/cmake/ament_cmake_export_include_directories-extras.cmake
-- Up-to-date: /home/asd/ros2_ws7/install/custom_interfaces_anscer/share/custom_interfaces_anscer/cmake/ament_cmake_export_libraries-extras.cmake
-- Up-to-date: /home/asd/ros2_ws7/install/custom_interfaces_anscer/share/custom_interfaces_anscer/cmake/ament_cmake_export_targets-extras.cmake
-- Up-to-date: /home/asd/ros2_ws7/install/custom_interfaces_anscer/share/custom_interfaces_anscer/cmake/rosidl_cmake_export_typesupport_targets-extras.cmake
-- Up-to-date: /home/asd/ros2_ws7/install/custom_interfaces_anscer/share/custom_interfaces_anscer/cmake/ament_cmake_export_dependencies-extras.cmake
-- Up-to-date: /home/asd/ros2_ws7/install/custom_interfaces_anscer/share/custom_interfaces_anscer/cmake/rosidl_cmake_export_typesupport_libraries-extras.cmake
-- Up-to-date: /home/asd/ros2_ws7/install/custom_interfaces_anscer/share/custom_interfaces_anscer/cmake/custom_interfaces_anscerConfig.cmake
-- Up-to-date: /home/asd/ros2_ws7/install/custom_interfaces_anscer/share/custom_interfaces_anscer/cmake/custom_interfaces_anscerConfig-version.cmake
-- Up-to-date: /home/asd/ros2_ws7/install/custom_interfaces_anscer/share/custom_interfaces_anscer/package.xml
