[0.014s] Invoking command in '/home/asd/ros2_ws7/build/custom_interfaces_anscer': CMAKE_PREFIX_PATH=${CMAKE_PREFIX_PATH}:/home/asd/ros2_ws7/install/my_py_pkg_anscer:/home/asd/ros2_ws4/install/esp_wifi:/home/asd/ros2_ws4/install/maping_odom:/home/asd/ros2_ws/install/turtlesim_catch_them_all:/home/asd/ros2_ws/install/my_py_pkg:/opt/ros/humble /usr/bin/cmake --build /home/asd/ros2_ws7/build/custom_interfaces_anscer -- -j8 -l8
[0.059s] [35m[1mConsolidate compiler generated dependencies of target custom_interfaces_anscer__rosidl_generator_c[0m
[0.070s] [  2%] Built target custom_interfaces_anscer__cpp
[0.071s] [ 12%] Built target custom_interfaces_anscer__rosidl_generator_c
[0.080s] [ 12%] Built target ament_cmake_python_copy_custom_interfaces_anscer
[0.082s] [35m[1mConsolidate compiler generated dependencies of target custom_interfaces_anscer__rosidl_typesupport_cpp[0m
[0.082s] [35m[1mConsolidate compiler generated dependencies of target custom_interfaces_anscer__rosidl_typesupport_fastrtps_cpp[0m
[0.083s] [35m[1mConsolidate compiler generated dependencies of target custom_interfaces_anscer__rosidl_typesupport_introspection_cpp[0m
[0.096s] [35m[1mConsolidate compiler generated dependencies of target custom_interfaces_anscer__rosidl_typesupport_fastrtps_c[0m
[0.098s] [35m[1mConsolidate compiler generated dependencies of target custom_interfaces_anscer__rosidl_typesupport_introspection_c[0m
[0.098s] [35m[1mConsolidate compiler generated dependencies of target custom_interfaces_anscer__rosidl_typesupport_c[0m
[0.102s] [ 23%] Built target custom_interfaces_anscer__rosidl_typesupport_cpp
[0.104s] [ 33%] Built target custom_interfaces_anscer__rosidl_typesupport_introspection_cpp
[0.105s] [ 43%] Built target custom_interfaces_anscer__rosidl_typesupport_fastrtps_cpp
[0.111s] [ 53%] Built target custom_interfaces_anscer__rosidl_typesupport_c
[0.112s] [ 64%] Built target custom_interfaces_anscer__rosidl_typesupport_introspection_c
[0.114s] [ 74%] Built target custom_interfaces_anscer__rosidl_typesupport_fastrtps_c
[0.138s] [ 74%] Built target custom_interfaces_anscer
[0.161s] [ 76%] Built target custom_interfaces_anscer__py
[0.174s] [35m[1mConsolidate compiler generated dependencies of target custom_interfaces_anscer__rosidl_generator_py[0m
[0.188s] [ 84%] Built target custom_interfaces_anscer__rosidl_generator_py
[0.200s] [35m[1mConsolidate compiler generated dependencies of target custom_interfaces_anscer__rosidl_typesupport_fastrtps_c__pyext[0m
[0.200s] [35m[1mConsolidate compiler generated dependencies of target custom_interfaces_anscer__rosidl_typesupport_introspection_c__pyext[0m
[0.200s] [35m[1mConsolidate compiler generated dependencies of target custom_interfaces_anscer__rosidl_typesupport_c__pyext[0m
[0.214s] [100%] Built target custom_interfaces_anscer__rosidl_typesupport_introspection_c__pyext
[0.214s] [100%] Built target custom_interfaces_anscer__rosidl_typesupport_c__pyext
[0.214s] [100%] Built target custom_interfaces_anscer__rosidl_typesupport_fastrtps_c__pyext
[0.419s] running egg_info
[0.420s] writing custom_interfaces_anscer.egg-info/PKG-INFO
[0.420s] writing dependency_links to custom_interfaces_anscer.egg-info/dependency_links.txt
[0.420s] writing top-level names to custom_interfaces_anscer.egg-info/top_level.txt
[0.422s] reading manifest file 'custom_interfaces_anscer.egg-info/SOURCES.txt'
[0.423s] writing manifest file 'custom_interfaces_anscer.egg-info/SOURCES.txt'
[0.453s] [100%] Built target ament_cmake_python_build_custom_interfaces_anscer_egg
[0.466s] Invoked command in '/home/asd/ros2_ws7/build/custom_interfaces_anscer' returned '0': CMAKE_PREFIX_PATH=${CMAKE_PREFIX_PATH}:/home/asd/ros2_ws7/install/my_py_pkg_anscer:/home/asd/ros2_ws4/install/esp_wifi:/home/asd/ros2_ws4/install/maping_odom:/home/asd/ros2_ws/install/turtlesim_catch_them_all:/home/asd/ros2_ws/install/my_py_pkg:/opt/ros/humble /usr/bin/cmake --build /home/asd/ros2_ws7/build/custom_interfaces_anscer -- -j8 -l8
[0.477s] Invoking command in '/home/asd/ros2_ws7/build/custom_interfaces_anscer': CMAKE_PREFIX_PATH=${CMAKE_PREFIX_PATH}:/home/asd/ros2_ws7/install/my_py_pkg_anscer:/home/asd/ros2_ws4/install/esp_wifi:/home/asd/ros2_ws4/install/maping_odom:/home/asd/ros2_ws/install/turtlesim_catch_them_all:/home/asd/ros2_ws/install/my_py_pkg:/opt/ros/humble /usr/bin/cmake --install /home/asd/ros2_ws7/build/custom_interfaces_anscer
[0.486s] -- Install configuration: ""
[0.486s] -- Up-to-date: /home/asd/ros2_ws7/install/custom_interfaces_anscer/share/ament_index/resource_index/rosidl_interfaces/custom_interfaces_anscer
[0.486s] -- Up-to-date: /home/asd/ros2_ws7/install/custom_interfaces_anscer/include/custom_interfaces_anscer/custom_interfaces_anscer
[0.487s] -- Up-to-date: /home/asd/ros2_ws7/install/custom_interfaces_anscer/include/custom_interfaces_anscer/custom_interfaces_anscer/msg
[0.487s] -- Up-to-date: /home/asd/ros2_ws7/install/custom_interfaces_anscer/include/custom_interfaces_anscer/custom_interfaces_anscer/msg/rosidl_generator_c__visibility_control.h
[0.487s] -- Up-to-date: /home/asd/ros2_ws7/install/custom_interfaces_anscer/include/custom_interfaces_anscer/custom_interfaces_anscer/srv
[0.487s] -- Up-to-date: /home/asd/ros2_ws7/install/custom_interfaces_anscer/include/custom_interfaces_anscer/custom_interfaces_anscer/srv/time_in_sec.h
[0.487s] -- Up-to-date: /home/asd/ros2_ws7/install/custom_interfaces_anscer/include/custom_interfaces_anscer/custom_interfaces_anscer/srv/detail
[0.487s] -- Up-to-date: /home/asd/ros2_ws7/install/custom_interfaces_anscer/include/custom_interfaces_anscer/custom_interfaces_anscer/srv/detail/csv_path__struct.h
[0.487s] -- Up-to-date: /home/asd/ros2_ws7/install/custom_interfaces_anscer/include/custom_interfaces_anscer/custom_interfaces_anscer/srv/detail/time_in_sec__functions.c
[0.487s] -- Up-to-date: /home/asd/ros2_ws7/install/custom_interfaces_anscer/include/custom_interfaces_anscer/custom_interfaces_anscer/srv/detail/csv_path__type_support.h
[0.487s] -- Up-to-date: /home/asd/ros2_ws7/install/custom_interfaces_anscer/include/custom_interfaces_anscer/custom_interfaces_anscer/srv/detail/time_in_sec__struct.h
[0.488s] -- Up-to-date: /home/asd/ros2_ws7/install/custom_interfaces_anscer/include/custom_interfaces_anscer/custom_interfaces_anscer/srv/detail/time_in_sec__functions.h
[0.488s] -- Up-to-date: /home/asd/ros2_ws7/install/custom_interfaces_anscer/include/custom_interfaces_anscer/custom_interfaces_anscer/srv/detail/csv_path__functions.c
[0.488s] -- Up-to-date: /home/asd/ros2_ws7/install/custom_interfaces_anscer/include/custom_interfaces_anscer/custom_interfaces_anscer/srv/detail/csv_path__functions.h
[0.488s] -- Up-to-date: /home/asd/ros2_ws7/install/custom_interfaces_anscer/include/custom_interfaces_anscer/custom_interfaces_anscer/srv/detail/time_in_sec__type_support.h
[0.488s] -- Up-to-date: /home/asd/ros2_ws7/install/custom_interfaces_anscer/include/custom_interfaces_anscer/custom_interfaces_anscer/srv/csv_path.h
[0.488s] -- Up-to-date: /home/asd/ros2_ws7/install/custom_interfaces_anscer/share/custom_interfaces_anscer/environment/library_path.sh
[0.488s] -- Up-to-date: /home/asd/ros2_ws7/install/custom_interfaces_anscer/share/custom_interfaces_anscer/environment/library_path.dsv
[0.488s] -- Up-to-date: /home/asd/ros2_ws7/install/custom_interfaces_anscer/lib/libcustom_interfaces_anscer__rosidl_generator_c.so
[0.488s] -- Up-to-date: /home/asd/ros2_ws7/install/custom_interfaces_anscer/include/custom_interfaces_anscer/custom_interfaces_anscer
[0.489s] -- Up-to-date: /home/asd/ros2_ws7/install/custom_interfaces_anscer/include/custom_interfaces_anscer/custom_interfaces_anscer/msg
[0.489s] -- Up-to-date: /home/asd/ros2_ws7/install/custom_interfaces_anscer/include/custom_interfaces_anscer/custom_interfaces_anscer/msg/rosidl_typesupport_fastrtps_c__visibility_control.h
[0.489s] -- Up-to-date: /home/asd/ros2_ws7/install/custom_interfaces_anscer/include/custom_interfaces_anscer/custom_interfaces_anscer/srv
[0.489s] -- Up-to-date: /home/asd/ros2_ws7/install/custom_interfaces_anscer/include/custom_interfaces_anscer/custom_interfaces_anscer/srv/detail
[0.489s] -- Up-to-date: /home/asd/ros2_ws7/install/custom_interfaces_anscer/include/custom_interfaces_anscer/custom_interfaces_anscer/srv/detail/time_in_sec__rosidl_typesupport_fastrtps_c.h
[0.489s] -- Up-to-date: /home/asd/ros2_ws7/install/custom_interfaces_anscer/include/custom_interfaces_anscer/custom_interfaces_anscer/srv/detail/csv_path__rosidl_typesupport_fastrtps_c.h
[0.489s] -- Up-to-date: /home/asd/ros2_ws7/install/custom_interfaces_anscer/lib/libcustom_interfaces_anscer__rosidl_typesupport_fastrtps_c.so
[0.489s] -- Up-to-date: /home/asd/ros2_ws7/install/custom_interfaces_anscer/include/custom_interfaces_anscer/custom_interfaces_anscer
[0.489s] -- Up-to-date: /home/asd/ros2_ws7/install/custom_interfaces_anscer/include/custom_interfaces_anscer/custom_interfaces_anscer/msg
[0.490s] -- Up-to-date: /home/asd/ros2_ws7/install/custom_interfaces_anscer/include/custom_interfaces_anscer/custom_interfaces_anscer/msg/rosidl_typesupport_introspection_c__visibility_control.h
[0.490s] -- Up-to-date: /home/asd/ros2_ws7/install/custom_interfaces_anscer/include/custom_interfaces_anscer/custom_interfaces_anscer/srv
[0.490s] -- Up-to-date: /home/asd/ros2_ws7/install/custom_interfaces_anscer/include/custom_interfaces_anscer/custom_interfaces_anscer/srv/detail
[0.490s] -- Up-to-date: /home/asd/ros2_ws7/install/custom_interfaces_anscer/include/custom_interfaces_anscer/custom_interfaces_anscer/srv/detail/csv_path__type_support.c
[0.490s] -- Up-to-date: /home/asd/ros2_ws7/install/custom_interfaces_anscer/include/custom_interfaces_anscer/custom_interfaces_anscer/srv/detail/time_in_sec__type_support.c
[0.490s] -- Up-to-date: /home/asd/ros2_ws7/install/custom_interfaces_anscer/include/custom_interfaces_anscer/custom_interfaces_anscer/srv/detail/time_in_sec__rosidl_typesupport_introspection_c.h
[0.490s] -- Up-to-date: /home/asd/ros2_ws7/install/custom_interfaces_anscer/include/custom_interfaces_anscer/custom_interfaces_anscer/srv/detail/csv_path__rosidl_typesupport_introspection_c.h
[0.490s] -- Up-to-date: /home/asd/ros2_ws7/install/custom_interfaces_anscer/lib/libcustom_interfaces_anscer__rosidl_typesupport_introspection_c.so
[0.490s] -- Up-to-date: /home/asd/ros2_ws7/install/custom_interfaces_anscer/lib/libcustom_interfaces_anscer__rosidl_typesupport_c.so
[0.491s] -- Up-to-date: /home/asd/ros2_ws7/install/custom_interfaces_anscer/include/custom_interfaces_anscer/custom_interfaces_anscer
[0.491s] -- Up-to-date: /home/asd/ros2_ws7/install/custom_interfaces_anscer/include/custom_interfaces_anscer/custom_interfaces_anscer/msg
[0.491s] -- Up-to-date: /home/asd/ros2_ws7/install/custom_interfaces_anscer/include/custom_interfaces_anscer/custom_interfaces_anscer/msg/rosidl_generator_cpp__visibility_control.hpp
[0.491s] -- Up-to-date: /home/asd/ros2_ws7/install/custom_interfaces_anscer/include/custom_interfaces_anscer/custom_interfaces_anscer/srv
[0.491s] -- Up-to-date: /home/asd/ros2_ws7/install/custom_interfaces_anscer/include/custom_interfaces_anscer/custom_interfaces_anscer/srv/time_in_sec.hpp
[0.491s] -- Up-to-date: /home/asd/ros2_ws7/install/custom_interfaces_anscer/include/custom_interfaces_anscer/custom_interfaces_anscer/srv/detail
[0.491s] -- Up-to-date: /home/asd/ros2_ws7/install/custom_interfaces_anscer/include/custom_interfaces_anscer/custom_interfaces_anscer/srv/detail/time_in_sec__traits.hpp
[0.491s] -- Up-to-date: /home/asd/ros2_ws7/install/custom_interfaces_anscer/include/custom_interfaces_anscer/custom_interfaces_anscer/srv/detail/csv_path__builder.hpp
[0.491s] -- Up-to-date: /home/asd/ros2_ws7/install/custom_interfaces_anscer/include/custom_interfaces_anscer/custom_interfaces_anscer/srv/detail/time_in_sec__builder.hpp
[0.492s] -- Up-to-date: /home/asd/ros2_ws7/install/custom_interfaces_anscer/include/custom_interfaces_anscer/custom_interfaces_anscer/srv/detail/time_in_sec__struct.hpp
[0.492s] -- Up-to-date: /home/asd/ros2_ws7/install/custom_interfaces_anscer/include/custom_interfaces_anscer/custom_interfaces_anscer/srv/detail/csv_path__type_support.hpp
[0.492s] -- Up-to-date: /home/asd/ros2_ws7/install/custom_interfaces_anscer/include/custom_interfaces_anscer/custom_interfaces_anscer/srv/detail/time_in_sec__type_support.hpp
[0.492s] -- Up-to-date: /home/asd/ros2_ws7/install/custom_interfaces_anscer/include/custom_interfaces_anscer/custom_interfaces_anscer/srv/detail/csv_path__struct.hpp
[0.492s] -- Up-to-date: /home/asd/ros2_ws7/install/custom_interfaces_anscer/include/custom_interfaces_anscer/custom_interfaces_anscer/srv/detail/csv_path__traits.hpp
[0.492s] -- Up-to-date: /home/asd/ros2_ws7/install/custom_interfaces_anscer/include/custom_interfaces_anscer/custom_interfaces_anscer/srv/csv_path.hpp
[0.492s] -- Up-to-date: /home/asd/ros2_ws7/install/custom_interfaces_anscer/include/custom_interfaces_anscer/custom_interfaces_anscer
[0.492s] -- Up-to-date: /home/asd/ros2_ws7/install/custom_interfaces_anscer/include/custom_interfaces_anscer/custom_interfaces_anscer/msg
[0.492s] -- Up-to-date: /home/asd/ros2_ws7/install/custom_interfaces_anscer/include/custom_interfaces_anscer/custom_interfaces_anscer/msg/rosidl_typesupport_fastrtps_cpp__visibility_control.h
[0.492s] -- Up-to-date: /home/asd/ros2_ws7/install/custom_interfaces_anscer/include/custom_interfaces_anscer/custom_interfaces_anscer/srv
[0.493s] -- Up-to-date: /home/asd/ros2_ws7/install/custom_interfaces_anscer/include/custom_interfaces_anscer/custom_interfaces_anscer/srv/detail
[0.493s] -- Up-to-date: /home/asd/ros2_ws7/install/custom_interfaces_anscer/include/custom_interfaces_anscer/custom_interfaces_anscer/srv/detail/dds_fastrtps
[0.493s] -- Up-to-date: /home/asd/ros2_ws7/install/custom_interfaces_anscer/include/custom_interfaces_anscer/custom_interfaces_anscer/srv/detail/time_in_sec__rosidl_typesupport_fastrtps_cpp.hpp
[0.493s] -- Up-to-date: /home/asd/ros2_ws7/install/custom_interfaces_anscer/include/custom_interfaces_anscer/custom_interfaces_anscer/srv/detail/csv_path__rosidl_typesupport_fastrtps_cpp.hpp
[0.493s] -- Up-to-date: /home/asd/ros2_ws7/install/custom_interfaces_anscer/lib/libcustom_interfaces_anscer__rosidl_typesupport_fastrtps_cpp.so
[0.493s] -- Up-to-date: /home/asd/ros2_ws7/install/custom_interfaces_anscer/include/custom_interfaces_anscer/custom_interfaces_anscer
[0.493s] -- Up-to-date: /home/asd/ros2_ws7/install/custom_interfaces_anscer/include/custom_interfaces_anscer/custom_interfaces_anscer/srv
[0.493s] -- Up-to-date: /home/asd/ros2_ws7/install/custom_interfaces_anscer/include/custom_interfaces_anscer/custom_interfaces_anscer/srv/detail
[0.493s] -- Up-to-date: /home/asd/ros2_ws7/install/custom_interfaces_anscer/include/custom_interfaces_anscer/custom_interfaces_anscer/srv/detail/time_in_sec__rosidl_typesupport_introspection_cpp.hpp
[0.493s] -- Up-to-date: /home/asd/ros2_ws7/install/custom_interfaces_anscer/include/custom_interfaces_anscer/custom_interfaces_anscer/srv/detail/time_in_sec__type_support.cpp
[0.494s] -- Up-to-date: /home/asd/ros2_ws7/install/custom_interfaces_anscer/include/custom_interfaces_anscer/custom_interfaces_anscer/srv/detail/csv_path__rosidl_typesupport_introspection_cpp.hpp
[0.494s] -- Up-to-date: /home/asd/ros2_ws7/install/custom_interfaces_anscer/include/custom_interfaces_anscer/custom_interfaces_anscer/srv/detail/csv_path__type_support.cpp
[0.494s] -- Up-to-date: /home/asd/ros2_ws7/install/custom_interfaces_anscer/lib/libcustom_interfaces_anscer__rosidl_typesupport_introspection_cpp.so
[0.494s] -- Up-to-date: /home/asd/ros2_ws7/install/custom_interfaces_anscer/lib/libcustom_interfaces_anscer__rosidl_typesupport_cpp.so
[0.494s] -- Up-to-date: /home/asd/ros2_ws7/install/custom_interfaces_anscer/share/custom_interfaces_anscer/environment/pythonpath.sh
[0.494s] -- Up-to-date: /home/asd/ros2_ws7/install/custom_interfaces_anscer/share/custom_interfaces_anscer/environment/pythonpath.dsv
[0.494s] -- Up-to-date: /home/asd/ros2_ws7/install/custom_interfaces_anscer/local/lib/python3.10/dist-packages/custom_interfaces_anscer-0.0.0-py3.10.egg-info
[0.494s] -- Installing: /home/asd/ros2_ws7/install/custom_interfaces_anscer/local/lib/python3.10/dist-packages/custom_interfaces_anscer-0.0.0-py3.10.egg-info/top_level.txt
[0.494s] -- Installing: /home/asd/ros2_ws7/install/custom_interfaces_anscer/local/lib/python3.10/dist-packages/custom_interfaces_anscer-0.0.0-py3.10.egg-info/PKG-INFO
[0.494s] -- Installing: /home/asd/ros2_ws7/install/custom_interfaces_anscer/local/lib/python3.10/dist-packages/custom_interfaces_anscer-0.0.0-py3.10.egg-info/dependency_links.txt
[0.494s] -- Installing: /home/asd/ros2_ws7/install/custom_interfaces_anscer/local/lib/python3.10/dist-packages/custom_interfaces_anscer-0.0.0-py3.10.egg-info/SOURCES.txt
[0.494s] -- Up-to-date: /home/asd/ros2_ws7/install/custom_interfaces_anscer/local/lib/python3.10/dist-packages/custom_interfaces_anscer
[0.494s] -- Up-to-date: /home/asd/ros2_ws7/install/custom_interfaces_anscer/local/lib/python3.10/dist-packages/custom_interfaces_anscer/custom_interfaces_anscer_s__rosidl_typesupport_introspection_c.cpython-310-x86_64-linux-gnu.so
[0.494s] -- Up-to-date: /home/asd/ros2_ws7/install/custom_interfaces_anscer/local/lib/python3.10/dist-packages/custom_interfaces_anscer/libcustom_interfaces_anscer__rosidl_generator_py.so
[0.494s] -- Up-to-date: /home/asd/ros2_ws7/install/custom_interfaces_anscer/local/lib/python3.10/dist-packages/custom_interfaces_anscer/_custom_interfaces_anscer_s.ep.rosidl_typesupport_c.c
[0.495s] -- Up-to-date: /home/asd/ros2_ws7/install/custom_interfaces_anscer/local/lib/python3.10/dist-packages/custom_interfaces_anscer/srv
[0.495s] -- Up-to-date: /home/asd/ros2_ws7/install/custom_interfaces_anscer/local/lib/python3.10/dist-packages/custom_interfaces_anscer/srv/_csv_path.py
[0.495s] -- Up-to-date: /home/asd/ros2_ws7/install/custom_interfaces_anscer/local/lib/python3.10/dist-packages/custom_interfaces_anscer/srv/_csv_path_s.c
[0.495s] -- Up-to-date: /home/asd/ros2_ws7/install/custom_interfaces_anscer/local/lib/python3.10/dist-packages/custom_interfaces_anscer/srv/__init__.py
[0.495s] -- Up-to-date: /home/asd/ros2_ws7/install/custom_interfaces_anscer/local/lib/python3.10/dist-packages/custom_interfaces_anscer/srv/_time_in_sec_s.c
[0.495s] -- Up-to-date: /home/asd/ros2_ws7/install/custom_interfaces_anscer/local/lib/python3.10/dist-packages/custom_interfaces_anscer/srv/_time_in_sec.py
[0.495s] -- Up-to-date: /home/asd/ros2_ws7/install/custom_interfaces_anscer/local/lib/python3.10/dist-packages/custom_interfaces_anscer/custom_interfaces_anscer_s__rosidl_typesupport_c.cpython-310-x86_64-linux-gnu.so
[0.495s] -- Up-to-date: /home/asd/ros2_ws7/install/custom_interfaces_anscer/local/lib/python3.10/dist-packages/custom_interfaces_anscer/custom_interfaces_anscer_s__rosidl_typesupport_fastrtps_c.cpython-310-x86_64-linux-gnu.so
[0.495s] -- Up-to-date: /home/asd/ros2_ws7/install/custom_interfaces_anscer/local/lib/python3.10/dist-packages/custom_interfaces_anscer/__init__.py
[0.495s] -- Up-to-date: /home/asd/ros2_ws7/install/custom_interfaces_anscer/local/lib/python3.10/dist-packages/custom_interfaces_anscer/_custom_interfaces_anscer_s.ep.rosidl_typesupport_fastrtps_c.c
[0.495s] -- Up-to-date: /home/asd/ros2_ws7/install/custom_interfaces_anscer/local/lib/python3.10/dist-packages/custom_interfaces_anscer/_custom_interfaces_anscer_s.ep.rosidl_typesupport_introspection_c.c
[0.581s] Listing '/home/asd/ros2_ws7/install/custom_interfaces_anscer/local/lib/python3.10/dist-packages/custom_interfaces_anscer'...
[0.581s] Listing '/home/asd/ros2_ws7/install/custom_interfaces_anscer/local/lib/python3.10/dist-packages/custom_interfaces_anscer/srv'...
[0.586s] -- Up-to-date: /home/asd/ros2_ws7/install/custom_interfaces_anscer/local/lib/python3.10/dist-packages/custom_interfaces_anscer/custom_interfaces_anscer_s__rosidl_typesupport_fastrtps_c.cpython-310-x86_64-linux-gnu.so
[0.586s] -- Up-to-date: /home/asd/ros2_ws7/install/custom_interfaces_anscer/local/lib/python3.10/dist-packages/custom_interfaces_anscer/custom_interfaces_anscer_s__rosidl_typesupport_introspection_c.cpython-310-x86_64-linux-gnu.so
[0.586s] -- Up-to-date: /home/asd/ros2_ws7/install/custom_interfaces_anscer/local/lib/python3.10/dist-packages/custom_interfaces_anscer/custom_interfaces_anscer_s__rosidl_typesupport_c.cpython-310-x86_64-linux-gnu.so
[0.587s] -- Up-to-date: /home/asd/ros2_ws7/install/custom_interfaces_anscer/lib/libcustom_interfaces_anscer__rosidl_generator_py.so
[0.587s] -- Up-to-date: /home/asd/ros2_ws7/install/custom_interfaces_anscer/share/custom_interfaces_anscer/srv/CsvPath.idl
[0.587s] -- Up-to-date: /home/asd/ros2_ws7/install/custom_interfaces_anscer/share/custom_interfaces_anscer/srv/TimeInSec.idl
[0.588s] -- Up-to-date: /home/asd/ros2_ws7/install/custom_interfaces_anscer/share/custom_interfaces_anscer/srv/CsvPath.srv
[0.588s] -- Up-to-date: /home/asd/ros2_ws7/install/custom_interfaces_anscer/share/custom_interfaces_anscer/srv/CsvPath_Request.msg
[0.588s] -- Up-to-date: /home/asd/ros2_ws7/install/custom_interfaces_anscer/share/custom_interfaces_anscer/srv/CsvPath_Response.msg
[0.588s] -- Up-to-date: /home/asd/ros2_ws7/install/custom_interfaces_anscer/share/custom_interfaces_anscer/srv/TimeInSec.srv
[0.588s] -- Up-to-date: /home/asd/ros2_ws7/install/custom_interfaces_anscer/share/custom_interfaces_anscer/srv/TimeInSec_Request.msg
[0.588s] -- Up-to-date: /home/asd/ros2_ws7/install/custom_interfaces_anscer/share/custom_interfaces_anscer/srv/TimeInSec_Response.msg
[0.588s] -- Up-to-date: /home/asd/ros2_ws7/install/custom_interfaces_anscer/share/ament_index/resource_index/package_run_dependencies/custom_interfaces_anscer
[0.589s] -- Up-to-date: /home/asd/ros2_ws7/install/custom_interfaces_anscer/share/ament_index/resource_index/parent_prefix_path/custom_interfaces_anscer
[0.589s] -- Up-to-date: /home/asd/ros2_ws7/install/custom_interfaces_anscer/share/custom_interfaces_anscer/environment/ament_prefix_path.sh
[0.589s] -- Up-to-date: /home/asd/ros2_ws7/install/custom_interfaces_anscer/share/custom_interfaces_anscer/environment/ament_prefix_path.dsv
[0.589s] -- Up-to-date: /home/asd/ros2_ws7/install/custom_interfaces_anscer/share/custom_interfaces_anscer/environment/path.sh
[0.589s] -- Up-to-date: /home/asd/ros2_ws7/install/custom_interfaces_anscer/share/custom_interfaces_anscer/environment/path.dsv
[0.589s] -- Up-to-date: /home/asd/ros2_ws7/install/custom_interfaces_anscer/share/custom_interfaces_anscer/local_setup.bash
[0.589s] -- Up-to-date: /home/asd/ros2_ws7/install/custom_interfaces_anscer/share/custom_interfaces_anscer/local_setup.sh
[0.590s] -- Up-to-date: /home/asd/ros2_ws7/install/custom_interfaces_anscer/share/custom_interfaces_anscer/local_setup.zsh
[0.590s] -- Up-to-date: /home/asd/ros2_ws7/install/custom_interfaces_anscer/share/custom_interfaces_anscer/local_setup.dsv
[0.590s] -- Installing: /home/asd/ros2_ws7/install/custom_interfaces_anscer/share/custom_interfaces_anscer/package.dsv
[0.590s] -- Up-to-date: /home/asd/ros2_ws7/install/custom_interfaces_anscer/share/ament_index/resource_index/packages/custom_interfaces_anscer
[0.590s] -- Up-to-date: /home/asd/ros2_ws7/install/custom_interfaces_anscer/share/custom_interfaces_anscer/cmake/export_custom_interfaces_anscer__rosidl_generator_cExport.cmake
[0.590s] -- Up-to-date: /home/asd/ros2_ws7/install/custom_interfaces_anscer/share/custom_interfaces_anscer/cmake/export_custom_interfaces_anscer__rosidl_generator_cExport-noconfig.cmake
[0.591s] -- Up-to-date: /home/asd/ros2_ws7/install/custom_interfaces_anscer/share/custom_interfaces_anscer/cmake/export_custom_interfaces_anscer__rosidl_typesupport_fastrtps_cExport.cmake
[0.591s] -- Up-to-date: /home/asd/ros2_ws7/install/custom_interfaces_anscer/share/custom_interfaces_anscer/cmake/export_custom_interfaces_anscer__rosidl_typesupport_fastrtps_cExport-noconfig.cmake
[0.591s] -- Up-to-date: /home/asd/ros2_ws7/install/custom_interfaces_anscer/share/custom_interfaces_anscer/cmake/custom_interfaces_anscer__rosidl_typesupport_introspection_cExport.cmake
[0.591s] -- Up-to-date: /home/asd/ros2_ws7/install/custom_interfaces_anscer/share/custom_interfaces_anscer/cmake/custom_interfaces_anscer__rosidl_typesupport_introspection_cExport-noconfig.cmake
[0.591s] -- Up-to-date: /home/asd/ros2_ws7/install/custom_interfaces_anscer/share/custom_interfaces_anscer/cmake/custom_interfaces_anscer__rosidl_typesupport_cExport.cmake
[0.591s] -- Up-to-date: /home/asd/ros2_ws7/install/custom_interfaces_anscer/share/custom_interfaces_anscer/cmake/custom_interfaces_anscer__rosidl_typesupport_cExport-noconfig.cmake
[0.591s] -- Up-to-date: /home/asd/ros2_ws7/install/custom_interfaces_anscer/share/custom_interfaces_anscer/cmake/export_custom_interfaces_anscer__rosidl_generator_cppExport.cmake
[0.592s] -- Up-to-date: /home/asd/ros2_ws7/install/custom_interfaces_anscer/share/custom_interfaces_anscer/cmake/export_custom_interfaces_anscer__rosidl_typesupport_fastrtps_cppExport.cmake
[0.592s] -- Up-to-date: /home/asd/ros2_ws7/install/custom_interfaces_anscer/share/custom_interfaces_anscer/cmake/export_custom_interfaces_anscer__rosidl_typesupport_fastrtps_cppExport-noconfig.cmake
[0.592s] -- Up-to-date: /home/asd/ros2_ws7/install/custom_interfaces_anscer/share/custom_interfaces_anscer/cmake/custom_interfaces_anscer__rosidl_typesupport_introspection_cppExport.cmake
[0.592s] -- Up-to-date: /home/asd/ros2_ws7/install/custom_interfaces_anscer/share/custom_interfaces_anscer/cmake/custom_interfaces_anscer__rosidl_typesupport_introspection_cppExport-noconfig.cmake
[0.592s] -- Up-to-date: /home/asd/ros2_ws7/install/custom_interfaces_anscer/share/custom_interfaces_anscer/cmake/custom_interfaces_anscer__rosidl_typesupport_cppExport.cmake
[0.592s] -- Up-to-date: /home/asd/ros2_ws7/install/custom_interfaces_anscer/share/custom_interfaces_anscer/cmake/custom_interfaces_anscer__rosidl_typesupport_cppExport-noconfig.cmake
[0.592s] -- Up-to-date: /home/asd/ros2_ws7/install/custom_interfaces_anscer/share/custom_interfaces_anscer/cmake/export_custom_interfaces_anscer__rosidl_generator_pyExport.cmake
[0.592s] -- Up-to-date: /home/asd/ros2_ws7/install/custom_interfaces_anscer/share/custom_interfaces_anscer/cmake/export_custom_interfaces_anscer__rosidl_generator_pyExport-noconfig.cmake
[0.592s] -- Up-to-date: /home/asd/ros2_ws7/install/custom_interfaces_anscer/share/custom_interfaces_anscer/cmake/rosidl_cmake-extras.cmake
[0.593s] -- Up-to-date: /home/asd/ros2_ws7/install/custom_interfaces_anscer/share/custom_interfaces_anscer/cmake/ament_cmake_export_include_directories-extras.cmake
[0.593s] -- Up-to-date: /home/asd/ros2_ws7/install/custom_interfaces_anscer/share/custom_interfaces_anscer/cmake/ament_cmake_export_libraries-extras.cmake
[0.593s] -- Up-to-date: /home/asd/ros2_ws7/install/custom_interfaces_anscer/share/custom_interfaces_anscer/cmake/ament_cmake_export_targets-extras.cmake
[0.593s] -- Up-to-date: /home/asd/ros2_ws7/install/custom_interfaces_anscer/share/custom_interfaces_anscer/cmake/rosidl_cmake_export_typesupport_targets-extras.cmake
[0.593s] -- Up-to-date: /home/asd/ros2_ws7/install/custom_interfaces_anscer/share/custom_interfaces_anscer/cmake/ament_cmake_export_dependencies-extras.cmake
[0.593s] -- Up-to-date: /home/asd/ros2_ws7/install/custom_interfaces_anscer/share/custom_interfaces_anscer/cmake/rosidl_cmake_export_typesupport_libraries-extras.cmake
[0.593s] -- Up-to-date: /home/asd/ros2_ws7/install/custom_interfaces_anscer/share/custom_interfaces_anscer/cmake/custom_interfaces_anscerConfig.cmake
[0.593s] -- Up-to-date: /home/asd/ros2_ws7/install/custom_interfaces_anscer/share/custom_interfaces_anscer/cmake/custom_interfaces_anscerConfig-version.cmake
[0.593s] -- Up-to-date: /home/asd/ros2_ws7/install/custom_interfaces_anscer/share/custom_interfaces_anscer/package.xml
[0.594s] Invoked command in '/home/asd/ros2_ws7/build/custom_interfaces_anscer' returned '0': CMAKE_PREFIX_PATH=${CMAKE_PREFIX_PATH}:/home/asd/ros2_ws7/install/my_py_pkg_anscer:/home/asd/ros2_ws4/install/esp_wifi:/home/asd/ros2_ws4/install/maping_odom:/home/asd/ros2_ws/install/turtlesim_catch_them_all:/home/asd/ros2_ws/install/my_py_pkg:/opt/ros/humble /usr/bin/cmake --install /home/asd/ros2_ws7/build/custom_interfaces_anscer
