[0.120s] DEBUG:colcon:Command line arguments: ['/usr/bin/colcon', 'build']
[0.120s] DEBUG:colcon:Parsed command line arguments: Namespace(log_base=None, log_level=None, verb_name='build', build_base='build', install_base='install', merge_install=False, symlink_install=False, test_result_base=None, continue_on_error=False, executor='parallel', parallel_workers=8, event_handlers=None, ignore_user_meta=False, metas=['./colcon.meta'], base_paths=['.'], packages_ignore=None, packages_ignore_regex=None, paths=None, packages_up_to=None, packages_up_to_regex=None, packages_above=None, packages_above_and_dependencies=None, packages_above_depth=None, packages_select_by_dep=None, packages_skip_by_dep=None, packages_skip_up_to=None, packages_select_build_failed=False, packages_skip_build_finished=False, packages_select_test_failures=False, packages_skip_test_passed=False, packages_select=None, packages_skip=None, packages_select_regex=None, packages_skip_regex=None, packages_start=None, packages_end=None, allow_overriding=[], cmake_args=None, cmake_target=None, cmake_target_skip_unavailable=False, cmake_clean_cache=False, cmake_clean_first=False, cmake_force_configure=False, ament_cmake_args=None, catkin_cmake_args=None, catkin_skip_building_tests=False, mixin_files=None, mixin=None, verb_parser=<colcon_mixin.mixin.mixin_argument.MixinArgumentDecorator object at 0x7611c958cee0>, verb_extension=<colcon_core.verb.build.BuildVerb object at 0x7611c958c6d0>, main=<bound method BuildVerb.main of <colcon_core.verb.build.BuildVerb object at 0x7611c958c6d0>>, mixin_verb=('build',))
[0.307s] Level 1:colcon.colcon_core.package_discovery:discover_packages(colcon_meta) check parameters
[0.307s] Level 1:colcon.colcon_core.package_discovery:discover_packages(recursive) check parameters
[0.307s] Level 1:colcon.colcon_core.package_discovery:discover_packages(ignore) check parameters
[0.307s] Level 1:colcon.colcon_core.package_discovery:discover_packages(path) check parameters
[0.307s] Level 1:colcon.colcon_core.package_discovery:discover_packages(colcon_meta) discover
[0.307s] Level 1:colcon.colcon_core.package_discovery:discover_packages(recursive) discover
[0.307s] INFO:colcon.colcon_core.package_discovery:Crawling recursively for packages in '/home/asd/ros2_ws9'
[0.307s] Level 1:colcon.colcon_core.package_identification:_identify(.) by extensions ['ignore', 'ignore_ament_install']
[0.307s] Level 1:colcon.colcon_core.package_identification:_identify(.) by extension 'ignore'
[0.307s] Level 1:colcon.colcon_core.package_identification:_identify(.) by extension 'ignore_ament_install'
[0.308s] Level 1:colcon.colcon_core.package_identification:_identify(.) by extensions ['colcon_pkg']
[0.308s] Level 1:colcon.colcon_core.package_identification:_identify(.) by extension 'colcon_pkg'
[0.308s] Level 1:colcon.colcon_core.package_identification:_identify(.) by extensions ['colcon_meta']
[0.308s] Level 1:colcon.colcon_core.package_identification:_identify(.) by extension 'colcon_meta'
[0.308s] Level 1:colcon.colcon_core.package_identification:_identify(.) by extensions ['ros']
[0.308s] Level 1:colcon.colcon_core.package_identification:_identify(.) by extension 'ros'
[0.319s] Level 1:colcon.colcon_core.package_identification:_identify(.) by extensions ['cmake', 'python']
[0.319s] Level 1:colcon.colcon_core.package_identification:_identify(.) by extension 'cmake'
[0.319s] Level 1:colcon.colcon_core.package_identification:_identify(.) by extension 'python'
[0.319s] Level 1:colcon.colcon_core.package_identification:_identify(.) by extensions ['python_setup_py']
[0.319s] Level 1:colcon.colcon_core.package_identification:_identify(.) by extension 'python_setup_py'
[0.319s] Level 1:colcon.colcon_core.package_identification:_identify(build) by extensions ['ignore', 'ignore_ament_install']
[0.319s] Level 1:colcon.colcon_core.package_identification:_identify(build) by extension 'ignore'
[0.319s] Level 1:colcon.colcon_core.package_identification:_identify(build) ignored
[0.319s] Level 1:colcon.colcon_core.package_identification:_identify(install) by extensions ['ignore', 'ignore_ament_install']
[0.319s] Level 1:colcon.colcon_core.package_identification:_identify(install) by extension 'ignore'
[0.319s] Level 1:colcon.colcon_core.package_identification:_identify(install) ignored
[0.319s] Level 1:colcon.colcon_core.package_identification:_identify(log) by extensions ['ignore', 'ignore_ament_install']
[0.319s] Level 1:colcon.colcon_core.package_identification:_identify(log) by extension 'ignore'
[0.319s] Level 1:colcon.colcon_core.package_identification:_identify(log) ignored
[0.320s] Level 1:colcon.colcon_core.package_identification:_identify(src) by extensions ['ignore', 'ignore_ament_install']
[0.320s] Level 1:colcon.colcon_core.package_identification:_identify(src) by extension 'ignore'
[0.320s] Level 1:colcon.colcon_core.package_identification:_identify(src) by extension 'ignore_ament_install'
[0.320s] Level 1:colcon.colcon_core.package_identification:_identify(src) by extensions ['colcon_pkg']
[0.320s] Level 1:colcon.colcon_core.package_identification:_identify(src) by extension 'colcon_pkg'
[0.320s] Level 1:colcon.colcon_core.package_identification:_identify(src) by extensions ['colcon_meta']
[0.320s] Level 1:colcon.colcon_core.package_identification:_identify(src) by extension 'colcon_meta'
[0.320s] Level 1:colcon.colcon_core.package_identification:_identify(src) by extensions ['ros']
[0.320s] Level 1:colcon.colcon_core.package_identification:_identify(src) by extension 'ros'
[0.320s] Level 1:colcon.colcon_core.package_identification:_identify(src) by extensions ['cmake', 'python']
[0.320s] Level 1:colcon.colcon_core.package_identification:_identify(src) by extension 'cmake'
[0.320s] Level 1:colcon.colcon_core.package_identification:_identify(src) by extension 'python'
[0.320s] Level 1:colcon.colcon_core.package_identification:_identify(src) by extensions ['python_setup_py']
[0.320s] Level 1:colcon.colcon_core.package_identification:_identify(src) by extension 'python_setup_py'
[0.320s] Level 1:colcon.colcon_core.package_identification:_identify(src/goat_gazebo) by extensions ['ignore', 'ignore_ament_install']
[0.320s] Level 1:colcon.colcon_core.package_identification:_identify(src/goat_gazebo) by extension 'ignore'
[0.320s] Level 1:colcon.colcon_core.package_identification:_identify(src/goat_gazebo) by extension 'ignore_ament_install'
[0.320s] Level 1:colcon.colcon_core.package_identification:_identify(src/goat_gazebo) by extensions ['colcon_pkg']
[0.320s] Level 1:colcon.colcon_core.package_identification:_identify(src/goat_gazebo) by extension 'colcon_pkg'
[0.320s] Level 1:colcon.colcon_core.package_identification:_identify(src/goat_gazebo) by extensions ['colcon_meta']
[0.321s] Level 1:colcon.colcon_core.package_identification:_identify(src/goat_gazebo) by extension 'colcon_meta'
[0.321s] Level 1:colcon.colcon_core.package_identification:_identify(src/goat_gazebo) by extensions ['ros']
[0.321s] Level 1:colcon.colcon_core.package_identification:_identify(src/goat_gazebo) by extension 'ros'
[0.323s] DEBUG:colcon.colcon_core.package_identification:Package 'src/goat_gazebo' with type 'ros.ament_cmake' and name 'goat_gazebo'
[0.323s] Level 1:colcon.colcon_core.package_identification:_identify(src/goat_interfaces) by extensions ['ignore', 'ignore_ament_install']
[0.323s] Level 1:colcon.colcon_core.package_identification:_identify(src/goat_interfaces) by extension 'ignore'
[0.323s] Level 1:colcon.colcon_core.package_identification:_identify(src/goat_interfaces) by extension 'ignore_ament_install'
[0.323s] Level 1:colcon.colcon_core.package_identification:_identify(src/goat_interfaces) by extensions ['colcon_pkg']
[0.323s] Level 1:colcon.colcon_core.package_identification:_identify(src/goat_interfaces) by extension 'colcon_pkg'
[0.323s] Level 1:colcon.colcon_core.package_identification:_identify(src/goat_interfaces) by extensions ['colcon_meta']
[0.323s] Level 1:colcon.colcon_core.package_identification:_identify(src/goat_interfaces) by extension 'colcon_meta'
[0.323s] Level 1:colcon.colcon_core.package_identification:_identify(src/goat_interfaces) by extensions ['ros']
[0.323s] Level 1:colcon.colcon_core.package_identification:_identify(src/goat_interfaces) by extension 'ros'
[0.324s] DEBUG:colcon.colcon_core.package_identification:Package 'src/goat_interfaces' with type 'ros.ament_cmake' and name 'goat_interfaces'
[0.324s] Level 1:colcon.colcon_core.package_identification:_identify(src/my_goat_pkg) by extensions ['ignore', 'ignore_ament_install']
[0.324s] Level 1:colcon.colcon_core.package_identification:_identify(src/my_goat_pkg) by extension 'ignore'
[0.324s] Level 1:colcon.colcon_core.package_identification:_identify(src/my_goat_pkg) by extension 'ignore_ament_install'
[0.324s] Level 1:colcon.colcon_core.package_identification:_identify(src/my_goat_pkg) by extensions ['colcon_pkg']
[0.324s] Level 1:colcon.colcon_core.package_identification:_identify(src/my_goat_pkg) by extension 'colcon_pkg'
[0.324s] Level 1:colcon.colcon_core.package_identification:_identify(src/my_goat_pkg) by extensions ['colcon_meta']
[0.324s] Level 1:colcon.colcon_core.package_identification:_identify(src/my_goat_pkg) by extension 'colcon_meta'
[0.324s] Level 1:colcon.colcon_core.package_identification:_identify(src/my_goat_pkg) by extensions ['ros']
[0.324s] Level 1:colcon.colcon_core.package_identification:_identify(src/my_goat_pkg) by extension 'ros'
[0.325s] DEBUG:colcon.colcon_core.package_identification:Package 'src/my_goat_pkg' with type 'ros.ament_python' and name 'my_goat_pkg'
[0.325s] Level 1:colcon.colcon_core.package_identification:_identify(src/testbed_description_goat) by extensions ['ignore', 'ignore_ament_install']
[0.325s] Level 1:colcon.colcon_core.package_identification:_identify(src/testbed_description_goat) by extension 'ignore'
[0.325s] Level 1:colcon.colcon_core.package_identification:_identify(src/testbed_description_goat) by extension 'ignore_ament_install'
[0.325s] Level 1:colcon.colcon_core.package_identification:_identify(src/testbed_description_goat) by extensions ['colcon_pkg']
[0.325s] Level 1:colcon.colcon_core.package_identification:_identify(src/testbed_description_goat) by extension 'colcon_pkg'
[0.325s] Level 1:colcon.colcon_core.package_identification:_identify(src/testbed_description_goat) by extensions ['colcon_meta']
[0.325s] Level 1:colcon.colcon_core.package_identification:_identify(src/testbed_description_goat) by extension 'colcon_meta'
[0.325s] Level 1:colcon.colcon_core.package_identification:_identify(src/testbed_description_goat) by extensions ['ros']
[0.325s] Level 1:colcon.colcon_core.package_identification:_identify(src/testbed_description_goat) by extension 'ros'
[0.326s] DEBUG:colcon.colcon_core.package_identification:Package 'src/testbed_description_goat' with type 'ros.ament_cmake' and name 'testbed_description_goat'
[0.326s] Level 1:colcon.colcon_core.package_identification:_identify(src/testbed_gazebo_goat) by extensions ['ignore', 'ignore_ament_install']
[0.326s] Level 1:colcon.colcon_core.package_identification:_identify(src/testbed_gazebo_goat) by extension 'ignore'
[0.326s] Level 1:colcon.colcon_core.package_identification:_identify(src/testbed_gazebo_goat) by extension 'ignore_ament_install'
[0.326s] Level 1:colcon.colcon_core.package_identification:_identify(src/testbed_gazebo_goat) by extensions ['colcon_pkg']
[0.326s] Level 1:colcon.colcon_core.package_identification:_identify(src/testbed_gazebo_goat) by extension 'colcon_pkg'
[0.326s] Level 1:colcon.colcon_core.package_identification:_identify(src/testbed_gazebo_goat) by extensions ['colcon_meta']
[0.326s] Level 1:colcon.colcon_core.package_identification:_identify(src/testbed_gazebo_goat) by extension 'colcon_meta'
[0.326s] Level 1:colcon.colcon_core.package_identification:_identify(src/testbed_gazebo_goat) by extensions ['ros']
[0.326s] Level 1:colcon.colcon_core.package_identification:_identify(src/testbed_gazebo_goat) by extension 'ros'
[0.327s] DEBUG:colcon.colcon_core.package_identification:Package 'src/testbed_gazebo_goat' with type 'ros.ament_cmake' and name 'testbed_gazebo_goat'
[0.327s] Level 1:colcon.colcon_core.package_identification:_identify(src/turtlebot3_fake_node) by extensions ['ignore', 'ignore_ament_install']
[0.327s] Level 1:colcon.colcon_core.package_identification:_identify(src/turtlebot3_fake_node) by extension 'ignore'
[0.327s] Level 1:colcon.colcon_core.package_identification:_identify(src/turtlebot3_fake_node) by extension 'ignore_ament_install'
[0.327s] Level 1:colcon.colcon_core.package_identification:_identify(src/turtlebot3_fake_node) by extensions ['colcon_pkg']
[0.327s] Level 1:colcon.colcon_core.package_identification:_identify(src/turtlebot3_fake_node) by extension 'colcon_pkg'
[0.327s] Level 1:colcon.colcon_core.package_identification:_identify(src/turtlebot3_fake_node) by extensions ['colcon_meta']
[0.327s] Level 1:colcon.colcon_core.package_identification:_identify(src/turtlebot3_fake_node) by extension 'colcon_meta'
[0.328s] Level 1:colcon.colcon_core.package_identification:_identify(src/turtlebot3_fake_node) by extensions ['ros']
[0.328s] Level 1:colcon.colcon_core.package_identification:_identify(src/turtlebot3_fake_node) by extension 'ros'
[0.329s] DEBUG:colcon.colcon_core.package_identification:Package 'src/turtlebot3_fake_node' with type 'ros.ament_cmake' and name 'turtlebot3_fake_node'
[0.329s] Level 1:colcon.colcon_core.package_identification:_identify(src/turtlebot3_gazebo_goat) by extensions ['ignore', 'ignore_ament_install']
[0.329s] Level 1:colcon.colcon_core.package_identification:_identify(src/turtlebot3_gazebo_goat) by extension 'ignore'
[0.329s] Level 1:colcon.colcon_core.package_identification:_identify(src/turtlebot3_gazebo_goat) by extension 'ignore_ament_install'
[0.329s] Level 1:colcon.colcon_core.package_identification:_identify(src/turtlebot3_gazebo_goat) by extensions ['colcon_pkg']
[0.329s] Level 1:colcon.colcon_core.package_identification:_identify(src/turtlebot3_gazebo_goat) by extension 'colcon_pkg'
[0.329s] Level 1:colcon.colcon_core.package_identification:_identify(src/turtlebot3_gazebo_goat) by extensions ['colcon_meta']
[0.329s] Level 1:colcon.colcon_core.package_identification:_identify(src/turtlebot3_gazebo_goat) by extension 'colcon_meta'
[0.329s] Level 1:colcon.colcon_core.package_identification:_identify(src/turtlebot3_gazebo_goat) by extensions ['ros']
[0.329s] Level 1:colcon.colcon_core.package_identification:_identify(src/turtlebot3_gazebo_goat) by extension 'ros'
[0.331s] DEBUG:colcon.colcon_core.package_identification:Package 'src/turtlebot3_gazebo_goat' with type 'ros.ament_cmake' and name 'turtlebot3_gazebo_goat'
[0.331s] Level 1:colcon.colcon_core.package_identification:_identify(src/turtlebot3_simulations) by extensions ['ignore', 'ignore_ament_install']
[0.331s] Level 1:colcon.colcon_core.package_identification:_identify(src/turtlebot3_simulations) by extension 'ignore'
[0.331s] Level 1:colcon.colcon_core.package_identification:_identify(src/turtlebot3_simulations) by extension 'ignore_ament_install'
[0.331s] Level 1:colcon.colcon_core.package_identification:_identify(src/turtlebot3_simulations) by extensions ['colcon_pkg']
[0.331s] Level 1:colcon.colcon_core.package_identification:_identify(src/turtlebot3_simulations) by extension 'colcon_pkg'
[0.332s] Level 1:colcon.colcon_core.package_identification:_identify(src/turtlebot3_simulations) by extensions ['colcon_meta']
[0.332s] Level 1:colcon.colcon_core.package_identification:_identify(src/turtlebot3_simulations) by extension 'colcon_meta'
[0.332s] Level 1:colcon.colcon_core.package_identification:_identify(src/turtlebot3_simulations) by extensions ['ros']
[0.332s] Level 1:colcon.colcon_core.package_identification:_identify(src/turtlebot3_simulations) by extension 'ros'
[0.332s] DEBUG:colcon.colcon_core.package_identification:Package 'src/turtlebot3_simulations' with type 'ros.ament_cmake' and name 'turtlebot3_simulations'
[0.332s] Level 1:colcon.colcon_core.package_discovery:discover_packages(recursive) using defaults
[0.332s] Level 1:colcon.colcon_core.package_discovery:discover_packages(ignore) discover
[0.332s] Level 1:colcon.colcon_core.package_discovery:discover_packages(ignore) using defaults
[0.332s] Level 1:colcon.colcon_core.package_discovery:discover_packages(path) discover
[0.332s] Level 1:colcon.colcon_core.package_discovery:discover_packages(path) using defaults
[0.363s] Level 1:colcon.colcon_core.package_discovery:discover_packages(prefix_path) check parameters
[0.363s] Level 1:colcon.colcon_core.package_discovery:discover_packages(prefix_path) discover
[0.366s] DEBUG:colcon.colcon_installed_package_information.package_discovery:Found 8 installed packages in /home/asd/ros2_ws9/install
[0.366s] DEBUG:colcon.colcon_installed_package_information.package_discovery:Found 3 installed packages in /home/asd/ros2_ws7/install
[0.367s] DEBUG:colcon.colcon_installed_package_information.package_discovery:Found 4 installed packages in /home/asd/ros2_ws6/install
[0.367s] DEBUG:colcon.colcon_installed_package_information.package_discovery:Found 3 installed packages in /home/asd/ros2_ws4/install
[0.368s] DEBUG:colcon.colcon_installed_package_information.package_discovery:Found 2 installed packages in /home/asd/ros2_ws2/install
[0.368s] DEBUG:colcon.colcon_installed_package_information.package_discovery:Found 6 installed packages in /home/asd/ros2_ws/install
[0.370s] DEBUG:colcon.colcon_installed_package_information.package_discovery:Found 408 installed packages in /opt/ros/humble
[0.372s] Level 1:colcon.colcon_core.package_discovery:discover_packages(prefix_path) using defaults
[0.424s] Level 5:colcon.colcon_core.verb:set package 'goat_gazebo' build argument 'cmake_args' from command line to 'None'
[0.424s] Level 5:colcon.colcon_core.verb:set package 'goat_gazebo' build argument 'cmake_target' from command line to 'None'
[0.424s] Level 5:colcon.colcon_core.verb:set package 'goat_gazebo' build argument 'cmake_target_skip_unavailable' from command line to 'False'
[0.424s] Level 5:colcon.colcon_core.verb:set package 'goat_gazebo' build argument 'cmake_clean_cache' from command line to 'False'
[0.424s] Level 5:colcon.colcon_core.verb:set package 'goat_gazebo' build argument 'cmake_clean_first' from command line to 'False'
[0.424s] Level 5:colcon.colcon_core.verb:set package 'goat_gazebo' build argument 'cmake_force_configure' from command line to 'False'
[0.424s] Level 5:colcon.colcon_core.verb:set package 'goat_gazebo' build argument 'ament_cmake_args' from command line to 'None'
[0.424s] Level 5:colcon.colcon_core.verb:set package 'goat_gazebo' build argument 'catkin_cmake_args' from command line to 'None'
[0.424s] Level 5:colcon.colcon_core.verb:set package 'goat_gazebo' build argument 'catkin_skip_building_tests' from command line to 'False'
[0.424s] DEBUG:colcon.colcon_core.verb:Building package 'goat_gazebo' with the following arguments: {'ament_cmake_args': None, 'build_base': '/home/asd/ros2_ws9/build/goat_gazebo', 'catkin_cmake_args': None, 'catkin_skip_building_tests': False, 'cmake_args': None, 'cmake_clean_cache': False, 'cmake_clean_first': False, 'cmake_force_configure': False, 'cmake_target': None, 'cmake_target_skip_unavailable': False, 'install_base': '/home/asd/ros2_ws9/install/goat_gazebo', 'merge_install': False, 'path': '/home/asd/ros2_ws9/src/goat_gazebo', 'symlink_install': False, 'test_result_base': None}
[0.425s] Level 5:colcon.colcon_core.verb:set package 'goat_interfaces' build argument 'cmake_args' from command line to 'None'
[0.425s] Level 5:colcon.colcon_core.verb:set package 'goat_interfaces' build argument 'cmake_target' from command line to 'None'
[0.425s] Level 5:colcon.colcon_core.verb:set package 'goat_interfaces' build argument 'cmake_target_skip_unavailable' from command line to 'False'
[0.425s] Level 5:colcon.colcon_core.verb:set package 'goat_interfaces' build argument 'cmake_clean_cache' from command line to 'False'
[0.425s] Level 5:colcon.colcon_core.verb:set package 'goat_interfaces' build argument 'cmake_clean_first' from command line to 'False'
[0.425s] Level 5:colcon.colcon_core.verb:set package 'goat_interfaces' build argument 'cmake_force_configure' from command line to 'False'
[0.425s] Level 5:colcon.colcon_core.verb:set package 'goat_interfaces' build argument 'ament_cmake_args' from command line to 'None'
[0.425s] Level 5:colcon.colcon_core.verb:set package 'goat_interfaces' build argument 'catkin_cmake_args' from command line to 'None'
[0.425s] Level 5:colcon.colcon_core.verb:set package 'goat_interfaces' build argument 'catkin_skip_building_tests' from command line to 'False'
[0.425s] DEBUG:colcon.colcon_core.verb:Building package 'goat_interfaces' with the following arguments: {'ament_cmake_args': None, 'build_base': '/home/asd/ros2_ws9/build/goat_interfaces', 'catkin_cmake_args': None, 'catkin_skip_building_tests': False, 'cmake_args': None, 'cmake_clean_cache': False, 'cmake_clean_first': False, 'cmake_force_configure': False, 'cmake_target': None, 'cmake_target_skip_unavailable': False, 'install_base': '/home/asd/ros2_ws9/install/goat_interfaces', 'merge_install': False, 'path': '/home/asd/ros2_ws9/src/goat_interfaces', 'symlink_install': False, 'test_result_base': None}
[0.425s] Level 5:colcon.colcon_core.verb:set package 'testbed_description_goat' build argument 'cmake_args' from command line to 'None'
[0.425s] Level 5:colcon.colcon_core.verb:set package 'testbed_description_goat' build argument 'cmake_target' from command line to 'None'
[0.425s] Level 5:colcon.colcon_core.verb:set package 'testbed_description_goat' build argument 'cmake_target_skip_unavailable' from command line to 'False'
[0.425s] Level 5:colcon.colcon_core.verb:set package 'testbed_description_goat' build argument 'cmake_clean_cache' from command line to 'False'
[0.425s] Level 5:colcon.colcon_core.verb:set package 'testbed_description_goat' build argument 'cmake_clean_first' from command line to 'False'
[0.425s] Level 5:colcon.colcon_core.verb:set package 'testbed_description_goat' build argument 'cmake_force_configure' from command line to 'False'
[0.425s] Level 5:colcon.colcon_core.verb:set package 'testbed_description_goat' build argument 'ament_cmake_args' from command line to 'None'
[0.426s] Level 5:colcon.colcon_core.verb:set package 'testbed_description_goat' build argument 'catkin_cmake_args' from command line to 'None'
[0.426s] Level 5:colcon.colcon_core.verb:set package 'testbed_description_goat' build argument 'catkin_skip_building_tests' from command line to 'False'
[0.426s] DEBUG:colcon.colcon_core.verb:Building package 'testbed_description_goat' with the following arguments: {'ament_cmake_args': None, 'build_base': '/home/asd/ros2_ws9/build/testbed_description_goat', 'catkin_cmake_args': None, 'catkin_skip_building_tests': False, 'cmake_args': None, 'cmake_clean_cache': False, 'cmake_clean_first': False, 'cmake_force_configure': False, 'cmake_target': None, 'cmake_target_skip_unavailable': False, 'install_base': '/home/asd/ros2_ws9/install/testbed_description_goat', 'merge_install': False, 'path': '/home/asd/ros2_ws9/src/testbed_description_goat', 'symlink_install': False, 'test_result_base': None}
[0.426s] Level 5:colcon.colcon_core.verb:set package 'testbed_gazebo_goat' build argument 'cmake_args' from command line to 'None'
[0.426s] Level 5:colcon.colcon_core.verb:set package 'testbed_gazebo_goat' build argument 'cmake_target' from command line to 'None'
[0.426s] Level 5:colcon.colcon_core.verb:set package 'testbed_gazebo_goat' build argument 'cmake_target_skip_unavailable' from command line to 'False'
[0.426s] Level 5:colcon.colcon_core.verb:set package 'testbed_gazebo_goat' build argument 'cmake_clean_cache' from command line to 'False'
[0.426s] Level 5:colcon.colcon_core.verb:set package 'testbed_gazebo_goat' build argument 'cmake_clean_first' from command line to 'False'
[0.426s] Level 5:colcon.colcon_core.verb:set package 'testbed_gazebo_goat' build argument 'cmake_force_configure' from command line to 'False'
[0.426s] Level 5:colcon.colcon_core.verb:set package 'testbed_gazebo_goat' build argument 'ament_cmake_args' from command line to 'None'
[0.426s] Level 5:colcon.colcon_core.verb:set package 'testbed_gazebo_goat' build argument 'catkin_cmake_args' from command line to 'None'
[0.426s] Level 5:colcon.colcon_core.verb:set package 'testbed_gazebo_goat' build argument 'catkin_skip_building_tests' from command line to 'False'
[0.426s] DEBUG:colcon.colcon_core.verb:Building package 'testbed_gazebo_goat' with the following arguments: {'ament_cmake_args': None, 'build_base': '/home/asd/ros2_ws9/build/testbed_gazebo_goat', 'catkin_cmake_args': None, 'catkin_skip_building_tests': False, 'cmake_args': None, 'cmake_clean_cache': False, 'cmake_clean_first': False, 'cmake_force_configure': False, 'cmake_target': None, 'cmake_target_skip_unavailable': False, 'install_base': '/home/asd/ros2_ws9/install/testbed_gazebo_goat', 'merge_install': False, 'path': '/home/asd/ros2_ws9/src/testbed_gazebo_goat', 'symlink_install': False, 'test_result_base': None}
[0.426s] Level 5:colcon.colcon_core.verb:set package 'turtlebot3_fake_node' build argument 'cmake_args' from command line to 'None'
[0.426s] Level 5:colcon.colcon_core.verb:set package 'turtlebot3_fake_node' build argument 'cmake_target' from command line to 'None'
[0.427s] Level 5:colcon.colcon_core.verb:set package 'turtlebot3_fake_node' build argument 'cmake_target_skip_unavailable' from command line to 'False'
[0.427s] Level 5:colcon.colcon_core.verb:set package 'turtlebot3_fake_node' build argument 'cmake_clean_cache' from command line to 'False'
[0.427s] Level 5:colcon.colcon_core.verb:set package 'turtlebot3_fake_node' build argument 'cmake_clean_first' from command line to 'False'
[0.427s] Level 5:colcon.colcon_core.verb:set package 'turtlebot3_fake_node' build argument 'cmake_force_configure' from command line to 'False'
[0.427s] Level 5:colcon.colcon_core.verb:set package 'turtlebot3_fake_node' build argument 'ament_cmake_args' from command line to 'None'
[0.427s] Level 5:colcon.colcon_core.verb:set package 'turtlebot3_fake_node' build argument 'catkin_cmake_args' from command line to 'None'
[0.427s] Level 5:colcon.colcon_core.verb:set package 'turtlebot3_fake_node' build argument 'catkin_skip_building_tests' from command line to 'False'
[0.427s] DEBUG:colcon.colcon_core.verb:Building package 'turtlebot3_fake_node' with the following arguments: {'ament_cmake_args': None, 'build_base': '/home/asd/ros2_ws9/build/turtlebot3_fake_node', 'catkin_cmake_args': None, 'catkin_skip_building_tests': False, 'cmake_args': None, 'cmake_clean_cache': False, 'cmake_clean_first': False, 'cmake_force_configure': False, 'cmake_target': None, 'cmake_target_skip_unavailable': False, 'install_base': '/home/asd/ros2_ws9/install/turtlebot3_fake_node', 'merge_install': False, 'path': '/home/asd/ros2_ws9/src/turtlebot3_fake_node', 'symlink_install': False, 'test_result_base': None}
[0.427s] Level 5:colcon.colcon_core.verb:set package 'turtlebot3_gazebo_goat' build argument 'cmake_args' from command line to 'None'
[0.427s] Level 5:colcon.colcon_core.verb:set package 'turtlebot3_gazebo_goat' build argument 'cmake_target' from command line to 'None'
[0.427s] Level 5:colcon.colcon_core.verb:set package 'turtlebot3_gazebo_goat' build argument 'cmake_target_skip_unavailable' from command line to 'False'
[0.427s] Level 5:colcon.colcon_core.verb:set package 'turtlebot3_gazebo_goat' build argument 'cmake_clean_cache' from command line to 'False'
[0.427s] Level 5:colcon.colcon_core.verb:set package 'turtlebot3_gazebo_goat' build argument 'cmake_clean_first' from command line to 'False'
[0.427s] Level 5:colcon.colcon_core.verb:set package 'turtlebot3_gazebo_goat' build argument 'cmake_force_configure' from command line to 'False'
[0.427s] Level 5:colcon.colcon_core.verb:set package 'turtlebot3_gazebo_goat' build argument 'ament_cmake_args' from command line to 'None'
[0.427s] Level 5:colcon.colcon_core.verb:set package 'turtlebot3_gazebo_goat' build argument 'catkin_cmake_args' from command line to 'None'
[0.427s] Level 5:colcon.colcon_core.verb:set package 'turtlebot3_gazebo_goat' build argument 'catkin_skip_building_tests' from command line to 'False'
[0.427s] DEBUG:colcon.colcon_core.verb:Building package 'turtlebot3_gazebo_goat' with the following arguments: {'ament_cmake_args': None, 'build_base': '/home/asd/ros2_ws9/build/turtlebot3_gazebo_goat', 'catkin_cmake_args': None, 'catkin_skip_building_tests': False, 'cmake_args': None, 'cmake_clean_cache': False, 'cmake_clean_first': False, 'cmake_force_configure': False, 'cmake_target': None, 'cmake_target_skip_unavailable': False, 'install_base': '/home/asd/ros2_ws9/install/turtlebot3_gazebo_goat', 'merge_install': False, 'path': '/home/asd/ros2_ws9/src/turtlebot3_gazebo_goat', 'symlink_install': False, 'test_result_base': None}
[0.428s] Level 5:colcon.colcon_core.verb:set package 'my_goat_pkg' build argument 'cmake_args' from command line to 'None'
[0.428s] Level 5:colcon.colcon_core.verb:set package 'my_goat_pkg' build argument 'cmake_target' from command line to 'None'
[0.428s] Level 5:colcon.colcon_core.verb:set package 'my_goat_pkg' build argument 'cmake_target_skip_unavailable' from command line to 'False'
[0.428s] Level 5:colcon.colcon_core.verb:set package 'my_goat_pkg' build argument 'cmake_clean_cache' from command line to 'False'
[0.428s] Level 5:colcon.colcon_core.verb:set package 'my_goat_pkg' build argument 'cmake_clean_first' from command line to 'False'
[0.428s] Level 5:colcon.colcon_core.verb:set package 'my_goat_pkg' build argument 'cmake_force_configure' from command line to 'False'
[0.428s] Level 5:colcon.colcon_core.verb:set package 'my_goat_pkg' build argument 'ament_cmake_args' from command line to 'None'
[0.428s] Level 5:colcon.colcon_core.verb:set package 'my_goat_pkg' build argument 'catkin_cmake_args' from command line to 'None'
[0.428s] Level 5:colcon.colcon_core.verb:set package 'my_goat_pkg' build argument 'catkin_skip_building_tests' from command line to 'False'
[0.428s] DEBUG:colcon.colcon_core.verb:Building package 'my_goat_pkg' with the following arguments: {'ament_cmake_args': None, 'build_base': '/home/asd/ros2_ws9/build/my_goat_pkg', 'catkin_cmake_args': None, 'catkin_skip_building_tests': False, 'cmake_args': None, 'cmake_clean_cache': False, 'cmake_clean_first': False, 'cmake_force_configure': False, 'cmake_target': None, 'cmake_target_skip_unavailable': False, 'install_base': '/home/asd/ros2_ws9/install/my_goat_pkg', 'merge_install': False, 'path': '/home/asd/ros2_ws9/src/my_goat_pkg', 'symlink_install': False, 'test_result_base': None}
[0.428s] Level 5:colcon.colcon_core.verb:set package 'turtlebot3_simulations' build argument 'cmake_args' from command line to 'None'
[0.428s] Level 5:colcon.colcon_core.verb:set package 'turtlebot3_simulations' build argument 'cmake_target' from command line to 'None'
[0.428s] Level 5:colcon.colcon_core.verb:set package 'turtlebot3_simulations' build argument 'cmake_target_skip_unavailable' from command line to 'False'
[0.428s] Level 5:colcon.colcon_core.verb:set package 'turtlebot3_simulations' build argument 'cmake_clean_cache' from command line to 'False'
[0.428s] Level 5:colcon.colcon_core.verb:set package 'turtlebot3_simulations' build argument 'cmake_clean_first' from command line to 'False'
[0.428s] Level 5:colcon.colcon_core.verb:set package 'turtlebot3_simulations' build argument 'cmake_force_configure' from command line to 'False'
[0.428s] Level 5:colcon.colcon_core.verb:set package 'turtlebot3_simulations' build argument 'ament_cmake_args' from command line to 'None'
[0.428s] Level 5:colcon.colcon_core.verb:set package 'turtlebot3_simulations' build argument 'catkin_cmake_args' from command line to 'None'
[0.428s] Level 5:colcon.colcon_core.verb:set package 'turtlebot3_simulations' build argument 'catkin_skip_building_tests' from command line to 'False'
[0.428s] DEBUG:colcon.colcon_core.verb:Building package 'turtlebot3_simulations' with the following arguments: {'ament_cmake_args': None, 'build_base': '/home/asd/ros2_ws9/build/turtlebot3_simulations', 'catkin_cmake_args': None, 'catkin_skip_building_tests': False, 'cmake_args': None, 'cmake_clean_cache': False, 'cmake_clean_first': False, 'cmake_force_configure': False, 'cmake_target': None, 'cmake_target_skip_unavailable': False, 'install_base': '/home/asd/ros2_ws9/install/turtlebot3_simulations', 'merge_install': False, 'path': '/home/asd/ros2_ws9/src/turtlebot3_simulations', 'symlink_install': False, 'test_result_base': None}
[0.428s] INFO:colcon.colcon_core.executor:Executing jobs using 'parallel' executor
[0.429s] DEBUG:colcon.colcon_parallel_executor.executor.parallel:run_until_complete
[0.430s] INFO:colcon.colcon_ros.task.ament_cmake.build:Building ROS package in '/home/asd/ros2_ws9/src/goat_interfaces' with build type 'ament_cmake'
[0.430s] INFO:colcon.colcon_cmake.task.cmake.build:Building CMake package in '/home/asd/ros2_ws9/src/goat_interfaces'
[0.432s] INFO:colcon.colcon_core.plugin_system:Skipping extension 'colcon_core.shell.bat': Not used on non-Windows systems
[0.432s] INFO:colcon.colcon_core.shell:Skip shell extension 'powershell' for command environment: Not usable outside of PowerShell
[0.432s] DEBUG:colcon.colcon_core.shell:Skip shell extension 'dsv' for command environment
[0.439s] INFO:colcon.colcon_ros.task.ament_cmake.build:Building ROS package in '/home/asd/ros2_ws9/src/turtlebot3_fake_node' with build type 'ament_cmake'
[0.439s] INFO:colcon.colcon_cmake.task.cmake.build:Building CMake package in '/home/asd/ros2_ws9/src/turtlebot3_fake_node'
[0.440s] INFO:colcon.colcon_core.shell:Skip shell extension 'powershell' for command environment: Not usable outside of PowerShell
[0.440s] DEBUG:colcon.colcon_core.shell:Skip shell extension 'dsv' for command environment
[0.446s] INFO:colcon.colcon_ros.task.ament_cmake.build:Building ROS package in '/home/asd/ros2_ws9/src/goat_gazebo' with build type 'ament_cmake'
[0.446s] INFO:colcon.colcon_cmake.task.cmake.build:Building CMake package in '/home/asd/ros2_ws9/src/goat_gazebo'
[0.447s] INFO:colcon.colcon_core.shell:Skip shell extension 'powershell' for command environment: Not usable outside of PowerShell
[0.447s] DEBUG:colcon.colcon_core.shell:Skip shell extension 'dsv' for command environment
[0.454s] INFO:colcon.colcon_ros.task.ament_cmake.build:Building ROS package in '/home/asd/ros2_ws9/src/testbed_description_goat' with build type 'ament_cmake'
[0.454s] INFO:colcon.colcon_cmake.task.cmake.build:Building CMake package in '/home/asd/ros2_ws9/src/testbed_description_goat'
[0.454s] INFO:colcon.colcon_core.shell:Skip shell extension 'powershell' for command environment: Not usable outside of PowerShell
[0.454s] DEBUG:colcon.colcon_core.shell:Skip shell extension 'dsv' for command environment
[0.461s] INFO:colcon.colcon_ros.task.ament_cmake.build:Building ROS package in '/home/asd/ros2_ws9/src/testbed_gazebo_goat' with build type 'ament_cmake'
[0.461s] INFO:colcon.colcon_cmake.task.cmake.build:Building CMake package in '/home/asd/ros2_ws9/src/testbed_gazebo_goat'
[0.462s] INFO:colcon.colcon_core.shell:Skip shell extension 'powershell' for command environment: Not usable outside of PowerShell
[0.462s] DEBUG:colcon.colcon_core.shell:Skip shell extension 'dsv' for command environment
[0.469s] INFO:colcon.colcon_ros.task.ament_cmake.build:Building ROS package in '/home/asd/ros2_ws9/src/turtlebot3_gazebo_goat' with build type 'ament_cmake'
[0.469s] INFO:colcon.colcon_cmake.task.cmake.build:Building CMake package in '/home/asd/ros2_ws9/src/turtlebot3_gazebo_goat'
[0.469s] INFO:colcon.colcon_core.shell:Skip shell extension 'powershell' for command environment: Not usable outside of PowerShell
[0.469s] DEBUG:colcon.colcon_core.shell:Skip shell extension 'dsv' for command environment
[0.481s] DEBUG:colcon.colcon_core.event_handler.log_command:Invoking command in '/home/asd/ros2_ws9/build/goat_interfaces': CMAKE_PREFIX_PATH=${CMAKE_PREFIX_PATH}:/home/asd/ros2_ws9/install/my_goat_pkg:/home/asd/ros2_ws7/install/my_py_pkg_anscer:/home/asd/ros2_ws4/install/esp_wifi:/home/asd/ros2_ws4/install/maping_odom:/home/asd/ros2_ws/install/turtlesim_catch_them_all:/home/asd/ros2_ws/install/my_py_pkg:/opt/ros/humble /usr/bin/cmake --build /home/asd/ros2_ws9/build/goat_interfaces -- -j8 -l8
[0.485s] DEBUG:colcon.colcon_core.event_handler.log_command:Invoking command in '/home/asd/ros2_ws9/build/turtlebot3_fake_node': CMAKE_PREFIX_PATH=${CMAKE_PREFIX_PATH}:/home/asd/ros2_ws9/install/my_goat_pkg:/home/asd/ros2_ws7/install/my_py_pkg_anscer:/home/asd/ros2_ws4/install/esp_wifi:/home/asd/ros2_ws4/install/maping_odom:/home/asd/ros2_ws/install/turtlesim_catch_them_all:/home/asd/ros2_ws/install/my_py_pkg:/opt/ros/humble /usr/bin/cmake --build /home/asd/ros2_ws9/build/turtlebot3_fake_node -- -j8 -l8
[0.488s] DEBUG:colcon.colcon_core.event_handler.log_command:Invoking command in '/home/asd/ros2_ws9/build/goat_gazebo': CMAKE_PREFIX_PATH=${CMAKE_PREFIX_PATH}:/home/asd/ros2_ws9/install/my_goat_pkg:/home/asd/ros2_ws7/install/my_py_pkg_anscer:/home/asd/ros2_ws4/install/esp_wifi:/home/asd/ros2_ws4/install/maping_odom:/home/asd/ros2_ws/install/turtlesim_catch_them_all:/home/asd/ros2_ws/install/my_py_pkg:/opt/ros/humble /usr/bin/cmake --build /home/asd/ros2_ws9/build/goat_gazebo -- -j8 -l8
[0.493s] DEBUG:colcon.colcon_core.event_handler.log_command:Invoking command in '/home/asd/ros2_ws9/build/testbed_description_goat': CMAKE_PREFIX_PATH=${CMAKE_PREFIX_PATH}:/home/asd/ros2_ws9/install/my_goat_pkg:/home/asd/ros2_ws7/install/my_py_pkg_anscer:/home/asd/ros2_ws4/install/esp_wifi:/home/asd/ros2_ws4/install/maping_odom:/home/asd/ros2_ws/install/turtlesim_catch_them_all:/home/asd/ros2_ws/install/my_py_pkg:/opt/ros/humble /usr/bin/cmake --build /home/asd/ros2_ws9/build/testbed_description_goat -- -j8 -l8
[0.499s] DEBUG:colcon.colcon_core.event_handler.log_command:Invoking command in '/home/asd/ros2_ws9/build/testbed_gazebo_goat': CMAKE_PREFIX_PATH=${CMAKE_PREFIX_PATH}:/home/asd/ros2_ws9/install/my_goat_pkg:/home/asd/ros2_ws7/install/my_py_pkg_anscer:/home/asd/ros2_ws4/install/esp_wifi:/home/asd/ros2_ws4/install/maping_odom:/home/asd/ros2_ws/install/turtlesim_catch_them_all:/home/asd/ros2_ws/install/my_py_pkg:/opt/ros/humble /usr/bin/cmake --build /home/asd/ros2_ws9/build/testbed_gazebo_goat -- -j8 -l8
[0.507s] DEBUG:colcon.colcon_core.event_handler.log_command:Invoking command in '/home/asd/ros2_ws9/build/turtlebot3_gazebo_goat': CMAKE_PREFIX_PATH=${CMAKE_PREFIX_PATH}:/home/asd/ros2_ws9/install/my_goat_pkg:/home/asd/ros2_ws7/install/my_py_pkg_anscer:/home/asd/ros2_ws4/install/esp_wifi:/home/asd/ros2_ws4/install/maping_odom:/home/asd/ros2_ws/install/turtlesim_catch_them_all:/home/asd/ros2_ws/install/my_py_pkg:/opt/ros/humble /usr/bin/cmake --build /home/asd/ros2_ws9/build/turtlebot3_gazebo_goat -- -j8 -l8
[0.547s] DEBUG:colcon.colcon_core.event_handler.log_command:Invoked command in '/home/asd/ros2_ws9/build/testbed_gazebo_goat' returned '0': CMAKE_PREFIX_PATH=${CMAKE_PREFIX_PATH}:/home/asd/ros2_ws9/install/my_goat_pkg:/home/asd/ros2_ws7/install/my_py_pkg_anscer:/home/asd/ros2_ws4/install/esp_wifi:/home/asd/ros2_ws4/install/maping_odom:/home/asd/ros2_ws/install/turtlesim_catch_them_all:/home/asd/ros2_ws/install/my_py_pkg:/opt/ros/humble /usr/bin/cmake --build /home/asd/ros2_ws9/build/testbed_gazebo_goat -- -j8 -l8
[0.567s] DEBUG:colcon.colcon_core.event_handler.log_command:Invoking command in '/home/asd/ros2_ws9/build/testbed_gazebo_goat': CMAKE_PREFIX_PATH=${CMAKE_PREFIX_PATH}:/home/asd/ros2_ws9/install/my_goat_pkg:/home/asd/ros2_ws7/install/my_py_pkg_anscer:/home/asd/ros2_ws4/install/esp_wifi:/home/asd/ros2_ws4/install/maping_odom:/home/asd/ros2_ws/install/turtlesim_catch_them_all:/home/asd/ros2_ws/install/my_py_pkg:/opt/ros/humble /usr/bin/cmake --install /home/asd/ros2_ws9/build/testbed_gazebo_goat
[0.577s] DEBUG:colcon.colcon_core.event_handler.log_command:Invoked command in '/home/asd/ros2_ws9/build/testbed_description_goat' returned '0': CMAKE_PREFIX_PATH=${CMAKE_PREFIX_PATH}:/home/asd/ros2_ws9/install/my_goat_pkg:/home/asd/ros2_ws7/install/my_py_pkg_anscer:/home/asd/ros2_ws4/install/esp_wifi:/home/asd/ros2_ws4/install/maping_odom:/home/asd/ros2_ws/install/turtlesim_catch_them_all:/home/asd/ros2_ws/install/my_py_pkg:/opt/ros/humble /usr/bin/cmake --build /home/asd/ros2_ws9/build/testbed_description_goat -- -j8 -l8
[0.578s] DEBUG:colcon.colcon_core.event_handler.log_command:Invoking command in '/home/asd/ros2_ws9/build/testbed_description_goat': CMAKE_PREFIX_PATH=${CMAKE_PREFIX_PATH}:/home/asd/ros2_ws9/install/my_goat_pkg:/home/asd/ros2_ws7/install/my_py_pkg_anscer:/home/asd/ros2_ws4/install/esp_wifi:/home/asd/ros2_ws4/install/maping_odom:/home/asd/ros2_ws/install/turtlesim_catch_them_all:/home/asd/ros2_ws/install/my_py_pkg:/opt/ros/humble /usr/bin/cmake --install /home/asd/ros2_ws9/build/testbed_description_goat
[0.590s] DEBUG:colcon.colcon_core.event_handler.log_command:Invoked command in '/home/asd/ros2_ws9/build/goat_gazebo' returned '0': CMAKE_PREFIX_PATH=${CMAKE_PREFIX_PATH}:/home/asd/ros2_ws9/install/my_goat_pkg:/home/asd/ros2_ws7/install/my_py_pkg_anscer:/home/asd/ros2_ws4/install/esp_wifi:/home/asd/ros2_ws4/install/maping_odom:/home/asd/ros2_ws/install/turtlesim_catch_them_all:/home/asd/ros2_ws/install/my_py_pkg:/opt/ros/humble /usr/bin/cmake --build /home/asd/ros2_ws9/build/goat_gazebo -- -j8 -l8
[0.591s] DEBUG:colcon.colcon_core.event_handler.log_command:Invoking command in '/home/asd/ros2_ws9/build/goat_gazebo': CMAKE_PREFIX_PATH=${CMAKE_PREFIX_PATH}:/home/asd/ros2_ws9/install/my_goat_pkg:/home/asd/ros2_ws7/install/my_py_pkg_anscer:/home/asd/ros2_ws4/install/esp_wifi:/home/asd/ros2_ws4/install/maping_odom:/home/asd/ros2_ws/install/turtlesim_catch_them_all:/home/asd/ros2_ws/install/my_py_pkg:/opt/ros/humble /usr/bin/cmake --install /home/asd/ros2_ws9/build/goat_gazebo
[0.596s] Level 1:colcon.colcon_core.environment:create_environment_scripts_only(testbed_gazebo_goat)
[0.611s] Level 1:colcon.colcon_core.environment:checking '/home/asd/ros2_ws9/install/testbed_gazebo_goat' for CMake module files
[0.617s] Level 1:colcon.colcon_core.environment:checking '/home/asd/ros2_ws9/install/testbed_gazebo_goat' for CMake config files
[0.618s] Level 1:colcon.colcon_core.shell:create_environment_hook('testbed_gazebo_goat', 'cmake_prefix_path')
[0.618s] INFO:colcon.colcon_core.shell:Creating environment hook '/home/asd/ros2_ws9/install/testbed_gazebo_goat/share/testbed_gazebo_goat/hook/cmake_prefix_path.ps1'
[0.623s] INFO:colcon.colcon_core.shell:Creating environment descriptor '/home/asd/ros2_ws9/install/testbed_gazebo_goat/share/testbed_gazebo_goat/hook/cmake_prefix_path.dsv'
[0.625s] INFO:colcon.colcon_core.shell:Creating environment hook '/home/asd/ros2_ws9/install/testbed_gazebo_goat/share/testbed_gazebo_goat/hook/cmake_prefix_path.sh'
[0.627s] DEBUG:colcon.colcon_core.event_handler.log_command:Invoked command in '/home/asd/ros2_ws9/build/testbed_gazebo_goat' returned '0': CMAKE_PREFIX_PATH=${CMAKE_PREFIX_PATH}:/home/asd/ros2_ws9/install/my_goat_pkg:/home/asd/ros2_ws7/install/my_py_pkg_anscer:/home/asd/ros2_ws4/install/esp_wifi:/home/asd/ros2_ws4/install/maping_odom:/home/asd/ros2_ws/install/turtlesim_catch_them_all:/home/asd/ros2_ws/install/my_py_pkg:/opt/ros/humble /usr/bin/cmake --install /home/asd/ros2_ws9/build/testbed_gazebo_goat
[0.628s] Level 1:colcon.colcon_core.environment:checking '/home/asd/ros2_ws9/install/testbed_gazebo_goat/bin'
[0.628s] Level 1:colcon.colcon_core.environment:checking '/home/asd/ros2_ws9/install/testbed_gazebo_goat/lib/pkgconfig/testbed_gazebo_goat.pc'
[0.629s] Level 1:colcon.colcon_core.environment:checking '/home/asd/ros2_ws9/install/testbed_gazebo_goat/lib/python3.10/site-packages'
[0.629s] Level 1:colcon.colcon_core.environment:checking '/home/asd/ros2_ws9/install/testbed_gazebo_goat/bin'
[0.629s] INFO:colcon.colcon_core.shell:Creating package script '/home/asd/ros2_ws9/install/testbed_gazebo_goat/share/testbed_gazebo_goat/package.ps1'
[0.631s] INFO:colcon.colcon_core.shell:Creating package descriptor '/home/asd/ros2_ws9/install/testbed_gazebo_goat/share/testbed_gazebo_goat/package.dsv'
[0.633s] INFO:colcon.colcon_core.shell:Creating package script '/home/asd/ros2_ws9/install/testbed_gazebo_goat/share/testbed_gazebo_goat/package.sh'
[0.635s] INFO:colcon.colcon_core.shell:Creating package script '/home/asd/ros2_ws9/install/testbed_gazebo_goat/share/testbed_gazebo_goat/package.bash'
[0.637s] INFO:colcon.colcon_core.shell:Creating package script '/home/asd/ros2_ws9/install/testbed_gazebo_goat/share/testbed_gazebo_goat/package.zsh'
[0.639s] Level 1:colcon.colcon_core.environment:create_file_with_runtime_dependencies(/home/asd/ros2_ws9/install/testbed_gazebo_goat/share/colcon-core/packages/testbed_gazebo_goat)
[0.640s] Level 1:colcon.colcon_core.environment:create_environment_scripts_only(testbed_gazebo_goat)
[0.641s] Level 1:colcon.colcon_core.environment:checking '/home/asd/ros2_ws9/install/testbed_gazebo_goat' for CMake module files
[0.644s] Level 1:colcon.colcon_core.environment:checking '/home/asd/ros2_ws9/install/testbed_gazebo_goat' for CMake config files
[0.644s] Level 1:colcon.colcon_core.shell:create_environment_hook('testbed_gazebo_goat', 'cmake_prefix_path')
[0.644s] INFO:colcon.colcon_core.shell:Creating environment hook '/home/asd/ros2_ws9/install/testbed_gazebo_goat/share/testbed_gazebo_goat/hook/cmake_prefix_path.ps1'
[0.645s] INFO:colcon.colcon_core.shell:Creating environment descriptor '/home/asd/ros2_ws9/install/testbed_gazebo_goat/share/testbed_gazebo_goat/hook/cmake_prefix_path.dsv'
[0.646s] INFO:colcon.colcon_core.shell:Creating environment hook '/home/asd/ros2_ws9/install/testbed_gazebo_goat/share/testbed_gazebo_goat/hook/cmake_prefix_path.sh'
[0.646s] Level 1:colcon.colcon_core.environment:checking '/home/asd/ros2_ws9/install/testbed_gazebo_goat/bin'
[0.646s] Level 1:colcon.colcon_core.environment:checking '/home/asd/ros2_ws9/install/testbed_gazebo_goat/lib/pkgconfig/testbed_gazebo_goat.pc'
[0.647s] Level 1:colcon.colcon_core.environment:checking '/home/asd/ros2_ws9/install/testbed_gazebo_goat/lib/python3.10/site-packages'
[0.647s] Level 1:colcon.colcon_core.environment:checking '/home/asd/ros2_ws9/install/testbed_gazebo_goat/bin'
[0.647s] INFO:colcon.colcon_core.shell:Creating package script '/home/asd/ros2_ws9/install/testbed_gazebo_goat/share/testbed_gazebo_goat/package.ps1'
[0.648s] INFO:colcon.colcon_core.shell:Creating package descriptor '/home/asd/ros2_ws9/install/testbed_gazebo_goat/share/testbed_gazebo_goat/package.dsv'
[0.649s] INFO:colcon.colcon_core.shell:Creating package script '/home/asd/ros2_ws9/install/testbed_gazebo_goat/share/testbed_gazebo_goat/package.sh'
[0.650s] INFO:colcon.colcon_core.shell:Creating package script '/home/asd/ros2_ws9/install/testbed_gazebo_goat/share/testbed_gazebo_goat/package.bash'
[0.650s] INFO:colcon.colcon_core.shell:Creating package script '/home/asd/ros2_ws9/install/testbed_gazebo_goat/share/testbed_gazebo_goat/package.zsh'
[0.651s] Level 1:colcon.colcon_core.environment:create_file_with_runtime_dependencies(/home/asd/ros2_ws9/install/testbed_gazebo_goat/share/colcon-core/packages/testbed_gazebo_goat)
[0.653s] Level 1:colcon.colcon_core.environment:create_environment_scripts_only(testbed_description_goat)
[0.654s] Level 1:colcon.colcon_core.environment:checking '/home/asd/ros2_ws9/install/testbed_description_goat' for CMake module files
[0.655s] DEBUG:colcon.colcon_core.event_handler.log_command:Invoked command in '/home/asd/ros2_ws9/build/testbed_description_goat' returned '0': CMAKE_PREFIX_PATH=${CMAKE_PREFIX_PATH}:/home/asd/ros2_ws9/install/my_goat_pkg:/home/asd/ros2_ws7/install/my_py_pkg_anscer:/home/asd/ros2_ws4/install/esp_wifi:/home/asd/ros2_ws4/install/maping_odom:/home/asd/ros2_ws/install/turtlesim_catch_them_all:/home/asd/ros2_ws/install/my_py_pkg:/opt/ros/humble /usr/bin/cmake --install /home/asd/ros2_ws9/build/testbed_description_goat
[0.655s] Level 1:colcon.colcon_core.environment:checking '/home/asd/ros2_ws9/install/testbed_description_goat' for CMake config files
[0.656s] Level 1:colcon.colcon_core.shell:create_environment_hook('testbed_description_goat', 'cmake_prefix_path')
[0.656s] INFO:colcon.colcon_core.shell:Creating environment hook '/home/asd/ros2_ws9/install/testbed_description_goat/share/testbed_description_goat/hook/cmake_prefix_path.ps1'
[0.658s] INFO:colcon.colcon_core.shell:Creating environment descriptor '/home/asd/ros2_ws9/install/testbed_description_goat/share/testbed_description_goat/hook/cmake_prefix_path.dsv'
[0.658s] INFO:colcon.colcon_core.shell:Creating environment hook '/home/asd/ros2_ws9/install/testbed_description_goat/share/testbed_description_goat/hook/cmake_prefix_path.sh'
[0.660s] Level 1:colcon.colcon_core.environment:checking '/home/asd/ros2_ws9/install/testbed_description_goat/bin'
[0.660s] Level 1:colcon.colcon_core.environment:checking '/home/asd/ros2_ws9/install/testbed_description_goat/lib/pkgconfig/testbed_description_goat.pc'
[0.660s] Level 1:colcon.colcon_core.environment:checking '/home/asd/ros2_ws9/install/testbed_description_goat/lib/python3.10/site-packages'
[0.660s] Level 1:colcon.colcon_core.environment:checking '/home/asd/ros2_ws9/install/testbed_description_goat/bin'
[0.661s] INFO:colcon.colcon_core.shell:Creating package script '/home/asd/ros2_ws9/install/testbed_description_goat/share/testbed_description_goat/package.ps1'
[0.665s] INFO:colcon.colcon_core.shell:Creating package descriptor '/home/asd/ros2_ws9/install/testbed_description_goat/share/testbed_description_goat/package.dsv'
[0.666s] INFO:colcon.colcon_core.shell:Creating package script '/home/asd/ros2_ws9/install/testbed_description_goat/share/testbed_description_goat/package.sh'
[0.667s] INFO:colcon.colcon_core.shell:Creating package script '/home/asd/ros2_ws9/install/testbed_description_goat/share/testbed_description_goat/package.bash'
[0.668s] INFO:colcon.colcon_core.shell:Creating package script '/home/asd/ros2_ws9/install/testbed_description_goat/share/testbed_description_goat/package.zsh'
[0.668s] Level 1:colcon.colcon_core.environment:create_file_with_runtime_dependencies(/home/asd/ros2_ws9/install/testbed_description_goat/share/colcon-core/packages/testbed_description_goat)
[0.669s] Level 1:colcon.colcon_core.environment:create_environment_scripts_only(testbed_description_goat)
[0.669s] Level 1:colcon.colcon_core.environment:checking '/home/asd/ros2_ws9/install/testbed_description_goat' for CMake module files
[0.670s] Level 1:colcon.colcon_core.environment:checking '/home/asd/ros2_ws9/install/testbed_description_goat' for CMake config files
[0.670s] Level 1:colcon.colcon_core.shell:create_environment_hook('testbed_description_goat', 'cmake_prefix_path')
[0.670s] INFO:colcon.colcon_core.shell:Creating environment hook '/home/asd/ros2_ws9/install/testbed_description_goat/share/testbed_description_goat/hook/cmake_prefix_path.ps1'
[0.671s] INFO:colcon.colcon_core.shell:Creating environment descriptor '/home/asd/ros2_ws9/install/testbed_description_goat/share/testbed_description_goat/hook/cmake_prefix_path.dsv'
[0.671s] INFO:colcon.colcon_core.shell:Creating environment hook '/home/asd/ros2_ws9/install/testbed_description_goat/share/testbed_description_goat/hook/cmake_prefix_path.sh'
[0.672s] Level 1:colcon.colcon_core.environment:checking '/home/asd/ros2_ws9/install/testbed_description_goat/bin'
[0.672s] Level 1:colcon.colcon_core.environment:checking '/home/asd/ros2_ws9/install/testbed_description_goat/lib/pkgconfig/testbed_description_goat.pc'
[0.672s] Level 1:colcon.colcon_core.environment:checking '/home/asd/ros2_ws9/install/testbed_description_goat/lib/python3.10/site-packages'
[0.672s] Level 1:colcon.colcon_core.environment:checking '/home/asd/ros2_ws9/install/testbed_description_goat/bin'
[0.673s] INFO:colcon.colcon_core.shell:Creating package script '/home/asd/ros2_ws9/install/testbed_description_goat/share/testbed_description_goat/package.ps1'
[0.673s] INFO:colcon.colcon_core.shell:Creating package descriptor '/home/asd/ros2_ws9/install/testbed_description_goat/share/testbed_description_goat/package.dsv'
[0.674s] INFO:colcon.colcon_core.shell:Creating package script '/home/asd/ros2_ws9/install/testbed_description_goat/share/testbed_description_goat/package.sh'
[0.674s] INFO:colcon.colcon_core.shell:Creating package script '/home/asd/ros2_ws9/install/testbed_description_goat/share/testbed_description_goat/package.bash'
[0.674s] INFO:colcon.colcon_core.shell:Creating package script '/home/asd/ros2_ws9/install/testbed_description_goat/share/testbed_description_goat/package.zsh'
[0.675s] Level 1:colcon.colcon_core.environment:create_file_with_runtime_dependencies(/home/asd/ros2_ws9/install/testbed_description_goat/share/colcon-core/packages/testbed_description_goat)
[0.675s] Level 1:colcon.colcon_core.environment:create_environment_scripts_only(goat_gazebo)
[0.675s] Level 1:colcon.colcon_core.environment:checking '/home/asd/ros2_ws9/install/goat_gazebo' for CMake module files
[0.677s] DEBUG:colcon.colcon_core.event_handler.log_command:Invoked command in '/home/asd/ros2_ws9/build/goat_gazebo' returned '0': CMAKE_PREFIX_PATH=${CMAKE_PREFIX_PATH}:/home/asd/ros2_ws9/install/my_goat_pkg:/home/asd/ros2_ws7/install/my_py_pkg_anscer:/home/asd/ros2_ws4/install/esp_wifi:/home/asd/ros2_ws4/install/maping_odom:/home/asd/ros2_ws/install/turtlesim_catch_them_all:/home/asd/ros2_ws/install/my_py_pkg:/opt/ros/humble /usr/bin/cmake --install /home/asd/ros2_ws9/build/goat_gazebo
[0.677s] Level 1:colcon.colcon_core.environment:checking '/home/asd/ros2_ws9/install/goat_gazebo' for CMake config files
[0.678s] Level 1:colcon.colcon_core.shell:create_environment_hook('goat_gazebo', 'cmake_prefix_path')
[0.678s] INFO:colcon.colcon_core.shell:Creating environment hook '/home/asd/ros2_ws9/install/goat_gazebo/share/goat_gazebo/hook/cmake_prefix_path.ps1'
[0.679s] INFO:colcon.colcon_core.shell:Creating environment descriptor '/home/asd/ros2_ws9/install/goat_gazebo/share/goat_gazebo/hook/cmake_prefix_path.dsv'
[0.679s] INFO:colcon.colcon_core.shell:Creating environment hook '/home/asd/ros2_ws9/install/goat_gazebo/share/goat_gazebo/hook/cmake_prefix_path.sh'
[0.680s] Level 1:colcon.colcon_core.environment:checking '/home/asd/ros2_ws9/install/goat_gazebo/bin'
[0.680s] Level 1:colcon.colcon_core.environment:checking '/home/asd/ros2_ws9/install/goat_gazebo/lib/pkgconfig/goat_gazebo.pc'
[0.680s] Level 1:colcon.colcon_core.environment:checking '/home/asd/ros2_ws9/install/goat_gazebo/lib/python3.10/site-packages'
[0.680s] Level 1:colcon.colcon_core.environment:checking '/home/asd/ros2_ws9/install/goat_gazebo/bin'
[0.681s] INFO:colcon.colcon_core.shell:Creating package script '/home/asd/ros2_ws9/install/goat_gazebo/share/goat_gazebo/package.ps1'
[0.681s] INFO:colcon.colcon_core.shell:Creating package descriptor '/home/asd/ros2_ws9/install/goat_gazebo/share/goat_gazebo/package.dsv'
[0.681s] INFO:colcon.colcon_core.shell:Creating package script '/home/asd/ros2_ws9/install/goat_gazebo/share/goat_gazebo/package.sh'
[0.682s] INFO:colcon.colcon_core.shell:Creating package script '/home/asd/ros2_ws9/install/goat_gazebo/share/goat_gazebo/package.bash'
[0.682s] INFO:colcon.colcon_core.shell:Creating package script '/home/asd/ros2_ws9/install/goat_gazebo/share/goat_gazebo/package.zsh'
[0.683s] Level 1:colcon.colcon_core.environment:create_file_with_runtime_dependencies(/home/asd/ros2_ws9/install/goat_gazebo/share/colcon-core/packages/goat_gazebo)
[0.683s] Level 1:colcon.colcon_core.environment:create_environment_scripts_only(goat_gazebo)
[0.683s] Level 1:colcon.colcon_core.environment:checking '/home/asd/ros2_ws9/install/goat_gazebo' for CMake module files
[0.684s] Level 1:colcon.colcon_core.environment:checking '/home/asd/ros2_ws9/install/goat_gazebo' for CMake config files
[0.684s] Level 1:colcon.colcon_core.shell:create_environment_hook('goat_gazebo', 'cmake_prefix_path')
[0.684s] INFO:colcon.colcon_core.shell:Creating environment hook '/home/asd/ros2_ws9/install/goat_gazebo/share/goat_gazebo/hook/cmake_prefix_path.ps1'
[0.685s] INFO:colcon.colcon_core.shell:Creating environment descriptor '/home/asd/ros2_ws9/install/goat_gazebo/share/goat_gazebo/hook/cmake_prefix_path.dsv'
[0.685s] INFO:colcon.colcon_core.shell:Creating environment hook '/home/asd/ros2_ws9/install/goat_gazebo/share/goat_gazebo/hook/cmake_prefix_path.sh'
[0.686s] Level 1:colcon.colcon_core.environment:checking '/home/asd/ros2_ws9/install/goat_gazebo/bin'
[0.686s] Level 1:colcon.colcon_core.environment:checking '/home/asd/ros2_ws9/install/goat_gazebo/lib/pkgconfig/goat_gazebo.pc'
[0.686s] Level 1:colcon.colcon_core.environment:checking '/home/asd/ros2_ws9/install/goat_gazebo/lib/python3.10/site-packages'
[0.686s] Level 1:colcon.colcon_core.environment:checking '/home/asd/ros2_ws9/install/goat_gazebo/bin'
[0.686s] INFO:colcon.colcon_core.shell:Creating package script '/home/asd/ros2_ws9/install/goat_gazebo/share/goat_gazebo/package.ps1'
[0.687s] INFO:colcon.colcon_core.shell:Creating package descriptor '/home/asd/ros2_ws9/install/goat_gazebo/share/goat_gazebo/package.dsv'
[0.687s] INFO:colcon.colcon_core.shell:Creating package script '/home/asd/ros2_ws9/install/goat_gazebo/share/goat_gazebo/package.sh'
[0.688s] INFO:colcon.colcon_core.shell:Creating package script '/home/asd/ros2_ws9/install/goat_gazebo/share/goat_gazebo/package.bash'
[0.689s] INFO:colcon.colcon_core.shell:Creating package script '/home/asd/ros2_ws9/install/goat_gazebo/share/goat_gazebo/package.zsh'
[0.690s] Level 1:colcon.colcon_core.environment:create_file_with_runtime_dependencies(/home/asd/ros2_ws9/install/goat_gazebo/share/colcon-core/packages/goat_gazebo)
[0.691s] DEBUG:colcon.colcon_core.event_handler.log_command:Invoked command in '/home/asd/ros2_ws9/build/turtlebot3_fake_node' returned '0': CMAKE_PREFIX_PATH=${CMAKE_PREFIX_PATH}:/home/asd/ros2_ws9/install/my_goat_pkg:/home/asd/ros2_ws7/install/my_py_pkg_anscer:/home/asd/ros2_ws4/install/esp_wifi:/home/asd/ros2_ws4/install/maping_odom:/home/asd/ros2_ws/install/turtlesim_catch_them_all:/home/asd/ros2_ws/install/my_py_pkg:/opt/ros/humble /usr/bin/cmake --build /home/asd/ros2_ws9/build/turtlebot3_fake_node -- -j8 -l8
[0.693s] DEBUG:colcon.colcon_core.event_handler.log_command:Invoking command in '/home/asd/ros2_ws9/build/turtlebot3_fake_node': CMAKE_PREFIX_PATH=${CMAKE_PREFIX_PATH}:/home/asd/ros2_ws9/install/my_goat_pkg:/home/asd/ros2_ws7/install/my_py_pkg_anscer:/home/asd/ros2_ws4/install/esp_wifi:/home/asd/ros2_ws4/install/maping_odom:/home/asd/ros2_ws/install/turtlesim_catch_them_all:/home/asd/ros2_ws/install/my_py_pkg:/opt/ros/humble /usr/bin/cmake --install /home/asd/ros2_ws9/build/turtlebot3_fake_node
[0.695s] DEBUG:colcon.colcon_core.event_handler.log_command:Invoked command in '/home/asd/ros2_ws9/build/turtlebot3_gazebo_goat' returned '0': CMAKE_PREFIX_PATH=${CMAKE_PREFIX_PATH}:/home/asd/ros2_ws9/install/my_goat_pkg:/home/asd/ros2_ws7/install/my_py_pkg_anscer:/home/asd/ros2_ws4/install/esp_wifi:/home/asd/ros2_ws4/install/maping_odom:/home/asd/ros2_ws/install/turtlesim_catch_them_all:/home/asd/ros2_ws/install/my_py_pkg:/opt/ros/humble /usr/bin/cmake --build /home/asd/ros2_ws9/build/turtlebot3_gazebo_goat -- -j8 -l8
[0.698s] DEBUG:colcon.colcon_core.event_handler.log_command:Invoking command in '/home/asd/ros2_ws9/build/turtlebot3_gazebo_goat': CMAKE_PREFIX_PATH=${CMAKE_PREFIX_PATH}:/home/asd/ros2_ws9/install/my_goat_pkg:/home/asd/ros2_ws7/install/my_py_pkg_anscer:/home/asd/ros2_ws4/install/esp_wifi:/home/asd/ros2_ws4/install/maping_odom:/home/asd/ros2_ws/install/turtlesim_catch_them_all:/home/asd/ros2_ws/install/my_py_pkg:/opt/ros/humble /usr/bin/cmake --install /home/asd/ros2_ws9/build/turtlebot3_gazebo_goat
[0.707s] Level 1:colcon.colcon_core.environment:create_environment_scripts_only(turtlebot3_fake_node)
[0.708s] Level 1:colcon.colcon_core.environment:checking '/home/asd/ros2_ws9/install/turtlebot3_fake_node' for CMake module files
[0.708s] DEBUG:colcon.colcon_core.event_handler.log_command:Invoked command in '/home/asd/ros2_ws9/build/turtlebot3_fake_node' returned '0': CMAKE_PREFIX_PATH=${CMAKE_PREFIX_PATH}:/home/asd/ros2_ws9/install/my_goat_pkg:/home/asd/ros2_ws7/install/my_py_pkg_anscer:/home/asd/ros2_ws4/install/esp_wifi:/home/asd/ros2_ws4/install/maping_odom:/home/asd/ros2_ws/install/turtlesim_catch_them_all:/home/asd/ros2_ws/install/my_py_pkg:/opt/ros/humble /usr/bin/cmake --install /home/asd/ros2_ws9/build/turtlebot3_fake_node
[0.709s] Level 1:colcon.colcon_core.environment:checking '/home/asd/ros2_ws9/install/turtlebot3_fake_node' for CMake config files
[0.709s] Level 1:colcon.colcon_core.shell:create_environment_hook('turtlebot3_fake_node', 'cmake_prefix_path')
[0.709s] INFO:colcon.colcon_core.shell:Creating environment hook '/home/asd/ros2_ws9/install/turtlebot3_fake_node/share/turtlebot3_fake_node/hook/cmake_prefix_path.ps1'
[0.710s] INFO:colcon.colcon_core.shell:Creating environment descriptor '/home/asd/ros2_ws9/install/turtlebot3_fake_node/share/turtlebot3_fake_node/hook/cmake_prefix_path.dsv'
[0.710s] INFO:colcon.colcon_core.shell:Creating environment hook '/home/asd/ros2_ws9/install/turtlebot3_fake_node/share/turtlebot3_fake_node/hook/cmake_prefix_path.sh'
[0.711s] Level 1:colcon.colcon_core.environment:checking '/home/asd/ros2_ws9/install/turtlebot3_fake_node/lib'
[0.711s] Level 1:colcon.colcon_core.environment:checking '/home/asd/ros2_ws9/install/turtlebot3_fake_node/bin'
[0.711s] Level 1:colcon.colcon_core.environment:checking '/home/asd/ros2_ws9/install/turtlebot3_fake_node/lib/pkgconfig/turtlebot3_fake_node.pc'
[0.712s] Level 1:colcon.colcon_core.environment:checking '/home/asd/ros2_ws9/install/turtlebot3_fake_node/lib/python3.10/site-packages'
[0.712s] Level 1:colcon.colcon_core.environment:checking '/home/asd/ros2_ws9/install/turtlebot3_fake_node/bin'
[0.712s] INFO:colcon.colcon_core.shell:Creating package script '/home/asd/ros2_ws9/install/turtlebot3_fake_node/share/turtlebot3_fake_node/package.ps1'
[0.714s] INFO:colcon.colcon_core.shell:Creating package descriptor '/home/asd/ros2_ws9/install/turtlebot3_fake_node/share/turtlebot3_fake_node/package.dsv'
[0.715s] INFO:colcon.colcon_core.shell:Creating package script '/home/asd/ros2_ws9/install/turtlebot3_fake_node/share/turtlebot3_fake_node/package.sh'
[0.717s] INFO:colcon.colcon_core.shell:Creating package script '/home/asd/ros2_ws9/install/turtlebot3_fake_node/share/turtlebot3_fake_node/package.bash'
[0.725s] INFO:colcon.colcon_core.shell:Creating package script '/home/asd/ros2_ws9/install/turtlebot3_fake_node/share/turtlebot3_fake_node/package.zsh'
[0.727s] Level 1:colcon.colcon_core.environment:create_file_with_runtime_dependencies(/home/asd/ros2_ws9/install/turtlebot3_fake_node/share/colcon-core/packages/turtlebot3_fake_node)
[0.728s] Level 1:colcon.colcon_core.environment:create_environment_scripts_only(turtlebot3_fake_node)
[0.729s] Level 1:colcon.colcon_core.environment:checking '/home/asd/ros2_ws9/install/turtlebot3_fake_node' for CMake module files
[0.730s] Level 1:colcon.colcon_core.environment:checking '/home/asd/ros2_ws9/install/turtlebot3_fake_node' for CMake config files
[0.730s] Level 1:colcon.colcon_core.shell:create_environment_hook('turtlebot3_fake_node', 'cmake_prefix_path')
[0.731s] INFO:colcon.colcon_core.shell:Creating environment hook '/home/asd/ros2_ws9/install/turtlebot3_fake_node/share/turtlebot3_fake_node/hook/cmake_prefix_path.ps1'
[0.732s] INFO:colcon.colcon_core.shell:Creating environment descriptor '/home/asd/ros2_ws9/install/turtlebot3_fake_node/share/turtlebot3_fake_node/hook/cmake_prefix_path.dsv'
[0.732s] INFO:colcon.colcon_core.shell:Creating environment hook '/home/asd/ros2_ws9/install/turtlebot3_fake_node/share/turtlebot3_fake_node/hook/cmake_prefix_path.sh'
[0.733s] Level 1:colcon.colcon_core.environment:checking '/home/asd/ros2_ws9/install/turtlebot3_fake_node/lib'
[0.734s] Level 1:colcon.colcon_core.environment:checking '/home/asd/ros2_ws9/install/turtlebot3_fake_node/bin'
[0.734s] Level 1:colcon.colcon_core.environment:checking '/home/asd/ros2_ws9/install/turtlebot3_fake_node/lib/pkgconfig/turtlebot3_fake_node.pc'
[0.734s] Level 1:colcon.colcon_core.environment:checking '/home/asd/ros2_ws9/install/turtlebot3_fake_node/lib/python3.10/site-packages'
[0.734s] Level 1:colcon.colcon_core.environment:checking '/home/asd/ros2_ws9/install/turtlebot3_fake_node/bin'
[0.735s] INFO:colcon.colcon_core.shell:Creating package script '/home/asd/ros2_ws9/install/turtlebot3_fake_node/share/turtlebot3_fake_node/package.ps1'
[0.736s] INFO:colcon.colcon_core.shell:Creating package descriptor '/home/asd/ros2_ws9/install/turtlebot3_fake_node/share/turtlebot3_fake_node/package.dsv'
[0.737s] INFO:colcon.colcon_core.shell:Creating package script '/home/asd/ros2_ws9/install/turtlebot3_fake_node/share/turtlebot3_fake_node/package.sh'
[0.737s] INFO:colcon.colcon_core.shell:Creating package script '/home/asd/ros2_ws9/install/turtlebot3_fake_node/share/turtlebot3_fake_node/package.bash'
[0.738s] INFO:colcon.colcon_core.shell:Creating package script '/home/asd/ros2_ws9/install/turtlebot3_fake_node/share/turtlebot3_fake_node/package.zsh'
[0.739s] Level 1:colcon.colcon_core.environment:create_file_with_runtime_dependencies(/home/asd/ros2_ws9/install/turtlebot3_fake_node/share/colcon-core/packages/turtlebot3_fake_node)
[0.740s] INFO:colcon.colcon_ros.task.ament_cmake.build:Building ROS package in '/home/asd/ros2_ws9/src/turtlebot3_simulations' with build type 'ament_cmake'
[0.740s] INFO:colcon.colcon_cmake.task.cmake.build:Building CMake package in '/home/asd/ros2_ws9/src/turtlebot3_simulations'
[0.740s] INFO:colcon.colcon_core.shell:Skip shell extension 'powershell' for command environment: Not usable outside of PowerShell
[0.740s] DEBUG:colcon.colcon_core.shell:Skip shell extension 'dsv' for command environment
[0.754s] Level 1:colcon.colcon_core.environment:create_environment_scripts_only(turtlebot3_gazebo_goat)
[0.755s] Level 1:colcon.colcon_core.environment:checking '/home/asd/ros2_ws9/install/turtlebot3_gazebo_goat' for CMake module files
[0.756s] DEBUG:colcon.colcon_core.event_handler.log_command:Invoked command in '/home/asd/ros2_ws9/build/turtlebot3_gazebo_goat' returned '0': CMAKE_PREFIX_PATH=${CMAKE_PREFIX_PATH}:/home/asd/ros2_ws9/install/my_goat_pkg:/home/asd/ros2_ws7/install/my_py_pkg_anscer:/home/asd/ros2_ws4/install/esp_wifi:/home/asd/ros2_ws4/install/maping_odom:/home/asd/ros2_ws/install/turtlesim_catch_them_all:/home/asd/ros2_ws/install/my_py_pkg:/opt/ros/humble /usr/bin/cmake --install /home/asd/ros2_ws9/build/turtlebot3_gazebo_goat
[0.756s] Level 1:colcon.colcon_core.environment:checking '/home/asd/ros2_ws9/install/turtlebot3_gazebo_goat' for CMake config files
[0.757s] Level 1:colcon.colcon_core.shell:create_environment_hook('turtlebot3_gazebo_goat', 'cmake_prefix_path')
[0.757s] INFO:colcon.colcon_core.shell:Creating environment hook '/home/asd/ros2_ws9/install/turtlebot3_gazebo_goat/share/turtlebot3_gazebo_goat/hook/cmake_prefix_path.ps1'
[0.758s] INFO:colcon.colcon_core.shell:Creating environment descriptor '/home/asd/ros2_ws9/install/turtlebot3_gazebo_goat/share/turtlebot3_gazebo_goat/hook/cmake_prefix_path.dsv'
[0.758s] INFO:colcon.colcon_core.shell:Creating environment hook '/home/asd/ros2_ws9/install/turtlebot3_gazebo_goat/share/turtlebot3_gazebo_goat/hook/cmake_prefix_path.sh'
[0.759s] Level 1:colcon.colcon_core.environment:checking '/home/asd/ros2_ws9/install/turtlebot3_gazebo_goat/lib'
[0.759s] Level 1:colcon.colcon_core.environment:checking '/home/asd/ros2_ws9/install/turtlebot3_gazebo_goat/bin'
[0.759s] Level 1:colcon.colcon_core.environment:checking '/home/asd/ros2_ws9/install/turtlebot3_gazebo_goat/lib/pkgconfig/turtlebot3_gazebo_goat.pc'
[0.759s] Level 1:colcon.colcon_core.environment:checking '/home/asd/ros2_ws9/install/turtlebot3_gazebo_goat/lib/python3.10/site-packages'
[0.760s] Level 1:colcon.colcon_core.environment:checking '/home/asd/ros2_ws9/install/turtlebot3_gazebo_goat/bin'
[0.760s] INFO:colcon.colcon_core.shell:Creating package script '/home/asd/ros2_ws9/install/turtlebot3_gazebo_goat/share/turtlebot3_gazebo_goat/package.ps1'
[0.761s] INFO:colcon.colcon_core.shell:Creating package descriptor '/home/asd/ros2_ws9/install/turtlebot3_gazebo_goat/share/turtlebot3_gazebo_goat/package.dsv'
[0.761s] INFO:colcon.colcon_core.shell:Creating package script '/home/asd/ros2_ws9/install/turtlebot3_gazebo_goat/share/turtlebot3_gazebo_goat/package.sh'
[0.762s] INFO:colcon.colcon_core.shell:Creating package script '/home/asd/ros2_ws9/install/turtlebot3_gazebo_goat/share/turtlebot3_gazebo_goat/package.bash'
[0.763s] INFO:colcon.colcon_core.shell:Creating package script '/home/asd/ros2_ws9/install/turtlebot3_gazebo_goat/share/turtlebot3_gazebo_goat/package.zsh'
[0.763s] Level 1:colcon.colcon_core.environment:create_file_with_runtime_dependencies(/home/asd/ros2_ws9/install/turtlebot3_gazebo_goat/share/colcon-core/packages/turtlebot3_gazebo_goat)
[0.764s] Level 1:colcon.colcon_core.environment:create_environment_scripts_only(turtlebot3_gazebo_goat)
[0.764s] Level 1:colcon.colcon_core.environment:checking '/home/asd/ros2_ws9/install/turtlebot3_gazebo_goat' for CMake module files
[0.765s] Level 1:colcon.colcon_core.environment:checking '/home/asd/ros2_ws9/install/turtlebot3_gazebo_goat' for CMake config files
[0.766s] Level 1:colcon.colcon_core.shell:create_environment_hook('turtlebot3_gazebo_goat', 'cmake_prefix_path')
[0.766s] INFO:colcon.colcon_core.shell:Creating environment hook '/home/asd/ros2_ws9/install/turtlebot3_gazebo_goat/share/turtlebot3_gazebo_goat/hook/cmake_prefix_path.ps1'
[0.767s] INFO:colcon.colcon_core.shell:Creating environment descriptor '/home/asd/ros2_ws9/install/turtlebot3_gazebo_goat/share/turtlebot3_gazebo_goat/hook/cmake_prefix_path.dsv'
[0.767s] INFO:colcon.colcon_core.shell:Creating environment hook '/home/asd/ros2_ws9/install/turtlebot3_gazebo_goat/share/turtlebot3_gazebo_goat/hook/cmake_prefix_path.sh'
[0.768s] Level 1:colcon.colcon_core.environment:checking '/home/asd/ros2_ws9/install/turtlebot3_gazebo_goat/lib'
[0.768s] Level 1:colcon.colcon_core.environment:checking '/home/asd/ros2_ws9/install/turtlebot3_gazebo_goat/bin'
[0.768s] Level 1:colcon.colcon_core.environment:checking '/home/asd/ros2_ws9/install/turtlebot3_gazebo_goat/lib/pkgconfig/turtlebot3_gazebo_goat.pc'
[0.769s] Level 1:colcon.colcon_core.environment:checking '/home/asd/ros2_ws9/install/turtlebot3_gazebo_goat/lib/python3.10/site-packages'
[0.769s] Level 1:colcon.colcon_core.environment:checking '/home/asd/ros2_ws9/install/turtlebot3_gazebo_goat/bin'
[0.769s] INFO:colcon.colcon_core.shell:Creating package script '/home/asd/ros2_ws9/install/turtlebot3_gazebo_goat/share/turtlebot3_gazebo_goat/package.ps1'
[0.770s] INFO:colcon.colcon_core.shell:Creating package descriptor '/home/asd/ros2_ws9/install/turtlebot3_gazebo_goat/share/turtlebot3_gazebo_goat/package.dsv'
[0.771s] INFO:colcon.colcon_core.shell:Creating package script '/home/asd/ros2_ws9/install/turtlebot3_gazebo_goat/share/turtlebot3_gazebo_goat/package.sh'
[0.772s] INFO:colcon.colcon_core.shell:Creating package script '/home/asd/ros2_ws9/install/turtlebot3_gazebo_goat/share/turtlebot3_gazebo_goat/package.bash'
[0.772s] INFO:colcon.colcon_core.shell:Creating package script '/home/asd/ros2_ws9/install/turtlebot3_gazebo_goat/share/turtlebot3_gazebo_goat/package.zsh'
[0.773s] Level 1:colcon.colcon_core.environment:create_file_with_runtime_dependencies(/home/asd/ros2_ws9/install/turtlebot3_gazebo_goat/share/colcon-core/packages/turtlebot3_gazebo_goat)
[0.777s] DEBUG:colcon.colcon_core.event_handler.log_command:Invoking command in '/home/asd/ros2_ws9/build/turtlebot3_simulations': CMAKE_PREFIX_PATH=/home/asd/ros2_ws9/install/turtlebot3_fake_node:/home/asd/ros2_ws9/install/turtlebot3_simulations:/home/asd/ros2_ws9/install/turtlebot3_gazebo_goat:/home/asd/ros2_ws9/install/testbed_gazebo_goat:/home/asd/ros2_ws9/install/testbed_description_goat:/home/asd/ros2_ws9/install/goat_interfaces:/home/asd/ros2_ws9/install/goat_gazebo:/home/asd/ros2_ws6/install/testbed_navigation:/home/asd/ros2_ws6/install/testbed_gazebo:/home/asd/ros2_ws6/install/testbed_description:/home/asd/ros2_ws6/install/testbed_bringup:/home/asd/ros2_ws7/install/bring_up_anscer:/home/asd/ros2_ws7/install/custom_interfaces_anscer:/home/asd/ros2_ws4/install/my_interfaces:/home/asd/ros2_ws/install/turtlesim_project_cpp:/home/asd/ros2_ws/install/my_robot_bringup_one:/home/asd/ros2_ws/install/my_cpp_pkg:/home/asd/ros2_ws/install/my_robot_interfaces:/home/asd/ros2_ws2/install/my_robot_description:/home/asd/ros2_ws2/install/my_robot_bringup:/home/asd/ros2_ws9/install/my_goat_pkg:/home/asd/ros2_ws7/install/my_py_pkg_anscer:/home/asd/ros2_ws4/install/esp_wifi:/home/asd/ros2_ws4/install/maping_odom:/home/asd/ros2_ws/install/turtlesim_catch_them_all:/home/asd/ros2_ws/install/my_py_pkg:/opt/ros/humble /usr/bin/cmake --build /home/asd/ros2_ws9/build/turtlebot3_simulations -- -j8 -l8
[0.820s] DEBUG:colcon.colcon_core.event_handler.log_command:Invoked command in '/home/asd/ros2_ws9/build/turtlebot3_simulations' returned '0': CMAKE_PREFIX_PATH=/home/asd/ros2_ws9/install/turtlebot3_fake_node:/home/asd/ros2_ws9/install/turtlebot3_simulations:/home/asd/ros2_ws9/install/turtlebot3_gazebo_goat:/home/asd/ros2_ws9/install/testbed_gazebo_goat:/home/asd/ros2_ws9/install/testbed_description_goat:/home/asd/ros2_ws9/install/goat_interfaces:/home/asd/ros2_ws9/install/goat_gazebo:/home/asd/ros2_ws6/install/testbed_navigation:/home/asd/ros2_ws6/install/testbed_gazebo:/home/asd/ros2_ws6/install/testbed_description:/home/asd/ros2_ws6/install/testbed_bringup:/home/asd/ros2_ws7/install/bring_up_anscer:/home/asd/ros2_ws7/install/custom_interfaces_anscer:/home/asd/ros2_ws4/install/my_interfaces:/home/asd/ros2_ws/install/turtlesim_project_cpp:/home/asd/ros2_ws/install/my_robot_bringup_one:/home/asd/ros2_ws/install/my_cpp_pkg:/home/asd/ros2_ws/install/my_robot_interfaces:/home/asd/ros2_ws2/install/my_robot_description:/home/asd/ros2_ws2/install/my_robot_bringup:/home/asd/ros2_ws9/install/my_goat_pkg:/home/asd/ros2_ws7/install/my_py_pkg_anscer:/home/asd/ros2_ws4/install/esp_wifi:/home/asd/ros2_ws4/install/maping_odom:/home/asd/ros2_ws/install/turtlesim_catch_them_all:/home/asd/ros2_ws/install/my_py_pkg:/opt/ros/humble /usr/bin/cmake --build /home/asd/ros2_ws9/build/turtlebot3_simulations -- -j8 -l8
[0.822s] DEBUG:colcon.colcon_core.event_handler.log_command:Invoking command in '/home/asd/ros2_ws9/build/turtlebot3_simulations': CMAKE_PREFIX_PATH=/home/asd/ros2_ws9/install/turtlebot3_fake_node:/home/asd/ros2_ws9/install/turtlebot3_simulations:/home/asd/ros2_ws9/install/turtlebot3_gazebo_goat:/home/asd/ros2_ws9/install/testbed_gazebo_goat:/home/asd/ros2_ws9/install/testbed_description_goat:/home/asd/ros2_ws9/install/goat_interfaces:/home/asd/ros2_ws9/install/goat_gazebo:/home/asd/ros2_ws6/install/testbed_navigation:/home/asd/ros2_ws6/install/testbed_gazebo:/home/asd/ros2_ws6/install/testbed_description:/home/asd/ros2_ws6/install/testbed_bringup:/home/asd/ros2_ws7/install/bring_up_anscer:/home/asd/ros2_ws7/install/custom_interfaces_anscer:/home/asd/ros2_ws4/install/my_interfaces:/home/asd/ros2_ws/install/turtlesim_project_cpp:/home/asd/ros2_ws/install/my_robot_bringup_one:/home/asd/ros2_ws/install/my_cpp_pkg:/home/asd/ros2_ws/install/my_robot_interfaces:/home/asd/ros2_ws2/install/my_robot_description:/home/asd/ros2_ws2/install/my_robot_bringup:/home/asd/ros2_ws9/install/my_goat_pkg:/home/asd/ros2_ws7/install/my_py_pkg_anscer:/home/asd/ros2_ws4/install/esp_wifi:/home/asd/ros2_ws4/install/maping_odom:/home/asd/ros2_ws/install/turtlesim_catch_them_all:/home/asd/ros2_ws/install/my_py_pkg:/opt/ros/humble /usr/bin/cmake --install /home/asd/ros2_ws9/build/turtlebot3_simulations
[0.832s] Level 1:colcon.colcon_core.environment:create_environment_scripts_only(turtlebot3_simulations)
[0.833s] Level 1:colcon.colcon_core.environment:checking '/home/asd/ros2_ws9/install/turtlebot3_simulations' for CMake module files
[0.834s] DEBUG:colcon.colcon_core.event_handler.log_command:Invoked command in '/home/asd/ros2_ws9/build/turtlebot3_simulations' returned '0': CMAKE_PREFIX_PATH=/home/asd/ros2_ws9/install/turtlebot3_fake_node:/home/asd/ros2_ws9/install/turtlebot3_simulations:/home/asd/ros2_ws9/install/turtlebot3_gazebo_goat:/home/asd/ros2_ws9/install/testbed_gazebo_goat:/home/asd/ros2_ws9/install/testbed_description_goat:/home/asd/ros2_ws9/install/goat_interfaces:/home/asd/ros2_ws9/install/goat_gazebo:/home/asd/ros2_ws6/install/testbed_navigation:/home/asd/ros2_ws6/install/testbed_gazebo:/home/asd/ros2_ws6/install/testbed_description:/home/asd/ros2_ws6/install/testbed_bringup:/home/asd/ros2_ws7/install/bring_up_anscer:/home/asd/ros2_ws7/install/custom_interfaces_anscer:/home/asd/ros2_ws4/install/my_interfaces:/home/asd/ros2_ws/install/turtlesim_project_cpp:/home/asd/ros2_ws/install/my_robot_bringup_one:/home/asd/ros2_ws/install/my_cpp_pkg:/home/asd/ros2_ws/install/my_robot_interfaces:/home/asd/ros2_ws2/install/my_robot_description:/home/asd/ros2_ws2/install/my_robot_bringup:/home/asd/ros2_ws9/install/my_goat_pkg:/home/asd/ros2_ws7/install/my_py_pkg_anscer:/home/asd/ros2_ws4/install/esp_wifi:/home/asd/ros2_ws4/install/maping_odom:/home/asd/ros2_ws/install/turtlesim_catch_them_all:/home/asd/ros2_ws/install/my_py_pkg:/opt/ros/humble /usr/bin/cmake --install /home/asd/ros2_ws9/build/turtlebot3_simulations
[0.834s] Level 1:colcon.colcon_core.environment:checking '/home/asd/ros2_ws9/install/turtlebot3_simulations' for CMake config files
[0.834s] Level 1:colcon.colcon_core.shell:create_environment_hook('turtlebot3_simulations', 'cmake_prefix_path')
[0.835s] INFO:colcon.colcon_core.shell:Creating environment hook '/home/asd/ros2_ws9/install/turtlebot3_simulations/share/turtlebot3_simulations/hook/cmake_prefix_path.ps1'
[0.835s] INFO:colcon.colcon_core.shell:Creating environment descriptor '/home/asd/ros2_ws9/install/turtlebot3_simulations/share/turtlebot3_simulations/hook/cmake_prefix_path.dsv'
[0.836s] INFO:colcon.colcon_core.shell:Creating environment hook '/home/asd/ros2_ws9/install/turtlebot3_simulations/share/turtlebot3_simulations/hook/cmake_prefix_path.sh'
[0.837s] Level 1:colcon.colcon_core.environment:checking '/home/asd/ros2_ws9/install/turtlebot3_simulations/bin'
[0.837s] Level 1:colcon.colcon_core.environment:checking '/home/asd/ros2_ws9/install/turtlebot3_simulations/lib/pkgconfig/turtlebot3_simulations.pc'
[0.837s] Level 1:colcon.colcon_core.environment:checking '/home/asd/ros2_ws9/install/turtlebot3_simulations/lib/python3.10/site-packages'
[0.837s] Level 1:colcon.colcon_core.environment:checking '/home/asd/ros2_ws9/install/turtlebot3_simulations/bin'
[0.838s] INFO:colcon.colcon_core.shell:Creating package script '/home/asd/ros2_ws9/install/turtlebot3_simulations/share/turtlebot3_simulations/package.ps1'
[0.839s] INFO:colcon.colcon_core.shell:Creating package descriptor '/home/asd/ros2_ws9/install/turtlebot3_simulations/share/turtlebot3_simulations/package.dsv'
[0.839s] INFO:colcon.colcon_core.shell:Creating package script '/home/asd/ros2_ws9/install/turtlebot3_simulations/share/turtlebot3_simulations/package.sh'
[0.840s] INFO:colcon.colcon_core.shell:Creating package script '/home/asd/ros2_ws9/install/turtlebot3_simulations/share/turtlebot3_simulations/package.bash'
[0.840s] INFO:colcon.colcon_core.shell:Creating package script '/home/asd/ros2_ws9/install/turtlebot3_simulations/share/turtlebot3_simulations/package.zsh'
[0.841s] Level 1:colcon.colcon_core.environment:create_file_with_runtime_dependencies(/home/asd/ros2_ws9/install/turtlebot3_simulations/share/colcon-core/packages/turtlebot3_simulations)
[0.842s] Level 1:colcon.colcon_core.environment:create_environment_scripts_only(turtlebot3_simulations)
[0.842s] Level 1:colcon.colcon_core.environment:checking '/home/asd/ros2_ws9/install/turtlebot3_simulations' for CMake module files
[0.843s] Level 1:colcon.colcon_core.environment:checking '/home/asd/ros2_ws9/install/turtlebot3_simulations' for CMake config files
[0.843s] Level 1:colcon.colcon_core.shell:create_environment_hook('turtlebot3_simulations', 'cmake_prefix_path')
[0.843s] INFO:colcon.colcon_core.shell:Creating environment hook '/home/asd/ros2_ws9/install/turtlebot3_simulations/share/turtlebot3_simulations/hook/cmake_prefix_path.ps1'
[0.844s] INFO:colcon.colcon_core.shell:Creating environment descriptor '/home/asd/ros2_ws9/install/turtlebot3_simulations/share/turtlebot3_simulations/hook/cmake_prefix_path.dsv'
[0.844s] INFO:colcon.colcon_core.shell:Creating environment hook '/home/asd/ros2_ws9/install/turtlebot3_simulations/share/turtlebot3_simulations/hook/cmake_prefix_path.sh'
[0.845s] Level 1:colcon.colcon_core.environment:checking '/home/asd/ros2_ws9/install/turtlebot3_simulations/bin'
[0.845s] Level 1:colcon.colcon_core.environment:checking '/home/asd/ros2_ws9/install/turtlebot3_simulations/lib/pkgconfig/turtlebot3_simulations.pc'
[0.846s] Level 1:colcon.colcon_core.environment:checking '/home/asd/ros2_ws9/install/turtlebot3_simulations/lib/python3.10/site-packages'
[0.846s] Level 1:colcon.colcon_core.environment:checking '/home/asd/ros2_ws9/install/turtlebot3_simulations/bin'
[0.846s] INFO:colcon.colcon_core.shell:Creating package script '/home/asd/ros2_ws9/install/turtlebot3_simulations/share/turtlebot3_simulations/package.ps1'
[0.847s] INFO:colcon.colcon_core.shell:Creating package descriptor '/home/asd/ros2_ws9/install/turtlebot3_simulations/share/turtlebot3_simulations/package.dsv'
[0.848s] INFO:colcon.colcon_core.shell:Creating package script '/home/asd/ros2_ws9/install/turtlebot3_simulations/share/turtlebot3_simulations/package.sh'
[0.849s] INFO:colcon.colcon_core.shell:Creating package script '/home/asd/ros2_ws9/install/turtlebot3_simulations/share/turtlebot3_simulations/package.bash'
[0.850s] INFO:colcon.colcon_core.shell:Creating package script '/home/asd/ros2_ws9/install/turtlebot3_simulations/share/turtlebot3_simulations/package.zsh'
[0.850s] Level 1:colcon.colcon_core.environment:create_file_with_runtime_dependencies(/home/asd/ros2_ws9/install/turtlebot3_simulations/share/colcon-core/packages/turtlebot3_simulations)
[1.048s] DEBUG:colcon.colcon_core.event_handler.log_command:Invoked command in '/home/asd/ros2_ws9/build/goat_interfaces' returned '0': CMAKE_PREFIX_PATH=${CMAKE_PREFIX_PATH}:/home/asd/ros2_ws9/install/my_goat_pkg:/home/asd/ros2_ws7/install/my_py_pkg_anscer:/home/asd/ros2_ws4/install/esp_wifi:/home/asd/ros2_ws4/install/maping_odom:/home/asd/ros2_ws/install/turtlesim_catch_them_all:/home/asd/ros2_ws/install/my_py_pkg:/opt/ros/humble /usr/bin/cmake --build /home/asd/ros2_ws9/build/goat_interfaces -- -j8 -l8
[1.050s] DEBUG:colcon.colcon_core.event_handler.log_command:Invoking command in '/home/asd/ros2_ws9/build/goat_interfaces': CMAKE_PREFIX_PATH=${CMAKE_PREFIX_PATH}:/home/asd/ros2_ws9/install/my_goat_pkg:/home/asd/ros2_ws7/install/my_py_pkg_anscer:/home/asd/ros2_ws4/install/esp_wifi:/home/asd/ros2_ws4/install/maping_odom:/home/asd/ros2_ws/install/turtlesim_catch_them_all:/home/asd/ros2_ws/install/my_py_pkg:/opt/ros/humble /usr/bin/cmake --install /home/asd/ros2_ws9/build/goat_interfaces
[1.169s] Level 1:colcon.colcon_core.environment:create_environment_scripts_only(goat_interfaces)
[1.169s] Level 1:colcon.colcon_core.environment:checking '/home/asd/ros2_ws9/install/goat_interfaces' for CMake module files
[1.169s] DEBUG:colcon.colcon_core.event_handler.log_command:Invoked command in '/home/asd/ros2_ws9/build/goat_interfaces' returned '0': CMAKE_PREFIX_PATH=${CMAKE_PREFIX_PATH}:/home/asd/ros2_ws9/install/my_goat_pkg:/home/asd/ros2_ws7/install/my_py_pkg_anscer:/home/asd/ros2_ws4/install/esp_wifi:/home/asd/ros2_ws4/install/maping_odom:/home/asd/ros2_ws/install/turtlesim_catch_them_all:/home/asd/ros2_ws/install/my_py_pkg:/opt/ros/humble /usr/bin/cmake --install /home/asd/ros2_ws9/build/goat_interfaces
[1.170s] Level 1:colcon.colcon_core.environment:checking '/home/asd/ros2_ws9/install/goat_interfaces' for CMake config files
[1.170s] Level 1:colcon.colcon_core.shell:create_environment_hook('goat_interfaces', 'cmake_prefix_path')
[1.170s] INFO:colcon.colcon_core.shell:Creating environment hook '/home/asd/ros2_ws9/install/goat_interfaces/share/goat_interfaces/hook/cmake_prefix_path.ps1'
[1.171s] INFO:colcon.colcon_core.shell:Creating environment descriptor '/home/asd/ros2_ws9/install/goat_interfaces/share/goat_interfaces/hook/cmake_prefix_path.dsv'
[1.171s] INFO:colcon.colcon_core.shell:Creating environment hook '/home/asd/ros2_ws9/install/goat_interfaces/share/goat_interfaces/hook/cmake_prefix_path.sh'
[1.172s] Level 1:colcon.colcon_core.environment:checking '/home/asd/ros2_ws9/install/goat_interfaces/lib'
[1.172s] Level 1:colcon.colcon_core.shell:create_environment_hook('goat_interfaces', 'ld_library_path_lib')
[1.172s] INFO:colcon.colcon_core.shell:Creating environment hook '/home/asd/ros2_ws9/install/goat_interfaces/share/goat_interfaces/hook/ld_library_path_lib.ps1'
[1.172s] INFO:colcon.colcon_core.shell:Creating environment descriptor '/home/asd/ros2_ws9/install/goat_interfaces/share/goat_interfaces/hook/ld_library_path_lib.dsv'
[1.173s] INFO:colcon.colcon_core.shell:Creating environment hook '/home/asd/ros2_ws9/install/goat_interfaces/share/goat_interfaces/hook/ld_library_path_lib.sh'
[1.173s] Level 1:colcon.colcon_core.environment:checking '/home/asd/ros2_ws9/install/goat_interfaces/bin'
[1.173s] Level 1:colcon.colcon_core.environment:checking '/home/asd/ros2_ws9/install/goat_interfaces/lib/pkgconfig/goat_interfaces.pc'
[1.173s] Level 1:colcon.colcon_core.environment:checking '/home/asd/ros2_ws9/install/goat_interfaces/lib/python3.10/site-packages'
[1.173s] Level 1:colcon.colcon_core.environment:checking '/home/asd/ros2_ws9/install/goat_interfaces/bin'
[1.174s] INFO:colcon.colcon_core.shell:Creating package script '/home/asd/ros2_ws9/install/goat_interfaces/share/goat_interfaces/package.ps1'
[1.174s] INFO:colcon.colcon_core.shell:Creating package descriptor '/home/asd/ros2_ws9/install/goat_interfaces/share/goat_interfaces/package.dsv'
[1.174s] INFO:colcon.colcon_core.shell:Creating package script '/home/asd/ros2_ws9/install/goat_interfaces/share/goat_interfaces/package.sh'
[1.175s] INFO:colcon.colcon_core.shell:Creating package script '/home/asd/ros2_ws9/install/goat_interfaces/share/goat_interfaces/package.bash'
[1.175s] INFO:colcon.colcon_core.shell:Creating package script '/home/asd/ros2_ws9/install/goat_interfaces/share/goat_interfaces/package.zsh'
[1.176s] Level 1:colcon.colcon_core.environment:create_file_with_runtime_dependencies(/home/asd/ros2_ws9/install/goat_interfaces/share/colcon-core/packages/goat_interfaces)
[1.176s] Level 1:colcon.colcon_core.environment:create_environment_scripts_only(goat_interfaces)
[1.176s] Level 1:colcon.colcon_core.environment:checking '/home/asd/ros2_ws9/install/goat_interfaces' for CMake module files
[1.177s] Level 1:colcon.colcon_core.environment:checking '/home/asd/ros2_ws9/install/goat_interfaces' for CMake config files
[1.177s] Level 1:colcon.colcon_core.shell:create_environment_hook('goat_interfaces', 'cmake_prefix_path')
[1.177s] INFO:colcon.colcon_core.shell:Creating environment hook '/home/asd/ros2_ws9/install/goat_interfaces/share/goat_interfaces/hook/cmake_prefix_path.ps1'
[1.178s] INFO:colcon.colcon_core.shell:Creating environment descriptor '/home/asd/ros2_ws9/install/goat_interfaces/share/goat_interfaces/hook/cmake_prefix_path.dsv'
[1.178s] INFO:colcon.colcon_core.shell:Creating environment hook '/home/asd/ros2_ws9/install/goat_interfaces/share/goat_interfaces/hook/cmake_prefix_path.sh'
[1.178s] Level 1:colcon.colcon_core.environment:checking '/home/asd/ros2_ws9/install/goat_interfaces/lib'
[1.179s] Level 1:colcon.colcon_core.shell:create_environment_hook('goat_interfaces', 'ld_library_path_lib')
[1.179s] INFO:colcon.colcon_core.shell:Creating environment hook '/home/asd/ros2_ws9/install/goat_interfaces/share/goat_interfaces/hook/ld_library_path_lib.ps1'
[1.179s] INFO:colcon.colcon_core.shell:Creating environment descriptor '/home/asd/ros2_ws9/install/goat_interfaces/share/goat_interfaces/hook/ld_library_path_lib.dsv'
[1.180s] INFO:colcon.colcon_core.shell:Creating environment hook '/home/asd/ros2_ws9/install/goat_interfaces/share/goat_interfaces/hook/ld_library_path_lib.sh'
[1.180s] Level 1:colcon.colcon_core.environment:checking '/home/asd/ros2_ws9/install/goat_interfaces/bin'
[1.180s] Level 1:colcon.colcon_core.environment:checking '/home/asd/ros2_ws9/install/goat_interfaces/lib/pkgconfig/goat_interfaces.pc'
[1.180s] Level 1:colcon.colcon_core.environment:checking '/home/asd/ros2_ws9/install/goat_interfaces/lib/python3.10/site-packages'
[1.180s] Level 1:colcon.colcon_core.environment:checking '/home/asd/ros2_ws9/install/goat_interfaces/bin'
[1.181s] INFO:colcon.colcon_core.shell:Creating package script '/home/asd/ros2_ws9/install/goat_interfaces/share/goat_interfaces/package.ps1'
[1.181s] INFO:colcon.colcon_core.shell:Creating package descriptor '/home/asd/ros2_ws9/install/goat_interfaces/share/goat_interfaces/package.dsv'
[1.182s] INFO:colcon.colcon_core.shell:Creating package script '/home/asd/ros2_ws9/install/goat_interfaces/share/goat_interfaces/package.sh'
[1.182s] INFO:colcon.colcon_core.shell:Creating package script '/home/asd/ros2_ws9/install/goat_interfaces/share/goat_interfaces/package.bash'
[1.183s] INFO:colcon.colcon_core.shell:Creating package script '/home/asd/ros2_ws9/install/goat_interfaces/share/goat_interfaces/package.zsh'
[1.183s] Level 1:colcon.colcon_core.environment:create_file_with_runtime_dependencies(/home/asd/ros2_ws9/install/goat_interfaces/share/colcon-core/packages/goat_interfaces)
[1.183s] INFO:colcon.colcon_ros.task.ament_python.build:Building ROS package in '/home/asd/ros2_ws9/src/my_goat_pkg' with build type 'ament_python'
[1.183s] Level 1:colcon.colcon_core.shell:create_environment_hook('my_goat_pkg', 'ament_prefix_path')
[1.184s] INFO:colcon.colcon_core.shell:Creating environment hook '/home/asd/ros2_ws9/install/my_goat_pkg/share/my_goat_pkg/hook/ament_prefix_path.ps1'
[1.184s] INFO:colcon.colcon_core.shell:Creating environment descriptor '/home/asd/ros2_ws9/install/my_goat_pkg/share/my_goat_pkg/hook/ament_prefix_path.dsv'
[1.185s] INFO:colcon.colcon_core.shell:Creating environment hook '/home/asd/ros2_ws9/install/my_goat_pkg/share/my_goat_pkg/hook/ament_prefix_path.sh'
[1.185s] INFO:colcon.colcon_core.shell:Skip shell extension 'powershell' for command environment: Not usable outside of PowerShell
[1.185s] DEBUG:colcon.colcon_core.shell:Skip shell extension 'dsv' for command environment
[1.488s] INFO:colcon.colcon_core.task.python.build:Building Python package in '/home/asd/ros2_ws9/src/my_goat_pkg'
[1.488s] INFO:colcon.colcon_core.shell:Skip shell extension 'powershell' for command environment: Not usable outside of PowerShell
[1.488s] DEBUG:colcon.colcon_core.shell:Skip shell extension 'dsv' for command environment
[1.912s] DEBUG:colcon.colcon_core.event_handler.log_command:Invoking command in '/home/asd/ros2_ws9/src/my_goat_pkg': CMAKE_PREFIX_PATH=/home/asd/ros2_ws9/install/goat_interfaces:/home/asd/ros2_ws9/install/turtlebot3_simulations:/home/asd/ros2_ws9/install/turtlebot3_gazebo_goat:/home/asd/ros2_ws9/install/turtlebot3_fake_node:/home/asd/ros2_ws9/install/testbed_gazebo_goat:/home/asd/ros2_ws9/install/testbed_description_goat:/home/asd/ros2_ws9/install/goat_gazebo:/home/asd/ros2_ws6/install/testbed_navigation:/home/asd/ros2_ws6/install/testbed_gazebo:/home/asd/ros2_ws6/install/testbed_description:/home/asd/ros2_ws6/install/testbed_bringup:/home/asd/ros2_ws7/install/bring_up_anscer:/home/asd/ros2_ws7/install/custom_interfaces_anscer:/home/asd/ros2_ws4/install/my_interfaces:/home/asd/ros2_ws/install/turtlesim_project_cpp:/home/asd/ros2_ws/install/my_robot_bringup_one:/home/asd/ros2_ws/install/my_cpp_pkg:/home/asd/ros2_ws/install/my_robot_interfaces:/home/asd/ros2_ws2/install/my_robot_description:/home/asd/ros2_ws2/install/my_robot_bringup LD_LIBRARY_PATH=/home/asd/ros2_ws9/install/goat_interfaces/lib:/home/asd/ros2_ws7/install/custom_interfaces_anscer/lib:/home/asd/ros2_ws4/install/my_interfaces/lib:/home/asd/ros2_ws/install/my_robot_interfaces/lib:/usr/lib/x86_64-linux-gnu/gazebo-11/plugins:/opt/ros/humble/opt/rviz_ogre_vendor/lib:/opt/ros/humble/lib/x86_64-linux-gnu:/opt/ros/humble/lib:/usr/share/gazebo/../../lib/x86_64-linux-gnu/gazebo-11/plugins PYTHONPATH=/home/asd/ros2_ws9/build/my_goat_pkg/prefix_override:/usr/lib/python3/dist-packages/colcon_core/task/python/colcon_distutils_commands:/home/asd/ros2_ws9/install/my_goat_pkg/lib/python3.10/site-packages:${PYTHONPATH} /usr/bin/python3 -W ignore:setup.py install is deprecated -W ignore:easy_install command is deprecated setup.py egg_info --egg-base ../../build/my_goat_pkg build --build-base /home/asd/ros2_ws9/build/my_goat_pkg/build install --record /home/asd/ros2_ws9/build/my_goat_pkg/install.log --single-version-externally-managed install_data
[2.235s] Level 1:colcon.colcon_core.environment:checking '/home/asd/ros2_ws9/install/my_goat_pkg' for CMake module files
[2.236s] DEBUG:colcon.colcon_core.event_handler.log_command:Invoked command in '/home/asd/ros2_ws9/src/my_goat_pkg' returned '0': CMAKE_PREFIX_PATH=/home/asd/ros2_ws9/install/goat_interfaces:/home/asd/ros2_ws9/install/turtlebot3_simulations:/home/asd/ros2_ws9/install/turtlebot3_gazebo_goat:/home/asd/ros2_ws9/install/turtlebot3_fake_node:/home/asd/ros2_ws9/install/testbed_gazebo_goat:/home/asd/ros2_ws9/install/testbed_description_goat:/home/asd/ros2_ws9/install/goat_gazebo:/home/asd/ros2_ws6/install/testbed_navigation:/home/asd/ros2_ws6/install/testbed_gazebo:/home/asd/ros2_ws6/install/testbed_description:/home/asd/ros2_ws6/install/testbed_bringup:/home/asd/ros2_ws7/install/bring_up_anscer:/home/asd/ros2_ws7/install/custom_interfaces_anscer:/home/asd/ros2_ws4/install/my_interfaces:/home/asd/ros2_ws/install/turtlesim_project_cpp:/home/asd/ros2_ws/install/my_robot_bringup_one:/home/asd/ros2_ws/install/my_cpp_pkg:/home/asd/ros2_ws/install/my_robot_interfaces:/home/asd/ros2_ws2/install/my_robot_description:/home/asd/ros2_ws2/install/my_robot_bringup LD_LIBRARY_PATH=/home/asd/ros2_ws9/install/goat_interfaces/lib:/home/asd/ros2_ws7/install/custom_interfaces_anscer/lib:/home/asd/ros2_ws4/install/my_interfaces/lib:/home/asd/ros2_ws/install/my_robot_interfaces/lib:/usr/lib/x86_64-linux-gnu/gazebo-11/plugins:/opt/ros/humble/opt/rviz_ogre_vendor/lib:/opt/ros/humble/lib/x86_64-linux-gnu:/opt/ros/humble/lib:/usr/share/gazebo/../../lib/x86_64-linux-gnu/gazebo-11/plugins PYTHONPATH=/home/asd/ros2_ws9/build/my_goat_pkg/prefix_override:/usr/lib/python3/dist-packages/colcon_core/task/python/colcon_distutils_commands:/home/asd/ros2_ws9/install/my_goat_pkg/lib/python3.10/site-packages:${PYTHONPATH} /usr/bin/python3 -W ignore:setup.py install is deprecated -W ignore:easy_install command is deprecated setup.py egg_info --egg-base ../../build/my_goat_pkg build --build-base /home/asd/ros2_ws9/build/my_goat_pkg/build install --record /home/asd/ros2_ws9/build/my_goat_pkg/install.log --single-version-externally-managed install_data
[2.236s] Level 1:colcon.colcon_core.environment:checking '/home/asd/ros2_ws9/install/my_goat_pkg' for CMake config files
[2.237s] Level 1:colcon.colcon_core.environment:checking '/home/asd/ros2_ws9/install/my_goat_pkg/lib'
[2.237s] Level 1:colcon.colcon_core.environment:checking '/home/asd/ros2_ws9/install/my_goat_pkg/bin'
[2.237s] Level 1:colcon.colcon_core.environment:checking '/home/asd/ros2_ws9/install/my_goat_pkg/lib/pkgconfig/my_goat_pkg.pc'
[2.237s] Level 1:colcon.colcon_core.environment:checking '/home/asd/ros2_ws9/install/my_goat_pkg/lib/python3.10/site-packages'
[2.237s] Level 1:colcon.colcon_core.shell:create_environment_hook('my_goat_pkg', 'pythonpath')
[2.237s] INFO:colcon.colcon_core.shell:Creating environment hook '/home/asd/ros2_ws9/install/my_goat_pkg/share/my_goat_pkg/hook/pythonpath.ps1'
[2.238s] INFO:colcon.colcon_core.shell:Creating environment descriptor '/home/asd/ros2_ws9/install/my_goat_pkg/share/my_goat_pkg/hook/pythonpath.dsv'
[2.238s] INFO:colcon.colcon_core.shell:Creating environment hook '/home/asd/ros2_ws9/install/my_goat_pkg/share/my_goat_pkg/hook/pythonpath.sh'
[2.239s] Level 1:colcon.colcon_core.environment:checking '/home/asd/ros2_ws9/install/my_goat_pkg/bin'
[2.239s] Level 1:colcon.colcon_core.environment:create_environment_scripts_only(my_goat_pkg)
[2.239s] INFO:colcon.colcon_core.shell:Creating package script '/home/asd/ros2_ws9/install/my_goat_pkg/share/my_goat_pkg/package.ps1'
[2.239s] INFO:colcon.colcon_core.shell:Creating package descriptor '/home/asd/ros2_ws9/install/my_goat_pkg/share/my_goat_pkg/package.dsv'
[2.240s] INFO:colcon.colcon_core.shell:Creating package script '/home/asd/ros2_ws9/install/my_goat_pkg/share/my_goat_pkg/package.sh'
[2.240s] INFO:colcon.colcon_core.shell:Creating package script '/home/asd/ros2_ws9/install/my_goat_pkg/share/my_goat_pkg/package.bash'
[2.240s] INFO:colcon.colcon_core.shell:Creating package script '/home/asd/ros2_ws9/install/my_goat_pkg/share/my_goat_pkg/package.zsh'
[2.241s] Level 1:colcon.colcon_core.environment:create_file_with_runtime_dependencies(/home/asd/ros2_ws9/install/my_goat_pkg/share/colcon-core/packages/my_goat_pkg)
[2.241s] DEBUG:colcon.colcon_parallel_executor.executor.parallel:closing loop
[2.241s] DEBUG:colcon.colcon_parallel_executor.executor.parallel:loop closed
[2.241s] DEBUG:colcon.colcon_parallel_executor.executor.parallel:run_until_complete finished with '0'
[2.241s] DEBUG:colcon.colcon_core.event_reactor:joining thread
[2.247s] INFO:colcon.colcon_core.plugin_system:Skipping extension 'colcon_notification.desktop_notification.terminal_notifier': Not used on non-Darwin systems
[2.247s] INFO:colcon.colcon_core.plugin_system:Skipping extension 'colcon_notification.desktop_notification.win32': Not used on non-Windows systems
[2.248s] INFO:colcon.colcon_notification.desktop_notification:Sending desktop notification using 'notify2'
[2.258s] DEBUG:colcon.colcon_core.event_reactor:joined thread
[2.259s] INFO:colcon.colcon_core.shell:Creating prefix script '/home/asd/ros2_ws9/install/local_setup.ps1'
[2.261s] INFO:colcon.colcon_core.shell:Creating prefix util module '/home/asd/ros2_ws9/install/_local_setup_util_ps1.py'
[2.262s] INFO:colcon.colcon_core.shell:Creating prefix chain script '/home/asd/ros2_ws9/install/setup.ps1'
[2.265s] INFO:colcon.colcon_core.shell:Creating prefix script '/home/asd/ros2_ws9/install/local_setup.sh'
[2.266s] INFO:colcon.colcon_core.shell:Creating prefix util module '/home/asd/ros2_ws9/install/_local_setup_util_sh.py'
[2.266s] INFO:colcon.colcon_core.shell:Creating prefix chain script '/home/asd/ros2_ws9/install/setup.sh'
[2.269s] INFO:colcon.colcon_core.shell:Creating prefix script '/home/asd/ros2_ws9/install/local_setup.bash'
[2.269s] INFO:colcon.colcon_core.shell:Creating prefix chain script '/home/asd/ros2_ws9/install/setup.bash'
[2.271s] INFO:colcon.colcon_core.shell:Creating prefix script '/home/asd/ros2_ws9/install/local_setup.zsh'
[2.272s] INFO:colcon.colcon_core.shell:Creating prefix chain script '/home/asd/ros2_ws9/install/setup.zsh'
