[0.078s] Invoking command in '/home/asd/ros2_ws9/build/goat_gazebo': CMAKE_PREFIX_PATH=${CMAKE_PREFIX_PATH}:/home/asd/ros2_ws8/install/turtlebot3_simulations:/home/asd/ros2_ws8/install/turtlebot3_gazebo_goat:/home/asd/ros2_ws8/install/turtlebot3_fake_node:/home/asd/ros2_ws8/install/testbed_gazebo_goat:/home/asd/ros2_ws8/install/testbed_description_goat:/home/asd/ros2_ws8/install/my_goat_pkg:/home/asd/ros2_ws8/install/goat_interfaces:/home/asd/ros2_ws8/install/goat_gazebo:/home/asd/ros2_ws7/install/my_py_pkg_anscer:/home/asd/ros2_ws4/install/esp_wifi:/home/asd/ros2_ws4/install/maping_odom:/home/asd/ros2_ws/install/turtlesim_catch_them_all:/home/asd/ros2_ws/install/my_py_pkg:/opt/ros/humble /usr/bin/cmake /home/asd/ros2_ws9/src/goat_gazebo -DCMAKE_INSTALL_PREFIX=/home/asd/ros2_ws9/install/goat_gazebo
[0.232s] -- The C compiler identification is GNU 11.4.0
[0.393s] -- The CXX compiler identification is GNU 11.4.0
[0.417s] -- Detecting C compiler ABI info
[0.670s] -- Detecting C compiler ABI info - done
[0.714s] -- Check for working C compiler: /usr/bin/cc - skipped
[0.715s] -- Detecting C compile features
[0.716s] -- Detecting C compile features - done
[0.724s] -- Detecting CXX compiler ABI info
[0.961s] -- Detecting CXX compiler ABI info - done
[1.000s] -- Check for working CXX compiler: /usr/bin/c++ - skipped
[1.003s] -- Detecting CXX compile features
[1.004s] -- Detecting CXX compile features - done
[1.025s] -- Found ament_cmake: 1.3.11 (/opt/ros/humble/share/ament_cmake/cmake)
[2.458s] -- Found Python3: /home/asd/.pyenv/shims/python3 (found version "3.10.12") found components: Interpreter 
[3.360s] -- Configuring done
[3.370s] -- Generating done
[3.411s] -- Build files have been written to: /home/asd/ros2_ws9/build/goat_gazebo
[3.422s] Invoked command in '/home/asd/ros2_ws9/build/goat_gazebo' returned '0': CMAKE_PREFIX_PATH=${CMAKE_PREFIX_PATH}:/home/asd/ros2_ws8/install/turtlebot3_simulations:/home/asd/ros2_ws8/install/turtlebot3_gazebo_goat:/home/asd/ros2_ws8/install/turtlebot3_fake_node:/home/asd/ros2_ws8/install/testbed_gazebo_goat:/home/asd/ros2_ws8/install/testbed_description_goat:/home/asd/ros2_ws8/install/my_goat_pkg:/home/asd/ros2_ws8/install/goat_interfaces:/home/asd/ros2_ws8/install/goat_gazebo:/home/asd/ros2_ws7/install/my_py_pkg_anscer:/home/asd/ros2_ws4/install/esp_wifi:/home/asd/ros2_ws4/install/maping_odom:/home/asd/ros2_ws/install/turtlesim_catch_them_all:/home/asd/ros2_ws/install/my_py_pkg:/opt/ros/humble /usr/bin/cmake /home/asd/ros2_ws9/src/goat_gazebo -DCMAKE_INSTALL_PREFIX=/home/asd/ros2_ws9/install/goat_gazebo
[3.428s] Invoking command in '/home/asd/ros2_ws9/build/goat_gazebo': CMAKE_PREFIX_PATH=${CMAKE_PREFIX_PATH}:/home/asd/ros2_ws8/install/turtlebot3_simulations:/home/asd/ros2_ws8/install/turtlebot3_gazebo_goat:/home/asd/ros2_ws8/install/turtlebot3_fake_node:/home/asd/ros2_ws8/install/testbed_gazebo_goat:/home/asd/ros2_ws8/install/testbed_description_goat:/home/asd/ros2_ws8/install/my_goat_pkg:/home/asd/ros2_ws8/install/goat_interfaces:/home/asd/ros2_ws8/install/goat_gazebo:/home/asd/ros2_ws7/install/my_py_pkg_anscer:/home/asd/ros2_ws4/install/esp_wifi:/home/asd/ros2_ws4/install/maping_odom:/home/asd/ros2_ws/install/turtlesim_catch_them_all:/home/asd/ros2_ws/install/my_py_pkg:/opt/ros/humble /usr/bin/cmake --build /home/asd/ros2_ws9/build/goat_gazebo -- -j8 -l8
[3.545s] Invoked command in '/home/asd/ros2_ws9/build/goat_gazebo' returned '0': CMAKE_PREFIX_PATH=${CMAKE_PREFIX_PATH}:/home/asd/ros2_ws8/install/turtlebot3_simulations:/home/asd/ros2_ws8/install/turtlebot3_gazebo_goat:/home/asd/ros2_ws8/install/turtlebot3_fake_node:/home/asd/ros2_ws8/install/testbed_gazebo_goat:/home/asd/ros2_ws8/install/testbed_description_goat:/home/asd/ros2_ws8/install/my_goat_pkg:/home/asd/ros2_ws8/install/goat_interfaces:/home/asd/ros2_ws8/install/goat_gazebo:/home/asd/ros2_ws7/install/my_py_pkg_anscer:/home/asd/ros2_ws4/install/esp_wifi:/home/asd/ros2_ws4/install/maping_odom:/home/asd/ros2_ws/install/turtlesim_catch_them_all:/home/asd/ros2_ws/install/my_py_pkg:/opt/ros/humble /usr/bin/cmake --build /home/asd/ros2_ws9/build/goat_gazebo -- -j8 -l8
[3.577s] Invoking command in '/home/asd/ros2_ws9/build/goat_gazebo': CMAKE_PREFIX_PATH=${CMAKE_PREFIX_PATH}:/home/asd/ros2_ws8/install/turtlebot3_simulations:/home/asd/ros2_ws8/install/turtlebot3_gazebo_goat:/home/asd/ros2_ws8/install/turtlebot3_fake_node:/home/asd/ros2_ws8/install/testbed_gazebo_goat:/home/asd/ros2_ws8/install/testbed_description_goat:/home/asd/ros2_ws8/install/my_goat_pkg:/home/asd/ros2_ws8/install/goat_interfaces:/home/asd/ros2_ws8/install/goat_gazebo:/home/asd/ros2_ws7/install/my_py_pkg_anscer:/home/asd/ros2_ws4/install/esp_wifi:/home/asd/ros2_ws4/install/maping_odom:/home/asd/ros2_ws/install/turtlesim_catch_them_all:/home/asd/ros2_ws/install/my_py_pkg:/opt/ros/humble /usr/bin/cmake --install /home/asd/ros2_ws9/build/goat_gazebo
[3.601s] -- Install configuration: ""
[3.602s] -- Installing: /home/asd/ros2_ws9/install/goat_gazebo/share/goat_gazebo//launch
[3.602s] -- Installing: /home/asd/ros2_ws9/install/goat_gazebo/share/goat_gazebo//launch/goat_hotel.launch.py
[3.602s] -- Installing: /home/asd/ros2_ws9/install/goat_gazebo/share/goat_gazebo//maps
[3.603s] -- Installing: /home/asd/ros2_ws9/install/goat_gazebo/share/goat_gazebo//maps/goat_hotel.pgm
[3.603s] -- Installing: /home/asd/ros2_ws9/install/goat_gazebo/share/goat_gazebo//maps/testbed_world.yaml
[3.604s] -- Installing: /home/asd/ros2_ws9/install/goat_gazebo/share/goat_gazebo//maps/testbed_world.pgm
[3.604s] -- Installing: /home/asd/ros2_ws9/install/goat_gazebo/share/goat_gazebo//maps/goat_hotel.yaml
[3.604s] -- Installing: /home/asd/ros2_ws9/install/goat_gazebo/share/ament_index/resource_index/package_run_dependencies/goat_gazebo
[3.605s] -- Installing: /home/asd/ros2_ws9/install/goat_gazebo/share/ament_index/resource_index/parent_prefix_path/goat_gazebo
[3.607s] -- Installing: /home/asd/ros2_ws9/install/goat_gazebo/share/goat_gazebo/environment/ament_prefix_path.sh
[3.607s] -- Installing: /home/asd/ros2_ws9/install/goat_gazebo/share/goat_gazebo/environment/ament_prefix_path.dsv
[3.607s] -- Installing: /home/asd/ros2_ws9/install/goat_gazebo/share/goat_gazebo/environment/path.sh
[3.608s] -- Installing: /home/asd/ros2_ws9/install/goat_gazebo/share/goat_gazebo/environment/path.dsv
[3.609s] -- Installing: /home/asd/ros2_ws9/install/goat_gazebo/share/goat_gazebo/local_setup.bash
[3.613s] -- Installing: /home/asd/ros2_ws9/install/goat_gazebo/share/goat_gazebo/local_setup.sh
[3.613s] -- Installing: /home/asd/ros2_ws9/install/goat_gazebo/share/goat_gazebo/local_setup.zsh
[3.614s] -- Installing: /home/asd/ros2_ws9/install/goat_gazebo/share/goat_gazebo/local_setup.dsv
[3.614s] -- Installing: /home/asd/ros2_ws9/install/goat_gazebo/share/goat_gazebo/package.dsv
[3.618s] -- Installing: /home/asd/ros2_ws9/install/goat_gazebo/share/ament_index/resource_index/packages/goat_gazebo
[3.619s] -- Installing: /home/asd/ros2_ws9/install/goat_gazebo/share/goat_gazebo/cmake/goat_gazeboConfig.cmake
[3.621s] -- Installing: /home/asd/ros2_ws9/install/goat_gazebo/share/goat_gazebo/cmake/goat_gazeboConfig-version.cmake
[3.622s] -- Installing: /home/asd/ros2_ws9/install/goat_gazebo/share/goat_gazebo/package.xml
[3.623s] Invoked command in '/home/asd/ros2_ws9/build/goat_gazebo' returned '0': CMAKE_PREFIX_PATH=${CMAKE_PREFIX_PATH}:/home/asd/ros2_ws8/install/turtlebot3_simulations:/home/asd/ros2_ws8/install/turtlebot3_gazebo_goat:/home/asd/ros2_ws8/install/turtlebot3_fake_node:/home/asd/ros2_ws8/install/testbed_gazebo_goat:/home/asd/ros2_ws8/install/testbed_description_goat:/home/asd/ros2_ws8/install/my_goat_pkg:/home/asd/ros2_ws8/install/goat_interfaces:/home/asd/ros2_ws8/install/goat_gazebo:/home/asd/ros2_ws7/install/my_py_pkg_anscer:/home/asd/ros2_ws4/install/esp_wifi:/home/asd/ros2_ws4/install/maping_odom:/home/asd/ros2_ws/install/turtlesim_catch_them_all:/home/asd/ros2_ws/install/my_py_pkg:/opt/ros/humble /usr/bin/cmake --install /home/asd/ros2_ws9/build/goat_gazebo
