[0.041s] Invoking command in '/home/asd/ros2_ws8/build/turtlebot3_fake_node': CMAKE_PREFIX_PATH=${CMAKE_PREFIX_PATH}:/home/asd/ros2_ws7/install/my_py_pkg_anscer:/home/asd/ros2_ws4/install/esp_wifi:/home/asd/ros2_ws4/install/maping_odom:/home/asd/ros2_ws/install/turtlesim_catch_them_all:/home/asd/ros2_ws/install/my_py_pkg:/opt/ros/humble /usr/bin/cmake /home/asd/ros2_ws8/src/turtlebot3_fake_node -DCMAKE_INSTALL_PREFIX=/home/asd/ros2_ws8/install/turtlebot3_fake_node
[0.191s] -- The C compiler identification is GNU 11.4.0
[0.327s] -- The CXX compiler identification is GNU 11.4.0
[0.347s] -- Detecting C compiler ABI info
[0.424s] -- Detecting C compiler ABI info - done
[0.432s] -- Check for working C compiler: /usr/bin/cc - skipped
[0.432s] -- Detecting C compile features
[0.433s] -- Detecting C compile features - done
[0.438s] -- Detecting CXX compiler ABI info
[0.525s] -- Detecting CXX compiler ABI info - done
[0.532s] -- Check for working CXX compiler: /usr/bin/c++ - skipped
[0.533s] -- Detecting CXX compile features
[0.534s] -- Detecting CXX compile features - done
[0.547s] -- Found ament_cmake: 1.3.11 (/opt/ros/humble/share/ament_cmake/cmake)
[1.071s] -- Found Python3: /home/asd/.pyenv/shims/python3 (found version "3.10.12") found components: Interpreter 
[1.324s] -- Found geometry_msgs: 4.2.4 (/opt/ros/humble/share/geometry_msgs/cmake)
[1.439s] -- Found rosidl_generator_c: 3.1.6 (/opt/ros/humble/share/rosidl_generator_c/cmake)
[1.455s] -- Found rosidl_adapter: 3.1.6 (/opt/ros/humble/share/rosidl_adapter/cmake)
[1.484s] -- Found rosidl_generator_cpp: 3.1.6 (/opt/ros/humble/share/rosidl_generator_cpp/cmake)
[1.518s] -- Using all available rosidl_typesupport_c: rosidl_typesupport_fastrtps_c;rosidl_typesupport_introspection_c
[1.565s] -- Using all available rosidl_typesupport_cpp: rosidl_typesupport_fastrtps_cpp;rosidl_typesupport_introspection_cpp
[1.675s] -- Found nav_msgs: 4.2.4 (/opt/ros/humble/share/nav_msgs/cmake)
[1.715s] -- Found rclcpp: 16.0.11 (/opt/ros/humble/share/rclcpp/cmake)
[1.841s] -- Found rmw_implementation_cmake: 6.1.2 (/opt/ros/humble/share/rmw_implementation_cmake/cmake)
[1.850s] -- Found rmw_fastrtps_cpp: 6.2.7 (/opt/ros/humble/share/rmw_fastrtps_cpp/cmake)
[1.998s] -- Found OpenSSL: /usr/lib/x86_64-linux-gnu/libcrypto.so (found version "3.0.2")  
[2.042s] -- Found FastRTPS: /opt/ros/humble/include  
[2.096s] -- Using RMW implementation 'rmw_fastrtps_cpp' as default
[2.127s] -- Looking for pthread.h
[2.205s] -- Looking for pthread.h - found
[2.205s] -- Performing Test CMAKE_HAVE_LIBC_PTHREAD
[2.285s] -- Performing Test CMAKE_HAVE_LIBC_PTHREAD - Success
[2.287s] -- Found Threads: TRUE  
[2.392s] -- Found sensor_msgs: 4.2.4 (/opt/ros/humble/share/sensor_msgs/cmake)
[2.429s] -- Found tf2: 0.25.12 (/opt/ros/humble/share/tf2/cmake)
[2.455s] -- Found tf2_msgs: 0.25.12 (/opt/ros/humble/share/tf2_msgs/cmake)
[2.548s] -- Found turtlebot3_msgs: 2.2.3 (/opt/ros/humble/share/turtlebot3_msgs/cmake)
[2.725s] -- Configuring done
[2.738s] -- Generating done
[2.743s] -- Build files have been written to: /home/asd/ros2_ws8/build/turtlebot3_fake_node
[2.755s] Invoked command in '/home/asd/ros2_ws8/build/turtlebot3_fake_node' returned '0': CMAKE_PREFIX_PATH=${CMAKE_PREFIX_PATH}:/home/asd/ros2_ws7/install/my_py_pkg_anscer:/home/asd/ros2_ws4/install/esp_wifi:/home/asd/ros2_ws4/install/maping_odom:/home/asd/ros2_ws/install/turtlesim_catch_them_all:/home/asd/ros2_ws/install/my_py_pkg:/opt/ros/humble /usr/bin/cmake /home/asd/ros2_ws8/src/turtlebot3_fake_node -DCMAKE_INSTALL_PREFIX=/home/asd/ros2_ws8/install/turtlebot3_fake_node
[2.757s] Invoking command in '/home/asd/ros2_ws8/build/turtlebot3_fake_node': CMAKE_PREFIX_PATH=${CMAKE_PREFIX_PATH}:/home/asd/ros2_ws7/install/my_py_pkg_anscer:/home/asd/ros2_ws4/install/esp_wifi:/home/asd/ros2_ws4/install/maping_odom:/home/asd/ros2_ws/install/turtlesim_catch_them_all:/home/asd/ros2_ws/install/my_py_pkg:/opt/ros/humble /usr/bin/cmake --build /home/asd/ros2_ws8/build/turtlebot3_fake_node -- -j8 -l8
[2.812s] [ 50%] [32mBuilding CXX object CMakeFiles/turtlebot3_fake_node.dir/src/turtlebot3_fake_node.cpp.o[0m
[14.709s] [100%] [32m[1mLinking CXX executable turtlebot3_fake_node[0m
[15.829s] [100%] Built target turtlebot3_fake_node
[15.850s] Invoked command in '/home/asd/ros2_ws8/build/turtlebot3_fake_node' returned '0': CMAKE_PREFIX_PATH=${CMAKE_PREFIX_PATH}:/home/asd/ros2_ws7/install/my_py_pkg_anscer:/home/asd/ros2_ws4/install/esp_wifi:/home/asd/ros2_ws4/install/maping_odom:/home/asd/ros2_ws/install/turtlesim_catch_them_all:/home/asd/ros2_ws/install/my_py_pkg:/opt/ros/humble /usr/bin/cmake --build /home/asd/ros2_ws8/build/turtlebot3_fake_node -- -j8 -l8
[15.860s] Invoking command in '/home/asd/ros2_ws8/build/turtlebot3_fake_node': CMAKE_PREFIX_PATH=${CMAKE_PREFIX_PATH}:/home/asd/ros2_ws7/install/my_py_pkg_anscer:/home/asd/ros2_ws4/install/esp_wifi:/home/asd/ros2_ws4/install/maping_odom:/home/asd/ros2_ws/install/turtlesim_catch_them_all:/home/asd/ros2_ws/install/my_py_pkg:/opt/ros/humble /usr/bin/cmake --install /home/asd/ros2_ws8/build/turtlebot3_fake_node
[15.880s] -- Install configuration: ""
[15.880s] -- Installing: /home/asd/ros2_ws8/install/turtlebot3_fake_node/lib/turtlebot3_fake_node/turtlebot3_fake_node
[15.883s] -- Set runtime path of "/home/asd/ros2_ws8/install/turtlebot3_fake_node/lib/turtlebot3_fake_node/turtlebot3_fake_node" to ""
[15.884s] -- Installing: /home/asd/ros2_ws8/install/turtlebot3_fake_node/share/turtlebot3_fake_node/launch
[15.884s] -- Installing: /home/asd/ros2_ws8/install/turtlebot3_fake_node/share/turtlebot3_fake_node/launch/rviz2.launch.py
[15.885s] -- Installing: /home/asd/ros2_ws8/install/turtlebot3_fake_node/share/turtlebot3_fake_node/launch/turtlebot3_fake_node.launch.py
[15.886s] -- Installing: /home/asd/ros2_ws8/install/turtlebot3_fake_node/share/turtlebot3_fake_node/param
[15.887s] -- Installing: /home/asd/ros2_ws8/install/turtlebot3_fake_node/share/turtlebot3_fake_node/param/waffle.yaml
[15.887s] -- Installing: /home/asd/ros2_ws8/install/turtlebot3_fake_node/share/turtlebot3_fake_node/param/waffle_pi.yaml
[15.888s] -- Installing: /home/asd/ros2_ws8/install/turtlebot3_fake_node/share/turtlebot3_fake_node/param/burger.yaml
[15.890s] -- Installing: /home/asd/ros2_ws8/install/turtlebot3_fake_node/include/
[15.892s] -- Installing: /home/asd/ros2_ws8/install/turtlebot3_fake_node/include//turtlebot3_fake_node
[15.892s] -- Installing: /home/asd/ros2_ws8/install/turtlebot3_fake_node/include//turtlebot3_fake_node/turtlebot3_fake_node.hpp
[15.893s] -- Installing: /home/asd/ros2_ws8/install/turtlebot3_fake_node/share/ament_index/resource_index/package_run_dependencies/turtlebot3_fake_node
[15.893s] -- Installing: /home/asd/ros2_ws8/install/turtlebot3_fake_node/share/ament_index/resource_index/parent_prefix_path/turtlebot3_fake_node
[15.894s] -- Installing: /home/asd/ros2_ws8/install/turtlebot3_fake_node/share/turtlebot3_fake_node/environment/ament_prefix_path.sh
[15.895s] -- Installing: /home/asd/ros2_ws8/install/turtlebot3_fake_node/share/turtlebot3_fake_node/environment/ament_prefix_path.dsv
[15.895s] -- Installing: /home/asd/ros2_ws8/install/turtlebot3_fake_node/share/turtlebot3_fake_node/environment/path.sh
[15.896s] -- Installing: /home/asd/ros2_ws8/install/turtlebot3_fake_node/share/turtlebot3_fake_node/environment/path.dsv
[15.898s] -- Installing: /home/asd/ros2_ws8/install/turtlebot3_fake_node/share/turtlebot3_fake_node/local_setup.bash
[15.898s] -- Installing: /home/asd/ros2_ws8/install/turtlebot3_fake_node/share/turtlebot3_fake_node/local_setup.sh
[15.899s] -- Installing: /home/asd/ros2_ws8/install/turtlebot3_fake_node/share/turtlebot3_fake_node/local_setup.zsh
[15.899s] -- Installing: /home/asd/ros2_ws8/install/turtlebot3_fake_node/share/turtlebot3_fake_node/local_setup.dsv
[15.899s] -- Installing: /home/asd/ros2_ws8/install/turtlebot3_fake_node/share/turtlebot3_fake_node/package.dsv
[15.900s] -- Installing: /home/asd/ros2_ws8/install/turtlebot3_fake_node/share/ament_index/resource_index/packages/turtlebot3_fake_node
[15.900s] -- Installing: /home/asd/ros2_ws8/install/turtlebot3_fake_node/share/turtlebot3_fake_node/cmake/ament_cmake_export_include_directories-extras.cmake
[15.900s] -- Installing: /home/asd/ros2_ws8/install/turtlebot3_fake_node/share/turtlebot3_fake_node/cmake/ament_cmake_export_dependencies-extras.cmake
[15.900s] -- Installing: /home/asd/ros2_ws8/install/turtlebot3_fake_node/share/turtlebot3_fake_node/cmake/turtlebot3_fake_nodeConfig.cmake
[15.901s] -- Installing: /home/asd/ros2_ws8/install/turtlebot3_fake_node/share/turtlebot3_fake_node/cmake/turtlebot3_fake_nodeConfig-version.cmake
[15.901s] -- Installing: /home/asd/ros2_ws8/install/turtlebot3_fake_node/share/turtlebot3_fake_node/package.xml
[15.907s] Invoked command in '/home/asd/ros2_ws8/build/turtlebot3_fake_node' returned '0': CMAKE_PREFIX_PATH=${CMAKE_PREFIX_PATH}:/home/asd/ros2_ws7/install/my_py_pkg_anscer:/home/asd/ros2_ws4/install/esp_wifi:/home/asd/ros2_ws4/install/maping_odom:/home/asd/ros2_ws/install/turtlesim_catch_them_all:/home/asd/ros2_ws/install/my_py_pkg:/opt/ros/humble /usr/bin/cmake --install /home/asd/ros2_ws8/build/turtlebot3_fake_node
