[0.390s] DEBUG:colcon:Command line arguments: ['/usr/bin/colcon', 'build']
[0.390s] DEBUG:colcon:Parsed command line arguments: Namespace(log_base=None, log_level=None, verb_name='build', build_base='build', install_base='install', merge_install=False, symlink_install=False, test_result_base=None, continue_on_error=False, executor='parallel', parallel_workers=8, event_handlers=None, ignore_user_meta=False, metas=['./colcon.meta'], base_paths=['.'], packages_ignore=None, packages_ignore_regex=None, paths=None, packages_up_to=None, packages_up_to_regex=None, packages_above=None, packages_above_and_dependencies=None, packages_above_depth=None, packages_select_by_dep=None, packages_skip_by_dep=None, packages_skip_up_to=None, packages_select_build_failed=False, packages_skip_build_finished=False, packages_select_test_failures=False, packages_skip_test_passed=False, packages_select=None, packages_skip=None, packages_select_regex=None, packages_skip_regex=None, packages_start=None, packages_end=None, allow_overriding=[], cmake_args=None, cmake_target=None, cmake_target_skip_unavailable=False, cmake_clean_cache=False, cmake_clean_first=False, cmake_force_configure=False, ament_cmake_args=None, catkin_cmake_args=None, catkin_skip_building_tests=False, mixin_files=None, mixin=None, verb_parser=<colcon_mixin.mixin.mixin_argument.MixinArgumentDecorator object at 0x734abc088940>, verb_extension=<colcon_core.verb.build.BuildVerb object at 0x734abc088250>, main=<bound method BuildVerb.main of <colcon_core.verb.build.BuildVerb object at 0x734abc088250>>, mixin_verb=('build',))
[1.035s] Level 1:colcon.colcon_core.package_discovery:discover_packages(colcon_meta) check parameters
[1.035s] Level 1:colcon.colcon_core.package_discovery:discover_packages(recursive) check parameters
[1.035s] Level 1:colcon.colcon_core.package_discovery:discover_packages(ignore) check parameters
[1.035s] Level 1:colcon.colcon_core.package_discovery:discover_packages(path) check parameters
[1.036s] Level 1:colcon.colcon_core.package_discovery:discover_packages(colcon_meta) discover
[1.036s] Level 1:colcon.colcon_core.package_discovery:discover_packages(recursive) discover
[1.036s] INFO:colcon.colcon_core.package_discovery:Crawling recursively for packages in '/home/asd/ros2_ws9'
[1.036s] Level 1:colcon.colcon_core.package_identification:_identify(.) by extensions ['ignore', 'ignore_ament_install']
[1.036s] Level 1:colcon.colcon_core.package_identification:_identify(.) by extension 'ignore'
[1.037s] Level 1:colcon.colcon_core.package_identification:_identify(.) by extension 'ignore_ament_install'
[1.037s] Level 1:colcon.colcon_core.package_identification:_identify(.) by extensions ['colcon_pkg']
[1.037s] Level 1:colcon.colcon_core.package_identification:_identify(.) by extension 'colcon_pkg'
[1.037s] Level 1:colcon.colcon_core.package_identification:_identify(.) by extensions ['colcon_meta']
[1.037s] Level 1:colcon.colcon_core.package_identification:_identify(.) by extension 'colcon_meta'
[1.037s] Level 1:colcon.colcon_core.package_identification:_identify(.) by extensions ['ros']
[1.037s] Level 1:colcon.colcon_core.package_identification:_identify(.) by extension 'ros'
[1.070s] Level 1:colcon.colcon_core.package_identification:_identify(.) by extensions ['cmake', 'python']
[1.071s] Level 1:colcon.colcon_core.package_identification:_identify(.) by extension 'cmake'
[1.071s] Level 1:colcon.colcon_core.package_identification:_identify(.) by extension 'python'
[1.071s] Level 1:colcon.colcon_core.package_identification:_identify(.) by extensions ['python_setup_py']
[1.071s] Level 1:colcon.colcon_core.package_identification:_identify(.) by extension 'python_setup_py'
[1.072s] Level 1:colcon.colcon_core.package_identification:_identify(build) by extensions ['ignore', 'ignore_ament_install']
[1.072s] Level 1:colcon.colcon_core.package_identification:_identify(build) by extension 'ignore'
[1.072s] Level 1:colcon.colcon_core.package_identification:_identify(build) ignored
[1.073s] Level 1:colcon.colcon_core.package_identification:_identify(install) by extensions ['ignore', 'ignore_ament_install']
[1.073s] Level 1:colcon.colcon_core.package_identification:_identify(install) by extension 'ignore'
[1.074s] Level 1:colcon.colcon_core.package_identification:_identify(install) ignored
[1.074s] Level 1:colcon.colcon_core.package_identification:_identify(log) by extensions ['ignore', 'ignore_ament_install']
[1.074s] Level 1:colcon.colcon_core.package_identification:_identify(log) by extension 'ignore'
[1.074s] Level 1:colcon.colcon_core.package_identification:_identify(log) ignored
[1.075s] Level 1:colcon.colcon_core.package_identification:_identify(src) by extensions ['ignore', 'ignore_ament_install']
[1.075s] Level 1:colcon.colcon_core.package_identification:_identify(src) by extension 'ignore'
[1.075s] Level 1:colcon.colcon_core.package_identification:_identify(src) by extension 'ignore_ament_install'
[1.075s] Level 1:colcon.colcon_core.package_identification:_identify(src) by extensions ['colcon_pkg']
[1.075s] Level 1:colcon.colcon_core.package_identification:_identify(src) by extension 'colcon_pkg'
[1.076s] Level 1:colcon.colcon_core.package_identification:_identify(src) by extensions ['colcon_meta']
[1.076s] Level 1:colcon.colcon_core.package_identification:_identify(src) by extension 'colcon_meta'
[1.076s] Level 1:colcon.colcon_core.package_identification:_identify(src) by extensions ['ros']
[1.076s] Level 1:colcon.colcon_core.package_identification:_identify(src) by extension 'ros'
[1.076s] Level 1:colcon.colcon_core.package_identification:_identify(src) by extensions ['cmake', 'python']
[1.076s] Level 1:colcon.colcon_core.package_identification:_identify(src) by extension 'cmake'
[1.076s] Level 1:colcon.colcon_core.package_identification:_identify(src) by extension 'python'
[1.077s] Level 1:colcon.colcon_core.package_identification:_identify(src) by extensions ['python_setup_py']
[1.077s] Level 1:colcon.colcon_core.package_identification:_identify(src) by extension 'python_setup_py'
[1.077s] Level 1:colcon.colcon_core.package_identification:_identify(src/goat_gazebo) by extensions ['ignore', 'ignore_ament_install']
[1.077s] Level 1:colcon.colcon_core.package_identification:_identify(src/goat_gazebo) by extension 'ignore'
[1.077s] Level 1:colcon.colcon_core.package_identification:_identify(src/goat_gazebo) by extension 'ignore_ament_install'
[1.078s] Level 1:colcon.colcon_core.package_identification:_identify(src/goat_gazebo) by extensions ['colcon_pkg']
[1.078s] Level 1:colcon.colcon_core.package_identification:_identify(src/goat_gazebo) by extension 'colcon_pkg'
[1.078s] Level 1:colcon.colcon_core.package_identification:_identify(src/goat_gazebo) by extensions ['colcon_meta']
[1.078s] Level 1:colcon.colcon_core.package_identification:_identify(src/goat_gazebo) by extension 'colcon_meta'
[1.078s] Level 1:colcon.colcon_core.package_identification:_identify(src/goat_gazebo) by extensions ['ros']
[1.078s] Level 1:colcon.colcon_core.package_identification:_identify(src/goat_gazebo) by extension 'ros'
[1.087s] DEBUG:colcon.colcon_core.package_identification:Package 'src/goat_gazebo' with type 'ros.ament_cmake' and name 'goat_gazebo'
[1.087s] Level 1:colcon.colcon_core.package_identification:_identify(src/goat_interfaces) by extensions ['ignore', 'ignore_ament_install']
[1.088s] Level 1:colcon.colcon_core.package_identification:_identify(src/goat_interfaces) by extension 'ignore'
[1.088s] Level 1:colcon.colcon_core.package_identification:_identify(src/goat_interfaces) by extension 'ignore_ament_install'
[1.088s] Level 1:colcon.colcon_core.package_identification:_identify(src/goat_interfaces) by extensions ['colcon_pkg']
[1.088s] Level 1:colcon.colcon_core.package_identification:_identify(src/goat_interfaces) by extension 'colcon_pkg'
[1.089s] Level 1:colcon.colcon_core.package_identification:_identify(src/goat_interfaces) by extensions ['colcon_meta']
[1.089s] Level 1:colcon.colcon_core.package_identification:_identify(src/goat_interfaces) by extension 'colcon_meta'
[1.089s] Level 1:colcon.colcon_core.package_identification:_identify(src/goat_interfaces) by extensions ['ros']
[1.089s] Level 1:colcon.colcon_core.package_identification:_identify(src/goat_interfaces) by extension 'ros'
[1.091s] DEBUG:colcon.colcon_core.package_identification:Package 'src/goat_interfaces' with type 'ros.ament_cmake' and name 'goat_interfaces'
[1.091s] Level 1:colcon.colcon_core.package_identification:_identify(src/my_goat_pkg) by extensions ['ignore', 'ignore_ament_install']
[1.091s] Level 1:colcon.colcon_core.package_identification:_identify(src/my_goat_pkg) by extension 'ignore'
[1.092s] Level 1:colcon.colcon_core.package_identification:_identify(src/my_goat_pkg) by extension 'ignore_ament_install'
[1.092s] Level 1:colcon.colcon_core.package_identification:_identify(src/my_goat_pkg) by extensions ['colcon_pkg']
[1.092s] Level 1:colcon.colcon_core.package_identification:_identify(src/my_goat_pkg) by extension 'colcon_pkg'
[1.092s] Level 1:colcon.colcon_core.package_identification:_identify(src/my_goat_pkg) by extensions ['colcon_meta']
[1.092s] Level 1:colcon.colcon_core.package_identification:_identify(src/my_goat_pkg) by extension 'colcon_meta'
[1.092s] Level 1:colcon.colcon_core.package_identification:_identify(src/my_goat_pkg) by extensions ['ros']
[1.092s] Level 1:colcon.colcon_core.package_identification:_identify(src/my_goat_pkg) by extension 'ros'
[1.095s] DEBUG:colcon.colcon_core.package_identification:Package 'src/my_goat_pkg' with type 'ros.ament_python' and name 'my_goat_pkg'
[1.095s] Level 1:colcon.colcon_core.package_identification:_identify(src/testbed_description_goat) by extensions ['ignore', 'ignore_ament_install']
[1.096s] Level 1:colcon.colcon_core.package_identification:_identify(src/testbed_description_goat) by extension 'ignore'
[1.096s] Level 1:colcon.colcon_core.package_identification:_identify(src/testbed_description_goat) by extension 'ignore_ament_install'
[1.096s] Level 1:colcon.colcon_core.package_identification:_identify(src/testbed_description_goat) by extensions ['colcon_pkg']
[1.096s] Level 1:colcon.colcon_core.package_identification:_identify(src/testbed_description_goat) by extension 'colcon_pkg'
[1.096s] Level 1:colcon.colcon_core.package_identification:_identify(src/testbed_description_goat) by extensions ['colcon_meta']
[1.096s] Level 1:colcon.colcon_core.package_identification:_identify(src/testbed_description_goat) by extension 'colcon_meta'
[1.096s] Level 1:colcon.colcon_core.package_identification:_identify(src/testbed_description_goat) by extensions ['ros']
[1.097s] Level 1:colcon.colcon_core.package_identification:_identify(src/testbed_description_goat) by extension 'ros'
[1.098s] DEBUG:colcon.colcon_core.package_identification:Package 'src/testbed_description_goat' with type 'ros.ament_cmake' and name 'testbed_description_goat'
[1.099s] Level 1:colcon.colcon_core.package_identification:_identify(src/testbed_gazebo_goat) by extensions ['ignore', 'ignore_ament_install']
[1.099s] Level 1:colcon.colcon_core.package_identification:_identify(src/testbed_gazebo_goat) by extension 'ignore'
[1.099s] Level 1:colcon.colcon_core.package_identification:_identify(src/testbed_gazebo_goat) by extension 'ignore_ament_install'
[1.099s] Level 1:colcon.colcon_core.package_identification:_identify(src/testbed_gazebo_goat) by extensions ['colcon_pkg']
[1.100s] Level 1:colcon.colcon_core.package_identification:_identify(src/testbed_gazebo_goat) by extension 'colcon_pkg'
[1.100s] Level 1:colcon.colcon_core.package_identification:_identify(src/testbed_gazebo_goat) by extensions ['colcon_meta']
[1.100s] Level 1:colcon.colcon_core.package_identification:_identify(src/testbed_gazebo_goat) by extension 'colcon_meta'
[1.100s] Level 1:colcon.colcon_core.package_identification:_identify(src/testbed_gazebo_goat) by extensions ['ros']
[1.100s] Level 1:colcon.colcon_core.package_identification:_identify(src/testbed_gazebo_goat) by extension 'ros'
[1.106s] DEBUG:colcon.colcon_core.package_identification:Package 'src/testbed_gazebo_goat' with type 'ros.ament_cmake' and name 'testbed_gazebo_goat'
[1.106s] Level 1:colcon.colcon_core.package_identification:_identify(src/turtlebot3_fake_node) by extensions ['ignore', 'ignore_ament_install']
[1.107s] Level 1:colcon.colcon_core.package_identification:_identify(src/turtlebot3_fake_node) by extension 'ignore'
[1.107s] Level 1:colcon.colcon_core.package_identification:_identify(src/turtlebot3_fake_node) by extension 'ignore_ament_install'
[1.107s] Level 1:colcon.colcon_core.package_identification:_identify(src/turtlebot3_fake_node) by extensions ['colcon_pkg']
[1.107s] Level 1:colcon.colcon_core.package_identification:_identify(src/turtlebot3_fake_node) by extension 'colcon_pkg'
[1.107s] Level 1:colcon.colcon_core.package_identification:_identify(src/turtlebot3_fake_node) by extensions ['colcon_meta']
[1.108s] Level 1:colcon.colcon_core.package_identification:_identify(src/turtlebot3_fake_node) by extension 'colcon_meta'
[1.108s] Level 1:colcon.colcon_core.package_identification:_identify(src/turtlebot3_fake_node) by extensions ['ros']
[1.108s] Level 1:colcon.colcon_core.package_identification:_identify(src/turtlebot3_fake_node) by extension 'ros'
[1.112s] DEBUG:colcon.colcon_core.package_identification:Package 'src/turtlebot3_fake_node' with type 'ros.ament_cmake' and name 'turtlebot3_fake_node'
[1.112s] Level 1:colcon.colcon_core.package_identification:_identify(src/turtlebot3_gazebo_goat) by extensions ['ignore', 'ignore_ament_install']
[1.113s] Level 1:colcon.colcon_core.package_identification:_identify(src/turtlebot3_gazebo_goat) by extension 'ignore'
[1.113s] Level 1:colcon.colcon_core.package_identification:_identify(src/turtlebot3_gazebo_goat) by extension 'ignore_ament_install'
[1.113s] Level 1:colcon.colcon_core.package_identification:_identify(src/turtlebot3_gazebo_goat) by extensions ['colcon_pkg']
[1.113s] Level 1:colcon.colcon_core.package_identification:_identify(src/turtlebot3_gazebo_goat) by extension 'colcon_pkg'
[1.113s] Level 1:colcon.colcon_core.package_identification:_identify(src/turtlebot3_gazebo_goat) by extensions ['colcon_meta']
[1.113s] Level 1:colcon.colcon_core.package_identification:_identify(src/turtlebot3_gazebo_goat) by extension 'colcon_meta'
[1.114s] Level 1:colcon.colcon_core.package_identification:_identify(src/turtlebot3_gazebo_goat) by extensions ['ros']
[1.114s] Level 1:colcon.colcon_core.package_identification:_identify(src/turtlebot3_gazebo_goat) by extension 'ros'
[1.118s] DEBUG:colcon.colcon_core.package_identification:Package 'src/turtlebot3_gazebo_goat' with type 'ros.ament_cmake' and name 'turtlebot3_gazebo_goat'
[1.118s] Level 1:colcon.colcon_core.package_identification:_identify(src/turtlebot3_simulations) by extensions ['ignore', 'ignore_ament_install']
[1.118s] Level 1:colcon.colcon_core.package_identification:_identify(src/turtlebot3_simulations) by extension 'ignore'
[1.119s] Level 1:colcon.colcon_core.package_identification:_identify(src/turtlebot3_simulations) by extension 'ignore_ament_install'
[1.119s] Level 1:colcon.colcon_core.package_identification:_identify(src/turtlebot3_simulations) by extensions ['colcon_pkg']
[1.119s] Level 1:colcon.colcon_core.package_identification:_identify(src/turtlebot3_simulations) by extension 'colcon_pkg'
[1.119s] Level 1:colcon.colcon_core.package_identification:_identify(src/turtlebot3_simulations) by extensions ['colcon_meta']
[1.119s] Level 1:colcon.colcon_core.package_identification:_identify(src/turtlebot3_simulations) by extension 'colcon_meta'
[1.119s] Level 1:colcon.colcon_core.package_identification:_identify(src/turtlebot3_simulations) by extensions ['ros']
[1.119s] Level 1:colcon.colcon_core.package_identification:_identify(src/turtlebot3_simulations) by extension 'ros'
[1.121s] DEBUG:colcon.colcon_core.package_identification:Package 'src/turtlebot3_simulations' with type 'ros.ament_cmake' and name 'turtlebot3_simulations'
[1.121s] Level 1:colcon.colcon_core.package_discovery:discover_packages(recursive) using defaults
[1.122s] Level 1:colcon.colcon_core.package_discovery:discover_packages(ignore) discover
[1.122s] Level 1:colcon.colcon_core.package_discovery:discover_packages(ignore) using defaults
[1.122s] Level 1:colcon.colcon_core.package_discovery:discover_packages(path) discover
[1.122s] Level 1:colcon.colcon_core.package_discovery:discover_packages(path) using defaults
[1.292s] Level 1:colcon.colcon_core.package_discovery:discover_packages(prefix_path) check parameters
[1.292s] Level 1:colcon.colcon_core.package_discovery:discover_packages(prefix_path) discover
[1.307s] DEBUG:colcon.colcon_installed_package_information.package_discovery:Found 3 installed packages in /home/asd/ros2_ws7/install
[1.310s] DEBUG:colcon.colcon_installed_package_information.package_discovery:Found 4 installed packages in /home/asd/ros2_ws6/install
[1.313s] DEBUG:colcon.colcon_installed_package_information.package_discovery:Found 3 installed packages in /home/asd/ros2_ws4/install
[1.316s] DEBUG:colcon.colcon_installed_package_information.package_discovery:Found 2 installed packages in /home/asd/ros2_ws2/install
[1.319s] DEBUG:colcon.colcon_installed_package_information.package_discovery:Found 6 installed packages in /home/asd/ros2_ws/install
[1.331s] DEBUG:colcon.colcon_installed_package_information.package_discovery:Found 408 installed packages in /opt/ros/humble
[1.340s] Level 1:colcon.colcon_core.package_discovery:discover_packages(prefix_path) using defaults
[1.541s] Level 5:colcon.colcon_core.verb:set package 'goat_gazebo' build argument 'cmake_args' from command line to 'None'
[1.541s] Level 5:colcon.colcon_core.verb:set package 'goat_gazebo' build argument 'cmake_target' from command line to 'None'
[1.541s] Level 5:colcon.colcon_core.verb:set package 'goat_gazebo' build argument 'cmake_target_skip_unavailable' from command line to 'False'
[1.541s] Level 5:colcon.colcon_core.verb:set package 'goat_gazebo' build argument 'cmake_clean_cache' from command line to 'False'
[1.542s] Level 5:colcon.colcon_core.verb:set package 'goat_gazebo' build argument 'cmake_clean_first' from command line to 'False'
[1.542s] Level 5:colcon.colcon_core.verb:set package 'goat_gazebo' build argument 'cmake_force_configure' from command line to 'False'
[1.542s] Level 5:colcon.colcon_core.verb:set package 'goat_gazebo' build argument 'ament_cmake_args' from command line to 'None'
[1.542s] Level 5:colcon.colcon_core.verb:set package 'goat_gazebo' build argument 'catkin_cmake_args' from command line to 'None'
[1.542s] Level 5:colcon.colcon_core.verb:set package 'goat_gazebo' build argument 'catkin_skip_building_tests' from command line to 'False'
[1.542s] DEBUG:colcon.colcon_core.verb:Building package 'goat_gazebo' with the following arguments: {'ament_cmake_args': None, 'build_base': '/home/asd/ros2_ws9/build/goat_gazebo', 'catkin_cmake_args': None, 'catkin_skip_building_tests': False, 'cmake_args': None, 'cmake_clean_cache': False, 'cmake_clean_first': False, 'cmake_force_configure': False, 'cmake_target': None, 'cmake_target_skip_unavailable': False, 'install_base': '/home/asd/ros2_ws9/install/goat_gazebo', 'merge_install': False, 'path': '/home/asd/ros2_ws9/src/goat_gazebo', 'symlink_install': False, 'test_result_base': None}
[1.543s] Level 5:colcon.colcon_core.verb:set package 'goat_interfaces' build argument 'cmake_args' from command line to 'None'
[1.543s] Level 5:colcon.colcon_core.verb:set package 'goat_interfaces' build argument 'cmake_target' from command line to 'None'
[1.543s] Level 5:colcon.colcon_core.verb:set package 'goat_interfaces' build argument 'cmake_target_skip_unavailable' from command line to 'False'
[1.543s] Level 5:colcon.colcon_core.verb:set package 'goat_interfaces' build argument 'cmake_clean_cache' from command line to 'False'
[1.543s] Level 5:colcon.colcon_core.verb:set package 'goat_interfaces' build argument 'cmake_clean_first' from command line to 'False'
[1.543s] Level 5:colcon.colcon_core.verb:set package 'goat_interfaces' build argument 'cmake_force_configure' from command line to 'False'
[1.544s] Level 5:colcon.colcon_core.verb:set package 'goat_interfaces' build argument 'ament_cmake_args' from command line to 'None'
[1.544s] Level 5:colcon.colcon_core.verb:set package 'goat_interfaces' build argument 'catkin_cmake_args' from command line to 'None'
[1.544s] Level 5:colcon.colcon_core.verb:set package 'goat_interfaces' build argument 'catkin_skip_building_tests' from command line to 'False'
[1.544s] DEBUG:colcon.colcon_core.verb:Building package 'goat_interfaces' with the following arguments: {'ament_cmake_args': None, 'build_base': '/home/asd/ros2_ws9/build/goat_interfaces', 'catkin_cmake_args': None, 'catkin_skip_building_tests': False, 'cmake_args': None, 'cmake_clean_cache': False, 'cmake_clean_first': False, 'cmake_force_configure': False, 'cmake_target': None, 'cmake_target_skip_unavailable': False, 'install_base': '/home/asd/ros2_ws9/install/goat_interfaces', 'merge_install': False, 'path': '/home/asd/ros2_ws9/src/goat_interfaces', 'symlink_install': False, 'test_result_base': None}
[1.545s] Level 5:colcon.colcon_core.verb:set package 'testbed_description_goat' build argument 'cmake_args' from command line to 'None'
[1.545s] Level 5:colcon.colcon_core.verb:set package 'testbed_description_goat' build argument 'cmake_target' from command line to 'None'
[1.545s] Level 5:colcon.colcon_core.verb:set package 'testbed_description_goat' build argument 'cmake_target_skip_unavailable' from command line to 'False'
[1.545s] Level 5:colcon.colcon_core.verb:set package 'testbed_description_goat' build argument 'cmake_clean_cache' from command line to 'False'
[1.545s] Level 5:colcon.colcon_core.verb:set package 'testbed_description_goat' build argument 'cmake_clean_first' from command line to 'False'
[1.545s] Level 5:colcon.colcon_core.verb:set package 'testbed_description_goat' build argument 'cmake_force_configure' from command line to 'False'
[1.545s] Level 5:colcon.colcon_core.verb:set package 'testbed_description_goat' build argument 'ament_cmake_args' from command line to 'None'
[1.545s] Level 5:colcon.colcon_core.verb:set package 'testbed_description_goat' build argument 'catkin_cmake_args' from command line to 'None'
[1.545s] Level 5:colcon.colcon_core.verb:set package 'testbed_description_goat' build argument 'catkin_skip_building_tests' from command line to 'False'
[1.545s] DEBUG:colcon.colcon_core.verb:Building package 'testbed_description_goat' with the following arguments: {'ament_cmake_args': None, 'build_base': '/home/asd/ros2_ws9/build/testbed_description_goat', 'catkin_cmake_args': None, 'catkin_skip_building_tests': False, 'cmake_args': None, 'cmake_clean_cache': False, 'cmake_clean_first': False, 'cmake_force_configure': False, 'cmake_target': None, 'cmake_target_skip_unavailable': False, 'install_base': '/home/asd/ros2_ws9/install/testbed_description_goat', 'merge_install': False, 'path': '/home/asd/ros2_ws9/src/testbed_description_goat', 'symlink_install': False, 'test_result_base': None}
[1.546s] Level 5:colcon.colcon_core.verb:set package 'testbed_gazebo_goat' build argument 'cmake_args' from command line to 'None'
[1.547s] Level 5:colcon.colcon_core.verb:set package 'testbed_gazebo_goat' build argument 'cmake_target' from command line to 'None'
[1.547s] Level 5:colcon.colcon_core.verb:set package 'testbed_gazebo_goat' build argument 'cmake_target_skip_unavailable' from command line to 'False'
[1.547s] Level 5:colcon.colcon_core.verb:set package 'testbed_gazebo_goat' build argument 'cmake_clean_cache' from command line to 'False'
[1.547s] Level 5:colcon.colcon_core.verb:set package 'testbed_gazebo_goat' build argument 'cmake_clean_first' from command line to 'False'
[1.547s] Level 5:colcon.colcon_core.verb:set package 'testbed_gazebo_goat' build argument 'cmake_force_configure' from command line to 'False'
[1.547s] Level 5:colcon.colcon_core.verb:set package 'testbed_gazebo_goat' build argument 'ament_cmake_args' from command line to 'None'
[1.547s] Level 5:colcon.colcon_core.verb:set package 'testbed_gazebo_goat' build argument 'catkin_cmake_args' from command line to 'None'
[1.547s] Level 5:colcon.colcon_core.verb:set package 'testbed_gazebo_goat' build argument 'catkin_skip_building_tests' from command line to 'False'
[1.547s] DEBUG:colcon.colcon_core.verb:Building package 'testbed_gazebo_goat' with the following arguments: {'ament_cmake_args': None, 'build_base': '/home/asd/ros2_ws9/build/testbed_gazebo_goat', 'catkin_cmake_args': None, 'catkin_skip_building_tests': False, 'cmake_args': None, 'cmake_clean_cache': False, 'cmake_clean_first': False, 'cmake_force_configure': False, 'cmake_target': None, 'cmake_target_skip_unavailable': False, 'install_base': '/home/asd/ros2_ws9/install/testbed_gazebo_goat', 'merge_install': False, 'path': '/home/asd/ros2_ws9/src/testbed_gazebo_goat', 'symlink_install': False, 'test_result_base': None}
[1.548s] Level 5:colcon.colcon_core.verb:set package 'turtlebot3_fake_node' build argument 'cmake_args' from command line to 'None'
[1.548s] Level 5:colcon.colcon_core.verb:set package 'turtlebot3_fake_node' build argument 'cmake_target' from command line to 'None'
[1.548s] Level 5:colcon.colcon_core.verb:set package 'turtlebot3_fake_node' build argument 'cmake_target_skip_unavailable' from command line to 'False'
[1.548s] Level 5:colcon.colcon_core.verb:set package 'turtlebot3_fake_node' build argument 'cmake_clean_cache' from command line to 'False'
[1.549s] Level 5:colcon.colcon_core.verb:set package 'turtlebot3_fake_node' build argument 'cmake_clean_first' from command line to 'False'
[1.549s] Level 5:colcon.colcon_core.verb:set package 'turtlebot3_fake_node' build argument 'cmake_force_configure' from command line to 'False'
[1.549s] Level 5:colcon.colcon_core.verb:set package 'turtlebot3_fake_node' build argument 'ament_cmake_args' from command line to 'None'
[1.549s] Level 5:colcon.colcon_core.verb:set package 'turtlebot3_fake_node' build argument 'catkin_cmake_args' from command line to 'None'
[1.549s] Level 5:colcon.colcon_core.verb:set package 'turtlebot3_fake_node' build argument 'catkin_skip_building_tests' from command line to 'False'
[1.549s] DEBUG:colcon.colcon_core.verb:Building package 'turtlebot3_fake_node' with the following arguments: {'ament_cmake_args': None, 'build_base': '/home/asd/ros2_ws9/build/turtlebot3_fake_node', 'catkin_cmake_args': None, 'catkin_skip_building_tests': False, 'cmake_args': None, 'cmake_clean_cache': False, 'cmake_clean_first': False, 'cmake_force_configure': False, 'cmake_target': None, 'cmake_target_skip_unavailable': False, 'install_base': '/home/asd/ros2_ws9/install/turtlebot3_fake_node', 'merge_install': False, 'path': '/home/asd/ros2_ws9/src/turtlebot3_fake_node', 'symlink_install': False, 'test_result_base': None}
[1.550s] Level 5:colcon.colcon_core.verb:set package 'turtlebot3_gazebo_goat' build argument 'cmake_args' from command line to 'None'
[1.550s] Level 5:colcon.colcon_core.verb:set package 'turtlebot3_gazebo_goat' build argument 'cmake_target' from command line to 'None'
[1.550s] Level 5:colcon.colcon_core.verb:set package 'turtlebot3_gazebo_goat' build argument 'cmake_target_skip_unavailable' from command line to 'False'
[1.550s] Level 5:colcon.colcon_core.verb:set package 'turtlebot3_gazebo_goat' build argument 'cmake_clean_cache' from command line to 'False'
[1.550s] Level 5:colcon.colcon_core.verb:set package 'turtlebot3_gazebo_goat' build argument 'cmake_clean_first' from command line to 'False'
[1.550s] Level 5:colcon.colcon_core.verb:set package 'turtlebot3_gazebo_goat' build argument 'cmake_force_configure' from command line to 'False'
[1.550s] Level 5:colcon.colcon_core.verb:set package 'turtlebot3_gazebo_goat' build argument 'ament_cmake_args' from command line to 'None'
[1.550s] Level 5:colcon.colcon_core.verb:set package 'turtlebot3_gazebo_goat' build argument 'catkin_cmake_args' from command line to 'None'
[1.551s] Level 5:colcon.colcon_core.verb:set package 'turtlebot3_gazebo_goat' build argument 'catkin_skip_building_tests' from command line to 'False'
[1.551s] DEBUG:colcon.colcon_core.verb:Building package 'turtlebot3_gazebo_goat' with the following arguments: {'ament_cmake_args': None, 'build_base': '/home/asd/ros2_ws9/build/turtlebot3_gazebo_goat', 'catkin_cmake_args': None, 'catkin_skip_building_tests': False, 'cmake_args': None, 'cmake_clean_cache': False, 'cmake_clean_first': False, 'cmake_force_configure': False, 'cmake_target': None, 'cmake_target_skip_unavailable': False, 'install_base': '/home/asd/ros2_ws9/install/turtlebot3_gazebo_goat', 'merge_install': False, 'path': '/home/asd/ros2_ws9/src/turtlebot3_gazebo_goat', 'symlink_install': False, 'test_result_base': None}
[1.552s] Level 5:colcon.colcon_core.verb:set package 'my_goat_pkg' build argument 'cmake_args' from command line to 'None'
[1.552s] Level 5:colcon.colcon_core.verb:set package 'my_goat_pkg' build argument 'cmake_target' from command line to 'None'
[1.552s] Level 5:colcon.colcon_core.verb:set package 'my_goat_pkg' build argument 'cmake_target_skip_unavailable' from command line to 'False'
[1.552s] Level 5:colcon.colcon_core.verb:set package 'my_goat_pkg' build argument 'cmake_clean_cache' from command line to 'False'
[1.552s] Level 5:colcon.colcon_core.verb:set package 'my_goat_pkg' build argument 'cmake_clean_first' from command line to 'False'
[1.552s] Level 5:colcon.colcon_core.verb:set package 'my_goat_pkg' build argument 'cmake_force_configure' from command line to 'False'
[1.552s] Level 5:colcon.colcon_core.verb:set package 'my_goat_pkg' build argument 'ament_cmake_args' from command line to 'None'
[1.552s] Level 5:colcon.colcon_core.verb:set package 'my_goat_pkg' build argument 'catkin_cmake_args' from command line to 'None'
[1.552s] Level 5:colcon.colcon_core.verb:set package 'my_goat_pkg' build argument 'catkin_skip_building_tests' from command line to 'False'
[1.552s] DEBUG:colcon.colcon_core.verb:Building package 'my_goat_pkg' with the following arguments: {'ament_cmake_args': None, 'build_base': '/home/asd/ros2_ws9/build/my_goat_pkg', 'catkin_cmake_args': None, 'catkin_skip_building_tests': False, 'cmake_args': None, 'cmake_clean_cache': False, 'cmake_clean_first': False, 'cmake_force_configure': False, 'cmake_target': None, 'cmake_target_skip_unavailable': False, 'install_base': '/home/asd/ros2_ws9/install/my_goat_pkg', 'merge_install': False, 'path': '/home/asd/ros2_ws9/src/my_goat_pkg', 'symlink_install': False, 'test_result_base': None}
[1.553s] Level 5:colcon.colcon_core.verb:set package 'turtlebot3_simulations' build argument 'cmake_args' from command line to 'None'
[1.553s] Level 5:colcon.colcon_core.verb:set package 'turtlebot3_simulations' build argument 'cmake_target' from command line to 'None'
[1.554s] Level 5:colcon.colcon_core.verb:set package 'turtlebot3_simulations' build argument 'cmake_target_skip_unavailable' from command line to 'False'
[1.554s] Level 5:colcon.colcon_core.verb:set package 'turtlebot3_simulations' build argument 'cmake_clean_cache' from command line to 'False'
[1.554s] Level 5:colcon.colcon_core.verb:set package 'turtlebot3_simulations' build argument 'cmake_clean_first' from command line to 'False'
[1.554s] Level 5:colcon.colcon_core.verb:set package 'turtlebot3_simulations' build argument 'cmake_force_configure' from command line to 'False'
[1.554s] Level 5:colcon.colcon_core.verb:set package 'turtlebot3_simulations' build argument 'ament_cmake_args' from command line to 'None'
[1.554s] Level 5:colcon.colcon_core.verb:set package 'turtlebot3_simulations' build argument 'catkin_cmake_args' from command line to 'None'
[1.554s] Level 5:colcon.colcon_core.verb:set package 'turtlebot3_simulations' build argument 'catkin_skip_building_tests' from command line to 'False'
[1.554s] DEBUG:colcon.colcon_core.verb:Building package 'turtlebot3_simulations' with the following arguments: {'ament_cmake_args': None, 'build_base': '/home/asd/ros2_ws9/build/turtlebot3_simulations', 'catkin_cmake_args': None, 'catkin_skip_building_tests': False, 'cmake_args': None, 'cmake_clean_cache': False, 'cmake_clean_first': False, 'cmake_force_configure': False, 'cmake_target': None, 'cmake_target_skip_unavailable': False, 'install_base': '/home/asd/ros2_ws9/install/turtlebot3_simulations', 'merge_install': False, 'path': '/home/asd/ros2_ws9/src/turtlebot3_simulations', 'symlink_install': False, 'test_result_base': None}
[1.554s] INFO:colcon.colcon_core.executor:Executing jobs using 'parallel' executor
[1.557s] DEBUG:colcon.colcon_parallel_executor.executor.parallel:run_until_complete
[1.558s] INFO:colcon.colcon_ros.task.ament_cmake.build:Building ROS package in '/home/asd/ros2_ws9/src/goat_interfaces' with build type 'ament_cmake'
[1.558s] INFO:colcon.colcon_cmake.task.cmake.build:Building CMake package in '/home/asd/ros2_ws9/src/goat_interfaces'
[1.566s] INFO:colcon.colcon_core.plugin_system:Skipping extension 'colcon_core.shell.bat': Not used on non-Windows systems
[1.566s] INFO:colcon.colcon_core.shell:Skip shell extension 'powershell' for command environment: Not usable outside of PowerShell
[1.566s] DEBUG:colcon.colcon_core.shell:Skip shell extension 'dsv' for command environment
[1.587s] INFO:colcon.colcon_ros.task.ament_cmake.build:Building ROS package in '/home/asd/ros2_ws9/src/turtlebot3_fake_node' with build type 'ament_cmake'
[1.588s] INFO:colcon.colcon_cmake.task.cmake.build:Building CMake package in '/home/asd/ros2_ws9/src/turtlebot3_fake_node'
[1.589s] INFO:colcon.colcon_core.shell:Skip shell extension 'powershell' for command environment: Not usable outside of PowerShell
[1.589s] DEBUG:colcon.colcon_core.shell:Skip shell extension 'dsv' for command environment
[1.615s] INFO:colcon.colcon_ros.task.ament_cmake.build:Building ROS package in '/home/asd/ros2_ws9/src/goat_gazebo' with build type 'ament_cmake'
[1.616s] INFO:colcon.colcon_cmake.task.cmake.build:Building CMake package in '/home/asd/ros2_ws9/src/goat_gazebo'
[1.617s] INFO:colcon.colcon_core.shell:Skip shell extension 'powershell' for command environment: Not usable outside of PowerShell
[1.617s] DEBUG:colcon.colcon_core.shell:Skip shell extension 'dsv' for command environment
[1.645s] INFO:colcon.colcon_ros.task.ament_cmake.build:Building ROS package in '/home/asd/ros2_ws9/src/testbed_description_goat' with build type 'ament_cmake'
[1.646s] INFO:colcon.colcon_cmake.task.cmake.build:Building CMake package in '/home/asd/ros2_ws9/src/testbed_description_goat'
[1.648s] INFO:colcon.colcon_core.shell:Skip shell extension 'powershell' for command environment: Not usable outside of PowerShell
[1.648s] DEBUG:colcon.colcon_core.shell:Skip shell extension 'dsv' for command environment
[1.677s] INFO:colcon.colcon_ros.task.ament_cmake.build:Building ROS package in '/home/asd/ros2_ws9/src/testbed_gazebo_goat' with build type 'ament_cmake'
[1.678s] INFO:colcon.colcon_cmake.task.cmake.build:Building CMake package in '/home/asd/ros2_ws9/src/testbed_gazebo_goat'
[1.679s] INFO:colcon.colcon_core.shell:Skip shell extension 'powershell' for command environment: Not usable outside of PowerShell
[1.680s] DEBUG:colcon.colcon_core.shell:Skip shell extension 'dsv' for command environment
[1.708s] INFO:colcon.colcon_ros.task.ament_cmake.build:Building ROS package in '/home/asd/ros2_ws9/src/turtlebot3_gazebo_goat' with build type 'ament_cmake'
[1.709s] INFO:colcon.colcon_cmake.task.cmake.build:Building CMake package in '/home/asd/ros2_ws9/src/turtlebot3_gazebo_goat'
[1.711s] INFO:colcon.colcon_core.shell:Skip shell extension 'powershell' for command environment: Not usable outside of PowerShell
[1.711s] DEBUG:colcon.colcon_core.shell:Skip shell extension 'dsv' for command environment
[1.758s] DEBUG:colcon.colcon_core.event_handler.log_command:Invoking command in '/home/asd/ros2_ws9/build/goat_interfaces': CMAKE_PREFIX_PATH=${CMAKE_PREFIX_PATH}:/home/asd/ros2_ws7/install/my_py_pkg_anscer:/home/asd/ros2_ws4/install/esp_wifi:/home/asd/ros2_ws4/install/maping_odom:/home/asd/ros2_ws/install/turtlesim_catch_them_all:/home/asd/ros2_ws/install/my_py_pkg:/opt/ros/humble /usr/bin/cmake --build /home/asd/ros2_ws9/build/goat_interfaces -- -j8 -l8
[1.779s] DEBUG:colcon.colcon_core.event_handler.log_command:Invoking command in '/home/asd/ros2_ws9/build/turtlebot3_fake_node': CMAKE_PREFIX_PATH=${CMAKE_PREFIX_PATH}:/home/asd/ros2_ws7/install/my_py_pkg_anscer:/home/asd/ros2_ws4/install/esp_wifi:/home/asd/ros2_ws4/install/maping_odom:/home/asd/ros2_ws/install/turtlesim_catch_them_all:/home/asd/ros2_ws/install/my_py_pkg:/opt/ros/humble /usr/bin/cmake --build /home/asd/ros2_ws9/build/turtlebot3_fake_node -- -j8 -l8
[1.792s] DEBUG:colcon.colcon_core.event_handler.log_command:Invoking command in '/home/asd/ros2_ws9/build/goat_gazebo': CMAKE_PREFIX_PATH=${CMAKE_PREFIX_PATH}:/home/asd/ros2_ws7/install/my_py_pkg_anscer:/home/asd/ros2_ws4/install/esp_wifi:/home/asd/ros2_ws4/install/maping_odom:/home/asd/ros2_ws/install/turtlesim_catch_them_all:/home/asd/ros2_ws/install/my_py_pkg:/opt/ros/humble /usr/bin/cmake --build /home/asd/ros2_ws9/build/goat_gazebo -- -j8 -l8
[1.808s] DEBUG:colcon.colcon_core.event_handler.log_command:Invoking command in '/home/asd/ros2_ws9/build/testbed_description_goat': CMAKE_PREFIX_PATH=${CMAKE_PREFIX_PATH}:/home/asd/ros2_ws7/install/my_py_pkg_anscer:/home/asd/ros2_ws4/install/esp_wifi:/home/asd/ros2_ws4/install/maping_odom:/home/asd/ros2_ws/install/turtlesim_catch_them_all:/home/asd/ros2_ws/install/my_py_pkg:/opt/ros/humble /usr/bin/cmake --build /home/asd/ros2_ws9/build/testbed_description_goat -- -j8 -l8
[1.829s] DEBUG:colcon.colcon_core.event_handler.log_command:Invoking command in '/home/asd/ros2_ws9/build/testbed_gazebo_goat': CMAKE_PREFIX_PATH=${CMAKE_PREFIX_PATH}:/home/asd/ros2_ws7/install/my_py_pkg_anscer:/home/asd/ros2_ws4/install/esp_wifi:/home/asd/ros2_ws4/install/maping_odom:/home/asd/ros2_ws/install/turtlesim_catch_them_all:/home/asd/ros2_ws/install/my_py_pkg:/opt/ros/humble /usr/bin/cmake --build /home/asd/ros2_ws9/build/testbed_gazebo_goat -- -j8 -l8
[1.859s] DEBUG:colcon.colcon_core.event_handler.log_command:Invoking command in '/home/asd/ros2_ws9/build/turtlebot3_gazebo_goat': CMAKE_PREFIX_PATH=${CMAKE_PREFIX_PATH}:/home/asd/ros2_ws7/install/my_py_pkg_anscer:/home/asd/ros2_ws4/install/esp_wifi:/home/asd/ros2_ws4/install/maping_odom:/home/asd/ros2_ws/install/turtlesim_catch_them_all:/home/asd/ros2_ws/install/my_py_pkg:/opt/ros/humble /usr/bin/cmake --build /home/asd/ros2_ws9/build/turtlebot3_gazebo_goat -- -j8 -l8
[2.018s] DEBUG:colcon.colcon_core.event_handler.log_command:Invoked command in '/home/asd/ros2_ws9/build/testbed_description_goat' returned '0': CMAKE_PREFIX_PATH=${CMAKE_PREFIX_PATH}:/home/asd/ros2_ws7/install/my_py_pkg_anscer:/home/asd/ros2_ws4/install/esp_wifi:/home/asd/ros2_ws4/install/maping_odom:/home/asd/ros2_ws/install/turtlesim_catch_them_all:/home/asd/ros2_ws/install/my_py_pkg:/opt/ros/humble /usr/bin/cmake --build /home/asd/ros2_ws9/build/testbed_description_goat -- -j8 -l8
[2.098s] DEBUG:colcon.colcon_core.event_handler.log_command:Invoking command in '/home/asd/ros2_ws9/build/testbed_description_goat': CMAKE_PREFIX_PATH=${CMAKE_PREFIX_PATH}:/home/asd/ros2_ws7/install/my_py_pkg_anscer:/home/asd/ros2_ws4/install/esp_wifi:/home/asd/ros2_ws4/install/maping_odom:/home/asd/ros2_ws/install/turtlesim_catch_them_all:/home/asd/ros2_ws/install/my_py_pkg:/opt/ros/humble /usr/bin/cmake --install /home/asd/ros2_ws9/build/testbed_description_goat
[2.124s] DEBUG:colcon.colcon_core.event_handler.log_command:Invoked command in '/home/asd/ros2_ws9/build/goat_gazebo' returned '0': CMAKE_PREFIX_PATH=${CMAKE_PREFIX_PATH}:/home/asd/ros2_ws7/install/my_py_pkg_anscer:/home/asd/ros2_ws4/install/esp_wifi:/home/asd/ros2_ws4/install/maping_odom:/home/asd/ros2_ws/install/turtlesim_catch_them_all:/home/asd/ros2_ws/install/my_py_pkg:/opt/ros/humble /usr/bin/cmake --build /home/asd/ros2_ws9/build/goat_gazebo -- -j8 -l8
[2.131s] DEBUG:colcon.colcon_core.event_handler.log_command:Invoking command in '/home/asd/ros2_ws9/build/goat_gazebo': CMAKE_PREFIX_PATH=${CMAKE_PREFIX_PATH}:/home/asd/ros2_ws7/install/my_py_pkg_anscer:/home/asd/ros2_ws4/install/esp_wifi:/home/asd/ros2_ws4/install/maping_odom:/home/asd/ros2_ws/install/turtlesim_catch_them_all:/home/asd/ros2_ws/install/my_py_pkg:/opt/ros/humble /usr/bin/cmake --install /home/asd/ros2_ws9/build/goat_gazebo
[2.143s] DEBUG:colcon.colcon_core.event_handler.log_command:Invoked command in '/home/asd/ros2_ws9/build/testbed_gazebo_goat' returned '0': CMAKE_PREFIX_PATH=${CMAKE_PREFIX_PATH}:/home/asd/ros2_ws7/install/my_py_pkg_anscer:/home/asd/ros2_ws4/install/esp_wifi:/home/asd/ros2_ws4/install/maping_odom:/home/asd/ros2_ws/install/turtlesim_catch_them_all:/home/asd/ros2_ws/install/my_py_pkg:/opt/ros/humble /usr/bin/cmake --build /home/asd/ros2_ws9/build/testbed_gazebo_goat -- -j8 -l8
[2.162s] DEBUG:colcon.colcon_core.event_handler.log_command:Invoking command in '/home/asd/ros2_ws9/build/testbed_gazebo_goat': CMAKE_PREFIX_PATH=${CMAKE_PREFIX_PATH}:/home/asd/ros2_ws7/install/my_py_pkg_anscer:/home/asd/ros2_ws4/install/esp_wifi:/home/asd/ros2_ws4/install/maping_odom:/home/asd/ros2_ws/install/turtlesim_catch_them_all:/home/asd/ros2_ws/install/my_py_pkg:/opt/ros/humble /usr/bin/cmake --install /home/asd/ros2_ws9/build/testbed_gazebo_goat
[2.200s] Level 1:colcon.colcon_core.environment:create_environment_scripts_only(testbed_description_goat)
[2.264s] Level 1:colcon.colcon_core.environment:checking '/home/asd/ros2_ws9/install/testbed_description_goat' for CMake module files
[2.272s] Level 1:colcon.colcon_core.environment:checking '/home/asd/ros2_ws9/install/testbed_description_goat' for CMake config files
[2.285s] Level 1:colcon.colcon_core.shell:create_environment_hook('testbed_description_goat', 'cmake_prefix_path')
[2.290s] INFO:colcon.colcon_core.shell:Creating environment hook '/home/asd/ros2_ws9/install/testbed_description_goat/share/testbed_description_goat/hook/cmake_prefix_path.ps1'
[2.292s] DEBUG:colcon.colcon_core.event_handler.log_command:Invoked command in '/home/asd/ros2_ws9/build/testbed_description_goat' returned '0': CMAKE_PREFIX_PATH=${CMAKE_PREFIX_PATH}:/home/asd/ros2_ws7/install/my_py_pkg_anscer:/home/asd/ros2_ws4/install/esp_wifi:/home/asd/ros2_ws4/install/maping_odom:/home/asd/ros2_ws/install/turtlesim_catch_them_all:/home/asd/ros2_ws/install/my_py_pkg:/opt/ros/humble /usr/bin/cmake --install /home/asd/ros2_ws9/build/testbed_description_goat
[2.320s] INFO:colcon.colcon_core.shell:Creating environment descriptor '/home/asd/ros2_ws9/install/testbed_description_goat/share/testbed_description_goat/hook/cmake_prefix_path.dsv'
[2.327s] INFO:colcon.colcon_core.shell:Creating environment hook '/home/asd/ros2_ws9/install/testbed_description_goat/share/testbed_description_goat/hook/cmake_prefix_path.sh'
[2.341s] Level 1:colcon.colcon_core.environment:checking '/home/asd/ros2_ws9/install/testbed_description_goat/bin'
[2.341s] Level 1:colcon.colcon_core.environment:checking '/home/asd/ros2_ws9/install/testbed_description_goat/lib/pkgconfig/testbed_description_goat.pc'
[2.343s] Level 1:colcon.colcon_core.environment:checking '/home/asd/ros2_ws9/install/testbed_description_goat/lib/python3.10/site-packages'
[2.348s] Level 1:colcon.colcon_core.environment:checking '/home/asd/ros2_ws9/install/testbed_description_goat/bin'
[2.355s] INFO:colcon.colcon_core.shell:Creating package script '/home/asd/ros2_ws9/install/testbed_description_goat/share/testbed_description_goat/package.ps1'
[2.367s] INFO:colcon.colcon_core.shell:Creating package descriptor '/home/asd/ros2_ws9/install/testbed_description_goat/share/testbed_description_goat/package.dsv'
[2.377s] INFO:colcon.colcon_core.shell:Creating package script '/home/asd/ros2_ws9/install/testbed_description_goat/share/testbed_description_goat/package.sh'
[2.391s] INFO:colcon.colcon_core.shell:Creating package script '/home/asd/ros2_ws9/install/testbed_description_goat/share/testbed_description_goat/package.bash'
[2.402s] INFO:colcon.colcon_core.shell:Creating package script '/home/asd/ros2_ws9/install/testbed_description_goat/share/testbed_description_goat/package.zsh'
[2.412s] Level 1:colcon.colcon_core.environment:create_file_with_runtime_dependencies(/home/asd/ros2_ws9/install/testbed_description_goat/share/colcon-core/packages/testbed_description_goat)
[2.420s] Level 1:colcon.colcon_core.environment:create_environment_scripts_only(testbed_description_goat)
[2.426s] Level 1:colcon.colcon_core.environment:checking '/home/asd/ros2_ws9/install/testbed_description_goat' for CMake module files
[2.433s] Level 1:colcon.colcon_core.environment:checking '/home/asd/ros2_ws9/install/testbed_description_goat' for CMake config files
[2.437s] Level 1:colcon.colcon_core.shell:create_environment_hook('testbed_description_goat', 'cmake_prefix_path')
[2.439s] INFO:colcon.colcon_core.shell:Creating environment hook '/home/asd/ros2_ws9/install/testbed_description_goat/share/testbed_description_goat/hook/cmake_prefix_path.ps1'
[2.442s] INFO:colcon.colcon_core.shell:Creating environment descriptor '/home/asd/ros2_ws9/install/testbed_description_goat/share/testbed_description_goat/hook/cmake_prefix_path.dsv'
[2.444s] INFO:colcon.colcon_core.shell:Creating environment hook '/home/asd/ros2_ws9/install/testbed_description_goat/share/testbed_description_goat/hook/cmake_prefix_path.sh'
[2.448s] Level 1:colcon.colcon_core.environment:checking '/home/asd/ros2_ws9/install/testbed_description_goat/bin'
[2.449s] Level 1:colcon.colcon_core.environment:checking '/home/asd/ros2_ws9/install/testbed_description_goat/lib/pkgconfig/testbed_description_goat.pc'
[2.450s] Level 1:colcon.colcon_core.environment:checking '/home/asd/ros2_ws9/install/testbed_description_goat/lib/python3.10/site-packages'
[2.452s] Level 1:colcon.colcon_core.environment:checking '/home/asd/ros2_ws9/install/testbed_description_goat/bin'
[2.454s] INFO:colcon.colcon_core.shell:Creating package script '/home/asd/ros2_ws9/install/testbed_description_goat/share/testbed_description_goat/package.ps1'
[2.457s] INFO:colcon.colcon_core.shell:Creating package descriptor '/home/asd/ros2_ws9/install/testbed_description_goat/share/testbed_description_goat/package.dsv'
[2.459s] INFO:colcon.colcon_core.shell:Creating package script '/home/asd/ros2_ws9/install/testbed_description_goat/share/testbed_description_goat/package.sh'
[2.460s] INFO:colcon.colcon_core.shell:Creating package script '/home/asd/ros2_ws9/install/testbed_description_goat/share/testbed_description_goat/package.bash'
[2.463s] INFO:colcon.colcon_core.shell:Creating package script '/home/asd/ros2_ws9/install/testbed_description_goat/share/testbed_description_goat/package.zsh'
[2.466s] Level 1:colcon.colcon_core.environment:create_file_with_runtime_dependencies(/home/asd/ros2_ws9/install/testbed_description_goat/share/colcon-core/packages/testbed_description_goat)
[2.473s] Level 1:colcon.colcon_core.environment:create_environment_scripts_only(goat_gazebo)
[2.475s] DEBUG:colcon.colcon_core.event_handler.log_command:Invoked command in '/home/asd/ros2_ws9/build/goat_gazebo' returned '0': CMAKE_PREFIX_PATH=${CMAKE_PREFIX_PATH}:/home/asd/ros2_ws7/install/my_py_pkg_anscer:/home/asd/ros2_ws4/install/esp_wifi:/home/asd/ros2_ws4/install/maping_odom:/home/asd/ros2_ws/install/turtlesim_catch_them_all:/home/asd/ros2_ws/install/my_py_pkg:/opt/ros/humble /usr/bin/cmake --install /home/asd/ros2_ws9/build/goat_gazebo
[2.476s] Level 1:colcon.colcon_core.environment:checking '/home/asd/ros2_ws9/install/goat_gazebo' for CMake module files
[2.478s] Level 1:colcon.colcon_core.environment:checking '/home/asd/ros2_ws9/install/goat_gazebo' for CMake config files
[2.479s] Level 1:colcon.colcon_core.shell:create_environment_hook('goat_gazebo', 'cmake_prefix_path')
[2.480s] INFO:colcon.colcon_core.shell:Creating environment hook '/home/asd/ros2_ws9/install/goat_gazebo/share/goat_gazebo/hook/cmake_prefix_path.ps1'
[2.482s] INFO:colcon.colcon_core.shell:Creating environment descriptor '/home/asd/ros2_ws9/install/goat_gazebo/share/goat_gazebo/hook/cmake_prefix_path.dsv'
[2.484s] INFO:colcon.colcon_core.shell:Creating environment hook '/home/asd/ros2_ws9/install/goat_gazebo/share/goat_gazebo/hook/cmake_prefix_path.sh'
[2.489s] Level 1:colcon.colcon_core.environment:checking '/home/asd/ros2_ws9/install/goat_gazebo/bin'
[2.490s] Level 1:colcon.colcon_core.environment:checking '/home/asd/ros2_ws9/install/goat_gazebo/lib/pkgconfig/goat_gazebo.pc'
[2.492s] Level 1:colcon.colcon_core.environment:checking '/home/asd/ros2_ws9/install/goat_gazebo/lib/python3.10/site-packages'
[2.494s] Level 1:colcon.colcon_core.environment:checking '/home/asd/ros2_ws9/install/goat_gazebo/bin'
[2.498s] INFO:colcon.colcon_core.shell:Creating package script '/home/asd/ros2_ws9/install/goat_gazebo/share/goat_gazebo/package.ps1'
[2.502s] INFO:colcon.colcon_core.shell:Creating package descriptor '/home/asd/ros2_ws9/install/goat_gazebo/share/goat_gazebo/package.dsv'
[2.505s] INFO:colcon.colcon_core.shell:Creating package script '/home/asd/ros2_ws9/install/goat_gazebo/share/goat_gazebo/package.sh'
[2.508s] INFO:colcon.colcon_core.shell:Creating package script '/home/asd/ros2_ws9/install/goat_gazebo/share/goat_gazebo/package.bash'
[2.511s] INFO:colcon.colcon_core.shell:Creating package script '/home/asd/ros2_ws9/install/goat_gazebo/share/goat_gazebo/package.zsh'
[2.514s] Level 1:colcon.colcon_core.environment:create_file_with_runtime_dependencies(/home/asd/ros2_ws9/install/goat_gazebo/share/colcon-core/packages/goat_gazebo)
[2.518s] Level 1:colcon.colcon_core.environment:create_environment_scripts_only(goat_gazebo)
[2.520s] Level 1:colcon.colcon_core.environment:checking '/home/asd/ros2_ws9/install/goat_gazebo' for CMake module files
[2.524s] Level 1:colcon.colcon_core.environment:checking '/home/asd/ros2_ws9/install/goat_gazebo' for CMake config files
[2.526s] Level 1:colcon.colcon_core.shell:create_environment_hook('goat_gazebo', 'cmake_prefix_path')
[2.528s] INFO:colcon.colcon_core.shell:Creating environment hook '/home/asd/ros2_ws9/install/goat_gazebo/share/goat_gazebo/hook/cmake_prefix_path.ps1'
[2.531s] INFO:colcon.colcon_core.shell:Creating environment descriptor '/home/asd/ros2_ws9/install/goat_gazebo/share/goat_gazebo/hook/cmake_prefix_path.dsv'
[2.535s] INFO:colcon.colcon_core.shell:Creating environment hook '/home/asd/ros2_ws9/install/goat_gazebo/share/goat_gazebo/hook/cmake_prefix_path.sh'
[2.538s] Level 1:colcon.colcon_core.environment:checking '/home/asd/ros2_ws9/install/goat_gazebo/bin'
[2.539s] Level 1:colcon.colcon_core.environment:checking '/home/asd/ros2_ws9/install/goat_gazebo/lib/pkgconfig/goat_gazebo.pc'
[2.540s] Level 1:colcon.colcon_core.environment:checking '/home/asd/ros2_ws9/install/goat_gazebo/lib/python3.10/site-packages'
[2.541s] Level 1:colcon.colcon_core.environment:checking '/home/asd/ros2_ws9/install/goat_gazebo/bin'
[2.542s] INFO:colcon.colcon_core.shell:Creating package script '/home/asd/ros2_ws9/install/goat_gazebo/share/goat_gazebo/package.ps1'
[2.545s] INFO:colcon.colcon_core.shell:Creating package descriptor '/home/asd/ros2_ws9/install/goat_gazebo/share/goat_gazebo/package.dsv'
[2.549s] INFO:colcon.colcon_core.shell:Creating package script '/home/asd/ros2_ws9/install/goat_gazebo/share/goat_gazebo/package.sh'
[2.551s] INFO:colcon.colcon_core.shell:Creating package script '/home/asd/ros2_ws9/install/goat_gazebo/share/goat_gazebo/package.bash'
[2.553s] INFO:colcon.colcon_core.shell:Creating package script '/home/asd/ros2_ws9/install/goat_gazebo/share/goat_gazebo/package.zsh'
[2.555s] Level 1:colcon.colcon_core.environment:create_file_with_runtime_dependencies(/home/asd/ros2_ws9/install/goat_gazebo/share/colcon-core/packages/goat_gazebo)
[2.555s] Level 1:colcon.colcon_core.environment:create_environment_scripts_only(testbed_gazebo_goat)
[2.556s] Level 1:colcon.colcon_core.environment:checking '/home/asd/ros2_ws9/install/testbed_gazebo_goat' for CMake module files
[2.560s] DEBUG:colcon.colcon_core.event_handler.log_command:Invoked command in '/home/asd/ros2_ws9/build/testbed_gazebo_goat' returned '0': CMAKE_PREFIX_PATH=${CMAKE_PREFIX_PATH}:/home/asd/ros2_ws7/install/my_py_pkg_anscer:/home/asd/ros2_ws4/install/esp_wifi:/home/asd/ros2_ws4/install/maping_odom:/home/asd/ros2_ws/install/turtlesim_catch_them_all:/home/asd/ros2_ws/install/my_py_pkg:/opt/ros/humble /usr/bin/cmake --install /home/asd/ros2_ws9/build/testbed_gazebo_goat
[2.561s] Level 1:colcon.colcon_core.environment:checking '/home/asd/ros2_ws9/install/testbed_gazebo_goat' for CMake config files
[2.562s] Level 1:colcon.colcon_core.shell:create_environment_hook('testbed_gazebo_goat', 'cmake_prefix_path')
[2.563s] INFO:colcon.colcon_core.shell:Creating environment hook '/home/asd/ros2_ws9/install/testbed_gazebo_goat/share/testbed_gazebo_goat/hook/cmake_prefix_path.ps1'
[2.565s] INFO:colcon.colcon_core.shell:Creating environment descriptor '/home/asd/ros2_ws9/install/testbed_gazebo_goat/share/testbed_gazebo_goat/hook/cmake_prefix_path.dsv'
[2.566s] INFO:colcon.colcon_core.shell:Creating environment hook '/home/asd/ros2_ws9/install/testbed_gazebo_goat/share/testbed_gazebo_goat/hook/cmake_prefix_path.sh'
[2.568s] Level 1:colcon.colcon_core.environment:checking '/home/asd/ros2_ws9/install/testbed_gazebo_goat/bin'
[2.569s] Level 1:colcon.colcon_core.environment:checking '/home/asd/ros2_ws9/install/testbed_gazebo_goat/lib/pkgconfig/testbed_gazebo_goat.pc'
[2.570s] Level 1:colcon.colcon_core.environment:checking '/home/asd/ros2_ws9/install/testbed_gazebo_goat/lib/python3.10/site-packages'
[2.572s] Level 1:colcon.colcon_core.environment:checking '/home/asd/ros2_ws9/install/testbed_gazebo_goat/bin'
[2.574s] INFO:colcon.colcon_core.shell:Creating package script '/home/asd/ros2_ws9/install/testbed_gazebo_goat/share/testbed_gazebo_goat/package.ps1'
[2.577s] INFO:colcon.colcon_core.shell:Creating package descriptor '/home/asd/ros2_ws9/install/testbed_gazebo_goat/share/testbed_gazebo_goat/package.dsv'
[2.581s] INFO:colcon.colcon_core.shell:Creating package script '/home/asd/ros2_ws9/install/testbed_gazebo_goat/share/testbed_gazebo_goat/package.sh'
[2.583s] INFO:colcon.colcon_core.shell:Creating package script '/home/asd/ros2_ws9/install/testbed_gazebo_goat/share/testbed_gazebo_goat/package.bash'
[2.586s] INFO:colcon.colcon_core.shell:Creating package script '/home/asd/ros2_ws9/install/testbed_gazebo_goat/share/testbed_gazebo_goat/package.zsh'
[2.588s] Level 1:colcon.colcon_core.environment:create_file_with_runtime_dependencies(/home/asd/ros2_ws9/install/testbed_gazebo_goat/share/colcon-core/packages/testbed_gazebo_goat)
[2.592s] Level 1:colcon.colcon_core.environment:create_environment_scripts_only(testbed_gazebo_goat)
[2.593s] Level 1:colcon.colcon_core.environment:checking '/home/asd/ros2_ws9/install/testbed_gazebo_goat' for CMake module files
[2.595s] Level 1:colcon.colcon_core.environment:checking '/home/asd/ros2_ws9/install/testbed_gazebo_goat' for CMake config files
[2.596s] Level 1:colcon.colcon_core.shell:create_environment_hook('testbed_gazebo_goat', 'cmake_prefix_path')
[2.597s] INFO:colcon.colcon_core.shell:Creating environment hook '/home/asd/ros2_ws9/install/testbed_gazebo_goat/share/testbed_gazebo_goat/hook/cmake_prefix_path.ps1'
[2.599s] INFO:colcon.colcon_core.shell:Creating environment descriptor '/home/asd/ros2_ws9/install/testbed_gazebo_goat/share/testbed_gazebo_goat/hook/cmake_prefix_path.dsv'
[2.600s] INFO:colcon.colcon_core.shell:Creating environment hook '/home/asd/ros2_ws9/install/testbed_gazebo_goat/share/testbed_gazebo_goat/hook/cmake_prefix_path.sh'
[2.602s] Level 1:colcon.colcon_core.environment:checking '/home/asd/ros2_ws9/install/testbed_gazebo_goat/bin'
[2.603s] Level 1:colcon.colcon_core.environment:checking '/home/asd/ros2_ws9/install/testbed_gazebo_goat/lib/pkgconfig/testbed_gazebo_goat.pc'
[2.603s] Level 1:colcon.colcon_core.environment:checking '/home/asd/ros2_ws9/install/testbed_gazebo_goat/lib/python3.10/site-packages'
[2.604s] Level 1:colcon.colcon_core.environment:checking '/home/asd/ros2_ws9/install/testbed_gazebo_goat/bin'
[2.606s] INFO:colcon.colcon_core.shell:Creating package script '/home/asd/ros2_ws9/install/testbed_gazebo_goat/share/testbed_gazebo_goat/package.ps1'
[2.608s] INFO:colcon.colcon_core.shell:Creating package descriptor '/home/asd/ros2_ws9/install/testbed_gazebo_goat/share/testbed_gazebo_goat/package.dsv'
[2.610s] INFO:colcon.colcon_core.shell:Creating package script '/home/asd/ros2_ws9/install/testbed_gazebo_goat/share/testbed_gazebo_goat/package.sh'
[2.612s] INFO:colcon.colcon_core.shell:Creating package script '/home/asd/ros2_ws9/install/testbed_gazebo_goat/share/testbed_gazebo_goat/package.bash'
[2.614s] INFO:colcon.colcon_core.shell:Creating package script '/home/asd/ros2_ws9/install/testbed_gazebo_goat/share/testbed_gazebo_goat/package.zsh'
[2.616s] Level 1:colcon.colcon_core.environment:create_file_with_runtime_dependencies(/home/asd/ros2_ws9/install/testbed_gazebo_goat/share/colcon-core/packages/testbed_gazebo_goat)
[2.621s] DEBUG:colcon.colcon_core.event_handler.log_command:Invoked command in '/home/asd/ros2_ws9/build/turtlebot3_fake_node' returned '0': CMAKE_PREFIX_PATH=${CMAKE_PREFIX_PATH}:/home/asd/ros2_ws7/install/my_py_pkg_anscer:/home/asd/ros2_ws4/install/esp_wifi:/home/asd/ros2_ws4/install/maping_odom:/home/asd/ros2_ws/install/turtlesim_catch_them_all:/home/asd/ros2_ws/install/my_py_pkg:/opt/ros/humble /usr/bin/cmake --build /home/asd/ros2_ws9/build/turtlebot3_fake_node -- -j8 -l8
[2.627s] DEBUG:colcon.colcon_core.event_handler.log_command:Invoking command in '/home/asd/ros2_ws9/build/turtlebot3_fake_node': CMAKE_PREFIX_PATH=${CMAKE_PREFIX_PATH}:/home/asd/ros2_ws7/install/my_py_pkg_anscer:/home/asd/ros2_ws4/install/esp_wifi:/home/asd/ros2_ws4/install/maping_odom:/home/asd/ros2_ws/install/turtlesim_catch_them_all:/home/asd/ros2_ws/install/my_py_pkg:/opt/ros/humble /usr/bin/cmake --install /home/asd/ros2_ws9/build/turtlebot3_fake_node
[2.636s] DEBUG:colcon.colcon_core.event_handler.log_command:Invoked command in '/home/asd/ros2_ws9/build/turtlebot3_gazebo_goat' returned '0': CMAKE_PREFIX_PATH=${CMAKE_PREFIX_PATH}:/home/asd/ros2_ws7/install/my_py_pkg_anscer:/home/asd/ros2_ws4/install/esp_wifi:/home/asd/ros2_ws4/install/maping_odom:/home/asd/ros2_ws/install/turtlesim_catch_them_all:/home/asd/ros2_ws/install/my_py_pkg:/opt/ros/humble /usr/bin/cmake --build /home/asd/ros2_ws9/build/turtlebot3_gazebo_goat -- -j8 -l8
[2.649s] DEBUG:colcon.colcon_core.event_handler.log_command:Invoking command in '/home/asd/ros2_ws9/build/turtlebot3_gazebo_goat': CMAKE_PREFIX_PATH=${CMAKE_PREFIX_PATH}:/home/asd/ros2_ws7/install/my_py_pkg_anscer:/home/asd/ros2_ws4/install/esp_wifi:/home/asd/ros2_ws4/install/maping_odom:/home/asd/ros2_ws/install/turtlesim_catch_them_all:/home/asd/ros2_ws/install/my_py_pkg:/opt/ros/humble /usr/bin/cmake --install /home/asd/ros2_ws9/build/turtlebot3_gazebo_goat
[2.698s] Level 1:colcon.colcon_core.environment:create_environment_scripts_only(turtlebot3_fake_node)
[2.702s] Level 1:colcon.colcon_core.environment:checking '/home/asd/ros2_ws9/install/turtlebot3_fake_node' for CMake module files
[2.724s] Level 1:colcon.colcon_core.environment:checking '/home/asd/ros2_ws9/install/turtlebot3_fake_node' for CMake config files
[2.737s] DEBUG:colcon.colcon_core.event_handler.log_command:Invoked command in '/home/asd/ros2_ws9/build/turtlebot3_fake_node' returned '0': CMAKE_PREFIX_PATH=${CMAKE_PREFIX_PATH}:/home/asd/ros2_ws7/install/my_py_pkg_anscer:/home/asd/ros2_ws4/install/esp_wifi:/home/asd/ros2_ws4/install/maping_odom:/home/asd/ros2_ws/install/turtlesim_catch_them_all:/home/asd/ros2_ws/install/my_py_pkg:/opt/ros/humble /usr/bin/cmake --install /home/asd/ros2_ws9/build/turtlebot3_fake_node
[2.751s] Level 1:colcon.colcon_core.shell:create_environment_hook('turtlebot3_fake_node', 'cmake_prefix_path')
[2.752s] INFO:colcon.colcon_core.shell:Creating environment hook '/home/asd/ros2_ws9/install/turtlebot3_fake_node/share/turtlebot3_fake_node/hook/cmake_prefix_path.ps1'
[2.759s] INFO:colcon.colcon_core.shell:Creating environment descriptor '/home/asd/ros2_ws9/install/turtlebot3_fake_node/share/turtlebot3_fake_node/hook/cmake_prefix_path.dsv'
[2.761s] INFO:colcon.colcon_core.shell:Creating environment hook '/home/asd/ros2_ws9/install/turtlebot3_fake_node/share/turtlebot3_fake_node/hook/cmake_prefix_path.sh'
[2.764s] Level 1:colcon.colcon_core.environment:checking '/home/asd/ros2_ws9/install/turtlebot3_fake_node/lib'
[2.765s] Level 1:colcon.colcon_core.environment:checking '/home/asd/ros2_ws9/install/turtlebot3_fake_node/bin'
[2.765s] Level 1:colcon.colcon_core.environment:checking '/home/asd/ros2_ws9/install/turtlebot3_fake_node/lib/pkgconfig/turtlebot3_fake_node.pc'
[2.766s] Level 1:colcon.colcon_core.environment:checking '/home/asd/ros2_ws9/install/turtlebot3_fake_node/lib/python3.10/site-packages'
[2.767s] Level 1:colcon.colcon_core.environment:checking '/home/asd/ros2_ws9/install/turtlebot3_fake_node/bin'
[2.768s] INFO:colcon.colcon_core.shell:Creating package script '/home/asd/ros2_ws9/install/turtlebot3_fake_node/share/turtlebot3_fake_node/package.ps1'
[2.770s] INFO:colcon.colcon_core.shell:Creating package descriptor '/home/asd/ros2_ws9/install/turtlebot3_fake_node/share/turtlebot3_fake_node/package.dsv'
[2.773s] INFO:colcon.colcon_core.shell:Creating package script '/home/asd/ros2_ws9/install/turtlebot3_fake_node/share/turtlebot3_fake_node/package.sh'
[2.775s] INFO:colcon.colcon_core.shell:Creating package script '/home/asd/ros2_ws9/install/turtlebot3_fake_node/share/turtlebot3_fake_node/package.bash'
[2.777s] INFO:colcon.colcon_core.shell:Creating package script '/home/asd/ros2_ws9/install/turtlebot3_fake_node/share/turtlebot3_fake_node/package.zsh'
[2.779s] Level 1:colcon.colcon_core.environment:create_file_with_runtime_dependencies(/home/asd/ros2_ws9/install/turtlebot3_fake_node/share/colcon-core/packages/turtlebot3_fake_node)
[2.781s] Level 1:colcon.colcon_core.environment:create_environment_scripts_only(turtlebot3_fake_node)
[2.782s] Level 1:colcon.colcon_core.environment:checking '/home/asd/ros2_ws9/install/turtlebot3_fake_node' for CMake module files
[2.785s] Level 1:colcon.colcon_core.environment:checking '/home/asd/ros2_ws9/install/turtlebot3_fake_node' for CMake config files
[2.786s] Level 1:colcon.colcon_core.shell:create_environment_hook('turtlebot3_fake_node', 'cmake_prefix_path')
[2.787s] INFO:colcon.colcon_core.shell:Creating environment hook '/home/asd/ros2_ws9/install/turtlebot3_fake_node/share/turtlebot3_fake_node/hook/cmake_prefix_path.ps1'
[2.788s] INFO:colcon.colcon_core.shell:Creating environment descriptor '/home/asd/ros2_ws9/install/turtlebot3_fake_node/share/turtlebot3_fake_node/hook/cmake_prefix_path.dsv'
[2.790s] INFO:colcon.colcon_core.shell:Creating environment hook '/home/asd/ros2_ws9/install/turtlebot3_fake_node/share/turtlebot3_fake_node/hook/cmake_prefix_path.sh'
[2.792s] Level 1:colcon.colcon_core.environment:checking '/home/asd/ros2_ws9/install/turtlebot3_fake_node/lib'
[2.793s] Level 1:colcon.colcon_core.environment:checking '/home/asd/ros2_ws9/install/turtlebot3_fake_node/bin'
[2.793s] Level 1:colcon.colcon_core.environment:checking '/home/asd/ros2_ws9/install/turtlebot3_fake_node/lib/pkgconfig/turtlebot3_fake_node.pc'
[2.794s] Level 1:colcon.colcon_core.environment:checking '/home/asd/ros2_ws9/install/turtlebot3_fake_node/lib/python3.10/site-packages'
[2.796s] Level 1:colcon.colcon_core.environment:checking '/home/asd/ros2_ws9/install/turtlebot3_fake_node/bin'
[2.799s] INFO:colcon.colcon_core.shell:Creating package script '/home/asd/ros2_ws9/install/turtlebot3_fake_node/share/turtlebot3_fake_node/package.ps1'
[2.803s] INFO:colcon.colcon_core.shell:Creating package descriptor '/home/asd/ros2_ws9/install/turtlebot3_fake_node/share/turtlebot3_fake_node/package.dsv'
[2.806s] INFO:colcon.colcon_core.shell:Creating package script '/home/asd/ros2_ws9/install/turtlebot3_fake_node/share/turtlebot3_fake_node/package.sh'
[2.808s] INFO:colcon.colcon_core.shell:Creating package script '/home/asd/ros2_ws9/install/turtlebot3_fake_node/share/turtlebot3_fake_node/package.bash'
[2.811s] INFO:colcon.colcon_core.shell:Creating package script '/home/asd/ros2_ws9/install/turtlebot3_fake_node/share/turtlebot3_fake_node/package.zsh'
[2.815s] Level 1:colcon.colcon_core.environment:create_file_with_runtime_dependencies(/home/asd/ros2_ws9/install/turtlebot3_fake_node/share/colcon-core/packages/turtlebot3_fake_node)
[2.817s] INFO:colcon.colcon_ros.task.ament_cmake.build:Building ROS package in '/home/asd/ros2_ws9/src/turtlebot3_simulations' with build type 'ament_cmake'
[2.818s] INFO:colcon.colcon_cmake.task.cmake.build:Building CMake package in '/home/asd/ros2_ws9/src/turtlebot3_simulations'
[2.820s] INFO:colcon.colcon_core.shell:Skip shell extension 'powershell' for command environment: Not usable outside of PowerShell
[2.821s] DEBUG:colcon.colcon_core.shell:Skip shell extension 'dsv' for command environment
[2.875s] Level 1:colcon.colcon_core.environment:create_environment_scripts_only(turtlebot3_gazebo_goat)
[2.880s] Level 1:colcon.colcon_core.environment:checking '/home/asd/ros2_ws9/install/turtlebot3_gazebo_goat' for CMake module files
[2.882s] DEBUG:colcon.colcon_core.event_handler.log_command:Invoked command in '/home/asd/ros2_ws9/build/turtlebot3_gazebo_goat' returned '0': CMAKE_PREFIX_PATH=${CMAKE_PREFIX_PATH}:/home/asd/ros2_ws7/install/my_py_pkg_anscer:/home/asd/ros2_ws4/install/esp_wifi:/home/asd/ros2_ws4/install/maping_odom:/home/asd/ros2_ws/install/turtlesim_catch_them_all:/home/asd/ros2_ws/install/my_py_pkg:/opt/ros/humble /usr/bin/cmake --install /home/asd/ros2_ws9/build/turtlebot3_gazebo_goat
[2.885s] Level 1:colcon.colcon_core.environment:checking '/home/asd/ros2_ws9/install/turtlebot3_gazebo_goat' for CMake config files
[2.887s] Level 1:colcon.colcon_core.shell:create_environment_hook('turtlebot3_gazebo_goat', 'cmake_prefix_path')
[2.889s] INFO:colcon.colcon_core.shell:Creating environment hook '/home/asd/ros2_ws9/install/turtlebot3_gazebo_goat/share/turtlebot3_gazebo_goat/hook/cmake_prefix_path.ps1'
[2.892s] INFO:colcon.colcon_core.shell:Creating environment descriptor '/home/asd/ros2_ws9/install/turtlebot3_gazebo_goat/share/turtlebot3_gazebo_goat/hook/cmake_prefix_path.dsv'
[2.894s] INFO:colcon.colcon_core.shell:Creating environment hook '/home/asd/ros2_ws9/install/turtlebot3_gazebo_goat/share/turtlebot3_gazebo_goat/hook/cmake_prefix_path.sh'
[2.899s] Level 1:colcon.colcon_core.environment:checking '/home/asd/ros2_ws9/install/turtlebot3_gazebo_goat/lib'
[2.899s] Level 1:colcon.colcon_core.environment:checking '/home/asd/ros2_ws9/install/turtlebot3_gazebo_goat/bin'
[2.900s] Level 1:colcon.colcon_core.environment:checking '/home/asd/ros2_ws9/install/turtlebot3_gazebo_goat/lib/pkgconfig/turtlebot3_gazebo_goat.pc'
[2.901s] Level 1:colcon.colcon_core.environment:checking '/home/asd/ros2_ws9/install/turtlebot3_gazebo_goat/lib/python3.10/site-packages'
[2.902s] Level 1:colcon.colcon_core.environment:checking '/home/asd/ros2_ws9/install/turtlebot3_gazebo_goat/bin'
[2.904s] INFO:colcon.colcon_core.shell:Creating package script '/home/asd/ros2_ws9/install/turtlebot3_gazebo_goat/share/turtlebot3_gazebo_goat/package.ps1'
[2.909s] INFO:colcon.colcon_core.shell:Creating package descriptor '/home/asd/ros2_ws9/install/turtlebot3_gazebo_goat/share/turtlebot3_gazebo_goat/package.dsv'
[2.912s] INFO:colcon.colcon_core.shell:Creating package script '/home/asd/ros2_ws9/install/turtlebot3_gazebo_goat/share/turtlebot3_gazebo_goat/package.sh'
[2.915s] INFO:colcon.colcon_core.shell:Creating package script '/home/asd/ros2_ws9/install/turtlebot3_gazebo_goat/share/turtlebot3_gazebo_goat/package.bash'
[2.917s] INFO:colcon.colcon_core.shell:Creating package script '/home/asd/ros2_ws9/install/turtlebot3_gazebo_goat/share/turtlebot3_gazebo_goat/package.zsh'
[2.919s] Level 1:colcon.colcon_core.environment:create_file_with_runtime_dependencies(/home/asd/ros2_ws9/install/turtlebot3_gazebo_goat/share/colcon-core/packages/turtlebot3_gazebo_goat)
[2.922s] Level 1:colcon.colcon_core.environment:create_environment_scripts_only(turtlebot3_gazebo_goat)
[2.923s] Level 1:colcon.colcon_core.environment:checking '/home/asd/ros2_ws9/install/turtlebot3_gazebo_goat' for CMake module files
[2.925s] Level 1:colcon.colcon_core.environment:checking '/home/asd/ros2_ws9/install/turtlebot3_gazebo_goat' for CMake config files
[2.927s] Level 1:colcon.colcon_core.shell:create_environment_hook('turtlebot3_gazebo_goat', 'cmake_prefix_path')
[2.929s] INFO:colcon.colcon_core.shell:Creating environment hook '/home/asd/ros2_ws9/install/turtlebot3_gazebo_goat/share/turtlebot3_gazebo_goat/hook/cmake_prefix_path.ps1'
[2.933s] INFO:colcon.colcon_core.shell:Creating environment descriptor '/home/asd/ros2_ws9/install/turtlebot3_gazebo_goat/share/turtlebot3_gazebo_goat/hook/cmake_prefix_path.dsv'
[2.935s] INFO:colcon.colcon_core.shell:Creating environment hook '/home/asd/ros2_ws9/install/turtlebot3_gazebo_goat/share/turtlebot3_gazebo_goat/hook/cmake_prefix_path.sh'
[2.938s] Level 1:colcon.colcon_core.environment:checking '/home/asd/ros2_ws9/install/turtlebot3_gazebo_goat/lib'
[2.939s] Level 1:colcon.colcon_core.environment:checking '/home/asd/ros2_ws9/install/turtlebot3_gazebo_goat/bin'
[2.939s] Level 1:colcon.colcon_core.environment:checking '/home/asd/ros2_ws9/install/turtlebot3_gazebo_goat/lib/pkgconfig/turtlebot3_gazebo_goat.pc'
[2.940s] Level 1:colcon.colcon_core.environment:checking '/home/asd/ros2_ws9/install/turtlebot3_gazebo_goat/lib/python3.10/site-packages'
[2.941s] Level 1:colcon.colcon_core.environment:checking '/home/asd/ros2_ws9/install/turtlebot3_gazebo_goat/bin'
[2.943s] INFO:colcon.colcon_core.shell:Creating package script '/home/asd/ros2_ws9/install/turtlebot3_gazebo_goat/share/turtlebot3_gazebo_goat/package.ps1'
[2.945s] INFO:colcon.colcon_core.shell:Creating package descriptor '/home/asd/ros2_ws9/install/turtlebot3_gazebo_goat/share/turtlebot3_gazebo_goat/package.dsv'
[2.947s] INFO:colcon.colcon_core.shell:Creating package script '/home/asd/ros2_ws9/install/turtlebot3_gazebo_goat/share/turtlebot3_gazebo_goat/package.sh'
[2.949s] INFO:colcon.colcon_core.shell:Creating package script '/home/asd/ros2_ws9/install/turtlebot3_gazebo_goat/share/turtlebot3_gazebo_goat/package.bash'
[2.951s] INFO:colcon.colcon_core.shell:Creating package script '/home/asd/ros2_ws9/install/turtlebot3_gazebo_goat/share/turtlebot3_gazebo_goat/package.zsh'
[2.953s] Level 1:colcon.colcon_core.environment:create_file_with_runtime_dependencies(/home/asd/ros2_ws9/install/turtlebot3_gazebo_goat/share/colcon-core/packages/turtlebot3_gazebo_goat)
[2.969s] DEBUG:colcon.colcon_core.event_handler.log_command:Invoking command in '/home/asd/ros2_ws9/build/turtlebot3_simulations': AMENT_PREFIX_PATH=/home/asd/ros2_ws9/install/turtlebot3_fake_node:${AMENT_PREFIX_PATH} CMAKE_PREFIX_PATH=/home/asd/ros2_ws9/install/turtlebot3_fake_node:/home/asd/ros2_ws6/install/testbed_navigation:/home/asd/ros2_ws6/install/testbed_gazebo:/home/asd/ros2_ws6/install/testbed_description:/home/asd/ros2_ws6/install/testbed_bringup:/home/asd/ros2_ws7/install/bring_up_anscer:/home/asd/ros2_ws7/install/custom_interfaces_anscer:/home/asd/ros2_ws4/install/my_interfaces:/home/asd/ros2_ws/install/turtlesim_project_cpp:/home/asd/ros2_ws/install/my_robot_bringup_one:/home/asd/ros2_ws/install/my_cpp_pkg:/home/asd/ros2_ws/install/my_robot_interfaces:/home/asd/ros2_ws2/install/my_robot_description:/home/asd/ros2_ws2/install/my_robot_bringup:/home/asd/ros2_ws7/install/my_py_pkg_anscer:/home/asd/ros2_ws4/install/esp_wifi:/home/asd/ros2_ws4/install/maping_odom:/home/asd/ros2_ws/install/turtlesim_catch_them_all:/home/asd/ros2_ws/install/my_py_pkg:/opt/ros/humble /usr/bin/cmake --build /home/asd/ros2_ws9/build/turtlebot3_simulations -- -j8 -l8
[3.131s] DEBUG:colcon.colcon_core.event_handler.log_command:Invoked command in '/home/asd/ros2_ws9/build/turtlebot3_simulations' returned '0': AMENT_PREFIX_PATH=/home/asd/ros2_ws9/install/turtlebot3_fake_node:${AMENT_PREFIX_PATH} CMAKE_PREFIX_PATH=/home/asd/ros2_ws9/install/turtlebot3_fake_node:/home/asd/ros2_ws6/install/testbed_navigation:/home/asd/ros2_ws6/install/testbed_gazebo:/home/asd/ros2_ws6/install/testbed_description:/home/asd/ros2_ws6/install/testbed_bringup:/home/asd/ros2_ws7/install/bring_up_anscer:/home/asd/ros2_ws7/install/custom_interfaces_anscer:/home/asd/ros2_ws4/install/my_interfaces:/home/asd/ros2_ws/install/turtlesim_project_cpp:/home/asd/ros2_ws/install/my_robot_bringup_one:/home/asd/ros2_ws/install/my_cpp_pkg:/home/asd/ros2_ws/install/my_robot_interfaces:/home/asd/ros2_ws2/install/my_robot_description:/home/asd/ros2_ws2/install/my_robot_bringup:/home/asd/ros2_ws7/install/my_py_pkg_anscer:/home/asd/ros2_ws4/install/esp_wifi:/home/asd/ros2_ws4/install/maping_odom:/home/asd/ros2_ws/install/turtlesim_catch_them_all:/home/asd/ros2_ws/install/my_py_pkg:/opt/ros/humble /usr/bin/cmake --build /home/asd/ros2_ws9/build/turtlebot3_simulations -- -j8 -l8
[3.135s] DEBUG:colcon.colcon_core.event_handler.log_command:Invoking command in '/home/asd/ros2_ws9/build/turtlebot3_simulations': AMENT_PREFIX_PATH=/home/asd/ros2_ws9/install/turtlebot3_fake_node:${AMENT_PREFIX_PATH} CMAKE_PREFIX_PATH=/home/asd/ros2_ws9/install/turtlebot3_fake_node:/home/asd/ros2_ws6/install/testbed_navigation:/home/asd/ros2_ws6/install/testbed_gazebo:/home/asd/ros2_ws6/install/testbed_description:/home/asd/ros2_ws6/install/testbed_bringup:/home/asd/ros2_ws7/install/bring_up_anscer:/home/asd/ros2_ws7/install/custom_interfaces_anscer:/home/asd/ros2_ws4/install/my_interfaces:/home/asd/ros2_ws/install/turtlesim_project_cpp:/home/asd/ros2_ws/install/my_robot_bringup_one:/home/asd/ros2_ws/install/my_cpp_pkg:/home/asd/ros2_ws/install/my_robot_interfaces:/home/asd/ros2_ws2/install/my_robot_description:/home/asd/ros2_ws2/install/my_robot_bringup:/home/asd/ros2_ws7/install/my_py_pkg_anscer:/home/asd/ros2_ws4/install/esp_wifi:/home/asd/ros2_ws4/install/maping_odom:/home/asd/ros2_ws/install/turtlesim_catch_them_all:/home/asd/ros2_ws/install/my_py_pkg:/opt/ros/humble /usr/bin/cmake --install /home/asd/ros2_ws9/build/turtlebot3_simulations
[3.179s] Level 1:colcon.colcon_core.environment:create_environment_scripts_only(turtlebot3_simulations)
[3.181s] Level 1:colcon.colcon_core.environment:checking '/home/asd/ros2_ws9/install/turtlebot3_simulations' for CMake module files
[3.183s] DEBUG:colcon.colcon_core.event_handler.log_command:Invoked command in '/home/asd/ros2_ws9/build/turtlebot3_simulations' returned '0': AMENT_PREFIX_PATH=/home/asd/ros2_ws9/install/turtlebot3_fake_node:${AMENT_PREFIX_PATH} CMAKE_PREFIX_PATH=/home/asd/ros2_ws9/install/turtlebot3_fake_node:/home/asd/ros2_ws6/install/testbed_navigation:/home/asd/ros2_ws6/install/testbed_gazebo:/home/asd/ros2_ws6/install/testbed_description:/home/asd/ros2_ws6/install/testbed_bringup:/home/asd/ros2_ws7/install/bring_up_anscer:/home/asd/ros2_ws7/install/custom_interfaces_anscer:/home/asd/ros2_ws4/install/my_interfaces:/home/asd/ros2_ws/install/turtlesim_project_cpp:/home/asd/ros2_ws/install/my_robot_bringup_one:/home/asd/ros2_ws/install/my_cpp_pkg:/home/asd/ros2_ws/install/my_robot_interfaces:/home/asd/ros2_ws2/install/my_robot_description:/home/asd/ros2_ws2/install/my_robot_bringup:/home/asd/ros2_ws7/install/my_py_pkg_anscer:/home/asd/ros2_ws4/install/esp_wifi:/home/asd/ros2_ws4/install/maping_odom:/home/asd/ros2_ws/install/turtlesim_catch_them_all:/home/asd/ros2_ws/install/my_py_pkg:/opt/ros/humble /usr/bin/cmake --install /home/asd/ros2_ws9/build/turtlebot3_simulations
[3.185s] Level 1:colcon.colcon_core.environment:checking '/home/asd/ros2_ws9/install/turtlebot3_simulations' for CMake config files
[3.186s] Level 1:colcon.colcon_core.shell:create_environment_hook('turtlebot3_simulations', 'cmake_prefix_path')
[3.187s] INFO:colcon.colcon_core.shell:Creating environment hook '/home/asd/ros2_ws9/install/turtlebot3_simulations/share/turtlebot3_simulations/hook/cmake_prefix_path.ps1'
[3.189s] INFO:colcon.colcon_core.shell:Creating environment descriptor '/home/asd/ros2_ws9/install/turtlebot3_simulations/share/turtlebot3_simulations/hook/cmake_prefix_path.dsv'
[3.191s] INFO:colcon.colcon_core.shell:Creating environment hook '/home/asd/ros2_ws9/install/turtlebot3_simulations/share/turtlebot3_simulations/hook/cmake_prefix_path.sh'
[3.193s] Level 1:colcon.colcon_core.environment:checking '/home/asd/ros2_ws9/install/turtlebot3_simulations/bin'
[3.193s] Level 1:colcon.colcon_core.environment:checking '/home/asd/ros2_ws9/install/turtlebot3_simulations/lib/pkgconfig/turtlebot3_simulations.pc'
[3.194s] Level 1:colcon.colcon_core.environment:checking '/home/asd/ros2_ws9/install/turtlebot3_simulations/lib/python3.10/site-packages'
[3.195s] Level 1:colcon.colcon_core.environment:checking '/home/asd/ros2_ws9/install/turtlebot3_simulations/bin'
[3.196s] INFO:colcon.colcon_core.shell:Creating package script '/home/asd/ros2_ws9/install/turtlebot3_simulations/share/turtlebot3_simulations/package.ps1'
[3.198s] INFO:colcon.colcon_core.shell:Creating package descriptor '/home/asd/ros2_ws9/install/turtlebot3_simulations/share/turtlebot3_simulations/package.dsv'
[3.199s] INFO:colcon.colcon_core.shell:Creating package script '/home/asd/ros2_ws9/install/turtlebot3_simulations/share/turtlebot3_simulations/package.sh'
[3.201s] INFO:colcon.colcon_core.shell:Creating package script '/home/asd/ros2_ws9/install/turtlebot3_simulations/share/turtlebot3_simulations/package.bash'
[3.202s] INFO:colcon.colcon_core.shell:Creating package script '/home/asd/ros2_ws9/install/turtlebot3_simulations/share/turtlebot3_simulations/package.zsh'
[3.204s] Level 1:colcon.colcon_core.environment:create_file_with_runtime_dependencies(/home/asd/ros2_ws9/install/turtlebot3_simulations/share/colcon-core/packages/turtlebot3_simulations)
[3.206s] Level 1:colcon.colcon_core.environment:create_environment_scripts_only(turtlebot3_simulations)
[3.207s] Level 1:colcon.colcon_core.environment:checking '/home/asd/ros2_ws9/install/turtlebot3_simulations' for CMake module files
[3.209s] Level 1:colcon.colcon_core.environment:checking '/home/asd/ros2_ws9/install/turtlebot3_simulations' for CMake config files
[3.209s] Level 1:colcon.colcon_core.shell:create_environment_hook('turtlebot3_simulations', 'cmake_prefix_path')
[3.210s] INFO:colcon.colcon_core.shell:Creating environment hook '/home/asd/ros2_ws9/install/turtlebot3_simulations/share/turtlebot3_simulations/hook/cmake_prefix_path.ps1'
[3.212s] INFO:colcon.colcon_core.shell:Creating environment descriptor '/home/asd/ros2_ws9/install/turtlebot3_simulations/share/turtlebot3_simulations/hook/cmake_prefix_path.dsv'
[3.213s] INFO:colcon.colcon_core.shell:Creating environment hook '/home/asd/ros2_ws9/install/turtlebot3_simulations/share/turtlebot3_simulations/hook/cmake_prefix_path.sh'
[3.216s] Level 1:colcon.colcon_core.environment:checking '/home/asd/ros2_ws9/install/turtlebot3_simulations/bin'
[3.216s] Level 1:colcon.colcon_core.environment:checking '/home/asd/ros2_ws9/install/turtlebot3_simulations/lib/pkgconfig/turtlebot3_simulations.pc'
[3.217s] Level 1:colcon.colcon_core.environment:checking '/home/asd/ros2_ws9/install/turtlebot3_simulations/lib/python3.10/site-packages'
[3.218s] Level 1:colcon.colcon_core.environment:checking '/home/asd/ros2_ws9/install/turtlebot3_simulations/bin'
[3.219s] INFO:colcon.colcon_core.shell:Creating package script '/home/asd/ros2_ws9/install/turtlebot3_simulations/share/turtlebot3_simulations/package.ps1'
[3.221s] INFO:colcon.colcon_core.shell:Creating package descriptor '/home/asd/ros2_ws9/install/turtlebot3_simulations/share/turtlebot3_simulations/package.dsv'
[3.223s] INFO:colcon.colcon_core.shell:Creating package script '/home/asd/ros2_ws9/install/turtlebot3_simulations/share/turtlebot3_simulations/package.sh'
[3.225s] INFO:colcon.colcon_core.shell:Creating package script '/home/asd/ros2_ws9/install/turtlebot3_simulations/share/turtlebot3_simulations/package.bash'
[3.227s] INFO:colcon.colcon_core.shell:Creating package script '/home/asd/ros2_ws9/install/turtlebot3_simulations/share/turtlebot3_simulations/package.zsh'
[3.229s] Level 1:colcon.colcon_core.environment:create_file_with_runtime_dependencies(/home/asd/ros2_ws9/install/turtlebot3_simulations/share/colcon-core/packages/turtlebot3_simulations)
[3.962s] DEBUG:colcon.colcon_core.event_handler.log_command:Invoked command in '/home/asd/ros2_ws9/build/goat_interfaces' returned '0': CMAKE_PREFIX_PATH=${CMAKE_PREFIX_PATH}:/home/asd/ros2_ws7/install/my_py_pkg_anscer:/home/asd/ros2_ws4/install/esp_wifi:/home/asd/ros2_ws4/install/maping_odom:/home/asd/ros2_ws/install/turtlesim_catch_them_all:/home/asd/ros2_ws/install/my_py_pkg:/opt/ros/humble /usr/bin/cmake --build /home/asd/ros2_ws9/build/goat_interfaces -- -j8 -l8
[3.969s] DEBUG:colcon.colcon_core.event_handler.log_command:Invoking command in '/home/asd/ros2_ws9/build/goat_interfaces': CMAKE_PREFIX_PATH=${CMAKE_PREFIX_PATH}:/home/asd/ros2_ws7/install/my_py_pkg_anscer:/home/asd/ros2_ws4/install/esp_wifi:/home/asd/ros2_ws4/install/maping_odom:/home/asd/ros2_ws/install/turtlesim_catch_them_all:/home/asd/ros2_ws/install/my_py_pkg:/opt/ros/humble /usr/bin/cmake --install /home/asd/ros2_ws9/build/goat_interfaces
[4.430s] Level 1:colcon.colcon_core.environment:create_environment_scripts_only(goat_interfaces)
[4.431s] DEBUG:colcon.colcon_core.event_handler.log_command:Invoked command in '/home/asd/ros2_ws9/build/goat_interfaces' returned '0': CMAKE_PREFIX_PATH=${CMAKE_PREFIX_PATH}:/home/asd/ros2_ws7/install/my_py_pkg_anscer:/home/asd/ros2_ws4/install/esp_wifi:/home/asd/ros2_ws4/install/maping_odom:/home/asd/ros2_ws/install/turtlesim_catch_them_all:/home/asd/ros2_ws/install/my_py_pkg:/opt/ros/humble /usr/bin/cmake --install /home/asd/ros2_ws9/build/goat_interfaces
[4.433s] Level 1:colcon.colcon_core.environment:checking '/home/asd/ros2_ws9/install/goat_interfaces' for CMake module files
[4.435s] Level 1:colcon.colcon_core.environment:checking '/home/asd/ros2_ws9/install/goat_interfaces' for CMake config files
[4.437s] Level 1:colcon.colcon_core.shell:create_environment_hook('goat_interfaces', 'cmake_prefix_path')
[4.438s] INFO:colcon.colcon_core.shell:Creating environment hook '/home/asd/ros2_ws9/install/goat_interfaces/share/goat_interfaces/hook/cmake_prefix_path.ps1'
[4.439s] INFO:colcon.colcon_core.shell:Creating environment descriptor '/home/asd/ros2_ws9/install/goat_interfaces/share/goat_interfaces/hook/cmake_prefix_path.dsv'
[4.441s] INFO:colcon.colcon_core.shell:Creating environment hook '/home/asd/ros2_ws9/install/goat_interfaces/share/goat_interfaces/hook/cmake_prefix_path.sh'
[4.443s] Level 1:colcon.colcon_core.environment:checking '/home/asd/ros2_ws9/install/goat_interfaces/lib'
[4.444s] Level 1:colcon.colcon_core.shell:create_environment_hook('goat_interfaces', 'ld_library_path_lib')
[4.444s] INFO:colcon.colcon_core.shell:Creating environment hook '/home/asd/ros2_ws9/install/goat_interfaces/share/goat_interfaces/hook/ld_library_path_lib.ps1'
[4.446s] INFO:colcon.colcon_core.shell:Creating environment descriptor '/home/asd/ros2_ws9/install/goat_interfaces/share/goat_interfaces/hook/ld_library_path_lib.dsv'
[4.447s] INFO:colcon.colcon_core.shell:Creating environment hook '/home/asd/ros2_ws9/install/goat_interfaces/share/goat_interfaces/hook/ld_library_path_lib.sh'
[4.449s] Level 1:colcon.colcon_core.environment:checking '/home/asd/ros2_ws9/install/goat_interfaces/bin'
[4.449s] Level 1:colcon.colcon_core.environment:checking '/home/asd/ros2_ws9/install/goat_interfaces/lib/pkgconfig/goat_interfaces.pc'
[4.450s] Level 1:colcon.colcon_core.environment:checking '/home/asd/ros2_ws9/install/goat_interfaces/lib/python3.10/site-packages'
[4.451s] Level 1:colcon.colcon_core.environment:checking '/home/asd/ros2_ws9/install/goat_interfaces/bin'
[4.452s] INFO:colcon.colcon_core.shell:Creating package script '/home/asd/ros2_ws9/install/goat_interfaces/share/goat_interfaces/package.ps1'
[4.454s] INFO:colcon.colcon_core.shell:Creating package descriptor '/home/asd/ros2_ws9/install/goat_interfaces/share/goat_interfaces/package.dsv'
[4.456s] INFO:colcon.colcon_core.shell:Creating package script '/home/asd/ros2_ws9/install/goat_interfaces/share/goat_interfaces/package.sh'
[4.457s] INFO:colcon.colcon_core.shell:Creating package script '/home/asd/ros2_ws9/install/goat_interfaces/share/goat_interfaces/package.bash'
[4.459s] INFO:colcon.colcon_core.shell:Creating package script '/home/asd/ros2_ws9/install/goat_interfaces/share/goat_interfaces/package.zsh'
[4.460s] Level 1:colcon.colcon_core.environment:create_file_with_runtime_dependencies(/home/asd/ros2_ws9/install/goat_interfaces/share/colcon-core/packages/goat_interfaces)
[4.462s] Level 1:colcon.colcon_core.environment:create_environment_scripts_only(goat_interfaces)
[4.463s] Level 1:colcon.colcon_core.environment:checking '/home/asd/ros2_ws9/install/goat_interfaces' for CMake module files
[4.465s] Level 1:colcon.colcon_core.environment:checking '/home/asd/ros2_ws9/install/goat_interfaces' for CMake config files
[4.467s] Level 1:colcon.colcon_core.shell:create_environment_hook('goat_interfaces', 'cmake_prefix_path')
[4.468s] INFO:colcon.colcon_core.shell:Creating environment hook '/home/asd/ros2_ws9/install/goat_interfaces/share/goat_interfaces/hook/cmake_prefix_path.ps1'
[4.469s] INFO:colcon.colcon_core.shell:Creating environment descriptor '/home/asd/ros2_ws9/install/goat_interfaces/share/goat_interfaces/hook/cmake_prefix_path.dsv'
[4.470s] INFO:colcon.colcon_core.shell:Creating environment hook '/home/asd/ros2_ws9/install/goat_interfaces/share/goat_interfaces/hook/cmake_prefix_path.sh'
[4.472s] Level 1:colcon.colcon_core.environment:checking '/home/asd/ros2_ws9/install/goat_interfaces/lib'
[4.473s] Level 1:colcon.colcon_core.shell:create_environment_hook('goat_interfaces', 'ld_library_path_lib')
[4.474s] INFO:colcon.colcon_core.shell:Creating environment hook '/home/asd/ros2_ws9/install/goat_interfaces/share/goat_interfaces/hook/ld_library_path_lib.ps1'
[4.475s] INFO:colcon.colcon_core.shell:Creating environment descriptor '/home/asd/ros2_ws9/install/goat_interfaces/share/goat_interfaces/hook/ld_library_path_lib.dsv'
[4.476s] INFO:colcon.colcon_core.shell:Creating environment hook '/home/asd/ros2_ws9/install/goat_interfaces/share/goat_interfaces/hook/ld_library_path_lib.sh'
[4.478s] Level 1:colcon.colcon_core.environment:checking '/home/asd/ros2_ws9/install/goat_interfaces/bin'
[4.478s] Level 1:colcon.colcon_core.environment:checking '/home/asd/ros2_ws9/install/goat_interfaces/lib/pkgconfig/goat_interfaces.pc'
[4.479s] Level 1:colcon.colcon_core.environment:checking '/home/asd/ros2_ws9/install/goat_interfaces/lib/python3.10/site-packages'
[4.480s] Level 1:colcon.colcon_core.environment:checking '/home/asd/ros2_ws9/install/goat_interfaces/bin'
[4.481s] INFO:colcon.colcon_core.shell:Creating package script '/home/asd/ros2_ws9/install/goat_interfaces/share/goat_interfaces/package.ps1'
[4.484s] INFO:colcon.colcon_core.shell:Creating package descriptor '/home/asd/ros2_ws9/install/goat_interfaces/share/goat_interfaces/package.dsv'
[4.486s] INFO:colcon.colcon_core.shell:Creating package script '/home/asd/ros2_ws9/install/goat_interfaces/share/goat_interfaces/package.sh'
[4.487s] INFO:colcon.colcon_core.shell:Creating package script '/home/asd/ros2_ws9/install/goat_interfaces/share/goat_interfaces/package.bash'
[4.489s] INFO:colcon.colcon_core.shell:Creating package script '/home/asd/ros2_ws9/install/goat_interfaces/share/goat_interfaces/package.zsh'
[4.491s] Level 1:colcon.colcon_core.environment:create_file_with_runtime_dependencies(/home/asd/ros2_ws9/install/goat_interfaces/share/colcon-core/packages/goat_interfaces)
[4.492s] INFO:colcon.colcon_ros.task.ament_python.build:Building ROS package in '/home/asd/ros2_ws9/src/my_goat_pkg' with build type 'ament_python'
[4.492s] Level 1:colcon.colcon_core.shell:create_environment_hook('my_goat_pkg', 'ament_prefix_path')
[4.493s] INFO:colcon.colcon_core.shell:Creating environment hook '/home/asd/ros2_ws9/install/my_goat_pkg/share/my_goat_pkg/hook/ament_prefix_path.ps1'
[4.496s] INFO:colcon.colcon_core.shell:Creating environment descriptor '/home/asd/ros2_ws9/install/my_goat_pkg/share/my_goat_pkg/hook/ament_prefix_path.dsv'
[4.497s] INFO:colcon.colcon_core.shell:Creating environment hook '/home/asd/ros2_ws9/install/my_goat_pkg/share/my_goat_pkg/hook/ament_prefix_path.sh'
[4.500s] INFO:colcon.colcon_core.shell:Skip shell extension 'powershell' for command environment: Not usable outside of PowerShell
[4.500s] DEBUG:colcon.colcon_core.shell:Skip shell extension 'dsv' for command environment
[5.746s] INFO:colcon.colcon_core.task.python.build:Building Python package in '/home/asd/ros2_ws9/src/my_goat_pkg'
[5.747s] INFO:colcon.colcon_core.shell:Skip shell extension 'powershell' for command environment: Not usable outside of PowerShell
[5.747s] DEBUG:colcon.colcon_core.shell:Skip shell extension 'dsv' for command environment
[7.651s] DEBUG:colcon.colcon_core.event_handler.log_command:Invoking command in '/home/asd/ros2_ws9/src/my_goat_pkg': AMENT_PREFIX_PATH=/home/asd/ros2_ws9/install/goat_interfaces:${AMENT_PREFIX_PATH} CMAKE_PREFIX_PATH=/home/asd/ros2_ws9/install/goat_interfaces:${CMAKE_PREFIX_PATH} LD_LIBRARY_PATH=/home/asd/ros2_ws9/install/goat_interfaces/lib:/home/asd/ros2_ws7/install/custom_interfaces_anscer/lib:/home/asd/ros2_ws4/install/my_interfaces/lib:/home/asd/ros2_ws/install/my_robot_interfaces/lib:/usr/lib/x86_64-linux-gnu/gazebo-11/plugins:/opt/ros/humble/opt/rviz_ogre_vendor/lib:/opt/ros/humble/lib/x86_64-linux-gnu:/opt/ros/humble/lib:/usr/share/gazebo/../../lib/x86_64-linux-gnu/gazebo-11/plugins PYTHONPATH=/home/asd/ros2_ws9/build/my_goat_pkg/prefix_override:/usr/lib/python3/dist-packages/colcon_core/task/python/colcon_distutils_commands:/home/asd/ros2_ws9/install/my_goat_pkg/lib/python3.10/site-packages:/home/asd/ros2_ws9/install/goat_interfaces/local/lib/python3.10/dist-packages:${PYTHONPATH} /usr/bin/python3 -W ignore:setup.py install is deprecated -W ignore:easy_install command is deprecated setup.py egg_info --egg-base ../../build/my_goat_pkg build --build-base /home/asd/ros2_ws9/build/my_goat_pkg/build install --record /home/asd/ros2_ws9/build/my_goat_pkg/install.log --single-version-externally-managed install_data
[9.191s] Level 1:colcon.colcon_core.environment:checking '/home/asd/ros2_ws9/install/my_goat_pkg' for CMake module files
[9.193s] DEBUG:colcon.colcon_core.event_handler.log_command:Invoked command in '/home/asd/ros2_ws9/src/my_goat_pkg' returned '0': AMENT_PREFIX_PATH=/home/asd/ros2_ws9/install/goat_interfaces:${AMENT_PREFIX_PATH} CMAKE_PREFIX_PATH=/home/asd/ros2_ws9/install/goat_interfaces:${CMAKE_PREFIX_PATH} LD_LIBRARY_PATH=/home/asd/ros2_ws9/install/goat_interfaces/lib:/home/asd/ros2_ws7/install/custom_interfaces_anscer/lib:/home/asd/ros2_ws4/install/my_interfaces/lib:/home/asd/ros2_ws/install/my_robot_interfaces/lib:/usr/lib/x86_64-linux-gnu/gazebo-11/plugins:/opt/ros/humble/opt/rviz_ogre_vendor/lib:/opt/ros/humble/lib/x86_64-linux-gnu:/opt/ros/humble/lib:/usr/share/gazebo/../../lib/x86_64-linux-gnu/gazebo-11/plugins PYTHONPATH=/home/asd/ros2_ws9/build/my_goat_pkg/prefix_override:/usr/lib/python3/dist-packages/colcon_core/task/python/colcon_distutils_commands:/home/asd/ros2_ws9/install/my_goat_pkg/lib/python3.10/site-packages:/home/asd/ros2_ws9/install/goat_interfaces/local/lib/python3.10/dist-packages:${PYTHONPATH} /usr/bin/python3 -W ignore:setup.py install is deprecated -W ignore:easy_install command is deprecated setup.py egg_info --egg-base ../../build/my_goat_pkg build --build-base /home/asd/ros2_ws9/build/my_goat_pkg/build install --record /home/asd/ros2_ws9/build/my_goat_pkg/install.log --single-version-externally-managed install_data
[9.194s] Level 1:colcon.colcon_core.environment:checking '/home/asd/ros2_ws9/install/my_goat_pkg' for CMake config files
[9.196s] Level 1:colcon.colcon_core.environment:checking '/home/asd/ros2_ws9/install/my_goat_pkg/lib'
[9.197s] Level 1:colcon.colcon_core.environment:checking '/home/asd/ros2_ws9/install/my_goat_pkg/bin'
[9.197s] Level 1:colcon.colcon_core.environment:checking '/home/asd/ros2_ws9/install/my_goat_pkg/lib/pkgconfig/my_goat_pkg.pc'
[9.198s] Level 1:colcon.colcon_core.environment:checking '/home/asd/ros2_ws9/install/my_goat_pkg/lib/python3.10/site-packages'
[9.198s] Level 1:colcon.colcon_core.shell:create_environment_hook('my_goat_pkg', 'pythonpath')
[9.199s] INFO:colcon.colcon_core.shell:Creating environment hook '/home/asd/ros2_ws9/install/my_goat_pkg/share/my_goat_pkg/hook/pythonpath.ps1'
[9.201s] INFO:colcon.colcon_core.shell:Creating environment descriptor '/home/asd/ros2_ws9/install/my_goat_pkg/share/my_goat_pkg/hook/pythonpath.dsv'
[9.202s] INFO:colcon.colcon_core.shell:Creating environment hook '/home/asd/ros2_ws9/install/my_goat_pkg/share/my_goat_pkg/hook/pythonpath.sh'
[9.204s] Level 1:colcon.colcon_core.environment:checking '/home/asd/ros2_ws9/install/my_goat_pkg/bin'
[9.204s] Level 1:colcon.colcon_core.environment:create_environment_scripts_only(my_goat_pkg)
[9.205s] INFO:colcon.colcon_core.shell:Creating package script '/home/asd/ros2_ws9/install/my_goat_pkg/share/my_goat_pkg/package.ps1'
[9.207s] INFO:colcon.colcon_core.shell:Creating package descriptor '/home/asd/ros2_ws9/install/my_goat_pkg/share/my_goat_pkg/package.dsv'
[9.209s] INFO:colcon.colcon_core.shell:Creating package script '/home/asd/ros2_ws9/install/my_goat_pkg/share/my_goat_pkg/package.sh'
[9.211s] INFO:colcon.colcon_core.shell:Creating package script '/home/asd/ros2_ws9/install/my_goat_pkg/share/my_goat_pkg/package.bash'
[9.213s] INFO:colcon.colcon_core.shell:Creating package script '/home/asd/ros2_ws9/install/my_goat_pkg/share/my_goat_pkg/package.zsh'
[9.214s] Level 1:colcon.colcon_core.environment:create_file_with_runtime_dependencies(/home/asd/ros2_ws9/install/my_goat_pkg/share/colcon-core/packages/my_goat_pkg)
[9.215s] DEBUG:colcon.colcon_parallel_executor.executor.parallel:closing loop
[9.217s] DEBUG:colcon.colcon_parallel_executor.executor.parallel:loop closed
[9.217s] DEBUG:colcon.colcon_parallel_executor.executor.parallel:run_until_complete finished with '0'
[9.217s] DEBUG:colcon.colcon_core.event_reactor:joining thread
[9.248s] INFO:colcon.colcon_core.plugin_system:Skipping extension 'colcon_notification.desktop_notification.terminal_notifier': Not used on non-Darwin systems
[9.249s] INFO:colcon.colcon_core.plugin_system:Skipping extension 'colcon_notification.desktop_notification.win32': Not used on non-Windows systems
[9.249s] INFO:colcon.colcon_notification.desktop_notification:Sending desktop notification using 'notify2'
[9.318s] DEBUG:colcon.colcon_core.event_reactor:joined thread
[9.320s] INFO:colcon.colcon_core.shell:Creating prefix script '/home/asd/ros2_ws9/install/local_setup.ps1'
[9.326s] INFO:colcon.colcon_core.shell:Creating prefix util module '/home/asd/ros2_ws9/install/_local_setup_util_ps1.py'
[9.333s] INFO:colcon.colcon_core.shell:Creating prefix chain script '/home/asd/ros2_ws9/install/setup.ps1'
[9.341s] INFO:colcon.colcon_core.shell:Creating prefix script '/home/asd/ros2_ws9/install/local_setup.sh'
[9.345s] INFO:colcon.colcon_core.shell:Creating prefix util module '/home/asd/ros2_ws9/install/_local_setup_util_sh.py'
[9.349s] INFO:colcon.colcon_core.shell:Creating prefix chain script '/home/asd/ros2_ws9/install/setup.sh'
[9.363s] INFO:colcon.colcon_core.shell:Creating prefix script '/home/asd/ros2_ws9/install/local_setup.bash'
[9.370s] INFO:colcon.colcon_core.shell:Creating prefix chain script '/home/asd/ros2_ws9/install/setup.bash'
[9.385s] INFO:colcon.colcon_core.shell:Creating prefix script '/home/asd/ros2_ws9/install/local_setup.zsh'
[9.388s] INFO:colcon.colcon_core.shell:Creating prefix chain script '/home/asd/ros2_ws9/install/setup.zsh'
