[0.206s] Invoking command in '/home/asd/ros2_ws9/build/goat_interfaces': CMAKE_PREFIX_PATH=${CMAKE_PREFIX_PATH}:/home/asd/ros2_ws9/install/my_goat_pkg:/home/asd/ros2_ws7/install/my_py_pkg_anscer:/home/asd/ros2_ws4/install/esp_wifi:/home/asd/ros2_ws4/install/maping_odom:/home/asd/ros2_ws/install/turtlesim_catch_them_all:/home/asd/ros2_ws/install/my_py_pkg:/opt/ros/humble /usr/bin/cmake --build /home/asd/ros2_ws9/build/goat_interfaces -- -j8 -l8
[0.523s] [  9%] Built target goat_interfaces__rosidl_generator_c
[0.697s] [  9%] Built target ament_cmake_python_copy_goat_interfaces
[0.799s] [ 19%] Built target goat_interfaces__rosidl_typesupport_c
[2.338s] running egg_info
[2.342s] writing goat_interfaces.egg-info/PKG-INFO
[2.343s] writing dependency_links to goat_interfaces.egg-info/dependency_links.txt
[2.344s] writing top-level names to goat_interfaces.egg-info/top_level.txt
[2.356s] reading manifest file 'goat_interfaces.egg-info/SOURCES.txt'
[2.360s] writing manifest file 'goat_interfaces.egg-info/SOURCES.txt'
[2.484s] [ 19%] Built target ament_cmake_python_build_goat_interfaces_egg
[2.589s] [ 29%] Built target goat_interfaces__rosidl_typesupport_introspection_c
[2.700s] [ 38%] Built target goat_interfaces__rosidl_typesupport_fastrtps_c
[2.802s] [ 41%] Built target goat_interfaces__cpp
[2.912s] [ 51%] Built target goat_interfaces__rosidl_typesupport_fastrtps_cpp
[3.028s] [ 61%] Built target goat_interfaces__rosidl_typesupport_cpp
[3.136s] [ 70%] Built target goat_interfaces__rosidl_typesupport_introspection_cpp
[3.236s] [ 70%] Built target goat_interfaces
[3.337s] [ 74%] Built target goat_interfaces__py
[3.448s] [ 80%] Built target goat_interfaces__rosidl_generator_py
[3.556s] [ 87%] Built target goat_interfaces__rosidl_typesupport_fastrtps_c__pyext
[3.666s] [ 93%] Built target goat_interfaces__rosidl_typesupport_c__pyext
[3.774s] [100%] Built target goat_interfaces__rosidl_typesupport_introspection_c__pyext
[3.827s] Invoked command in '/home/asd/ros2_ws9/build/goat_interfaces' returned '0': CMAKE_PREFIX_PATH=${CMAKE_PREFIX_PATH}:/home/asd/ros2_ws9/install/my_goat_pkg:/home/asd/ros2_ws7/install/my_py_pkg_anscer:/home/asd/ros2_ws4/install/esp_wifi:/home/asd/ros2_ws4/install/maping_odom:/home/asd/ros2_ws/install/turtlesim_catch_them_all:/home/asd/ros2_ws/install/my_py_pkg:/opt/ros/humble /usr/bin/cmake --build /home/asd/ros2_ws9/build/goat_interfaces -- -j8 -l8
[3.834s] Invoking command in '/home/asd/ros2_ws9/build/goat_interfaces': CMAKE_PREFIX_PATH=${CMAKE_PREFIX_PATH}:/home/asd/ros2_ws9/install/my_goat_pkg:/home/asd/ros2_ws7/install/my_py_pkg_anscer:/home/asd/ros2_ws4/install/esp_wifi:/home/asd/ros2_ws4/install/maping_odom:/home/asd/ros2_ws/install/turtlesim_catch_them_all:/home/asd/ros2_ws/install/my_py_pkg:/opt/ros/humble /usr/bin/cmake --install /home/asd/ros2_ws9/build/goat_interfaces
[3.874s] -- Install configuration: ""
[3.875s] -- Up-to-date: /home/asd/ros2_ws9/install/goat_interfaces/share/ament_index/resource_index/rosidl_interfaces/goat_interfaces
[3.876s] -- Up-to-date: /home/asd/ros2_ws9/install/goat_interfaces/include/goat_interfaces/goat_interfaces
[3.876s] -- Up-to-date: /home/asd/ros2_ws9/install/goat_interfaces/include/goat_interfaces/goat_interfaces/msg
[3.877s] -- Up-to-date: /home/asd/ros2_ws9/install/goat_interfaces/include/goat_interfaces/goat_interfaces/msg/rosidl_generator_c__visibility_control.h
[3.877s] -- Up-to-date: /home/asd/ros2_ws9/install/goat_interfaces/include/goat_interfaces/goat_interfaces/srv
[3.878s] -- Up-to-date: /home/asd/ros2_ws9/install/goat_interfaces/include/goat_interfaces/goat_interfaces/srv/go_to_pose.h
[3.879s] -- Up-to-date: /home/asd/ros2_ws9/install/goat_interfaces/include/goat_interfaces/goat_interfaces/srv/detail
[3.879s] -- Up-to-date: /home/asd/ros2_ws9/install/goat_interfaces/include/goat_interfaces/goat_interfaces/srv/detail/go_to_pose__type_support.h
[3.880s] -- Up-to-date: /home/asd/ros2_ws9/install/goat_interfaces/include/goat_interfaces/goat_interfaces/srv/detail/go_to_pose__functions.h
[3.881s] -- Up-to-date: /home/asd/ros2_ws9/install/goat_interfaces/include/goat_interfaces/goat_interfaces/srv/detail/go_to_pose__struct.h
[3.881s] -- Up-to-date: /home/asd/ros2_ws9/install/goat_interfaces/include/goat_interfaces/goat_interfaces/srv/detail/go_to_pose__functions.c
[3.882s] -- Up-to-date: /home/asd/ros2_ws9/install/goat_interfaces/share/goat_interfaces/environment/library_path.sh
[3.882s] -- Up-to-date: /home/asd/ros2_ws9/install/goat_interfaces/share/goat_interfaces/environment/library_path.dsv
[3.883s] -- Up-to-date: /home/asd/ros2_ws9/install/goat_interfaces/lib/libgoat_interfaces__rosidl_generator_c.so
[3.883s] -- Up-to-date: /home/asd/ros2_ws9/install/goat_interfaces/include/goat_interfaces/goat_interfaces
[3.883s] -- Up-to-date: /home/asd/ros2_ws9/install/goat_interfaces/include/goat_interfaces/goat_interfaces/msg
[3.884s] -- Up-to-date: /home/asd/ros2_ws9/install/goat_interfaces/include/goat_interfaces/goat_interfaces/msg/rosidl_typesupport_fastrtps_c__visibility_control.h
[3.885s] -- Up-to-date: /home/asd/ros2_ws9/install/goat_interfaces/include/goat_interfaces/goat_interfaces/srv
[3.886s] -- Up-to-date: /home/asd/ros2_ws9/install/goat_interfaces/include/goat_interfaces/goat_interfaces/srv/detail
[3.886s] -- Up-to-date: /home/asd/ros2_ws9/install/goat_interfaces/include/goat_interfaces/goat_interfaces/srv/detail/go_to_pose__rosidl_typesupport_fastrtps_c.h
[3.887s] -- Up-to-date: /home/asd/ros2_ws9/install/goat_interfaces/lib/libgoat_interfaces__rosidl_typesupport_fastrtps_c.so
[3.887s] -- Up-to-date: /home/asd/ros2_ws9/install/goat_interfaces/include/goat_interfaces/goat_interfaces
[3.887s] -- Up-to-date: /home/asd/ros2_ws9/install/goat_interfaces/include/goat_interfaces/goat_interfaces/msg
[3.888s] -- Up-to-date: /home/asd/ros2_ws9/install/goat_interfaces/include/goat_interfaces/goat_interfaces/msg/rosidl_typesupport_introspection_c__visibility_control.h
[3.889s] -- Up-to-date: /home/asd/ros2_ws9/install/goat_interfaces/include/goat_interfaces/goat_interfaces/srv
[3.889s] -- Up-to-date: /home/asd/ros2_ws9/install/goat_interfaces/include/goat_interfaces/goat_interfaces/srv/detail
[3.890s] -- Up-to-date: /home/asd/ros2_ws9/install/goat_interfaces/include/goat_interfaces/goat_interfaces/srv/detail/go_to_pose__rosidl_typesupport_introspection_c.h
[3.890s] -- Up-to-date: /home/asd/ros2_ws9/install/goat_interfaces/include/goat_interfaces/goat_interfaces/srv/detail/go_to_pose__type_support.c
[3.890s] -- Up-to-date: /home/asd/ros2_ws9/install/goat_interfaces/lib/libgoat_interfaces__rosidl_typesupport_introspection_c.so
[3.890s] -- Up-to-date: /home/asd/ros2_ws9/install/goat_interfaces/lib/libgoat_interfaces__rosidl_typesupport_c.so
[3.891s] -- Up-to-date: /home/asd/ros2_ws9/install/goat_interfaces/include/goat_interfaces/goat_interfaces
[3.900s] -- Up-to-date: /home/asd/ros2_ws9/install/goat_interfaces/include/goat_interfaces/goat_interfaces/msg
[3.901s] -- Up-to-date: /home/asd/ros2_ws9/install/goat_interfaces/include/goat_interfaces/goat_interfaces/msg/rosidl_generator_cpp__visibility_control.hpp
[3.902s] -- Up-to-date: /home/asd/ros2_ws9/install/goat_interfaces/include/goat_interfaces/goat_interfaces/srv
[3.902s] -- Up-to-date: /home/asd/ros2_ws9/install/goat_interfaces/include/goat_interfaces/goat_interfaces/srv/go_to_pose.hpp
[3.903s] -- Up-to-date: /home/asd/ros2_ws9/install/goat_interfaces/include/goat_interfaces/goat_interfaces/srv/detail
[3.903s] -- Up-to-date: /home/asd/ros2_ws9/install/goat_interfaces/include/goat_interfaces/goat_interfaces/srv/detail/go_to_pose__builder.hpp
[3.905s] -- Up-to-date: /home/asd/ros2_ws9/install/goat_interfaces/include/goat_interfaces/goat_interfaces/srv/detail/go_to_pose__type_support.hpp
[3.905s] -- Up-to-date: /home/asd/ros2_ws9/install/goat_interfaces/include/goat_interfaces/goat_interfaces/srv/detail/go_to_pose__struct.hpp
[3.905s] -- Up-to-date: /home/asd/ros2_ws9/install/goat_interfaces/include/goat_interfaces/goat_interfaces/srv/detail/go_to_pose__traits.hpp
[3.906s] -- Up-to-date: /home/asd/ros2_ws9/install/goat_interfaces/include/goat_interfaces/goat_interfaces
[3.906s] -- Up-to-date: /home/asd/ros2_ws9/install/goat_interfaces/include/goat_interfaces/goat_interfaces/msg
[3.906s] -- Up-to-date: /home/asd/ros2_ws9/install/goat_interfaces/include/goat_interfaces/goat_interfaces/msg/rosidl_typesupport_fastrtps_cpp__visibility_control.h
[3.906s] -- Up-to-date: /home/asd/ros2_ws9/install/goat_interfaces/include/goat_interfaces/goat_interfaces/srv
[3.907s] -- Up-to-date: /home/asd/ros2_ws9/install/goat_interfaces/include/goat_interfaces/goat_interfaces/srv/detail
[3.907s] -- Up-to-date: /home/asd/ros2_ws9/install/goat_interfaces/include/goat_interfaces/goat_interfaces/srv/detail/dds_fastrtps
[3.907s] -- Up-to-date: /home/asd/ros2_ws9/install/goat_interfaces/include/goat_interfaces/goat_interfaces/srv/detail/go_to_pose__rosidl_typesupport_fastrtps_cpp.hpp
[3.908s] -- Up-to-date: /home/asd/ros2_ws9/install/goat_interfaces/lib/libgoat_interfaces__rosidl_typesupport_fastrtps_cpp.so
[3.908s] -- Up-to-date: /home/asd/ros2_ws9/install/goat_interfaces/include/goat_interfaces/goat_interfaces
[3.908s] -- Up-to-date: /home/asd/ros2_ws9/install/goat_interfaces/include/goat_interfaces/goat_interfaces/srv
[3.908s] -- Up-to-date: /home/asd/ros2_ws9/install/goat_interfaces/include/goat_interfaces/goat_interfaces/srv/detail
[3.909s] -- Up-to-date: /home/asd/ros2_ws9/install/goat_interfaces/include/goat_interfaces/goat_interfaces/srv/detail/go_to_pose__type_support.cpp
[3.909s] -- Up-to-date: /home/asd/ros2_ws9/install/goat_interfaces/include/goat_interfaces/goat_interfaces/srv/detail/go_to_pose__rosidl_typesupport_introspection_cpp.hpp
[3.909s] -- Up-to-date: /home/asd/ros2_ws9/install/goat_interfaces/lib/libgoat_interfaces__rosidl_typesupport_introspection_cpp.so
[3.909s] -- Up-to-date: /home/asd/ros2_ws9/install/goat_interfaces/lib/libgoat_interfaces__rosidl_typesupport_cpp.so
[3.910s] -- Up-to-date: /home/asd/ros2_ws9/install/goat_interfaces/share/goat_interfaces/environment/pythonpath.sh
[3.910s] -- Up-to-date: /home/asd/ros2_ws9/install/goat_interfaces/share/goat_interfaces/environment/pythonpath.dsv
[3.910s] -- Up-to-date: /home/asd/ros2_ws9/install/goat_interfaces/local/lib/python3.10/dist-packages/goat_interfaces-0.0.0-py3.10.egg-info
[3.911s] -- Installing: /home/asd/ros2_ws9/install/goat_interfaces/local/lib/python3.10/dist-packages/goat_interfaces-0.0.0-py3.10.egg-info/top_level.txt
[3.911s] -- Installing: /home/asd/ros2_ws9/install/goat_interfaces/local/lib/python3.10/dist-packages/goat_interfaces-0.0.0-py3.10.egg-info/PKG-INFO
[3.911s] -- Installing: /home/asd/ros2_ws9/install/goat_interfaces/local/lib/python3.10/dist-packages/goat_interfaces-0.0.0-py3.10.egg-info/dependency_links.txt
[3.911s] -- Installing: /home/asd/ros2_ws9/install/goat_interfaces/local/lib/python3.10/dist-packages/goat_interfaces-0.0.0-py3.10.egg-info/SOURCES.txt
[3.912s] -- Up-to-date: /home/asd/ros2_ws9/install/goat_interfaces/local/lib/python3.10/dist-packages/goat_interfaces
[3.912s] -- Up-to-date: /home/asd/ros2_ws9/install/goat_interfaces/local/lib/python3.10/dist-packages/goat_interfaces/goat_interfaces_s__rosidl_typesupport_c.cpython-310-x86_64-linux-gnu.so
[3.912s] -- Up-to-date: /home/asd/ros2_ws9/install/goat_interfaces/local/lib/python3.10/dist-packages/goat_interfaces/_goat_interfaces_s.ep.rosidl_typesupport_fastrtps_c.c
[3.912s] -- Up-to-date: /home/asd/ros2_ws9/install/goat_interfaces/local/lib/python3.10/dist-packages/goat_interfaces/srv
[3.913s] -- Up-to-date: /home/asd/ros2_ws9/install/goat_interfaces/local/lib/python3.10/dist-packages/goat_interfaces/srv/_go_to_pose_s.c
[3.913s] -- Up-to-date: /home/asd/ros2_ws9/install/goat_interfaces/local/lib/python3.10/dist-packages/goat_interfaces/srv/_go_to_pose.py
[3.913s] -- Up-to-date: /home/asd/ros2_ws9/install/goat_interfaces/local/lib/python3.10/dist-packages/goat_interfaces/srv/__init__.py
[3.913s] -- Up-to-date: /home/asd/ros2_ws9/install/goat_interfaces/local/lib/python3.10/dist-packages/goat_interfaces/libgoat_interfaces__rosidl_generator_py.so
[3.914s] -- Up-to-date: /home/asd/ros2_ws9/install/goat_interfaces/local/lib/python3.10/dist-packages/goat_interfaces/_goat_interfaces_s.ep.rosidl_typesupport_c.c
[3.914s] -- Up-to-date: /home/asd/ros2_ws9/install/goat_interfaces/local/lib/python3.10/dist-packages/goat_interfaces/goat_interfaces_s__rosidl_typesupport_introspection_c.cpython-310-x86_64-linux-gnu.so
[3.914s] -- Up-to-date: /home/asd/ros2_ws9/install/goat_interfaces/local/lib/python3.10/dist-packages/goat_interfaces/_goat_interfaces_s.ep.rosidl_typesupport_introspection_c.c
[3.914s] -- Up-to-date: /home/asd/ros2_ws9/install/goat_interfaces/local/lib/python3.10/dist-packages/goat_interfaces/__init__.py
[3.915s] -- Up-to-date: /home/asd/ros2_ws9/install/goat_interfaces/local/lib/python3.10/dist-packages/goat_interfaces/goat_interfaces_s__rosidl_typesupport_fastrtps_c.cpython-310-x86_64-linux-gnu.so
[4.323s] Listing '/home/asd/ros2_ws9/install/goat_interfaces/local/lib/python3.10/dist-packages/goat_interfaces'...
[4.324s] Listing '/home/asd/ros2_ws9/install/goat_interfaces/local/lib/python3.10/dist-packages/goat_interfaces/srv'...
[4.342s] -- Up-to-date: /home/asd/ros2_ws9/install/goat_interfaces/local/lib/python3.10/dist-packages/goat_interfaces/goat_interfaces_s__rosidl_typesupport_fastrtps_c.cpython-310-x86_64-linux-gnu.so
[4.344s] -- Up-to-date: /home/asd/ros2_ws9/install/goat_interfaces/local/lib/python3.10/dist-packages/goat_interfaces/goat_interfaces_s__rosidl_typesupport_introspection_c.cpython-310-x86_64-linux-gnu.so
[4.345s] -- Up-to-date: /home/asd/ros2_ws9/install/goat_interfaces/local/lib/python3.10/dist-packages/goat_interfaces/goat_interfaces_s__rosidl_typesupport_c.cpython-310-x86_64-linux-gnu.so
[4.347s] -- Up-to-date: /home/asd/ros2_ws9/install/goat_interfaces/lib/libgoat_interfaces__rosidl_generator_py.so
[4.348s] -- Up-to-date: /home/asd/ros2_ws9/install/goat_interfaces/share/goat_interfaces/srv/GoToPose.idl
[4.349s] -- Up-to-date: /home/asd/ros2_ws9/install/goat_interfaces/share/goat_interfaces/srv/GoToPose.srv
[4.349s] -- Up-to-date: /home/asd/ros2_ws9/install/goat_interfaces/share/goat_interfaces/srv/GoToPose_Request.msg
[4.350s] -- Up-to-date: /home/asd/ros2_ws9/install/goat_interfaces/share/goat_interfaces/srv/GoToPose_Response.msg
[4.351s] -- Up-to-date: /home/asd/ros2_ws9/install/goat_interfaces/share/ament_index/resource_index/package_run_dependencies/goat_interfaces
[4.351s] -- Up-to-date: /home/asd/ros2_ws9/install/goat_interfaces/share/ament_index/resource_index/parent_prefix_path/goat_interfaces
[4.352s] -- Up-to-date: /home/asd/ros2_ws9/install/goat_interfaces/share/goat_interfaces/environment/ament_prefix_path.sh
[4.352s] -- Up-to-date: /home/asd/ros2_ws9/install/goat_interfaces/share/goat_interfaces/environment/ament_prefix_path.dsv
[4.353s] -- Up-to-date: /home/asd/ros2_ws9/install/goat_interfaces/share/goat_interfaces/environment/path.sh
[4.354s] -- Up-to-date: /home/asd/ros2_ws9/install/goat_interfaces/share/goat_interfaces/environment/path.dsv
[4.355s] -- Up-to-date: /home/asd/ros2_ws9/install/goat_interfaces/share/goat_interfaces/local_setup.bash
[4.355s] -- Up-to-date: /home/asd/ros2_ws9/install/goat_interfaces/share/goat_interfaces/local_setup.sh
[4.355s] -- Up-to-date: /home/asd/ros2_ws9/install/goat_interfaces/share/goat_interfaces/local_setup.zsh
[4.356s] -- Up-to-date: /home/asd/ros2_ws9/install/goat_interfaces/share/goat_interfaces/local_setup.dsv
[4.356s] -- Installing: /home/asd/ros2_ws9/install/goat_interfaces/share/goat_interfaces/package.dsv
[4.357s] -- Up-to-date: /home/asd/ros2_ws9/install/goat_interfaces/share/ament_index/resource_index/packages/goat_interfaces
[4.357s] -- Up-to-date: /home/asd/ros2_ws9/install/goat_interfaces/share/goat_interfaces/cmake/export_goat_interfaces__rosidl_generator_cExport.cmake
[4.358s] -- Up-to-date: /home/asd/ros2_ws9/install/goat_interfaces/share/goat_interfaces/cmake/export_goat_interfaces__rosidl_generator_cExport-noconfig.cmake
[4.358s] -- Up-to-date: /home/asd/ros2_ws9/install/goat_interfaces/share/goat_interfaces/cmake/export_goat_interfaces__rosidl_typesupport_fastrtps_cExport.cmake
[4.359s] -- Up-to-date: /home/asd/ros2_ws9/install/goat_interfaces/share/goat_interfaces/cmake/export_goat_interfaces__rosidl_typesupport_fastrtps_cExport-noconfig.cmake
[4.359s] -- Up-to-date: /home/asd/ros2_ws9/install/goat_interfaces/share/goat_interfaces/cmake/goat_interfaces__rosidl_typesupport_introspection_cExport.cmake
[4.360s] -- Up-to-date: /home/asd/ros2_ws9/install/goat_interfaces/share/goat_interfaces/cmake/goat_interfaces__rosidl_typesupport_introspection_cExport-noconfig.cmake
[4.361s] -- Up-to-date: /home/asd/ros2_ws9/install/goat_interfaces/share/goat_interfaces/cmake/goat_interfaces__rosidl_typesupport_cExport.cmake
[4.362s] -- Up-to-date: /home/asd/ros2_ws9/install/goat_interfaces/share/goat_interfaces/cmake/goat_interfaces__rosidl_typesupport_cExport-noconfig.cmake
[4.362s] -- Up-to-date: /home/asd/ros2_ws9/install/goat_interfaces/share/goat_interfaces/cmake/export_goat_interfaces__rosidl_generator_cppExport.cmake
[4.363s] -- Up-to-date: /home/asd/ros2_ws9/install/goat_interfaces/share/goat_interfaces/cmake/export_goat_interfaces__rosidl_typesupport_fastrtps_cppExport.cmake
[4.364s] -- Up-to-date: /home/asd/ros2_ws9/install/goat_interfaces/share/goat_interfaces/cmake/export_goat_interfaces__rosidl_typesupport_fastrtps_cppExport-noconfig.cmake
[4.364s] -- Up-to-date: /home/asd/ros2_ws9/install/goat_interfaces/share/goat_interfaces/cmake/goat_interfaces__rosidl_typesupport_introspection_cppExport.cmake
[4.365s] -- Up-to-date: /home/asd/ros2_ws9/install/goat_interfaces/share/goat_interfaces/cmake/goat_interfaces__rosidl_typesupport_introspection_cppExport-noconfig.cmake
[4.366s] -- Up-to-date: /home/asd/ros2_ws9/install/goat_interfaces/share/goat_interfaces/cmake/goat_interfaces__rosidl_typesupport_cppExport.cmake
[4.367s] -- Up-to-date: /home/asd/ros2_ws9/install/goat_interfaces/share/goat_interfaces/cmake/goat_interfaces__rosidl_typesupport_cppExport-noconfig.cmake
[4.368s] -- Up-to-date: /home/asd/ros2_ws9/install/goat_interfaces/share/goat_interfaces/cmake/export_goat_interfaces__rosidl_generator_pyExport.cmake
[4.369s] -- Up-to-date: /home/asd/ros2_ws9/install/goat_interfaces/share/goat_interfaces/cmake/export_goat_interfaces__rosidl_generator_pyExport-noconfig.cmake
[4.369s] -- Up-to-date: /home/asd/ros2_ws9/install/goat_interfaces/share/goat_interfaces/cmake/rosidl_cmake-extras.cmake
[4.370s] -- Up-to-date: /home/asd/ros2_ws9/install/goat_interfaces/share/goat_interfaces/cmake/ament_cmake_export_include_directories-extras.cmake
[4.370s] -- Up-to-date: /home/asd/ros2_ws9/install/goat_interfaces/share/goat_interfaces/cmake/ament_cmake_export_libraries-extras.cmake
[4.371s] -- Up-to-date: /home/asd/ros2_ws9/install/goat_interfaces/share/goat_interfaces/cmake/ament_cmake_export_targets-extras.cmake
[4.372s] -- Up-to-date: /home/asd/ros2_ws9/install/goat_interfaces/share/goat_interfaces/cmake/rosidl_cmake_export_typesupport_targets-extras.cmake
[4.372s] -- Up-to-date: /home/asd/ros2_ws9/install/goat_interfaces/share/goat_interfaces/cmake/ament_cmake_export_dependencies-extras.cmake
[4.373s] -- Up-to-date: /home/asd/ros2_ws9/install/goat_interfaces/share/goat_interfaces/cmake/rosidl_cmake_export_typesupport_libraries-extras.cmake
[4.373s] -- Up-to-date: /home/asd/ros2_ws9/install/goat_interfaces/share/goat_interfaces/cmake/goat_interfacesConfig.cmake
[4.373s] -- Up-to-date: /home/asd/ros2_ws9/install/goat_interfaces/share/goat_interfaces/cmake/goat_interfacesConfig-version.cmake
[4.374s] -- Up-to-date: /home/asd/ros2_ws9/install/goat_interfaces/share/goat_interfaces/package.xml
[4.378s] Invoked command in '/home/asd/ros2_ws9/build/goat_interfaces' returned '0': CMAKE_PREFIX_PATH=${CMAKE_PREFIX_PATH}:/home/asd/ros2_ws9/install/my_goat_pkg:/home/asd/ros2_ws7/install/my_py_pkg_anscer:/home/asd/ros2_ws4/install/esp_wifi:/home/asd/ros2_ws4/install/maping_odom:/home/asd/ros2_ws/install/turtlesim_catch_them_all:/home/asd/ros2_ws/install/my_py_pkg:/opt/ros/humble /usr/bin/cmake --install /home/asd/ros2_ws9/build/goat_interfaces
