[0.097s] Invoking command in '/home/asd/ros2_ws8/build/turtlebot3_fake_node': CMAKE_PREFIX_PATH=${CMAKE_PREFIX_PATH}:/home/asd/ros2_ws7/install/my_py_pkg_anscer:/home/asd/ros2_ws4/install/esp_wifi:/home/asd/ros2_ws4/install/maping_odom:/home/asd/ros2_ws/install/turtlesim_catch_them_all:/home/asd/ros2_ws/install/my_py_pkg:/opt/ros/humble /usr/bin/cmake --build /home/asd/ros2_ws8/build/turtlebot3_fake_node -- -j8 -l8
[0.195s] [35m[1mConsolidate compiler generated dependencies of target turtlebot3_fake_node[0m
[0.238s] [100%] Built target turtlebot3_fake_node
[0.305s] Invoked command in '/home/asd/ros2_ws8/build/turtlebot3_fake_node' returned '0': CMAKE_PREFIX_PATH=${CMAKE_PREFIX_PATH}:/home/asd/ros2_ws7/install/my_py_pkg_anscer:/home/asd/ros2_ws4/install/esp_wifi:/home/asd/ros2_ws4/install/maping_odom:/home/asd/ros2_ws/install/turtlesim_catch_them_all:/home/asd/ros2_ws/install/my_py_pkg:/opt/ros/humble /usr/bin/cmake --build /home/asd/ros2_ws8/build/turtlebot3_fake_node -- -j8 -l8
[0.308s] Invoking command in '/home/asd/ros2_ws8/build/turtlebot3_fake_node': CMAKE_PREFIX_PATH=${CMAKE_PREFIX_PATH}:/home/asd/ros2_ws7/install/my_py_pkg_anscer:/home/asd/ros2_ws4/install/esp_wifi:/home/asd/ros2_ws4/install/maping_odom:/home/asd/ros2_ws/install/turtlesim_catch_them_all:/home/asd/ros2_ws/install/my_py_pkg:/opt/ros/humble /usr/bin/cmake --install /home/asd/ros2_ws8/build/turtlebot3_fake_node
[0.361s] -- Install configuration: ""
[0.362s] -- Up-to-date: /home/asd/ros2_ws8/install/turtlebot3_fake_node/lib/turtlebot3_fake_node/turtlebot3_fake_node
[0.362s] -- Up-to-date: /home/asd/ros2_ws8/install/turtlebot3_fake_node/share/turtlebot3_fake_node/launch
[0.362s] -- Up-to-date: /home/asd/ros2_ws8/install/turtlebot3_fake_node/share/turtlebot3_fake_node/launch/rviz2.launch.py
[0.362s] -- Up-to-date: /home/asd/ros2_ws8/install/turtlebot3_fake_node/share/turtlebot3_fake_node/launch/turtlebot3_fake_node.launch.py
[0.362s] -- Up-to-date: /home/asd/ros2_ws8/install/turtlebot3_fake_node/share/turtlebot3_fake_node/param
[0.362s] -- Up-to-date: /home/asd/ros2_ws8/install/turtlebot3_fake_node/share/turtlebot3_fake_node/param/waffle.yaml
[0.362s] -- Up-to-date: /home/asd/ros2_ws8/install/turtlebot3_fake_node/share/turtlebot3_fake_node/param/waffle_pi.yaml
[0.363s] -- Up-to-date: /home/asd/ros2_ws8/install/turtlebot3_fake_node/share/turtlebot3_fake_node/param/burger.yaml
[0.364s] -- Up-to-date: /home/asd/ros2_ws8/install/turtlebot3_fake_node/include/
[0.364s] -- Up-to-date: /home/asd/ros2_ws8/install/turtlebot3_fake_node/include//turtlebot3_fake_node
[0.364s] -- Up-to-date: /home/asd/ros2_ws8/install/turtlebot3_fake_node/include//turtlebot3_fake_node/turtlebot3_fake_node.hpp
[0.364s] -- Up-to-date: /home/asd/ros2_ws8/install/turtlebot3_fake_node/share/ament_index/resource_index/package_run_dependencies/turtlebot3_fake_node
[0.365s] -- Up-to-date: /home/asd/ros2_ws8/install/turtlebot3_fake_node/share/ament_index/resource_index/parent_prefix_path/turtlebot3_fake_node
[0.365s] -- Up-to-date: /home/asd/ros2_ws8/install/turtlebot3_fake_node/share/turtlebot3_fake_node/environment/ament_prefix_path.sh
[0.365s] -- Up-to-date: /home/asd/ros2_ws8/install/turtlebot3_fake_node/share/turtlebot3_fake_node/environment/ament_prefix_path.dsv
[0.365s] -- Up-to-date: /home/asd/ros2_ws8/install/turtlebot3_fake_node/share/turtlebot3_fake_node/environment/path.sh
[0.365s] -- Up-to-date: /home/asd/ros2_ws8/install/turtlebot3_fake_node/share/turtlebot3_fake_node/environment/path.dsv
[0.365s] -- Up-to-date: /home/asd/ros2_ws8/install/turtlebot3_fake_node/share/turtlebot3_fake_node/local_setup.bash
[0.366s] -- Up-to-date: /home/asd/ros2_ws8/install/turtlebot3_fake_node/share/turtlebot3_fake_node/local_setup.sh
[0.366s] -- Up-to-date: /home/asd/ros2_ws8/install/turtlebot3_fake_node/share/turtlebot3_fake_node/local_setup.zsh
[0.366s] -- Up-to-date: /home/asd/ros2_ws8/install/turtlebot3_fake_node/share/turtlebot3_fake_node/local_setup.dsv
[0.366s] -- Installing: /home/asd/ros2_ws8/install/turtlebot3_fake_node/share/turtlebot3_fake_node/package.dsv
[0.366s] -- Up-to-date: /home/asd/ros2_ws8/install/turtlebot3_fake_node/share/ament_index/resource_index/packages/turtlebot3_fake_node
[0.367s] -- Up-to-date: /home/asd/ros2_ws8/install/turtlebot3_fake_node/share/turtlebot3_fake_node/cmake/ament_cmake_export_include_directories-extras.cmake
[0.367s] -- Up-to-date: /home/asd/ros2_ws8/install/turtlebot3_fake_node/share/turtlebot3_fake_node/cmake/ament_cmake_export_dependencies-extras.cmake
[0.367s] -- Up-to-date: /home/asd/ros2_ws8/install/turtlebot3_fake_node/share/turtlebot3_fake_node/cmake/turtlebot3_fake_nodeConfig.cmake
[0.367s] -- Up-to-date: /home/asd/ros2_ws8/install/turtlebot3_fake_node/share/turtlebot3_fake_node/cmake/turtlebot3_fake_nodeConfig-version.cmake
[0.367s] -- Up-to-date: /home/asd/ros2_ws8/install/turtlebot3_fake_node/share/turtlebot3_fake_node/package.xml
[0.367s] Invoked command in '/home/asd/ros2_ws8/build/turtlebot3_fake_node' returned '0': CMAKE_PREFIX_PATH=${CMAKE_PREFIX_PATH}:/home/asd/ros2_ws7/install/my_py_pkg_anscer:/home/asd/ros2_ws4/install/esp_wifi:/home/asd/ros2_ws4/install/maping_odom:/home/asd/ros2_ws/install/turtlesim_catch_them_all:/home/asd/ros2_ws/install/my_py_pkg:/opt/ros/humble /usr/bin/cmake --install /home/asd/ros2_ws8/build/turtlebot3_fake_node
