[0.116s] DEBUG:colcon:Command line arguments: ['/usr/bin/colcon', 'build']
[0.116s] DEBUG:colcon:Parsed command line arguments: Namespace(log_base=None, log_level=None, verb_name='build', build_base='build', install_base='install', merge_install=False, symlink_install=False, test_result_base=None, continue_on_error=False, executor='parallel', parallel_workers=8, event_handlers=None, ignore_user_meta=False, metas=['./colcon.meta'], base_paths=['.'], packages_ignore=None, packages_ignore_regex=None, paths=None, packages_up_to=None, packages_up_to_regex=None, packages_above=None, packages_above_and_dependencies=None, packages_above_depth=None, packages_select_by_dep=None, packages_skip_by_dep=None, packages_skip_up_to=None, packages_select_build_failed=False, packages_skip_build_finished=False, packages_select_test_failures=False, packages_skip_test_passed=False, packages_select=None, packages_skip=None, packages_select_regex=None, packages_skip_regex=None, packages_start=None, packages_end=None, allow_overriding=[], cmake_args=None, cmake_target=None, cmake_target_skip_unavailable=False, cmake_clean_cache=False, cmake_clean_first=False, cmake_force_configure=False, ament_cmake_args=None, catkin_cmake_args=None, catkin_skip_building_tests=False, mixin_files=None, mixin=None, verb_parser=<colcon_mixin.mixin.mixin_argument.MixinArgumentDecorator object at 0x7cab6eb90940>, verb_extension=<colcon_core.verb.build.BuildVerb object at 0x7cab6eb90250>, main=<bound method BuildVerb.main of <colcon_core.verb.build.BuildVerb object at 0x7cab6eb90250>>, mixin_verb=('build',))
[0.298s] Level 1:colcon.colcon_core.package_discovery:discover_packages(colcon_meta) check parameters
[0.298s] Level 1:colcon.colcon_core.package_discovery:discover_packages(recursive) check parameters
[0.298s] Level 1:colcon.colcon_core.package_discovery:discover_packages(ignore) check parameters
[0.298s] Level 1:colcon.colcon_core.package_discovery:discover_packages(path) check parameters
[0.298s] Level 1:colcon.colcon_core.package_discovery:discover_packages(colcon_meta) discover
[0.298s] Level 1:colcon.colcon_core.package_discovery:discover_packages(recursive) discover
[0.298s] INFO:colcon.colcon_core.package_discovery:Crawling recursively for packages in '/home/asd/ros2_ws7'
[0.298s] Level 1:colcon.colcon_core.package_identification:_identify(.) by extensions ['ignore', 'ignore_ament_install']
[0.298s] Level 1:colcon.colcon_core.package_identification:_identify(.) by extension 'ignore'
[0.298s] Level 1:colcon.colcon_core.package_identification:_identify(.) by extension 'ignore_ament_install'
[0.298s] Level 1:colcon.colcon_core.package_identification:_identify(.) by extensions ['colcon_pkg']
[0.298s] Level 1:colcon.colcon_core.package_identification:_identify(.) by extension 'colcon_pkg'
[0.298s] Level 1:colcon.colcon_core.package_identification:_identify(.) by extensions ['colcon_meta']
[0.298s] Level 1:colcon.colcon_core.package_identification:_identify(.) by extension 'colcon_meta'
[0.298s] Level 1:colcon.colcon_core.package_identification:_identify(.) by extensions ['ros']
[0.298s] Level 1:colcon.colcon_core.package_identification:_identify(.) by extension 'ros'
[0.309s] Level 1:colcon.colcon_core.package_identification:_identify(.) by extensions ['cmake', 'python']
[0.309s] Level 1:colcon.colcon_core.package_identification:_identify(.) by extension 'cmake'
[0.309s] Level 1:colcon.colcon_core.package_identification:_identify(.) by extension 'python'
[0.309s] Level 1:colcon.colcon_core.package_identification:_identify(.) by extensions ['python_setup_py']
[0.309s] Level 1:colcon.colcon_core.package_identification:_identify(.) by extension 'python_setup_py'
[0.309s] Level 1:colcon.colcon_core.package_identification:_identify(build) by extensions ['ignore', 'ignore_ament_install']
[0.309s] Level 1:colcon.colcon_core.package_identification:_identify(build) by extension 'ignore'
[0.309s] Level 1:colcon.colcon_core.package_identification:_identify(build) ignored
[0.309s] Level 1:colcon.colcon_core.package_identification:_identify(install) by extensions ['ignore', 'ignore_ament_install']
[0.310s] Level 1:colcon.colcon_core.package_identification:_identify(install) by extension 'ignore'
[0.310s] Level 1:colcon.colcon_core.package_identification:_identify(install) ignored
[0.310s] Level 1:colcon.colcon_core.package_identification:_identify(log) by extensions ['ignore', 'ignore_ament_install']
[0.310s] Level 1:colcon.colcon_core.package_identification:_identify(log) by extension 'ignore'
[0.310s] Level 1:colcon.colcon_core.package_identification:_identify(log) ignored
[0.310s] Level 1:colcon.colcon_core.package_identification:_identify(src) by extensions ['ignore', 'ignore_ament_install']
[0.310s] Level 1:colcon.colcon_core.package_identification:_identify(src) by extension 'ignore'
[0.310s] Level 1:colcon.colcon_core.package_identification:_identify(src) by extension 'ignore_ament_install'
[0.310s] Level 1:colcon.colcon_core.package_identification:_identify(src) by extensions ['colcon_pkg']
[0.310s] Level 1:colcon.colcon_core.package_identification:_identify(src) by extension 'colcon_pkg'
[0.310s] Level 1:colcon.colcon_core.package_identification:_identify(src) by extensions ['colcon_meta']
[0.310s] Level 1:colcon.colcon_core.package_identification:_identify(src) by extension 'colcon_meta'
[0.310s] Level 1:colcon.colcon_core.package_identification:_identify(src) by extensions ['ros']
[0.310s] Level 1:colcon.colcon_core.package_identification:_identify(src) by extension 'ros'
[0.310s] Level 1:colcon.colcon_core.package_identification:_identify(src) by extensions ['cmake', 'python']
[0.310s] Level 1:colcon.colcon_core.package_identification:_identify(src) by extension 'cmake'
[0.310s] Level 1:colcon.colcon_core.package_identification:_identify(src) by extension 'python'
[0.310s] Level 1:colcon.colcon_core.package_identification:_identify(src) by extensions ['python_setup_py']
[0.310s] Level 1:colcon.colcon_core.package_identification:_identify(src) by extension 'python_setup_py'
[0.311s] Level 1:colcon.colcon_core.package_identification:_identify(src/bring_up_anscer) by extensions ['ignore', 'ignore_ament_install']
[0.311s] Level 1:colcon.colcon_core.package_identification:_identify(src/bring_up_anscer) by extension 'ignore'
[0.311s] Level 1:colcon.colcon_core.package_identification:_identify(src/bring_up_anscer) by extension 'ignore_ament_install'
[0.311s] Level 1:colcon.colcon_core.package_identification:_identify(src/bring_up_anscer) by extensions ['colcon_pkg']
[0.311s] Level 1:colcon.colcon_core.package_identification:_identify(src/bring_up_anscer) by extension 'colcon_pkg'
[0.311s] Level 1:colcon.colcon_core.package_identification:_identify(src/bring_up_anscer) by extensions ['colcon_meta']
[0.311s] Level 1:colcon.colcon_core.package_identification:_identify(src/bring_up_anscer) by extension 'colcon_meta'
[0.311s] Level 1:colcon.colcon_core.package_identification:_identify(src/bring_up_anscer) by extensions ['ros']
[0.311s] Level 1:colcon.colcon_core.package_identification:_identify(src/bring_up_anscer) by extension 'ros'
[0.313s] DEBUG:colcon.colcon_core.package_identification:Package 'src/bring_up_anscer' with type 'ros.ament_cmake' and name 'bring_up_anscer'
[0.313s] Level 1:colcon.colcon_core.package_identification:_identify(src/custom_interfaces_anscer) by extensions ['ignore', 'ignore_ament_install']
[0.313s] Level 1:colcon.colcon_core.package_identification:_identify(src/custom_interfaces_anscer) by extension 'ignore'
[0.313s] Level 1:colcon.colcon_core.package_identification:_identify(src/custom_interfaces_anscer) by extension 'ignore_ament_install'
[0.314s] Level 1:colcon.colcon_core.package_identification:_identify(src/custom_interfaces_anscer) by extensions ['colcon_pkg']
[0.314s] Level 1:colcon.colcon_core.package_identification:_identify(src/custom_interfaces_anscer) by extension 'colcon_pkg'
[0.314s] Level 1:colcon.colcon_core.package_identification:_identify(src/custom_interfaces_anscer) by extensions ['colcon_meta']
[0.314s] Level 1:colcon.colcon_core.package_identification:_identify(src/custom_interfaces_anscer) by extension 'colcon_meta'
[0.314s] Level 1:colcon.colcon_core.package_identification:_identify(src/custom_interfaces_anscer) by extensions ['ros']
[0.314s] Level 1:colcon.colcon_core.package_identification:_identify(src/custom_interfaces_anscer) by extension 'ros'
[0.314s] DEBUG:colcon.colcon_core.package_identification:Package 'src/custom_interfaces_anscer' with type 'ros.ament_cmake' and name 'custom_interfaces_anscer'
[0.314s] Level 1:colcon.colcon_core.package_identification:_identify(src/my_py_pkg_anscer) by extensions ['ignore', 'ignore_ament_install']
[0.314s] Level 1:colcon.colcon_core.package_identification:_identify(src/my_py_pkg_anscer) by extension 'ignore'
[0.315s] Level 1:colcon.colcon_core.package_identification:_identify(src/my_py_pkg_anscer) by extension 'ignore_ament_install'
[0.315s] Level 1:colcon.colcon_core.package_identification:_identify(src/my_py_pkg_anscer) by extensions ['colcon_pkg']
[0.315s] Level 1:colcon.colcon_core.package_identification:_identify(src/my_py_pkg_anscer) by extension 'colcon_pkg'
[0.315s] Level 1:colcon.colcon_core.package_identification:_identify(src/my_py_pkg_anscer) by extensions ['colcon_meta']
[0.315s] Level 1:colcon.colcon_core.package_identification:_identify(src/my_py_pkg_anscer) by extension 'colcon_meta'
[0.315s] Level 1:colcon.colcon_core.package_identification:_identify(src/my_py_pkg_anscer) by extensions ['ros']
[0.315s] Level 1:colcon.colcon_core.package_identification:_identify(src/my_py_pkg_anscer) by extension 'ros'
[0.316s] DEBUG:colcon.colcon_core.package_identification:Package 'src/my_py_pkg_anscer' with type 'ros.ament_python' and name 'my_py_pkg_anscer'
[0.316s] Level 1:colcon.colcon_core.package_identification:_identify(trajectories) by extensions ['ignore', 'ignore_ament_install']
[0.316s] Level 1:colcon.colcon_core.package_identification:_identify(trajectories) by extension 'ignore'
[0.316s] Level 1:colcon.colcon_core.package_identification:_identify(trajectories) by extension 'ignore_ament_install'
[0.316s] Level 1:colcon.colcon_core.package_identification:_identify(trajectories) by extensions ['colcon_pkg']
[0.316s] Level 1:colcon.colcon_core.package_identification:_identify(trajectories) by extension 'colcon_pkg'
[0.316s] Level 1:colcon.colcon_core.package_identification:_identify(trajectories) by extensions ['colcon_meta']
[0.316s] Level 1:colcon.colcon_core.package_identification:_identify(trajectories) by extension 'colcon_meta'
[0.316s] Level 1:colcon.colcon_core.package_identification:_identify(trajectories) by extensions ['ros']
[0.316s] Level 1:colcon.colcon_core.package_identification:_identify(trajectories) by extension 'ros'
[0.316s] Level 1:colcon.colcon_core.package_identification:_identify(trajectories) by extensions ['cmake', 'python']
[0.316s] Level 1:colcon.colcon_core.package_identification:_identify(trajectories) by extension 'cmake'
[0.316s] Level 1:colcon.colcon_core.package_identification:_identify(trajectories) by extension 'python'
[0.316s] Level 1:colcon.colcon_core.package_identification:_identify(trajectories) by extensions ['python_setup_py']
[0.316s] Level 1:colcon.colcon_core.package_identification:_identify(trajectories) by extension 'python_setup_py'
[0.316s] Level 1:colcon.colcon_core.package_discovery:discover_packages(recursive) using defaults
[0.317s] Level 1:colcon.colcon_core.package_discovery:discover_packages(ignore) discover
[0.317s] Level 1:colcon.colcon_core.package_discovery:discover_packages(ignore) using defaults
[0.317s] Level 1:colcon.colcon_core.package_discovery:discover_packages(path) discover
[0.317s] Level 1:colcon.colcon_core.package_discovery:discover_packages(path) using defaults
[0.347s] Level 1:colcon.colcon_core.package_discovery:discover_packages(prefix_path) check parameters
[0.347s] Level 1:colcon.colcon_core.package_discovery:discover_packages(prefix_path) discover
[0.349s] DEBUG:colcon.colcon_installed_package_information.package_discovery:Found 3 installed packages in /home/asd/ros2_ws7/install
[0.350s] DEBUG:colcon.colcon_installed_package_information.package_discovery:Found 3 installed packages in /home/asd/ros2_ws6/install
[0.350s] DEBUG:colcon.colcon_installed_package_information.package_discovery:Found 3 installed packages in /home/asd/ros2_ws4/install
[0.351s] DEBUG:colcon.colcon_installed_package_information.package_discovery:Found 2 installed packages in /home/asd/ros2_ws2/install
[0.351s] DEBUG:colcon.colcon_installed_package_information.package_discovery:Found 6 installed packages in /home/asd/ros2_ws/install
[0.353s] DEBUG:colcon.colcon_installed_package_information.package_discovery:Found 407 installed packages in /opt/ros/humble
[0.355s] Level 1:colcon.colcon_core.package_discovery:discover_packages(prefix_path) using defaults
[0.405s] Level 5:colcon.colcon_core.verb:set package 'custom_interfaces_anscer' build argument 'cmake_args' from command line to 'None'
[0.405s] Level 5:colcon.colcon_core.verb:set package 'custom_interfaces_anscer' build argument 'cmake_target' from command line to 'None'
[0.406s] Level 5:colcon.colcon_core.verb:set package 'custom_interfaces_anscer' build argument 'cmake_target_skip_unavailable' from command line to 'False'
[0.406s] Level 5:colcon.colcon_core.verb:set package 'custom_interfaces_anscer' build argument 'cmake_clean_cache' from command line to 'False'
[0.406s] Level 5:colcon.colcon_core.verb:set package 'custom_interfaces_anscer' build argument 'cmake_clean_first' from command line to 'False'
[0.406s] Level 5:colcon.colcon_core.verb:set package 'custom_interfaces_anscer' build argument 'cmake_force_configure' from command line to 'False'
[0.406s] Level 5:colcon.colcon_core.verb:set package 'custom_interfaces_anscer' build argument 'ament_cmake_args' from command line to 'None'
[0.406s] Level 5:colcon.colcon_core.verb:set package 'custom_interfaces_anscer' build argument 'catkin_cmake_args' from command line to 'None'
[0.406s] Level 5:colcon.colcon_core.verb:set package 'custom_interfaces_anscer' build argument 'catkin_skip_building_tests' from command line to 'False'
[0.406s] DEBUG:colcon.colcon_core.verb:Building package 'custom_interfaces_anscer' with the following arguments: {'ament_cmake_args': None, 'build_base': '/home/asd/ros2_ws7/build/custom_interfaces_anscer', 'catkin_cmake_args': None, 'catkin_skip_building_tests': False, 'cmake_args': None, 'cmake_clean_cache': False, 'cmake_clean_first': False, 'cmake_force_configure': False, 'cmake_target': None, 'cmake_target_skip_unavailable': False, 'install_base': '/home/asd/ros2_ws7/install/custom_interfaces_anscer', 'merge_install': False, 'path': '/home/asd/ros2_ws7/src/custom_interfaces_anscer', 'symlink_install': False, 'test_result_base': None}
[0.406s] Level 5:colcon.colcon_core.verb:set package 'my_py_pkg_anscer' build argument 'cmake_args' from command line to 'None'
[0.406s] Level 5:colcon.colcon_core.verb:set package 'my_py_pkg_anscer' build argument 'cmake_target' from command line to 'None'
[0.406s] Level 5:colcon.colcon_core.verb:set package 'my_py_pkg_anscer' build argument 'cmake_target_skip_unavailable' from command line to 'False'
[0.406s] Level 5:colcon.colcon_core.verb:set package 'my_py_pkg_anscer' build argument 'cmake_clean_cache' from command line to 'False'
[0.406s] Level 5:colcon.colcon_core.verb:set package 'my_py_pkg_anscer' build argument 'cmake_clean_first' from command line to 'False'
[0.406s] Level 5:colcon.colcon_core.verb:set package 'my_py_pkg_anscer' build argument 'cmake_force_configure' from command line to 'False'
[0.406s] Level 5:colcon.colcon_core.verb:set package 'my_py_pkg_anscer' build argument 'ament_cmake_args' from command line to 'None'
[0.406s] Level 5:colcon.colcon_core.verb:set package 'my_py_pkg_anscer' build argument 'catkin_cmake_args' from command line to 'None'
[0.406s] Level 5:colcon.colcon_core.verb:set package 'my_py_pkg_anscer' build argument 'catkin_skip_building_tests' from command line to 'False'
[0.406s] DEBUG:colcon.colcon_core.verb:Building package 'my_py_pkg_anscer' with the following arguments: {'ament_cmake_args': None, 'build_base': '/home/asd/ros2_ws7/build/my_py_pkg_anscer', 'catkin_cmake_args': None, 'catkin_skip_building_tests': False, 'cmake_args': None, 'cmake_clean_cache': False, 'cmake_clean_first': False, 'cmake_force_configure': False, 'cmake_target': None, 'cmake_target_skip_unavailable': False, 'install_base': '/home/asd/ros2_ws7/install/my_py_pkg_anscer', 'merge_install': False, 'path': '/home/asd/ros2_ws7/src/my_py_pkg_anscer', 'symlink_install': False, 'test_result_base': None}
[0.407s] Level 5:colcon.colcon_core.verb:set package 'bring_up_anscer' build argument 'cmake_args' from command line to 'None'
[0.407s] Level 5:colcon.colcon_core.verb:set package 'bring_up_anscer' build argument 'cmake_target' from command line to 'None'
[0.407s] Level 5:colcon.colcon_core.verb:set package 'bring_up_anscer' build argument 'cmake_target_skip_unavailable' from command line to 'False'
[0.407s] Level 5:colcon.colcon_core.verb:set package 'bring_up_anscer' build argument 'cmake_clean_cache' from command line to 'False'
[0.407s] Level 5:colcon.colcon_core.verb:set package 'bring_up_anscer' build argument 'cmake_clean_first' from command line to 'False'
[0.407s] Level 5:colcon.colcon_core.verb:set package 'bring_up_anscer' build argument 'cmake_force_configure' from command line to 'False'
[0.407s] Level 5:colcon.colcon_core.verb:set package 'bring_up_anscer' build argument 'ament_cmake_args' from command line to 'None'
[0.407s] Level 5:colcon.colcon_core.verb:set package 'bring_up_anscer' build argument 'catkin_cmake_args' from command line to 'None'
[0.407s] Level 5:colcon.colcon_core.verb:set package 'bring_up_anscer' build argument 'catkin_skip_building_tests' from command line to 'False'
[0.407s] DEBUG:colcon.colcon_core.verb:Building package 'bring_up_anscer' with the following arguments: {'ament_cmake_args': None, 'build_base': '/home/asd/ros2_ws7/build/bring_up_anscer', 'catkin_cmake_args': None, 'catkin_skip_building_tests': False, 'cmake_args': None, 'cmake_clean_cache': False, 'cmake_clean_first': False, 'cmake_force_configure': False, 'cmake_target': None, 'cmake_target_skip_unavailable': False, 'install_base': '/home/asd/ros2_ws7/install/bring_up_anscer', 'merge_install': False, 'path': '/home/asd/ros2_ws7/src/bring_up_anscer', 'symlink_install': False, 'test_result_base': None}
[0.407s] INFO:colcon.colcon_core.executor:Executing jobs using 'parallel' executor
[0.408s] DEBUG:colcon.colcon_parallel_executor.executor.parallel:run_until_complete
[0.408s] INFO:colcon.colcon_ros.task.ament_cmake.build:Building ROS package in '/home/asd/ros2_ws7/src/custom_interfaces_anscer' with build type 'ament_cmake'
[0.408s] INFO:colcon.colcon_cmake.task.cmake.build:Building CMake package in '/home/asd/ros2_ws7/src/custom_interfaces_anscer'
[0.410s] INFO:colcon.colcon_core.plugin_system:Skipping extension 'colcon_core.shell.bat': Not used on non-Windows systems
[0.410s] INFO:colcon.colcon_core.shell:Skip shell extension 'powershell' for command environment: Not usable outside of PowerShell
[0.410s] DEBUG:colcon.colcon_core.shell:Skip shell extension 'dsv' for command environment
[0.422s] DEBUG:colcon.colcon_core.event_handler.log_command:Invoking command in '/home/asd/ros2_ws7/build/custom_interfaces_anscer': CMAKE_PREFIX_PATH=${CMAKE_PREFIX_PATH}:/home/asd/ros2_ws7/install/my_py_pkg_anscer:/home/asd/ros2_ws4/install/esp_wifi:/home/asd/ros2_ws4/install/maping_odom:/home/asd/ros2_ws/install/turtlesim_catch_them_all:/home/asd/ros2_ws/install/my_py_pkg:/opt/ros/humble /usr/bin/cmake --build /home/asd/ros2_ws7/build/custom_interfaces_anscer -- -j8 -l8
[0.875s] DEBUG:colcon.colcon_core.event_handler.log_command:Invoked command in '/home/asd/ros2_ws7/build/custom_interfaces_anscer' returned '0': CMAKE_PREFIX_PATH=${CMAKE_PREFIX_PATH}:/home/asd/ros2_ws7/install/my_py_pkg_anscer:/home/asd/ros2_ws4/install/esp_wifi:/home/asd/ros2_ws4/install/maping_odom:/home/asd/ros2_ws/install/turtlesim_catch_them_all:/home/asd/ros2_ws/install/my_py_pkg:/opt/ros/humble /usr/bin/cmake --build /home/asd/ros2_ws7/build/custom_interfaces_anscer -- -j8 -l8
[0.886s] DEBUG:colcon.colcon_core.event_handler.log_command:Invoking command in '/home/asd/ros2_ws7/build/custom_interfaces_anscer': CMAKE_PREFIX_PATH=${CMAKE_PREFIX_PATH}:/home/asd/ros2_ws7/install/my_py_pkg_anscer:/home/asd/ros2_ws4/install/esp_wifi:/home/asd/ros2_ws4/install/maping_odom:/home/asd/ros2_ws/install/turtlesim_catch_them_all:/home/asd/ros2_ws/install/my_py_pkg:/opt/ros/humble /usr/bin/cmake --install /home/asd/ros2_ws7/build/custom_interfaces_anscer
[1.003s] Level 1:colcon.colcon_core.environment:create_environment_scripts_only(custom_interfaces_anscer)
[1.003s] DEBUG:colcon.colcon_core.event_handler.log_command:Invoked command in '/home/asd/ros2_ws7/build/custom_interfaces_anscer' returned '0': CMAKE_PREFIX_PATH=${CMAKE_PREFIX_PATH}:/home/asd/ros2_ws7/install/my_py_pkg_anscer:/home/asd/ros2_ws4/install/esp_wifi:/home/asd/ros2_ws4/install/maping_odom:/home/asd/ros2_ws/install/turtlesim_catch_them_all:/home/asd/ros2_ws/install/my_py_pkg:/opt/ros/humble /usr/bin/cmake --install /home/asd/ros2_ws7/build/custom_interfaces_anscer
[1.005s] Level 1:colcon.colcon_core.environment:checking '/home/asd/ros2_ws7/install/custom_interfaces_anscer' for CMake module files
[1.006s] Level 1:colcon.colcon_core.environment:checking '/home/asd/ros2_ws7/install/custom_interfaces_anscer' for CMake config files
[1.006s] Level 1:colcon.colcon_core.shell:create_environment_hook('custom_interfaces_anscer', 'cmake_prefix_path')
[1.007s] INFO:colcon.colcon_core.shell:Creating environment hook '/home/asd/ros2_ws7/install/custom_interfaces_anscer/share/custom_interfaces_anscer/hook/cmake_prefix_path.ps1'
[1.007s] INFO:colcon.colcon_core.shell:Creating environment descriptor '/home/asd/ros2_ws7/install/custom_interfaces_anscer/share/custom_interfaces_anscer/hook/cmake_prefix_path.dsv'
[1.008s] INFO:colcon.colcon_core.shell:Creating environment hook '/home/asd/ros2_ws7/install/custom_interfaces_anscer/share/custom_interfaces_anscer/hook/cmake_prefix_path.sh'
[1.009s] Level 1:colcon.colcon_core.environment:checking '/home/asd/ros2_ws7/install/custom_interfaces_anscer/lib'
[1.009s] Level 1:colcon.colcon_core.shell:create_environment_hook('custom_interfaces_anscer', 'ld_library_path_lib')
[1.009s] INFO:colcon.colcon_core.shell:Creating environment hook '/home/asd/ros2_ws7/install/custom_interfaces_anscer/share/custom_interfaces_anscer/hook/ld_library_path_lib.ps1'
[1.009s] INFO:colcon.colcon_core.shell:Creating environment descriptor '/home/asd/ros2_ws7/install/custom_interfaces_anscer/share/custom_interfaces_anscer/hook/ld_library_path_lib.dsv'
[1.010s] INFO:colcon.colcon_core.shell:Creating environment hook '/home/asd/ros2_ws7/install/custom_interfaces_anscer/share/custom_interfaces_anscer/hook/ld_library_path_lib.sh'
[1.010s] Level 1:colcon.colcon_core.environment:checking '/home/asd/ros2_ws7/install/custom_interfaces_anscer/bin'
[1.010s] Level 1:colcon.colcon_core.environment:checking '/home/asd/ros2_ws7/install/custom_interfaces_anscer/lib/pkgconfig/custom_interfaces_anscer.pc'
[1.010s] Level 1:colcon.colcon_core.environment:checking '/home/asd/ros2_ws7/install/custom_interfaces_anscer/lib/python3.10/site-packages'
[1.010s] Level 1:colcon.colcon_core.environment:checking '/home/asd/ros2_ws7/install/custom_interfaces_anscer/bin'
[1.011s] INFO:colcon.colcon_core.shell:Creating package script '/home/asd/ros2_ws7/install/custom_interfaces_anscer/share/custom_interfaces_anscer/package.ps1'
[1.011s] INFO:colcon.colcon_core.shell:Creating package descriptor '/home/asd/ros2_ws7/install/custom_interfaces_anscer/share/custom_interfaces_anscer/package.dsv'
[1.012s] INFO:colcon.colcon_core.shell:Creating package script '/home/asd/ros2_ws7/install/custom_interfaces_anscer/share/custom_interfaces_anscer/package.sh'
[1.013s] INFO:colcon.colcon_core.shell:Creating package script '/home/asd/ros2_ws7/install/custom_interfaces_anscer/share/custom_interfaces_anscer/package.bash'
[1.013s] INFO:colcon.colcon_core.shell:Creating package script '/home/asd/ros2_ws7/install/custom_interfaces_anscer/share/custom_interfaces_anscer/package.zsh'
[1.014s] Level 1:colcon.colcon_core.environment:create_file_with_runtime_dependencies(/home/asd/ros2_ws7/install/custom_interfaces_anscer/share/colcon-core/packages/custom_interfaces_anscer)
[1.014s] Level 1:colcon.colcon_core.environment:create_environment_scripts_only(custom_interfaces_anscer)
[1.015s] Level 1:colcon.colcon_core.environment:checking '/home/asd/ros2_ws7/install/custom_interfaces_anscer' for CMake module files
[1.015s] Level 1:colcon.colcon_core.environment:checking '/home/asd/ros2_ws7/install/custom_interfaces_anscer' for CMake config files
[1.016s] Level 1:colcon.colcon_core.shell:create_environment_hook('custom_interfaces_anscer', 'cmake_prefix_path')
[1.016s] INFO:colcon.colcon_core.shell:Creating environment hook '/home/asd/ros2_ws7/install/custom_interfaces_anscer/share/custom_interfaces_anscer/hook/cmake_prefix_path.ps1'
[1.016s] INFO:colcon.colcon_core.shell:Creating environment descriptor '/home/asd/ros2_ws7/install/custom_interfaces_anscer/share/custom_interfaces_anscer/hook/cmake_prefix_path.dsv'
[1.016s] INFO:colcon.colcon_core.shell:Creating environment hook '/home/asd/ros2_ws7/install/custom_interfaces_anscer/share/custom_interfaces_anscer/hook/cmake_prefix_path.sh'
[1.017s] Level 1:colcon.colcon_core.environment:checking '/home/asd/ros2_ws7/install/custom_interfaces_anscer/lib'
[1.017s] Level 1:colcon.colcon_core.shell:create_environment_hook('custom_interfaces_anscer', 'ld_library_path_lib')
[1.017s] INFO:colcon.colcon_core.shell:Creating environment hook '/home/asd/ros2_ws7/install/custom_interfaces_anscer/share/custom_interfaces_anscer/hook/ld_library_path_lib.ps1'
[1.018s] INFO:colcon.colcon_core.shell:Creating environment descriptor '/home/asd/ros2_ws7/install/custom_interfaces_anscer/share/custom_interfaces_anscer/hook/ld_library_path_lib.dsv'
[1.018s] INFO:colcon.colcon_core.shell:Creating environment hook '/home/asd/ros2_ws7/install/custom_interfaces_anscer/share/custom_interfaces_anscer/hook/ld_library_path_lib.sh'
[1.018s] Level 1:colcon.colcon_core.environment:checking '/home/asd/ros2_ws7/install/custom_interfaces_anscer/bin'
[1.018s] Level 1:colcon.colcon_core.environment:checking '/home/asd/ros2_ws7/install/custom_interfaces_anscer/lib/pkgconfig/custom_interfaces_anscer.pc'
[1.018s] Level 1:colcon.colcon_core.environment:checking '/home/asd/ros2_ws7/install/custom_interfaces_anscer/lib/python3.10/site-packages'
[1.019s] Level 1:colcon.colcon_core.environment:checking '/home/asd/ros2_ws7/install/custom_interfaces_anscer/bin'
[1.019s] INFO:colcon.colcon_core.shell:Creating package script '/home/asd/ros2_ws7/install/custom_interfaces_anscer/share/custom_interfaces_anscer/package.ps1'
[1.019s] INFO:colcon.colcon_core.shell:Creating package descriptor '/home/asd/ros2_ws7/install/custom_interfaces_anscer/share/custom_interfaces_anscer/package.dsv'
[1.020s] INFO:colcon.colcon_core.shell:Creating package script '/home/asd/ros2_ws7/install/custom_interfaces_anscer/share/custom_interfaces_anscer/package.sh'
[1.020s] INFO:colcon.colcon_core.shell:Creating package script '/home/asd/ros2_ws7/install/custom_interfaces_anscer/share/custom_interfaces_anscer/package.bash'
[1.021s] INFO:colcon.colcon_core.shell:Creating package script '/home/asd/ros2_ws7/install/custom_interfaces_anscer/share/custom_interfaces_anscer/package.zsh'
[1.021s] Level 1:colcon.colcon_core.environment:create_file_with_runtime_dependencies(/home/asd/ros2_ws7/install/custom_interfaces_anscer/share/colcon-core/packages/custom_interfaces_anscer)
[1.021s] INFO:colcon.colcon_ros.task.ament_python.build:Building ROS package in '/home/asd/ros2_ws7/src/my_py_pkg_anscer' with build type 'ament_python'
[1.021s] Level 1:colcon.colcon_core.shell:create_environment_hook('my_py_pkg_anscer', 'ament_prefix_path')
[1.022s] INFO:colcon.colcon_core.shell:Creating environment hook '/home/asd/ros2_ws7/install/my_py_pkg_anscer/share/my_py_pkg_anscer/hook/ament_prefix_path.ps1'
[1.023s] INFO:colcon.colcon_core.shell:Creating environment descriptor '/home/asd/ros2_ws7/install/my_py_pkg_anscer/share/my_py_pkg_anscer/hook/ament_prefix_path.dsv'
[1.023s] INFO:colcon.colcon_core.shell:Creating environment hook '/home/asd/ros2_ws7/install/my_py_pkg_anscer/share/my_py_pkg_anscer/hook/ament_prefix_path.sh'
[1.023s] INFO:colcon.colcon_core.shell:Skip shell extension 'powershell' for command environment: Not usable outside of PowerShell
[1.024s] DEBUG:colcon.colcon_core.shell:Skip shell extension 'dsv' for command environment
[1.309s] INFO:colcon.colcon_core.task.python.build:Building Python package in '/home/asd/ros2_ws7/src/my_py_pkg_anscer'
[1.309s] INFO:colcon.colcon_core.shell:Skip shell extension 'powershell' for command environment: Not usable outside of PowerShell
[1.309s] DEBUG:colcon.colcon_core.shell:Skip shell extension 'dsv' for command environment
[1.715s] DEBUG:colcon.colcon_core.event_handler.log_command:Invoking command in '/home/asd/ros2_ws7/src/my_py_pkg_anscer': CMAKE_PREFIX_PATH=/home/asd/ros2_ws7/install/custom_interfaces_anscer:/home/asd/ros2_ws7/install/bring_up_anscer:/home/asd/ros2_ws6/install/testbed_gazebo:/home/asd/ros2_ws6/install/testbed_description:/home/asd/ros2_ws6/install/testbed_bringup:/home/asd/ros2_ws4/install/my_interfaces:/home/asd/ros2_ws/install/turtlesim_project_cpp:/home/asd/ros2_ws/install/my_robot_bringup_one:/home/asd/ros2_ws/install/my_cpp_pkg:/home/asd/ros2_ws/install/my_robot_interfaces:/home/asd/ros2_ws2/install/my_robot_description:/home/asd/ros2_ws2/install/my_robot_bringup LD_LIBRARY_PATH=/home/asd/ros2_ws7/install/custom_interfaces_anscer/lib:/home/asd/ros2_ws4/install/my_interfaces/lib:/home/asd/ros2_ws/install/my_robot_interfaces/lib:/usr/lib/x86_64-linux-gnu/gazebo-11/plugins:/opt/ros/humble/opt/rviz_ogre_vendor/lib:/opt/ros/humble/lib/x86_64-linux-gnu:/opt/ros/humble/lib:/usr/share/gazebo/../../lib/x86_64-linux-gnu/gazebo-11/plugins PYTHONPATH=/home/asd/ros2_ws7/build/my_py_pkg_anscer/prefix_override:/usr/lib/python3/dist-packages/colcon_core/task/python/colcon_distutils_commands:/home/asd/ros2_ws7/install/my_py_pkg_anscer/lib/python3.10/site-packages:${PYTHONPATH} /usr/bin/python3 -W ignore:setup.py install is deprecated -W ignore:easy_install command is deprecated setup.py egg_info --egg-base ../../build/my_py_pkg_anscer build --build-base /home/asd/ros2_ws7/build/my_py_pkg_anscer/build install --record /home/asd/ros2_ws7/build/my_py_pkg_anscer/install.log --single-version-externally-managed install_data
[2.035s] Level 1:colcon.colcon_core.environment:checking '/home/asd/ros2_ws7/install/my_py_pkg_anscer' for CMake module files
[2.036s] DEBUG:colcon.colcon_core.event_handler.log_command:Invoked command in '/home/asd/ros2_ws7/src/my_py_pkg_anscer' returned '0': CMAKE_PREFIX_PATH=/home/asd/ros2_ws7/install/custom_interfaces_anscer:/home/asd/ros2_ws7/install/bring_up_anscer:/home/asd/ros2_ws6/install/testbed_gazebo:/home/asd/ros2_ws6/install/testbed_description:/home/asd/ros2_ws6/install/testbed_bringup:/home/asd/ros2_ws4/install/my_interfaces:/home/asd/ros2_ws/install/turtlesim_project_cpp:/home/asd/ros2_ws/install/my_robot_bringup_one:/home/asd/ros2_ws/install/my_cpp_pkg:/home/asd/ros2_ws/install/my_robot_interfaces:/home/asd/ros2_ws2/install/my_robot_description:/home/asd/ros2_ws2/install/my_robot_bringup LD_LIBRARY_PATH=/home/asd/ros2_ws7/install/custom_interfaces_anscer/lib:/home/asd/ros2_ws4/install/my_interfaces/lib:/home/asd/ros2_ws/install/my_robot_interfaces/lib:/usr/lib/x86_64-linux-gnu/gazebo-11/plugins:/opt/ros/humble/opt/rviz_ogre_vendor/lib:/opt/ros/humble/lib/x86_64-linux-gnu:/opt/ros/humble/lib:/usr/share/gazebo/../../lib/x86_64-linux-gnu/gazebo-11/plugins PYTHONPATH=/home/asd/ros2_ws7/build/my_py_pkg_anscer/prefix_override:/usr/lib/python3/dist-packages/colcon_core/task/python/colcon_distutils_commands:/home/asd/ros2_ws7/install/my_py_pkg_anscer/lib/python3.10/site-packages:${PYTHONPATH} /usr/bin/python3 -W ignore:setup.py install is deprecated -W ignore:easy_install command is deprecated setup.py egg_info --egg-base ../../build/my_py_pkg_anscer build --build-base /home/asd/ros2_ws7/build/my_py_pkg_anscer/build install --record /home/asd/ros2_ws7/build/my_py_pkg_anscer/install.log --single-version-externally-managed install_data
[2.036s] Level 1:colcon.colcon_core.environment:checking '/home/asd/ros2_ws7/install/my_py_pkg_anscer' for CMake config files
[2.037s] Level 1:colcon.colcon_core.environment:checking '/home/asd/ros2_ws7/install/my_py_pkg_anscer/lib'
[2.037s] Level 1:colcon.colcon_core.environment:checking '/home/asd/ros2_ws7/install/my_py_pkg_anscer/bin'
[2.037s] Level 1:colcon.colcon_core.environment:checking '/home/asd/ros2_ws7/install/my_py_pkg_anscer/lib/pkgconfig/my_py_pkg_anscer.pc'
[2.037s] Level 1:colcon.colcon_core.environment:checking '/home/asd/ros2_ws7/install/my_py_pkg_anscer/lib/python3.10/site-packages'
[2.037s] Level 1:colcon.colcon_core.shell:create_environment_hook('my_py_pkg_anscer', 'pythonpath')
[2.037s] INFO:colcon.colcon_core.shell:Creating environment hook '/home/asd/ros2_ws7/install/my_py_pkg_anscer/share/my_py_pkg_anscer/hook/pythonpath.ps1'
[2.038s] INFO:colcon.colcon_core.shell:Creating environment descriptor '/home/asd/ros2_ws7/install/my_py_pkg_anscer/share/my_py_pkg_anscer/hook/pythonpath.dsv'
[2.038s] INFO:colcon.colcon_core.shell:Creating environment hook '/home/asd/ros2_ws7/install/my_py_pkg_anscer/share/my_py_pkg_anscer/hook/pythonpath.sh'
[2.039s] Level 1:colcon.colcon_core.environment:checking '/home/asd/ros2_ws7/install/my_py_pkg_anscer/bin'
[2.039s] Level 1:colcon.colcon_core.environment:create_environment_scripts_only(my_py_pkg_anscer)
[2.039s] INFO:colcon.colcon_core.shell:Creating package script '/home/asd/ros2_ws7/install/my_py_pkg_anscer/share/my_py_pkg_anscer/package.ps1'
[2.040s] INFO:colcon.colcon_core.shell:Creating package descriptor '/home/asd/ros2_ws7/install/my_py_pkg_anscer/share/my_py_pkg_anscer/package.dsv'
[2.040s] INFO:colcon.colcon_core.shell:Creating package script '/home/asd/ros2_ws7/install/my_py_pkg_anscer/share/my_py_pkg_anscer/package.sh'
[2.040s] INFO:colcon.colcon_core.shell:Creating package script '/home/asd/ros2_ws7/install/my_py_pkg_anscer/share/my_py_pkg_anscer/package.bash'
[2.041s] INFO:colcon.colcon_core.shell:Creating package script '/home/asd/ros2_ws7/install/my_py_pkg_anscer/share/my_py_pkg_anscer/package.zsh'
[2.041s] Level 1:colcon.colcon_core.environment:create_file_with_runtime_dependencies(/home/asd/ros2_ws7/install/my_py_pkg_anscer/share/colcon-core/packages/my_py_pkg_anscer)
[2.041s] INFO:colcon.colcon_ros.task.ament_cmake.build:Building ROS package in '/home/asd/ros2_ws7/src/bring_up_anscer' with build type 'ament_cmake'
[2.041s] INFO:colcon.colcon_cmake.task.cmake.build:Building CMake package in '/home/asd/ros2_ws7/src/bring_up_anscer'
[2.042s] INFO:colcon.colcon_core.shell:Skip shell extension 'powershell' for command environment: Not usable outside of PowerShell
[2.042s] DEBUG:colcon.colcon_core.shell:Skip shell extension 'dsv' for command environment
[2.056s] DEBUG:colcon.colcon_core.event_handler.log_command:Invoking command in '/home/asd/ros2_ws7/build/bring_up_anscer': AMENT_PREFIX_PATH=/home/asd/ros2_ws7/install/my_py_pkg_anscer:/home/asd/ros2_ws7/install/bring_up_anscer:/home/asd/ros2_ws7/install/custom_interfaces_anscer:/home/asd/ros2_ws6/install/testbed_gazebo:/home/asd/ros2_ws6/install/testbed_description:/home/asd/ros2_ws6/install/testbed_bringup:/home/asd/ros2_ws4/install/esp_wifi:/home/asd/ros2_ws4/install/my_interfaces:/home/asd/ros2_ws4/install/maping_odom:/home/asd/ros2_ws/install/turtlesim_project_cpp:/home/asd/ros2_ws/install/my_robot_bringup_one:/home/asd/ros2_ws/install/turtlesim_catch_them_all:/home/asd/ros2_ws/install/my_py_pkg:/home/asd/ros2_ws/install/my_cpp_pkg:/home/asd/ros2_ws/install/my_robot_interfaces:/home/asd/ros2_ws2/install/my_robot_description:/home/asd/ros2_ws2/install/my_robot_bringup:/opt/ros/humble CMAKE_PREFIX_PATH=/home/asd/ros2_ws7/install/custom_interfaces_anscer:/home/asd/ros2_ws7/install/bring_up_anscer:/home/asd/ros2_ws6/install/testbed_gazebo:/home/asd/ros2_ws6/install/testbed_description:/home/asd/ros2_ws6/install/testbed_bringup:/home/asd/ros2_ws4/install/my_interfaces:/home/asd/ros2_ws/install/turtlesim_project_cpp:/home/asd/ros2_ws/install/my_robot_bringup_one:/home/asd/ros2_ws/install/my_cpp_pkg:/home/asd/ros2_ws/install/my_robot_interfaces:/home/asd/ros2_ws2/install/my_robot_description:/home/asd/ros2_ws2/install/my_robot_bringup:/home/asd/ros2_ws7/install/my_py_pkg_anscer:/home/asd/ros2_ws4/install/esp_wifi:/home/asd/ros2_ws4/install/maping_odom:/home/asd/ros2_ws/install/turtlesim_catch_them_all:/home/asd/ros2_ws/install/my_py_pkg:/opt/ros/humble LD_LIBRARY_PATH=/home/asd/ros2_ws7/install/custom_interfaces_anscer/lib:/home/asd/ros2_ws4/install/my_interfaces/lib:/home/asd/ros2_ws/install/my_robot_interfaces/lib:/usr/lib/x86_64-linux-gnu/gazebo-11/plugins:/opt/ros/humble/opt/rviz_ogre_vendor/lib:/opt/ros/humble/lib/x86_64-linux-gnu:/opt/ros/humble/lib:/usr/share/gazebo/../../lib/x86_64-linux-gnu/gazebo-11/plugins /usr/bin/cmake --build /home/asd/ros2_ws7/build/bring_up_anscer -- -j8 -l8
[2.096s] DEBUG:colcon.colcon_core.event_handler.log_command:Invoked command in '/home/asd/ros2_ws7/build/bring_up_anscer' returned '0': AMENT_PREFIX_PATH=/home/asd/ros2_ws7/install/my_py_pkg_anscer:/home/asd/ros2_ws7/install/bring_up_anscer:/home/asd/ros2_ws7/install/custom_interfaces_anscer:/home/asd/ros2_ws6/install/testbed_gazebo:/home/asd/ros2_ws6/install/testbed_description:/home/asd/ros2_ws6/install/testbed_bringup:/home/asd/ros2_ws4/install/esp_wifi:/home/asd/ros2_ws4/install/my_interfaces:/home/asd/ros2_ws4/install/maping_odom:/home/asd/ros2_ws/install/turtlesim_project_cpp:/home/asd/ros2_ws/install/my_robot_bringup_one:/home/asd/ros2_ws/install/turtlesim_catch_them_all:/home/asd/ros2_ws/install/my_py_pkg:/home/asd/ros2_ws/install/my_cpp_pkg:/home/asd/ros2_ws/install/my_robot_interfaces:/home/asd/ros2_ws2/install/my_robot_description:/home/asd/ros2_ws2/install/my_robot_bringup:/opt/ros/humble CMAKE_PREFIX_PATH=/home/asd/ros2_ws7/install/custom_interfaces_anscer:/home/asd/ros2_ws7/install/bring_up_anscer:/home/asd/ros2_ws6/install/testbed_gazebo:/home/asd/ros2_ws6/install/testbed_description:/home/asd/ros2_ws6/install/testbed_bringup:/home/asd/ros2_ws4/install/my_interfaces:/home/asd/ros2_ws/install/turtlesim_project_cpp:/home/asd/ros2_ws/install/my_robot_bringup_one:/home/asd/ros2_ws/install/my_cpp_pkg:/home/asd/ros2_ws/install/my_robot_interfaces:/home/asd/ros2_ws2/install/my_robot_description:/home/asd/ros2_ws2/install/my_robot_bringup:/home/asd/ros2_ws7/install/my_py_pkg_anscer:/home/asd/ros2_ws4/install/esp_wifi:/home/asd/ros2_ws4/install/maping_odom:/home/asd/ros2_ws/install/turtlesim_catch_them_all:/home/asd/ros2_ws/install/my_py_pkg:/opt/ros/humble LD_LIBRARY_PATH=/home/asd/ros2_ws7/install/custom_interfaces_anscer/lib:/home/asd/ros2_ws4/install/my_interfaces/lib:/home/asd/ros2_ws/install/my_robot_interfaces/lib:/usr/lib/x86_64-linux-gnu/gazebo-11/plugins:/opt/ros/humble/opt/rviz_ogre_vendor/lib:/opt/ros/humble/lib/x86_64-linux-gnu:/opt/ros/humble/lib:/usr/share/gazebo/../../lib/x86_64-linux-gnu/gazebo-11/plugins /usr/bin/cmake --build /home/asd/ros2_ws7/build/bring_up_anscer -- -j8 -l8
[2.097s] DEBUG:colcon.colcon_core.event_handler.log_command:Invoking command in '/home/asd/ros2_ws7/build/bring_up_anscer': AMENT_PREFIX_PATH=/home/asd/ros2_ws7/install/my_py_pkg_anscer:/home/asd/ros2_ws7/install/bring_up_anscer:/home/asd/ros2_ws7/install/custom_interfaces_anscer:/home/asd/ros2_ws6/install/testbed_gazebo:/home/asd/ros2_ws6/install/testbed_description:/home/asd/ros2_ws6/install/testbed_bringup:/home/asd/ros2_ws4/install/esp_wifi:/home/asd/ros2_ws4/install/my_interfaces:/home/asd/ros2_ws4/install/maping_odom:/home/asd/ros2_ws/install/turtlesim_project_cpp:/home/asd/ros2_ws/install/my_robot_bringup_one:/home/asd/ros2_ws/install/turtlesim_catch_them_all:/home/asd/ros2_ws/install/my_py_pkg:/home/asd/ros2_ws/install/my_cpp_pkg:/home/asd/ros2_ws/install/my_robot_interfaces:/home/asd/ros2_ws2/install/my_robot_description:/home/asd/ros2_ws2/install/my_robot_bringup:/opt/ros/humble CMAKE_PREFIX_PATH=/home/asd/ros2_ws7/install/custom_interfaces_anscer:/home/asd/ros2_ws7/install/bring_up_anscer:/home/asd/ros2_ws6/install/testbed_gazebo:/home/asd/ros2_ws6/install/testbed_description:/home/asd/ros2_ws6/install/testbed_bringup:/home/asd/ros2_ws4/install/my_interfaces:/home/asd/ros2_ws/install/turtlesim_project_cpp:/home/asd/ros2_ws/install/my_robot_bringup_one:/home/asd/ros2_ws/install/my_cpp_pkg:/home/asd/ros2_ws/install/my_robot_interfaces:/home/asd/ros2_ws2/install/my_robot_description:/home/asd/ros2_ws2/install/my_robot_bringup:/home/asd/ros2_ws7/install/my_py_pkg_anscer:/home/asd/ros2_ws4/install/esp_wifi:/home/asd/ros2_ws4/install/maping_odom:/home/asd/ros2_ws/install/turtlesim_catch_them_all:/home/asd/ros2_ws/install/my_py_pkg:/opt/ros/humble LD_LIBRARY_PATH=/home/asd/ros2_ws7/install/custom_interfaces_anscer/lib:/home/asd/ros2_ws4/install/my_interfaces/lib:/home/asd/ros2_ws/install/my_robot_interfaces/lib:/usr/lib/x86_64-linux-gnu/gazebo-11/plugins:/opt/ros/humble/opt/rviz_ogre_vendor/lib:/opt/ros/humble/lib/x86_64-linux-gnu:/opt/ros/humble/lib:/usr/share/gazebo/../../lib/x86_64-linux-gnu/gazebo-11/plugins /usr/bin/cmake --install /home/asd/ros2_ws7/build/bring_up_anscer
[2.108s] Level 1:colcon.colcon_core.environment:create_environment_scripts_only(bring_up_anscer)
[2.108s] Level 1:colcon.colcon_core.environment:checking '/home/asd/ros2_ws7/install/bring_up_anscer' for CMake module files
[2.109s] DEBUG:colcon.colcon_core.event_handler.log_command:Invoked command in '/home/asd/ros2_ws7/build/bring_up_anscer' returned '0': AMENT_PREFIX_PATH=/home/asd/ros2_ws7/install/my_py_pkg_anscer:/home/asd/ros2_ws7/install/bring_up_anscer:/home/asd/ros2_ws7/install/custom_interfaces_anscer:/home/asd/ros2_ws6/install/testbed_gazebo:/home/asd/ros2_ws6/install/testbed_description:/home/asd/ros2_ws6/install/testbed_bringup:/home/asd/ros2_ws4/install/esp_wifi:/home/asd/ros2_ws4/install/my_interfaces:/home/asd/ros2_ws4/install/maping_odom:/home/asd/ros2_ws/install/turtlesim_project_cpp:/home/asd/ros2_ws/install/my_robot_bringup_one:/home/asd/ros2_ws/install/turtlesim_catch_them_all:/home/asd/ros2_ws/install/my_py_pkg:/home/asd/ros2_ws/install/my_cpp_pkg:/home/asd/ros2_ws/install/my_robot_interfaces:/home/asd/ros2_ws2/install/my_robot_description:/home/asd/ros2_ws2/install/my_robot_bringup:/opt/ros/humble CMAKE_PREFIX_PATH=/home/asd/ros2_ws7/install/custom_interfaces_anscer:/home/asd/ros2_ws7/install/bring_up_anscer:/home/asd/ros2_ws6/install/testbed_gazebo:/home/asd/ros2_ws6/install/testbed_description:/home/asd/ros2_ws6/install/testbed_bringup:/home/asd/ros2_ws4/install/my_interfaces:/home/asd/ros2_ws/install/turtlesim_project_cpp:/home/asd/ros2_ws/install/my_robot_bringup_one:/home/asd/ros2_ws/install/my_cpp_pkg:/home/asd/ros2_ws/install/my_robot_interfaces:/home/asd/ros2_ws2/install/my_robot_description:/home/asd/ros2_ws2/install/my_robot_bringup:/home/asd/ros2_ws7/install/my_py_pkg_anscer:/home/asd/ros2_ws4/install/esp_wifi:/home/asd/ros2_ws4/install/maping_odom:/home/asd/ros2_ws/install/turtlesim_catch_them_all:/home/asd/ros2_ws/install/my_py_pkg:/opt/ros/humble LD_LIBRARY_PATH=/home/asd/ros2_ws7/install/custom_interfaces_anscer/lib:/home/asd/ros2_ws4/install/my_interfaces/lib:/home/asd/ros2_ws/install/my_robot_interfaces/lib:/usr/lib/x86_64-linux-gnu/gazebo-11/plugins:/opt/ros/humble/opt/rviz_ogre_vendor/lib:/opt/ros/humble/lib/x86_64-linux-gnu:/opt/ros/humble/lib:/usr/share/gazebo/../../lib/x86_64-linux-gnu/gazebo-11/plugins /usr/bin/cmake --install /home/asd/ros2_ws7/build/bring_up_anscer
[2.109s] Level 1:colcon.colcon_core.environment:checking '/home/asd/ros2_ws7/install/bring_up_anscer' for CMake config files
[2.109s] Level 1:colcon.colcon_core.shell:create_environment_hook('bring_up_anscer', 'cmake_prefix_path')
[2.109s] INFO:colcon.colcon_core.shell:Creating environment hook '/home/asd/ros2_ws7/install/bring_up_anscer/share/bring_up_anscer/hook/cmake_prefix_path.ps1'
[2.110s] INFO:colcon.colcon_core.shell:Creating environment descriptor '/home/asd/ros2_ws7/install/bring_up_anscer/share/bring_up_anscer/hook/cmake_prefix_path.dsv'
[2.110s] INFO:colcon.colcon_core.shell:Creating environment hook '/home/asd/ros2_ws7/install/bring_up_anscer/share/bring_up_anscer/hook/cmake_prefix_path.sh'
[2.111s] Level 1:colcon.colcon_core.environment:checking '/home/asd/ros2_ws7/install/bring_up_anscer/bin'
[2.111s] Level 1:colcon.colcon_core.environment:checking '/home/asd/ros2_ws7/install/bring_up_anscer/lib/pkgconfig/bring_up_anscer.pc'
[2.111s] Level 1:colcon.colcon_core.environment:checking '/home/asd/ros2_ws7/install/bring_up_anscer/lib/python3.10/site-packages'
[2.111s] Level 1:colcon.colcon_core.environment:checking '/home/asd/ros2_ws7/install/bring_up_anscer/bin'
[2.111s] INFO:colcon.colcon_core.shell:Creating package script '/home/asd/ros2_ws7/install/bring_up_anscer/share/bring_up_anscer/package.ps1'
[2.112s] INFO:colcon.colcon_core.shell:Creating package descriptor '/home/asd/ros2_ws7/install/bring_up_anscer/share/bring_up_anscer/package.dsv'
[2.112s] INFO:colcon.colcon_core.shell:Creating package script '/home/asd/ros2_ws7/install/bring_up_anscer/share/bring_up_anscer/package.sh'
[2.113s] INFO:colcon.colcon_core.shell:Creating package script '/home/asd/ros2_ws7/install/bring_up_anscer/share/bring_up_anscer/package.bash'
[2.113s] INFO:colcon.colcon_core.shell:Creating package script '/home/asd/ros2_ws7/install/bring_up_anscer/share/bring_up_anscer/package.zsh'
[2.113s] Level 1:colcon.colcon_core.environment:create_file_with_runtime_dependencies(/home/asd/ros2_ws7/install/bring_up_anscer/share/colcon-core/packages/bring_up_anscer)
[2.114s] Level 1:colcon.colcon_core.environment:create_environment_scripts_only(bring_up_anscer)
[2.114s] Level 1:colcon.colcon_core.environment:checking '/home/asd/ros2_ws7/install/bring_up_anscer' for CMake module files
[2.115s] Level 1:colcon.colcon_core.environment:checking '/home/asd/ros2_ws7/install/bring_up_anscer' for CMake config files
[2.115s] Level 1:colcon.colcon_core.shell:create_environment_hook('bring_up_anscer', 'cmake_prefix_path')
[2.115s] INFO:colcon.colcon_core.shell:Creating environment hook '/home/asd/ros2_ws7/install/bring_up_anscer/share/bring_up_anscer/hook/cmake_prefix_path.ps1'
[2.115s] INFO:colcon.colcon_core.shell:Creating environment descriptor '/home/asd/ros2_ws7/install/bring_up_anscer/share/bring_up_anscer/hook/cmake_prefix_path.dsv'
[2.116s] INFO:colcon.colcon_core.shell:Creating environment hook '/home/asd/ros2_ws7/install/bring_up_anscer/share/bring_up_anscer/hook/cmake_prefix_path.sh'
[2.116s] Level 1:colcon.colcon_core.environment:checking '/home/asd/ros2_ws7/install/bring_up_anscer/bin'
[2.116s] Level 1:colcon.colcon_core.environment:checking '/home/asd/ros2_ws7/install/bring_up_anscer/lib/pkgconfig/bring_up_anscer.pc'
[2.116s] Level 1:colcon.colcon_core.environment:checking '/home/asd/ros2_ws7/install/bring_up_anscer/lib/python3.10/site-packages'
[2.116s] Level 1:colcon.colcon_core.environment:checking '/home/asd/ros2_ws7/install/bring_up_anscer/bin'
[2.117s] INFO:colcon.colcon_core.shell:Creating package script '/home/asd/ros2_ws7/install/bring_up_anscer/share/bring_up_anscer/package.ps1'
[2.117s] INFO:colcon.colcon_core.shell:Creating package descriptor '/home/asd/ros2_ws7/install/bring_up_anscer/share/bring_up_anscer/package.dsv'
[2.118s] INFO:colcon.colcon_core.shell:Creating package script '/home/asd/ros2_ws7/install/bring_up_anscer/share/bring_up_anscer/package.sh'
[2.118s] INFO:colcon.colcon_core.shell:Creating package script '/home/asd/ros2_ws7/install/bring_up_anscer/share/bring_up_anscer/package.bash'
[2.118s] INFO:colcon.colcon_core.shell:Creating package script '/home/asd/ros2_ws7/install/bring_up_anscer/share/bring_up_anscer/package.zsh'
[2.119s] Level 1:colcon.colcon_core.environment:create_file_with_runtime_dependencies(/home/asd/ros2_ws7/install/bring_up_anscer/share/colcon-core/packages/bring_up_anscer)
[2.119s] DEBUG:colcon.colcon_parallel_executor.executor.parallel:closing loop
[2.119s] DEBUG:colcon.colcon_parallel_executor.executor.parallel:loop closed
[2.119s] DEBUG:colcon.colcon_parallel_executor.executor.parallel:run_until_complete finished with '0'
[2.119s] DEBUG:colcon.colcon_core.event_reactor:joining thread
[2.126s] INFO:colcon.colcon_core.plugin_system:Skipping extension 'colcon_notification.desktop_notification.terminal_notifier': Not used on non-Darwin systems
[2.126s] INFO:colcon.colcon_core.plugin_system:Skipping extension 'colcon_notification.desktop_notification.win32': Not used on non-Windows systems
[2.126s] INFO:colcon.colcon_notification.desktop_notification:Sending desktop notification using 'notify2'
[2.137s] DEBUG:colcon.colcon_core.event_reactor:joined thread
[2.138s] INFO:colcon.colcon_core.shell:Creating prefix script '/home/asd/ros2_ws7/install/local_setup.ps1'
[2.140s] INFO:colcon.colcon_core.shell:Creating prefix util module '/home/asd/ros2_ws7/install/_local_setup_util_ps1.py'
[2.142s] INFO:colcon.colcon_core.shell:Creating prefix chain script '/home/asd/ros2_ws7/install/setup.ps1'
[2.144s] INFO:colcon.colcon_core.shell:Creating prefix script '/home/asd/ros2_ws7/install/local_setup.sh'
[2.144s] INFO:colcon.colcon_core.shell:Creating prefix util module '/home/asd/ros2_ws7/install/_local_setup_util_sh.py'
[2.145s] INFO:colcon.colcon_core.shell:Creating prefix chain script '/home/asd/ros2_ws7/install/setup.sh'
[2.147s] INFO:colcon.colcon_core.shell:Creating prefix script '/home/asd/ros2_ws7/install/local_setup.bash'
[2.147s] INFO:colcon.colcon_core.shell:Creating prefix chain script '/home/asd/ros2_ws7/install/setup.bash'
[2.150s] INFO:colcon.colcon_core.shell:Creating prefix script '/home/asd/ros2_ws7/install/local_setup.zsh'
[2.150s] INFO:colcon.colcon_core.shell:Creating prefix chain script '/home/asd/ros2_ws7/install/setup.zsh'
