[0.112s] Invoking command in '/home/asd/ros2_ws8/build/goat_interfaces': CMAKE_PREFIX_PATH=${CMAKE_PREFIX_PATH}:/home/asd/ros2_ws8/install/my_goat_pkg:/home/asd/ros2_ws7/install/my_py_pkg_anscer:/home/asd/ros2_ws4/install/esp_wifi:/home/asd/ros2_ws4/install/maping_odom:/home/asd/ros2_ws/install/turtlesim_catch_them_all:/home/asd/ros2_ws/install/my_py_pkg:/opt/ros/humble /usr/bin/cmake --build /home/asd/ros2_ws8/build/goat_interfaces -- -j8 -l8
[0.326s] [  9%] Built target goat_interfaces__rosidl_generator_c
[0.350s] [ 12%] Built target goat_interfaces__cpp
[0.384s] [ 12%] Built target ament_cmake_python_copy_goat_interfaces
[0.540s] [ 22%] Built target goat_interfaces__rosidl_typesupport_c
[0.540s] [ 32%] Built target goat_interfaces__rosidl_typesupport_cpp
[0.541s] [ 51%] Built target goat_interfaces__rosidl_typesupport_introspection_c
[0.541s] [ 51%] Built target goat_interfaces__rosidl_typesupport_fastrtps_cpp
[0.542s] [ 61%] Built target goat_interfaces__rosidl_typesupport_fastrtps_c
[0.542s] [ 70%] Built target goat_interfaces__rosidl_typesupport_introspection_cpp
[0.630s] [ 70%] Built target goat_interfaces
[0.722s] [ 74%] Built target goat_interfaces__py
[0.882s] [ 80%] Built target goat_interfaces__rosidl_generator_py
[0.933s] [ 87%] Built target goat_interfaces__rosidl_typesupport_introspection_c__pyext
[0.938s] [ 93%] Built target goat_interfaces__rosidl_typesupport_fastrtps_c__pyext
[0.949s] [100%] Built target goat_interfaces__rosidl_typesupport_c__pyext
[1.445s] running egg_info
[1.447s] writing goat_interfaces.egg-info/PKG-INFO
[1.447s] writing dependency_links to goat_interfaces.egg-info/dependency_links.txt
[1.448s] writing top-level names to goat_interfaces.egg-info/top_level.txt
[1.452s] reading manifest file 'goat_interfaces.egg-info/SOURCES.txt'
[1.454s] writing manifest file 'goat_interfaces.egg-info/SOURCES.txt'
[1.497s] [100%] Built target ament_cmake_python_build_goat_interfaces_egg
[1.519s] Invoked command in '/home/asd/ros2_ws8/build/goat_interfaces' returned '0': CMAKE_PREFIX_PATH=${CMAKE_PREFIX_PATH}:/home/asd/ros2_ws8/install/my_goat_pkg:/home/asd/ros2_ws7/install/my_py_pkg_anscer:/home/asd/ros2_ws4/install/esp_wifi:/home/asd/ros2_ws4/install/maping_odom:/home/asd/ros2_ws/install/turtlesim_catch_them_all:/home/asd/ros2_ws/install/my_py_pkg:/opt/ros/humble /usr/bin/cmake --build /home/asd/ros2_ws8/build/goat_interfaces -- -j8 -l8
[1.522s] Invoking command in '/home/asd/ros2_ws8/build/goat_interfaces': CMAKE_PREFIX_PATH=${CMAKE_PREFIX_PATH}:/home/asd/ros2_ws8/install/my_goat_pkg:/home/asd/ros2_ws7/install/my_py_pkg_anscer:/home/asd/ros2_ws4/install/esp_wifi:/home/asd/ros2_ws4/install/maping_odom:/home/asd/ros2_ws/install/turtlesim_catch_them_all:/home/asd/ros2_ws/install/my_py_pkg:/opt/ros/humble /usr/bin/cmake --install /home/asd/ros2_ws8/build/goat_interfaces
[1.537s] -- Install configuration: ""
[1.538s] -- Up-to-date: /home/asd/ros2_ws8/install/goat_interfaces/share/ament_index/resource_index/rosidl_interfaces/goat_interfaces
[1.538s] -- Up-to-date: /home/asd/ros2_ws8/install/goat_interfaces/include/goat_interfaces/goat_interfaces
[1.539s] -- Up-to-date: /home/asd/ros2_ws8/install/goat_interfaces/include/goat_interfaces/goat_interfaces/msg
[1.539s] -- Up-to-date: /home/asd/ros2_ws8/install/goat_interfaces/include/goat_interfaces/goat_interfaces/msg/rosidl_generator_c__visibility_control.h
[1.539s] -- Up-to-date: /home/asd/ros2_ws8/install/goat_interfaces/include/goat_interfaces/goat_interfaces/srv
[1.540s] -- Up-to-date: /home/asd/ros2_ws8/install/goat_interfaces/include/goat_interfaces/goat_interfaces/srv/go_to_pose.h
[1.540s] -- Up-to-date: /home/asd/ros2_ws8/install/goat_interfaces/include/goat_interfaces/goat_interfaces/srv/detail
[1.541s] -- Up-to-date: /home/asd/ros2_ws8/install/goat_interfaces/include/goat_interfaces/goat_interfaces/srv/detail/go_to_pose__type_support.h
[1.541s] -- Up-to-date: /home/asd/ros2_ws8/install/goat_interfaces/include/goat_interfaces/goat_interfaces/srv/detail/go_to_pose__functions.h
[1.542s] -- Up-to-date: /home/asd/ros2_ws8/install/goat_interfaces/include/goat_interfaces/goat_interfaces/srv/detail/go_to_pose__struct.h
[1.542s] -- Up-to-date: /home/asd/ros2_ws8/install/goat_interfaces/include/goat_interfaces/goat_interfaces/srv/detail/go_to_pose__functions.c
[1.543s] -- Up-to-date: /home/asd/ros2_ws8/install/goat_interfaces/share/goat_interfaces/environment/library_path.sh
[1.543s] -- Up-to-date: /home/asd/ros2_ws8/install/goat_interfaces/share/goat_interfaces/environment/library_path.dsv
[1.544s] -- Up-to-date: /home/asd/ros2_ws8/install/goat_interfaces/lib/libgoat_interfaces__rosidl_generator_c.so
[1.544s] -- Up-to-date: /home/asd/ros2_ws8/install/goat_interfaces/include/goat_interfaces/goat_interfaces
[1.544s] -- Up-to-date: /home/asd/ros2_ws8/install/goat_interfaces/include/goat_interfaces/goat_interfaces/msg
[1.545s] -- Up-to-date: /home/asd/ros2_ws8/install/goat_interfaces/include/goat_interfaces/goat_interfaces/msg/rosidl_typesupport_fastrtps_c__visibility_control.h
[1.545s] -- Up-to-date: /home/asd/ros2_ws8/install/goat_interfaces/include/goat_interfaces/goat_interfaces/srv
[1.545s] -- Up-to-date: /home/asd/ros2_ws8/install/goat_interfaces/include/goat_interfaces/goat_interfaces/srv/detail
[1.546s] -- Up-to-date: /home/asd/ros2_ws8/install/goat_interfaces/include/goat_interfaces/goat_interfaces/srv/detail/go_to_pose__rosidl_typesupport_fastrtps_c.h
[1.546s] -- Up-to-date: /home/asd/ros2_ws8/install/goat_interfaces/lib/libgoat_interfaces__rosidl_typesupport_fastrtps_c.so
[1.547s] -- Up-to-date: /home/asd/ros2_ws8/install/goat_interfaces/include/goat_interfaces/goat_interfaces
[1.547s] -- Up-to-date: /home/asd/ros2_ws8/install/goat_interfaces/include/goat_interfaces/goat_interfaces/msg
[1.547s] -- Up-to-date: /home/asd/ros2_ws8/install/goat_interfaces/include/goat_interfaces/goat_interfaces/msg/rosidl_typesupport_introspection_c__visibility_control.h
[1.548s] -- Up-to-date: /home/asd/ros2_ws8/install/goat_interfaces/include/goat_interfaces/goat_interfaces/srv
[1.548s] -- Up-to-date: /home/asd/ros2_ws8/install/goat_interfaces/include/goat_interfaces/goat_interfaces/srv/detail
[1.548s] -- Up-to-date: /home/asd/ros2_ws8/install/goat_interfaces/include/goat_interfaces/goat_interfaces/srv/detail/go_to_pose__rosidl_typesupport_introspection_c.h
[1.549s] -- Up-to-date: /home/asd/ros2_ws8/install/goat_interfaces/include/goat_interfaces/goat_interfaces/srv/detail/go_to_pose__type_support.c
[1.549s] -- Up-to-date: /home/asd/ros2_ws8/install/goat_interfaces/lib/libgoat_interfaces__rosidl_typesupport_introspection_c.so
[1.550s] -- Up-to-date: /home/asd/ros2_ws8/install/goat_interfaces/lib/libgoat_interfaces__rosidl_typesupport_c.so
[1.550s] -- Up-to-date: /home/asd/ros2_ws8/install/goat_interfaces/include/goat_interfaces/goat_interfaces
[1.551s] -- Up-to-date: /home/asd/ros2_ws8/install/goat_interfaces/include/goat_interfaces/goat_interfaces/msg
[1.551s] -- Up-to-date: /home/asd/ros2_ws8/install/goat_interfaces/include/goat_interfaces/goat_interfaces/msg/rosidl_generator_cpp__visibility_control.hpp
[1.552s] -- Up-to-date: /home/asd/ros2_ws8/install/goat_interfaces/include/goat_interfaces/goat_interfaces/srv
[1.552s] -- Up-to-date: /home/asd/ros2_ws8/install/goat_interfaces/include/goat_interfaces/goat_interfaces/srv/go_to_pose.hpp
[1.553s] -- Up-to-date: /home/asd/ros2_ws8/install/goat_interfaces/include/goat_interfaces/goat_interfaces/srv/detail
[1.553s] -- Up-to-date: /home/asd/ros2_ws8/install/goat_interfaces/include/goat_interfaces/goat_interfaces/srv/detail/go_to_pose__builder.hpp
[1.554s] -- Up-to-date: /home/asd/ros2_ws8/install/goat_interfaces/include/goat_interfaces/goat_interfaces/srv/detail/go_to_pose__type_support.hpp
[1.554s] -- Up-to-date: /home/asd/ros2_ws8/install/goat_interfaces/include/goat_interfaces/goat_interfaces/srv/detail/go_to_pose__struct.hpp
[1.555s] -- Up-to-date: /home/asd/ros2_ws8/install/goat_interfaces/include/goat_interfaces/goat_interfaces/srv/detail/go_to_pose__traits.hpp
[1.555s] -- Up-to-date: /home/asd/ros2_ws8/install/goat_interfaces/include/goat_interfaces/goat_interfaces
[1.556s] -- Up-to-date: /home/asd/ros2_ws8/install/goat_interfaces/include/goat_interfaces/goat_interfaces/msg
[1.556s] -- Up-to-date: /home/asd/ros2_ws8/install/goat_interfaces/include/goat_interfaces/goat_interfaces/msg/rosidl_typesupport_fastrtps_cpp__visibility_control.h
[1.557s] -- Up-to-date: /home/asd/ros2_ws8/install/goat_interfaces/include/goat_interfaces/goat_interfaces/srv
[1.557s] -- Up-to-date: /home/asd/ros2_ws8/install/goat_interfaces/include/goat_interfaces/goat_interfaces/srv/detail
[1.558s] -- Up-to-date: /home/asd/ros2_ws8/install/goat_interfaces/include/goat_interfaces/goat_interfaces/srv/detail/dds_fastrtps
[1.558s] -- Up-to-date: /home/asd/ros2_ws8/install/goat_interfaces/include/goat_interfaces/goat_interfaces/srv/detail/go_to_pose__rosidl_typesupport_fastrtps_cpp.hpp
[1.558s] -- Up-to-date: /home/asd/ros2_ws8/install/goat_interfaces/lib/libgoat_interfaces__rosidl_typesupport_fastrtps_cpp.so
[1.558s] -- Up-to-date: /home/asd/ros2_ws8/install/goat_interfaces/include/goat_interfaces/goat_interfaces
[1.559s] -- Up-to-date: /home/asd/ros2_ws8/install/goat_interfaces/include/goat_interfaces/goat_interfaces/srv
[1.559s] -- Up-to-date: /home/asd/ros2_ws8/install/goat_interfaces/include/goat_interfaces/goat_interfaces/srv/detail
[1.559s] -- Up-to-date: /home/asd/ros2_ws8/install/goat_interfaces/include/goat_interfaces/goat_interfaces/srv/detail/go_to_pose__type_support.cpp
[1.559s] -- Up-to-date: /home/asd/ros2_ws8/install/goat_interfaces/include/goat_interfaces/goat_interfaces/srv/detail/go_to_pose__rosidl_typesupport_introspection_cpp.hpp
[1.559s] -- Up-to-date: /home/asd/ros2_ws8/install/goat_interfaces/lib/libgoat_interfaces__rosidl_typesupport_introspection_cpp.so
[1.559s] -- Up-to-date: /home/asd/ros2_ws8/install/goat_interfaces/lib/libgoat_interfaces__rosidl_typesupport_cpp.so
[1.560s] -- Up-to-date: /home/asd/ros2_ws8/install/goat_interfaces/share/goat_interfaces/environment/pythonpath.sh
[1.560s] -- Up-to-date: /home/asd/ros2_ws8/install/goat_interfaces/share/goat_interfaces/environment/pythonpath.dsv
[1.560s] -- Up-to-date: /home/asd/ros2_ws8/install/goat_interfaces/local/lib/python3.10/dist-packages/goat_interfaces-0.0.0-py3.10.egg-info
[1.560s] -- Installing: /home/asd/ros2_ws8/install/goat_interfaces/local/lib/python3.10/dist-packages/goat_interfaces-0.0.0-py3.10.egg-info/top_level.txt
[1.560s] -- Installing: /home/asd/ros2_ws8/install/goat_interfaces/local/lib/python3.10/dist-packages/goat_interfaces-0.0.0-py3.10.egg-info/PKG-INFO
[1.560s] -- Installing: /home/asd/ros2_ws8/install/goat_interfaces/local/lib/python3.10/dist-packages/goat_interfaces-0.0.0-py3.10.egg-info/dependency_links.txt
[1.561s] -- Installing: /home/asd/ros2_ws8/install/goat_interfaces/local/lib/python3.10/dist-packages/goat_interfaces-0.0.0-py3.10.egg-info/SOURCES.txt
[1.561s] -- Up-to-date: /home/asd/ros2_ws8/install/goat_interfaces/local/lib/python3.10/dist-packages/goat_interfaces
[1.561s] -- Up-to-date: /home/asd/ros2_ws8/install/goat_interfaces/local/lib/python3.10/dist-packages/goat_interfaces/goat_interfaces_s__rosidl_typesupport_c.cpython-310-x86_64-linux-gnu.so
[1.561s] -- Up-to-date: /home/asd/ros2_ws8/install/goat_interfaces/local/lib/python3.10/dist-packages/goat_interfaces/_goat_interfaces_s.ep.rosidl_typesupport_fastrtps_c.c
[1.561s] -- Up-to-date: /home/asd/ros2_ws8/install/goat_interfaces/local/lib/python3.10/dist-packages/goat_interfaces/srv
[1.561s] -- Up-to-date: /home/asd/ros2_ws8/install/goat_interfaces/local/lib/python3.10/dist-packages/goat_interfaces/srv/_go_to_pose_s.c
[1.561s] -- Up-to-date: /home/asd/ros2_ws8/install/goat_interfaces/local/lib/python3.10/dist-packages/goat_interfaces/srv/_go_to_pose.py
[1.562s] -- Up-to-date: /home/asd/ros2_ws8/install/goat_interfaces/local/lib/python3.10/dist-packages/goat_interfaces/srv/__init__.py
[1.562s] -- Up-to-date: /home/asd/ros2_ws8/install/goat_interfaces/local/lib/python3.10/dist-packages/goat_interfaces/libgoat_interfaces__rosidl_generator_py.so
[1.562s] -- Up-to-date: /home/asd/ros2_ws8/install/goat_interfaces/local/lib/python3.10/dist-packages/goat_interfaces/_goat_interfaces_s.ep.rosidl_typesupport_c.c
[1.562s] -- Up-to-date: /home/asd/ros2_ws8/install/goat_interfaces/local/lib/python3.10/dist-packages/goat_interfaces/goat_interfaces_s__rosidl_typesupport_introspection_c.cpython-310-x86_64-linux-gnu.so
[1.562s] -- Up-to-date: /home/asd/ros2_ws8/install/goat_interfaces/local/lib/python3.10/dist-packages/goat_interfaces/_goat_interfaces_s.ep.rosidl_typesupport_introspection_c.c
[1.562s] -- Up-to-date: /home/asd/ros2_ws8/install/goat_interfaces/local/lib/python3.10/dist-packages/goat_interfaces/__init__.py
[1.562s] -- Up-to-date: /home/asd/ros2_ws8/install/goat_interfaces/local/lib/python3.10/dist-packages/goat_interfaces/goat_interfaces_s__rosidl_typesupport_fastrtps_c.cpython-310-x86_64-linux-gnu.so
[1.717s] Listing '/home/asd/ros2_ws8/install/goat_interfaces/local/lib/python3.10/dist-packages/goat_interfaces'...
[1.718s] Listing '/home/asd/ros2_ws8/install/goat_interfaces/local/lib/python3.10/dist-packages/goat_interfaces/srv'...
[1.724s] -- Up-to-date: /home/asd/ros2_ws8/install/goat_interfaces/local/lib/python3.10/dist-packages/goat_interfaces/goat_interfaces_s__rosidl_typesupport_fastrtps_c.cpython-310-x86_64-linux-gnu.so
[1.725s] -- Up-to-date: /home/asd/ros2_ws8/install/goat_interfaces/local/lib/python3.10/dist-packages/goat_interfaces/goat_interfaces_s__rosidl_typesupport_introspection_c.cpython-310-x86_64-linux-gnu.so
[1.726s] -- Up-to-date: /home/asd/ros2_ws8/install/goat_interfaces/local/lib/python3.10/dist-packages/goat_interfaces/goat_interfaces_s__rosidl_typesupport_c.cpython-310-x86_64-linux-gnu.so
[1.727s] -- Up-to-date: /home/asd/ros2_ws8/install/goat_interfaces/lib/libgoat_interfaces__rosidl_generator_py.so
[1.728s] -- Up-to-date: /home/asd/ros2_ws8/install/goat_interfaces/share/goat_interfaces/srv/GoToPose.idl
[1.728s] -- Up-to-date: /home/asd/ros2_ws8/install/goat_interfaces/share/goat_interfaces/srv/GoToPose.srv
[1.728s] -- Up-to-date: /home/asd/ros2_ws8/install/goat_interfaces/share/goat_interfaces/srv/GoToPose_Request.msg
[1.728s] -- Up-to-date: /home/asd/ros2_ws8/install/goat_interfaces/share/goat_interfaces/srv/GoToPose_Response.msg
[1.728s] -- Up-to-date: /home/asd/ros2_ws8/install/goat_interfaces/share/ament_index/resource_index/package_run_dependencies/goat_interfaces
[1.729s] -- Up-to-date: /home/asd/ros2_ws8/install/goat_interfaces/share/ament_index/resource_index/parent_prefix_path/goat_interfaces
[1.729s] -- Up-to-date: /home/asd/ros2_ws8/install/goat_interfaces/share/goat_interfaces/environment/ament_prefix_path.sh
[1.729s] -- Up-to-date: /home/asd/ros2_ws8/install/goat_interfaces/share/goat_interfaces/environment/ament_prefix_path.dsv
[1.729s] -- Up-to-date: /home/asd/ros2_ws8/install/goat_interfaces/share/goat_interfaces/environment/path.sh
[1.729s] -- Up-to-date: /home/asd/ros2_ws8/install/goat_interfaces/share/goat_interfaces/environment/path.dsv
[1.729s] -- Up-to-date: /home/asd/ros2_ws8/install/goat_interfaces/share/goat_interfaces/local_setup.bash
[1.730s] -- Up-to-date: /home/asd/ros2_ws8/install/goat_interfaces/share/goat_interfaces/local_setup.sh
[1.730s] -- Up-to-date: /home/asd/ros2_ws8/install/goat_interfaces/share/goat_interfaces/local_setup.zsh
[1.730s] -- Up-to-date: /home/asd/ros2_ws8/install/goat_interfaces/share/goat_interfaces/local_setup.dsv
[1.730s] -- Installing: /home/asd/ros2_ws8/install/goat_interfaces/share/goat_interfaces/package.dsv
[1.730s] -- Up-to-date: /home/asd/ros2_ws8/install/goat_interfaces/share/ament_index/resource_index/packages/goat_interfaces
[1.731s] -- Up-to-date: /home/asd/ros2_ws8/install/goat_interfaces/share/goat_interfaces/cmake/export_goat_interfaces__rosidl_generator_cExport.cmake
[1.731s] -- Up-to-date: /home/asd/ros2_ws8/install/goat_interfaces/share/goat_interfaces/cmake/export_goat_interfaces__rosidl_generator_cExport-noconfig.cmake
[1.731s] -- Up-to-date: /home/asd/ros2_ws8/install/goat_interfaces/share/goat_interfaces/cmake/export_goat_interfaces__rosidl_typesupport_fastrtps_cExport.cmake
[1.731s] -- Up-to-date: /home/asd/ros2_ws8/install/goat_interfaces/share/goat_interfaces/cmake/export_goat_interfaces__rosidl_typesupport_fastrtps_cExport-noconfig.cmake
[1.731s] -- Up-to-date: /home/asd/ros2_ws8/install/goat_interfaces/share/goat_interfaces/cmake/goat_interfaces__rosidl_typesupport_introspection_cExport.cmake
[1.732s] -- Up-to-date: /home/asd/ros2_ws8/install/goat_interfaces/share/goat_interfaces/cmake/goat_interfaces__rosidl_typesupport_introspection_cExport-noconfig.cmake
[1.732s] -- Up-to-date: /home/asd/ros2_ws8/install/goat_interfaces/share/goat_interfaces/cmake/goat_interfaces__rosidl_typesupport_cExport.cmake
[1.732s] -- Up-to-date: /home/asd/ros2_ws8/install/goat_interfaces/share/goat_interfaces/cmake/goat_interfaces__rosidl_typesupport_cExport-noconfig.cmake
[1.732s] -- Up-to-date: /home/asd/ros2_ws8/install/goat_interfaces/share/goat_interfaces/cmake/export_goat_interfaces__rosidl_generator_cppExport.cmake
[1.732s] -- Up-to-date: /home/asd/ros2_ws8/install/goat_interfaces/share/goat_interfaces/cmake/export_goat_interfaces__rosidl_typesupport_fastrtps_cppExport.cmake
[1.732s] -- Up-to-date: /home/asd/ros2_ws8/install/goat_interfaces/share/goat_interfaces/cmake/export_goat_interfaces__rosidl_typesupport_fastrtps_cppExport-noconfig.cmake
[1.733s] -- Up-to-date: /home/asd/ros2_ws8/install/goat_interfaces/share/goat_interfaces/cmake/goat_interfaces__rosidl_typesupport_introspection_cppExport.cmake
[1.733s] -- Up-to-date: /home/asd/ros2_ws8/install/goat_interfaces/share/goat_interfaces/cmake/goat_interfaces__rosidl_typesupport_introspection_cppExport-noconfig.cmake
[1.733s] -- Up-to-date: /home/asd/ros2_ws8/install/goat_interfaces/share/goat_interfaces/cmake/goat_interfaces__rosidl_typesupport_cppExport.cmake
[1.733s] -- Up-to-date: /home/asd/ros2_ws8/install/goat_interfaces/share/goat_interfaces/cmake/goat_interfaces__rosidl_typesupport_cppExport-noconfig.cmake
[1.733s] -- Up-to-date: /home/asd/ros2_ws8/install/goat_interfaces/share/goat_interfaces/cmake/export_goat_interfaces__rosidl_generator_pyExport.cmake
[1.733s] -- Up-to-date: /home/asd/ros2_ws8/install/goat_interfaces/share/goat_interfaces/cmake/export_goat_interfaces__rosidl_generator_pyExport-noconfig.cmake
[1.734s] -- Up-to-date: /home/asd/ros2_ws8/install/goat_interfaces/share/goat_interfaces/cmake/rosidl_cmake-extras.cmake
[1.734s] -- Up-to-date: /home/asd/ros2_ws8/install/goat_interfaces/share/goat_interfaces/cmake/ament_cmake_export_include_directories-extras.cmake
[1.734s] -- Up-to-date: /home/asd/ros2_ws8/install/goat_interfaces/share/goat_interfaces/cmake/ament_cmake_export_libraries-extras.cmake
[1.734s] -- Up-to-date: /home/asd/ros2_ws8/install/goat_interfaces/share/goat_interfaces/cmake/ament_cmake_export_targets-extras.cmake
[1.734s] -- Up-to-date: /home/asd/ros2_ws8/install/goat_interfaces/share/goat_interfaces/cmake/rosidl_cmake_export_typesupport_targets-extras.cmake
[1.734s] -- Up-to-date: /home/asd/ros2_ws8/install/goat_interfaces/share/goat_interfaces/cmake/ament_cmake_export_dependencies-extras.cmake
[1.734s] -- Up-to-date: /home/asd/ros2_ws8/install/goat_interfaces/share/goat_interfaces/cmake/rosidl_cmake_export_typesupport_libraries-extras.cmake
[1.734s] -- Up-to-date: /home/asd/ros2_ws8/install/goat_interfaces/share/goat_interfaces/cmake/goat_interfacesConfig.cmake
[1.734s] -- Up-to-date: /home/asd/ros2_ws8/install/goat_interfaces/share/goat_interfaces/cmake/goat_interfacesConfig-version.cmake
[1.735s] -- Up-to-date: /home/asd/ros2_ws8/install/goat_interfaces/share/goat_interfaces/package.xml
[1.739s] Invoked command in '/home/asd/ros2_ws8/build/goat_interfaces' returned '0': CMAKE_PREFIX_PATH=${CMAKE_PREFIX_PATH}:/home/asd/ros2_ws8/install/my_goat_pkg:/home/asd/ros2_ws7/install/my_py_pkg_anscer:/home/asd/ros2_ws4/install/esp_wifi:/home/asd/ros2_ws4/install/maping_odom:/home/asd/ros2_ws/install/turtlesim_catch_them_all:/home/asd/ros2_ws/install/my_py_pkg:/opt/ros/humble /usr/bin/cmake --install /home/asd/ros2_ws8/build/goat_interfaces
