-- Install configuration: ""
-- Up-to-date: /home/asd/ros2_ws8/install/goat_gazebo/share/goat_gazebo//launch
-- Installing: /home/asd/ros2_ws8/install/goat_gazebo/share/goat_gazebo//launch/goat_hotel.launch.py
-- Up-to-date: /home/asd/ros2_ws8/install/goat_gazebo/share/goat_gazebo//maps
-- Up-to-date: /home/asd/ros2_ws8/install/goat_gazebo/share/goat_gazebo//maps/testbed_world.yaml
-- Up-to-date: /home/asd/ros2_ws8/install/goat_gazebo/share/goat_gazebo//maps/testbed_world.pgm
-- Up-to-date: /home/asd/ros2_ws8/install/goat_gazebo/share/ament_index/resource_index/package_run_dependencies/goat_gazebo
-- Up-to-date: /home/asd/ros2_ws8/install/goat_gazebo/share/ament_index/resource_index/parent_prefix_path/goat_gazebo
-- Up-to-date: /home/asd/ros2_ws8/install/goat_gazebo/share/goat_gazebo/environment/ament_prefix_path.sh
-- Up-to-date: /home/asd/ros2_ws8/install/goat_gazebo/share/goat_gazebo/environment/ament_prefix_path.dsv
-- Up-to-date: /home/asd/ros2_ws8/install/goat_gazebo/share/goat_gazebo/environment/path.sh
-- Up-to-date: /home/asd/ros2_ws8/install/goat_gazebo/share/goat_gazebo/environment/path.dsv
-- Up-to-date: /home/asd/ros2_ws8/install/goat_gazebo/share/goat_gazebo/local_setup.bash
-- Up-to-date: /home/asd/ros2_ws8/install/goat_gazebo/share/goat_gazebo/local_setup.sh
-- Up-to-date: /home/asd/ros2_ws8/install/goat_gazebo/share/goat_gazebo/local_setup.zsh
-- Up-to-date: /home/asd/ros2_ws8/install/goat_gazebo/share/goat_gazebo/local_setup.dsv
-- Installing: /home/asd/ros2_ws8/install/goat_gazebo/share/goat_gazebo/package.dsv
-- Up-to-date: /home/asd/ros2_ws8/install/goat_gazebo/share/ament_index/resource_index/packages/goat_gazebo
-- Up-to-date: /home/asd/ros2_ws8/install/goat_gazebo/share/goat_gazebo/cmake/goat_gazeboConfig.cmake
-- Up-to-date: /home/asd/ros2_ws8/install/goat_gazebo/share/goat_gazebo/cmake/goat_gazeboConfig-version.cmake
-- Up-to-date: /home/asd/ros2_ws8/install/goat_gazebo/share/goat_gazebo/package.xml
