[0.115s] DEBUG:colcon:Command line arguments: ['/usr/bin/colcon', 'build']
[0.116s] DEBUG:colcon:Parsed command line arguments: Namespace(log_base=None, log_level=None, verb_name='build', build_base='build', install_base='install', merge_install=False, symlink_install=False, test_result_base=None, continue_on_error=False, executor='parallel', parallel_workers=8, event_handlers=None, ignore_user_meta=False, metas=['./colcon.meta'], base_paths=['.'], packages_ignore=None, packages_ignore_regex=None, paths=None, packages_up_to=None, packages_up_to_regex=None, packages_above=None, packages_above_and_dependencies=None, packages_above_depth=None, packages_select_by_dep=None, packages_skip_by_dep=None, packages_skip_up_to=None, packages_select_build_failed=False, packages_skip_build_finished=False, packages_select_test_failures=False, packages_skip_test_passed=False, packages_select=None, packages_skip=None, packages_select_regex=None, packages_skip_regex=None, packages_start=None, packages_end=None, allow_overriding=[], cmake_args=None, cmake_target=None, cmake_target_skip_unavailable=False, cmake_clean_cache=False, cmake_clean_first=False, cmake_force_configure=False, ament_cmake_args=None, catkin_cmake_args=None, catkin_skip_building_tests=False, mixin_files=None, mixin=None, verb_parser=<colcon_mixin.mixin.mixin_argument.MixinArgumentDecorator object at 0x76e64fb94940>, verb_extension=<colcon_core.verb.build.BuildVerb object at 0x76e64fb94250>, main=<bound method BuildVerb.main of <colcon_core.verb.build.BuildVerb object at 0x76e64fb94250>>, mixin_verb=('build',))
[0.298s] Level 1:colcon.colcon_core.package_discovery:discover_packages(colcon_meta) check parameters
[0.299s] Level 1:colcon.colcon_core.package_discovery:discover_packages(recursive) check parameters
[0.299s] Level 1:colcon.colcon_core.package_discovery:discover_packages(ignore) check parameters
[0.299s] Level 1:colcon.colcon_core.package_discovery:discover_packages(path) check parameters
[0.299s] Level 1:colcon.colcon_core.package_discovery:discover_packages(colcon_meta) discover
[0.299s] Level 1:colcon.colcon_core.package_discovery:discover_packages(recursive) discover
[0.299s] INFO:colcon.colcon_core.package_discovery:Crawling recursively for packages in '/home/asd/ros2_ws8'
[0.299s] Level 1:colcon.colcon_core.package_identification:_identify(.) by extensions ['ignore', 'ignore_ament_install']
[0.299s] Level 1:colcon.colcon_core.package_identification:_identify(.) by extension 'ignore'
[0.299s] Level 1:colcon.colcon_core.package_identification:_identify(.) by extension 'ignore_ament_install'
[0.299s] Level 1:colcon.colcon_core.package_identification:_identify(.) by extensions ['colcon_pkg']
[0.299s] Level 1:colcon.colcon_core.package_identification:_identify(.) by extension 'colcon_pkg'
[0.299s] Level 1:colcon.colcon_core.package_identification:_identify(.) by extensions ['colcon_meta']
[0.299s] Level 1:colcon.colcon_core.package_identification:_identify(.) by extension 'colcon_meta'
[0.299s] Level 1:colcon.colcon_core.package_identification:_identify(.) by extensions ['ros']
[0.299s] Level 1:colcon.colcon_core.package_identification:_identify(.) by extension 'ros'
[0.310s] Level 1:colcon.colcon_core.package_identification:_identify(.) by extensions ['cmake', 'python']
[0.310s] Level 1:colcon.colcon_core.package_identification:_identify(.) by extension 'cmake'
[0.310s] Level 1:colcon.colcon_core.package_identification:_identify(.) by extension 'python'
[0.310s] Level 1:colcon.colcon_core.package_identification:_identify(.) by extensions ['python_setup_py']
[0.310s] Level 1:colcon.colcon_core.package_identification:_identify(.) by extension 'python_setup_py'
[0.310s] Level 1:colcon.colcon_core.package_identification:_identify(build) by extensions ['ignore', 'ignore_ament_install']
[0.310s] Level 1:colcon.colcon_core.package_identification:_identify(build) by extension 'ignore'
[0.310s] Level 1:colcon.colcon_core.package_identification:_identify(build) ignored
[0.311s] Level 1:colcon.colcon_core.package_identification:_identify(install) by extensions ['ignore', 'ignore_ament_install']
[0.311s] Level 1:colcon.colcon_core.package_identification:_identify(install) by extension 'ignore'
[0.311s] Level 1:colcon.colcon_core.package_identification:_identify(install) ignored
[0.311s] Level 1:colcon.colcon_core.package_identification:_identify(log) by extensions ['ignore', 'ignore_ament_install']
[0.311s] Level 1:colcon.colcon_core.package_identification:_identify(log) by extension 'ignore'
[0.311s] Level 1:colcon.colcon_core.package_identification:_identify(log) ignored
[0.311s] Level 1:colcon.colcon_core.package_identification:_identify(src) by extensions ['ignore', 'ignore_ament_install']
[0.311s] Level 1:colcon.colcon_core.package_identification:_identify(src) by extension 'ignore'
[0.311s] Level 1:colcon.colcon_core.package_identification:_identify(src) by extension 'ignore_ament_install'
[0.311s] Level 1:colcon.colcon_core.package_identification:_identify(src) by extensions ['colcon_pkg']
[0.311s] Level 1:colcon.colcon_core.package_identification:_identify(src) by extension 'colcon_pkg'
[0.311s] Level 1:colcon.colcon_core.package_identification:_identify(src) by extensions ['colcon_meta']
[0.311s] Level 1:colcon.colcon_core.package_identification:_identify(src) by extension 'colcon_meta'
[0.311s] Level 1:colcon.colcon_core.package_identification:_identify(src) by extensions ['ros']
[0.311s] Level 1:colcon.colcon_core.package_identification:_identify(src) by extension 'ros'
[0.311s] Level 1:colcon.colcon_core.package_identification:_identify(src) by extensions ['cmake', 'python']
[0.312s] Level 1:colcon.colcon_core.package_identification:_identify(src) by extension 'cmake'
[0.312s] Level 1:colcon.colcon_core.package_identification:_identify(src) by extension 'python'
[0.312s] Level 1:colcon.colcon_core.package_identification:_identify(src) by extensions ['python_setup_py']
[0.312s] Level 1:colcon.colcon_core.package_identification:_identify(src) by extension 'python_setup_py'
[0.312s] Level 1:colcon.colcon_core.package_identification:_identify(src/goat_gazebo) by extensions ['ignore', 'ignore_ament_install']
[0.312s] Level 1:colcon.colcon_core.package_identification:_identify(src/goat_gazebo) by extension 'ignore'
[0.312s] Level 1:colcon.colcon_core.package_identification:_identify(src/goat_gazebo) by extension 'ignore_ament_install'
[0.312s] Level 1:colcon.colcon_core.package_identification:_identify(src/goat_gazebo) by extensions ['colcon_pkg']
[0.312s] Level 1:colcon.colcon_core.package_identification:_identify(src/goat_gazebo) by extension 'colcon_pkg'
[0.312s] Level 1:colcon.colcon_core.package_identification:_identify(src/goat_gazebo) by extensions ['colcon_meta']
[0.312s] Level 1:colcon.colcon_core.package_identification:_identify(src/goat_gazebo) by extension 'colcon_meta'
[0.312s] Level 1:colcon.colcon_core.package_identification:_identify(src/goat_gazebo) by extensions ['ros']
[0.312s] Level 1:colcon.colcon_core.package_identification:_identify(src/goat_gazebo) by extension 'ros'
[0.314s] DEBUG:colcon.colcon_core.package_identification:Package 'src/goat_gazebo' with type 'ros.ament_cmake' and name 'goat_gazebo'
[0.315s] Level 1:colcon.colcon_core.package_identification:_identify(src/testbed_description_goat) by extensions ['ignore', 'ignore_ament_install']
[0.315s] Level 1:colcon.colcon_core.package_identification:_identify(src/testbed_description_goat) by extension 'ignore'
[0.315s] Level 1:colcon.colcon_core.package_identification:_identify(src/testbed_description_goat) by extension 'ignore_ament_install'
[0.315s] Level 1:colcon.colcon_core.package_identification:_identify(src/testbed_description_goat) by extensions ['colcon_pkg']
[0.315s] Level 1:colcon.colcon_core.package_identification:_identify(src/testbed_description_goat) by extension 'colcon_pkg'
[0.315s] Level 1:colcon.colcon_core.package_identification:_identify(src/testbed_description_goat) by extensions ['colcon_meta']
[0.315s] Level 1:colcon.colcon_core.package_identification:_identify(src/testbed_description_goat) by extension 'colcon_meta'
[0.315s] Level 1:colcon.colcon_core.package_identification:_identify(src/testbed_description_goat) by extensions ['ros']
[0.315s] Level 1:colcon.colcon_core.package_identification:_identify(src/testbed_description_goat) by extension 'ros'
[0.315s] DEBUG:colcon.colcon_core.package_identification:Package 'src/testbed_description_goat' with type 'ros.ament_cmake' and name 'testbed_description_goat'
[0.316s] Level 1:colcon.colcon_core.package_identification:_identify(src/testbed_gazebo_goat) by extensions ['ignore', 'ignore_ament_install']
[0.316s] Level 1:colcon.colcon_core.package_identification:_identify(src/testbed_gazebo_goat) by extension 'ignore'
[0.316s] Level 1:colcon.colcon_core.package_identification:_identify(src/testbed_gazebo_goat) by extension 'ignore_ament_install'
[0.316s] Level 1:colcon.colcon_core.package_identification:_identify(src/testbed_gazebo_goat) by extensions ['colcon_pkg']
[0.316s] Level 1:colcon.colcon_core.package_identification:_identify(src/testbed_gazebo_goat) by extension 'colcon_pkg'
[0.316s] Level 1:colcon.colcon_core.package_identification:_identify(src/testbed_gazebo_goat) by extensions ['colcon_meta']
[0.316s] Level 1:colcon.colcon_core.package_identification:_identify(src/testbed_gazebo_goat) by extension 'colcon_meta'
[0.316s] Level 1:colcon.colcon_core.package_identification:_identify(src/testbed_gazebo_goat) by extensions ['ros']
[0.316s] Level 1:colcon.colcon_core.package_identification:_identify(src/testbed_gazebo_goat) by extension 'ros'
[0.316s] DEBUG:colcon.colcon_core.package_identification:Package 'src/testbed_gazebo_goat' with type 'ros.ament_cmake' and name 'testbed_gazebo_goat'
[0.317s] Level 1:colcon.colcon_core.package_identification:_identify(src/turtlebot3_fake_node) by extensions ['ignore', 'ignore_ament_install']
[0.317s] Level 1:colcon.colcon_core.package_identification:_identify(src/turtlebot3_fake_node) by extension 'ignore'
[0.317s] Level 1:colcon.colcon_core.package_identification:_identify(src/turtlebot3_fake_node) by extension 'ignore_ament_install'
[0.317s] Level 1:colcon.colcon_core.package_identification:_identify(src/turtlebot3_fake_node) by extensions ['colcon_pkg']
[0.317s] Level 1:colcon.colcon_core.package_identification:_identify(src/turtlebot3_fake_node) by extension 'colcon_pkg'
[0.317s] Level 1:colcon.colcon_core.package_identification:_identify(src/turtlebot3_fake_node) by extensions ['colcon_meta']
[0.317s] Level 1:colcon.colcon_core.package_identification:_identify(src/turtlebot3_fake_node) by extension 'colcon_meta'
[0.317s] Level 1:colcon.colcon_core.package_identification:_identify(src/turtlebot3_fake_node) by extensions ['ros']
[0.317s] Level 1:colcon.colcon_core.package_identification:_identify(src/turtlebot3_fake_node) by extension 'ros'
[0.320s] DEBUG:colcon.colcon_core.package_identification:Package 'src/turtlebot3_fake_node' with type 'ros.ament_cmake' and name 'turtlebot3_fake_node'
[0.320s] Level 1:colcon.colcon_core.package_identification:_identify(src/turtlebot3_gazebo_goat) by extensions ['ignore', 'ignore_ament_install']
[0.320s] Level 1:colcon.colcon_core.package_identification:_identify(src/turtlebot3_gazebo_goat) by extension 'ignore'
[0.320s] Level 1:colcon.colcon_core.package_identification:_identify(src/turtlebot3_gazebo_goat) by extension 'ignore_ament_install'
[0.320s] Level 1:colcon.colcon_core.package_identification:_identify(src/turtlebot3_gazebo_goat) by extensions ['colcon_pkg']
[0.320s] Level 1:colcon.colcon_core.package_identification:_identify(src/turtlebot3_gazebo_goat) by extension 'colcon_pkg'
[0.320s] Level 1:colcon.colcon_core.package_identification:_identify(src/turtlebot3_gazebo_goat) by extensions ['colcon_meta']
[0.320s] Level 1:colcon.colcon_core.package_identification:_identify(src/turtlebot3_gazebo_goat) by extension 'colcon_meta'
[0.320s] Level 1:colcon.colcon_core.package_identification:_identify(src/turtlebot3_gazebo_goat) by extensions ['ros']
[0.320s] Level 1:colcon.colcon_core.package_identification:_identify(src/turtlebot3_gazebo_goat) by extension 'ros'
[0.321s] DEBUG:colcon.colcon_core.package_identification:Package 'src/turtlebot3_gazebo_goat' with type 'ros.ament_cmake' and name 'turtlebot3_gazebo_goat'
[0.321s] Level 1:colcon.colcon_core.package_identification:_identify(src/turtlebot3_simulations) by extensions ['ignore', 'ignore_ament_install']
[0.322s] Level 1:colcon.colcon_core.package_identification:_identify(src/turtlebot3_simulations) by extension 'ignore'
[0.322s] Level 1:colcon.colcon_core.package_identification:_identify(src/turtlebot3_simulations) by extension 'ignore_ament_install'
[0.322s] Level 1:colcon.colcon_core.package_identification:_identify(src/turtlebot3_simulations) by extensions ['colcon_pkg']
[0.322s] Level 1:colcon.colcon_core.package_identification:_identify(src/turtlebot3_simulations) by extension 'colcon_pkg'
[0.322s] Level 1:colcon.colcon_core.package_identification:_identify(src/turtlebot3_simulations) by extensions ['colcon_meta']
[0.322s] Level 1:colcon.colcon_core.package_identification:_identify(src/turtlebot3_simulations) by extension 'colcon_meta'
[0.322s] Level 1:colcon.colcon_core.package_identification:_identify(src/turtlebot3_simulations) by extensions ['ros']
[0.322s] Level 1:colcon.colcon_core.package_identification:_identify(src/turtlebot3_simulations) by extension 'ros'
[0.322s] DEBUG:colcon.colcon_core.package_identification:Package 'src/turtlebot3_simulations' with type 'ros.ament_cmake' and name 'turtlebot3_simulations'
[0.323s] Level 1:colcon.colcon_core.package_discovery:discover_packages(recursive) using defaults
[0.323s] Level 1:colcon.colcon_core.package_discovery:discover_packages(ignore) discover
[0.323s] Level 1:colcon.colcon_core.package_discovery:discover_packages(ignore) using defaults
[0.323s] Level 1:colcon.colcon_core.package_discovery:discover_packages(path) discover
[0.323s] Level 1:colcon.colcon_core.package_discovery:discover_packages(path) using defaults
[0.352s] Level 1:colcon.colcon_core.package_discovery:discover_packages(prefix_path) check parameters
[0.352s] Level 1:colcon.colcon_core.package_discovery:discover_packages(prefix_path) discover
[0.355s] DEBUG:colcon.colcon_installed_package_information.package_discovery:Found 7 installed packages in /home/asd/ros2_ws8/install
[0.355s] DEBUG:colcon.colcon_installed_package_information.package_discovery:Found 3 installed packages in /home/asd/ros2_ws7/install
[0.356s] DEBUG:colcon.colcon_installed_package_information.package_discovery:Found 4 installed packages in /home/asd/ros2_ws6/install
[0.356s] DEBUG:colcon.colcon_installed_package_information.package_discovery:Found 3 installed packages in /home/asd/ros2_ws4/install
[0.357s] DEBUG:colcon.colcon_installed_package_information.package_discovery:Found 2 installed packages in /home/asd/ros2_ws2/install
[0.357s] DEBUG:colcon.colcon_installed_package_information.package_discovery:Found 6 installed packages in /home/asd/ros2_ws/install
[0.359s] DEBUG:colcon.colcon_installed_package_information.package_discovery:Found 407 installed packages in /opt/ros/humble
[0.361s] Level 1:colcon.colcon_core.package_discovery:discover_packages(prefix_path) using defaults
[0.412s] Level 5:colcon.colcon_core.verb:set package 'goat_gazebo' build argument 'cmake_args' from command line to 'None'
[0.412s] Level 5:colcon.colcon_core.verb:set package 'goat_gazebo' build argument 'cmake_target' from command line to 'None'
[0.412s] Level 5:colcon.colcon_core.verb:set package 'goat_gazebo' build argument 'cmake_target_skip_unavailable' from command line to 'False'
[0.412s] Level 5:colcon.colcon_core.verb:set package 'goat_gazebo' build argument 'cmake_clean_cache' from command line to 'False'
[0.412s] Level 5:colcon.colcon_core.verb:set package 'goat_gazebo' build argument 'cmake_clean_first' from command line to 'False'
[0.412s] Level 5:colcon.colcon_core.verb:set package 'goat_gazebo' build argument 'cmake_force_configure' from command line to 'False'
[0.412s] Level 5:colcon.colcon_core.verb:set package 'goat_gazebo' build argument 'ament_cmake_args' from command line to 'None'
[0.412s] Level 5:colcon.colcon_core.verb:set package 'goat_gazebo' build argument 'catkin_cmake_args' from command line to 'None'
[0.412s] Level 5:colcon.colcon_core.verb:set package 'goat_gazebo' build argument 'catkin_skip_building_tests' from command line to 'False'
[0.412s] DEBUG:colcon.colcon_core.verb:Building package 'goat_gazebo' with the following arguments: {'ament_cmake_args': None, 'build_base': '/home/asd/ros2_ws8/build/goat_gazebo', 'catkin_cmake_args': None, 'catkin_skip_building_tests': False, 'cmake_args': None, 'cmake_clean_cache': False, 'cmake_clean_first': False, 'cmake_force_configure': False, 'cmake_target': None, 'cmake_target_skip_unavailable': False, 'install_base': '/home/asd/ros2_ws8/install/goat_gazebo', 'merge_install': False, 'path': '/home/asd/ros2_ws8/src/goat_gazebo', 'symlink_install': False, 'test_result_base': None}
[0.413s] Level 5:colcon.colcon_core.verb:set package 'testbed_description_goat' build argument 'cmake_args' from command line to 'None'
[0.413s] Level 5:colcon.colcon_core.verb:set package 'testbed_description_goat' build argument 'cmake_target' from command line to 'None'
[0.413s] Level 5:colcon.colcon_core.verb:set package 'testbed_description_goat' build argument 'cmake_target_skip_unavailable' from command line to 'False'
[0.413s] Level 5:colcon.colcon_core.verb:set package 'testbed_description_goat' build argument 'cmake_clean_cache' from command line to 'False'
[0.413s] Level 5:colcon.colcon_core.verb:set package 'testbed_description_goat' build argument 'cmake_clean_first' from command line to 'False'
[0.413s] Level 5:colcon.colcon_core.verb:set package 'testbed_description_goat' build argument 'cmake_force_configure' from command line to 'False'
[0.413s] Level 5:colcon.colcon_core.verb:set package 'testbed_description_goat' build argument 'ament_cmake_args' from command line to 'None'
[0.413s] Level 5:colcon.colcon_core.verb:set package 'testbed_description_goat' build argument 'catkin_cmake_args' from command line to 'None'
[0.413s] Level 5:colcon.colcon_core.verb:set package 'testbed_description_goat' build argument 'catkin_skip_building_tests' from command line to 'False'
[0.413s] DEBUG:colcon.colcon_core.verb:Building package 'testbed_description_goat' with the following arguments: {'ament_cmake_args': None, 'build_base': '/home/asd/ros2_ws8/build/testbed_description_goat', 'catkin_cmake_args': None, 'catkin_skip_building_tests': False, 'cmake_args': None, 'cmake_clean_cache': False, 'cmake_clean_first': False, 'cmake_force_configure': False, 'cmake_target': None, 'cmake_target_skip_unavailable': False, 'install_base': '/home/asd/ros2_ws8/install/testbed_description_goat', 'merge_install': False, 'path': '/home/asd/ros2_ws8/src/testbed_description_goat', 'symlink_install': False, 'test_result_base': None}
[0.413s] Level 5:colcon.colcon_core.verb:set package 'testbed_gazebo_goat' build argument 'cmake_args' from command line to 'None'
[0.413s] Level 5:colcon.colcon_core.verb:set package 'testbed_gazebo_goat' build argument 'cmake_target' from command line to 'None'
[0.413s] Level 5:colcon.colcon_core.verb:set package 'testbed_gazebo_goat' build argument 'cmake_target_skip_unavailable' from command line to 'False'
[0.413s] Level 5:colcon.colcon_core.verb:set package 'testbed_gazebo_goat' build argument 'cmake_clean_cache' from command line to 'False'
[0.413s] Level 5:colcon.colcon_core.verb:set package 'testbed_gazebo_goat' build argument 'cmake_clean_first' from command line to 'False'
[0.413s] Level 5:colcon.colcon_core.verb:set package 'testbed_gazebo_goat' build argument 'cmake_force_configure' from command line to 'False'
[0.413s] Level 5:colcon.colcon_core.verb:set package 'testbed_gazebo_goat' build argument 'ament_cmake_args' from command line to 'None'
[0.413s] Level 5:colcon.colcon_core.verb:set package 'testbed_gazebo_goat' build argument 'catkin_cmake_args' from command line to 'None'
[0.414s] Level 5:colcon.colcon_core.verb:set package 'testbed_gazebo_goat' build argument 'catkin_skip_building_tests' from command line to 'False'
[0.414s] DEBUG:colcon.colcon_core.verb:Building package 'testbed_gazebo_goat' with the following arguments: {'ament_cmake_args': None, 'build_base': '/home/asd/ros2_ws8/build/testbed_gazebo_goat', 'catkin_cmake_args': None, 'catkin_skip_building_tests': False, 'cmake_args': None, 'cmake_clean_cache': False, 'cmake_clean_first': False, 'cmake_force_configure': False, 'cmake_target': None, 'cmake_target_skip_unavailable': False, 'install_base': '/home/asd/ros2_ws8/install/testbed_gazebo_goat', 'merge_install': False, 'path': '/home/asd/ros2_ws8/src/testbed_gazebo_goat', 'symlink_install': False, 'test_result_base': None}
[0.414s] Level 5:colcon.colcon_core.verb:set package 'turtlebot3_fake_node' build argument 'cmake_args' from command line to 'None'
[0.414s] Level 5:colcon.colcon_core.verb:set package 'turtlebot3_fake_node' build argument 'cmake_target' from command line to 'None'
[0.414s] Level 5:colcon.colcon_core.verb:set package 'turtlebot3_fake_node' build argument 'cmake_target_skip_unavailable' from command line to 'False'
[0.414s] Level 5:colcon.colcon_core.verb:set package 'turtlebot3_fake_node' build argument 'cmake_clean_cache' from command line to 'False'
[0.414s] Level 5:colcon.colcon_core.verb:set package 'turtlebot3_fake_node' build argument 'cmake_clean_first' from command line to 'False'
[0.414s] Level 5:colcon.colcon_core.verb:set package 'turtlebot3_fake_node' build argument 'cmake_force_configure' from command line to 'False'
[0.414s] Level 5:colcon.colcon_core.verb:set package 'turtlebot3_fake_node' build argument 'ament_cmake_args' from command line to 'None'
[0.414s] Level 5:colcon.colcon_core.verb:set package 'turtlebot3_fake_node' build argument 'catkin_cmake_args' from command line to 'None'
[0.414s] Level 5:colcon.colcon_core.verb:set package 'turtlebot3_fake_node' build argument 'catkin_skip_building_tests' from command line to 'False'
[0.414s] DEBUG:colcon.colcon_core.verb:Building package 'turtlebot3_fake_node' with the following arguments: {'ament_cmake_args': None, 'build_base': '/home/asd/ros2_ws8/build/turtlebot3_fake_node', 'catkin_cmake_args': None, 'catkin_skip_building_tests': False, 'cmake_args': None, 'cmake_clean_cache': False, 'cmake_clean_first': False, 'cmake_force_configure': False, 'cmake_target': None, 'cmake_target_skip_unavailable': False, 'install_base': '/home/asd/ros2_ws8/install/turtlebot3_fake_node', 'merge_install': False, 'path': '/home/asd/ros2_ws8/src/turtlebot3_fake_node', 'symlink_install': False, 'test_result_base': None}
[0.414s] Level 5:colcon.colcon_core.verb:set package 'turtlebot3_gazebo_goat' build argument 'cmake_args' from command line to 'None'
[0.414s] Level 5:colcon.colcon_core.verb:set package 'turtlebot3_gazebo_goat' build argument 'cmake_target' from command line to 'None'
[0.414s] Level 5:colcon.colcon_core.verb:set package 'turtlebot3_gazebo_goat' build argument 'cmake_target_skip_unavailable' from command line to 'False'
[0.415s] Level 5:colcon.colcon_core.verb:set package 'turtlebot3_gazebo_goat' build argument 'cmake_clean_cache' from command line to 'False'
[0.415s] Level 5:colcon.colcon_core.verb:set package 'turtlebot3_gazebo_goat' build argument 'cmake_clean_first' from command line to 'False'
[0.415s] Level 5:colcon.colcon_core.verb:set package 'turtlebot3_gazebo_goat' build argument 'cmake_force_configure' from command line to 'False'
[0.415s] Level 5:colcon.colcon_core.verb:set package 'turtlebot3_gazebo_goat' build argument 'ament_cmake_args' from command line to 'None'
[0.415s] Level 5:colcon.colcon_core.verb:set package 'turtlebot3_gazebo_goat' build argument 'catkin_cmake_args' from command line to 'None'
[0.415s] Level 5:colcon.colcon_core.verb:set package 'turtlebot3_gazebo_goat' build argument 'catkin_skip_building_tests' from command line to 'False'
[0.415s] DEBUG:colcon.colcon_core.verb:Building package 'turtlebot3_gazebo_goat' with the following arguments: {'ament_cmake_args': None, 'build_base': '/home/asd/ros2_ws8/build/turtlebot3_gazebo_goat', 'catkin_cmake_args': None, 'catkin_skip_building_tests': False, 'cmake_args': None, 'cmake_clean_cache': False, 'cmake_clean_first': False, 'cmake_force_configure': False, 'cmake_target': None, 'cmake_target_skip_unavailable': False, 'install_base': '/home/asd/ros2_ws8/install/turtlebot3_gazebo_goat', 'merge_install': False, 'path': '/home/asd/ros2_ws8/src/turtlebot3_gazebo_goat', 'symlink_install': False, 'test_result_base': None}
[0.415s] Level 5:colcon.colcon_core.verb:set package 'turtlebot3_simulations' build argument 'cmake_args' from command line to 'None'
[0.415s] Level 5:colcon.colcon_core.verb:set package 'turtlebot3_simulations' build argument 'cmake_target' from command line to 'None'
[0.415s] Level 5:colcon.colcon_core.verb:set package 'turtlebot3_simulations' build argument 'cmake_target_skip_unavailable' from command line to 'False'
[0.415s] Level 5:colcon.colcon_core.verb:set package 'turtlebot3_simulations' build argument 'cmake_clean_cache' from command line to 'False'
[0.415s] Level 5:colcon.colcon_core.verb:set package 'turtlebot3_simulations' build argument 'cmake_clean_first' from command line to 'False'
[0.415s] Level 5:colcon.colcon_core.verb:set package 'turtlebot3_simulations' build argument 'cmake_force_configure' from command line to 'False'
[0.415s] Level 5:colcon.colcon_core.verb:set package 'turtlebot3_simulations' build argument 'ament_cmake_args' from command line to 'None'
[0.415s] Level 5:colcon.colcon_core.verb:set package 'turtlebot3_simulations' build argument 'catkin_cmake_args' from command line to 'None'
[0.415s] Level 5:colcon.colcon_core.verb:set package 'turtlebot3_simulations' build argument 'catkin_skip_building_tests' from command line to 'False'
[0.415s] DEBUG:colcon.colcon_core.verb:Building package 'turtlebot3_simulations' with the following arguments: {'ament_cmake_args': None, 'build_base': '/home/asd/ros2_ws8/build/turtlebot3_simulations', 'catkin_cmake_args': None, 'catkin_skip_building_tests': False, 'cmake_args': None, 'cmake_clean_cache': False, 'cmake_clean_first': False, 'cmake_force_configure': False, 'cmake_target': None, 'cmake_target_skip_unavailable': False, 'install_base': '/home/asd/ros2_ws8/install/turtlebot3_simulations', 'merge_install': False, 'path': '/home/asd/ros2_ws8/src/turtlebot3_simulations', 'symlink_install': False, 'test_result_base': None}
[0.415s] INFO:colcon.colcon_core.executor:Executing jobs using 'parallel' executor
[0.416s] DEBUG:colcon.colcon_parallel_executor.executor.parallel:run_until_complete
[0.416s] INFO:colcon.colcon_ros.task.ament_cmake.build:Building ROS package in '/home/asd/ros2_ws8/src/turtlebot3_fake_node' with build type 'ament_cmake'
[0.417s] INFO:colcon.colcon_cmake.task.cmake.build:Building CMake package in '/home/asd/ros2_ws8/src/turtlebot3_fake_node'
[0.419s] INFO:colcon.colcon_core.plugin_system:Skipping extension 'colcon_core.shell.bat': Not used on non-Windows systems
[0.419s] INFO:colcon.colcon_core.shell:Skip shell extension 'powershell' for command environment: Not usable outside of PowerShell
[0.419s] DEBUG:colcon.colcon_core.shell:Skip shell extension 'dsv' for command environment
[0.426s] INFO:colcon.colcon_ros.task.ament_cmake.build:Building ROS package in '/home/asd/ros2_ws8/src/goat_gazebo' with build type 'ament_cmake'
[0.426s] INFO:colcon.colcon_cmake.task.cmake.build:Building CMake package in '/home/asd/ros2_ws8/src/goat_gazebo'
[0.426s] INFO:colcon.colcon_core.shell:Skip shell extension 'powershell' for command environment: Not usable outside of PowerShell
[0.426s] DEBUG:colcon.colcon_core.shell:Skip shell extension 'dsv' for command environment
[0.433s] INFO:colcon.colcon_ros.task.ament_cmake.build:Building ROS package in '/home/asd/ros2_ws8/src/testbed_description_goat' with build type 'ament_cmake'
[0.433s] INFO:colcon.colcon_cmake.task.cmake.build:Building CMake package in '/home/asd/ros2_ws8/src/testbed_description_goat'
[0.433s] INFO:colcon.colcon_core.shell:Skip shell extension 'powershell' for command environment: Not usable outside of PowerShell
[0.433s] DEBUG:colcon.colcon_core.shell:Skip shell extension 'dsv' for command environment
[0.440s] INFO:colcon.colcon_ros.task.ament_cmake.build:Building ROS package in '/home/asd/ros2_ws8/src/testbed_gazebo_goat' with build type 'ament_cmake'
[0.440s] INFO:colcon.colcon_cmake.task.cmake.build:Building CMake package in '/home/asd/ros2_ws8/src/testbed_gazebo_goat'
[0.440s] INFO:colcon.colcon_core.shell:Skip shell extension 'powershell' for command environment: Not usable outside of PowerShell
[0.440s] DEBUG:colcon.colcon_core.shell:Skip shell extension 'dsv' for command environment
[0.447s] INFO:colcon.colcon_ros.task.ament_cmake.build:Building ROS package in '/home/asd/ros2_ws8/src/turtlebot3_gazebo_goat' with build type 'ament_cmake'
[0.447s] INFO:colcon.colcon_cmake.task.cmake.build:Building CMake package in '/home/asd/ros2_ws8/src/turtlebot3_gazebo_goat'
[0.448s] INFO:colcon.colcon_core.shell:Skip shell extension 'powershell' for command environment: Not usable outside of PowerShell
[0.448s] DEBUG:colcon.colcon_core.shell:Skip shell extension 'dsv' for command environment
[0.459s] DEBUG:colcon.colcon_core.event_handler.log_command:Invoking command in '/home/asd/ros2_ws8/build/turtlebot3_fake_node': CMAKE_PREFIX_PATH=${CMAKE_PREFIX_PATH}:/home/asd/ros2_ws7/install/my_py_pkg_anscer:/home/asd/ros2_ws4/install/esp_wifi:/home/asd/ros2_ws4/install/maping_odom:/home/asd/ros2_ws/install/turtlesim_catch_them_all:/home/asd/ros2_ws/install/my_py_pkg:/opt/ros/humble /usr/bin/cmake --build /home/asd/ros2_ws8/build/turtlebot3_fake_node -- -j8 -l8
[0.463s] DEBUG:colcon.colcon_core.event_handler.log_command:Invoking command in '/home/asd/ros2_ws8/build/goat_gazebo': CMAKE_PREFIX_PATH=${CMAKE_PREFIX_PATH}:/home/asd/ros2_ws7/install/my_py_pkg_anscer:/home/asd/ros2_ws4/install/esp_wifi:/home/asd/ros2_ws4/install/maping_odom:/home/asd/ros2_ws/install/turtlesim_catch_them_all:/home/asd/ros2_ws/install/my_py_pkg:/opt/ros/humble /usr/bin/cmake --build /home/asd/ros2_ws8/build/goat_gazebo -- -j8 -l8
[0.466s] DEBUG:colcon.colcon_core.event_handler.log_command:Invoking command in '/home/asd/ros2_ws8/build/testbed_description_goat': CMAKE_PREFIX_PATH=${CMAKE_PREFIX_PATH}:/home/asd/ros2_ws7/install/my_py_pkg_anscer:/home/asd/ros2_ws4/install/esp_wifi:/home/asd/ros2_ws4/install/maping_odom:/home/asd/ros2_ws/install/turtlesim_catch_them_all:/home/asd/ros2_ws/install/my_py_pkg:/opt/ros/humble /usr/bin/cmake --build /home/asd/ros2_ws8/build/testbed_description_goat -- -j8 -l8
[0.470s] DEBUG:colcon.colcon_core.event_handler.log_command:Invoking command in '/home/asd/ros2_ws8/build/testbed_gazebo_goat': CMAKE_PREFIX_PATH=${CMAKE_PREFIX_PATH}:/home/asd/ros2_ws7/install/my_py_pkg_anscer:/home/asd/ros2_ws4/install/esp_wifi:/home/asd/ros2_ws4/install/maping_odom:/home/asd/ros2_ws/install/turtlesim_catch_them_all:/home/asd/ros2_ws/install/my_py_pkg:/opt/ros/humble /usr/bin/cmake --build /home/asd/ros2_ws8/build/testbed_gazebo_goat -- -j8 -l8
[0.476s] DEBUG:colcon.colcon_core.event_handler.log_command:Invoking command in '/home/asd/ros2_ws8/build/turtlebot3_gazebo_goat': CMAKE_PREFIX_PATH=${CMAKE_PREFIX_PATH}:/home/asd/ros2_ws7/install/my_py_pkg_anscer:/home/asd/ros2_ws4/install/esp_wifi:/home/asd/ros2_ws4/install/maping_odom:/home/asd/ros2_ws/install/turtlesim_catch_them_all:/home/asd/ros2_ws/install/my_py_pkg:/opt/ros/humble /usr/bin/cmake --build /home/asd/ros2_ws8/build/turtlebot3_gazebo_goat -- -j8 -l8
[0.511s] DEBUG:colcon.colcon_core.event_handler.log_command:Invoked command in '/home/asd/ros2_ws8/build/goat_gazebo' returned '0': CMAKE_PREFIX_PATH=${CMAKE_PREFIX_PATH}:/home/asd/ros2_ws7/install/my_py_pkg_anscer:/home/asd/ros2_ws4/install/esp_wifi:/home/asd/ros2_ws4/install/maping_odom:/home/asd/ros2_ws/install/turtlesim_catch_them_all:/home/asd/ros2_ws/install/my_py_pkg:/opt/ros/humble /usr/bin/cmake --build /home/asd/ros2_ws8/build/goat_gazebo -- -j8 -l8
[0.525s] DEBUG:colcon.colcon_core.event_handler.log_command:Invoking command in '/home/asd/ros2_ws8/build/goat_gazebo': CMAKE_PREFIX_PATH=${CMAKE_PREFIX_PATH}:/home/asd/ros2_ws7/install/my_py_pkg_anscer:/home/asd/ros2_ws4/install/esp_wifi:/home/asd/ros2_ws4/install/maping_odom:/home/asd/ros2_ws/install/turtlesim_catch_them_all:/home/asd/ros2_ws/install/my_py_pkg:/opt/ros/humble /usr/bin/cmake --install /home/asd/ros2_ws8/build/goat_gazebo
[0.532s] DEBUG:colcon.colcon_core.event_handler.log_command:Invoked command in '/home/asd/ros2_ws8/build/testbed_gazebo_goat' returned '0': CMAKE_PREFIX_PATH=${CMAKE_PREFIX_PATH}:/home/asd/ros2_ws7/install/my_py_pkg_anscer:/home/asd/ros2_ws4/install/esp_wifi:/home/asd/ros2_ws4/install/maping_odom:/home/asd/ros2_ws/install/turtlesim_catch_them_all:/home/asd/ros2_ws/install/my_py_pkg:/opt/ros/humble /usr/bin/cmake --build /home/asd/ros2_ws8/build/testbed_gazebo_goat -- -j8 -l8
[0.534s] DEBUG:colcon.colcon_core.event_handler.log_command:Invoking command in '/home/asd/ros2_ws8/build/testbed_gazebo_goat': CMAKE_PREFIX_PATH=${CMAKE_PREFIX_PATH}:/home/asd/ros2_ws7/install/my_py_pkg_anscer:/home/asd/ros2_ws4/install/esp_wifi:/home/asd/ros2_ws4/install/maping_odom:/home/asd/ros2_ws/install/turtlesim_catch_them_all:/home/asd/ros2_ws/install/my_py_pkg:/opt/ros/humble /usr/bin/cmake --install /home/asd/ros2_ws8/build/testbed_gazebo_goat
[0.540s] DEBUG:colcon.colcon_core.event_handler.log_command:Invoked command in '/home/asd/ros2_ws8/build/testbed_description_goat' returned '0': CMAKE_PREFIX_PATH=${CMAKE_PREFIX_PATH}:/home/asd/ros2_ws7/install/my_py_pkg_anscer:/home/asd/ros2_ws4/install/esp_wifi:/home/asd/ros2_ws4/install/maping_odom:/home/asd/ros2_ws/install/turtlesim_catch_them_all:/home/asd/ros2_ws/install/my_py_pkg:/opt/ros/humble /usr/bin/cmake --build /home/asd/ros2_ws8/build/testbed_description_goat -- -j8 -l8
[0.542s] DEBUG:colcon.colcon_core.event_handler.log_command:Invoking command in '/home/asd/ros2_ws8/build/testbed_description_goat': CMAKE_PREFIX_PATH=${CMAKE_PREFIX_PATH}:/home/asd/ros2_ws7/install/my_py_pkg_anscer:/home/asd/ros2_ws4/install/esp_wifi:/home/asd/ros2_ws4/install/maping_odom:/home/asd/ros2_ws/install/turtlesim_catch_them_all:/home/asd/ros2_ws/install/my_py_pkg:/opt/ros/humble /usr/bin/cmake --install /home/asd/ros2_ws8/build/testbed_description_goat
[0.551s] Level 1:colcon.colcon_core.environment:create_environment_scripts_only(goat_gazebo)
[0.554s] DEBUG:colcon.colcon_core.event_handler.log_command:Invoked command in '/home/asd/ros2_ws8/build/goat_gazebo' returned '0': CMAKE_PREFIX_PATH=${CMAKE_PREFIX_PATH}:/home/asd/ros2_ws7/install/my_py_pkg_anscer:/home/asd/ros2_ws4/install/esp_wifi:/home/asd/ros2_ws4/install/maping_odom:/home/asd/ros2_ws/install/turtlesim_catch_them_all:/home/asd/ros2_ws/install/my_py_pkg:/opt/ros/humble /usr/bin/cmake --install /home/asd/ros2_ws8/build/goat_gazebo
[0.566s] Level 1:colcon.colcon_core.environment:checking '/home/asd/ros2_ws8/install/goat_gazebo' for CMake module files
[0.567s] Level 1:colcon.colcon_core.environment:checking '/home/asd/ros2_ws8/install/goat_gazebo' for CMake config files
[0.567s] Level 1:colcon.colcon_core.shell:create_environment_hook('goat_gazebo', 'cmake_prefix_path')
[0.567s] INFO:colcon.colcon_core.shell:Creating environment hook '/home/asd/ros2_ws8/install/goat_gazebo/share/goat_gazebo/hook/cmake_prefix_path.ps1'
[0.568s] INFO:colcon.colcon_core.shell:Creating environment descriptor '/home/asd/ros2_ws8/install/goat_gazebo/share/goat_gazebo/hook/cmake_prefix_path.dsv'
[0.569s] INFO:colcon.colcon_core.shell:Creating environment hook '/home/asd/ros2_ws8/install/goat_gazebo/share/goat_gazebo/hook/cmake_prefix_path.sh'
[0.569s] Level 1:colcon.colcon_core.environment:checking '/home/asd/ros2_ws8/install/goat_gazebo/bin'
[0.569s] Level 1:colcon.colcon_core.environment:checking '/home/asd/ros2_ws8/install/goat_gazebo/lib/pkgconfig/goat_gazebo.pc'
[0.570s] Level 1:colcon.colcon_core.environment:checking '/home/asd/ros2_ws8/install/goat_gazebo/lib/python3.10/site-packages'
[0.570s] Level 1:colcon.colcon_core.environment:checking '/home/asd/ros2_ws8/install/goat_gazebo/bin'
[0.570s] INFO:colcon.colcon_core.shell:Creating package script '/home/asd/ros2_ws8/install/goat_gazebo/share/goat_gazebo/package.ps1'
[0.571s] INFO:colcon.colcon_core.shell:Creating package descriptor '/home/asd/ros2_ws8/install/goat_gazebo/share/goat_gazebo/package.dsv'
[0.571s] INFO:colcon.colcon_core.shell:Creating package script '/home/asd/ros2_ws8/install/goat_gazebo/share/goat_gazebo/package.sh'
[0.572s] INFO:colcon.colcon_core.shell:Creating package script '/home/asd/ros2_ws8/install/goat_gazebo/share/goat_gazebo/package.bash'
[0.573s] INFO:colcon.colcon_core.shell:Creating package script '/home/asd/ros2_ws8/install/goat_gazebo/share/goat_gazebo/package.zsh'
[0.574s] Level 1:colcon.colcon_core.environment:create_file_with_runtime_dependencies(/home/asd/ros2_ws8/install/goat_gazebo/share/colcon-core/packages/goat_gazebo)
[0.574s] Level 1:colcon.colcon_core.environment:create_environment_scripts_only(goat_gazebo)
[0.574s] Level 1:colcon.colcon_core.environment:checking '/home/asd/ros2_ws8/install/goat_gazebo' for CMake module files
[0.575s] Level 1:colcon.colcon_core.environment:checking '/home/asd/ros2_ws8/install/goat_gazebo' for CMake config files
[0.575s] Level 1:colcon.colcon_core.shell:create_environment_hook('goat_gazebo', 'cmake_prefix_path')
[0.575s] INFO:colcon.colcon_core.shell:Creating environment hook '/home/asd/ros2_ws8/install/goat_gazebo/share/goat_gazebo/hook/cmake_prefix_path.ps1'
[0.576s] INFO:colcon.colcon_core.shell:Creating environment descriptor '/home/asd/ros2_ws8/install/goat_gazebo/share/goat_gazebo/hook/cmake_prefix_path.dsv'
[0.576s] INFO:colcon.colcon_core.shell:Creating environment hook '/home/asd/ros2_ws8/install/goat_gazebo/share/goat_gazebo/hook/cmake_prefix_path.sh'
[0.576s] Level 1:colcon.colcon_core.environment:checking '/home/asd/ros2_ws8/install/goat_gazebo/bin'
[0.576s] Level 1:colcon.colcon_core.environment:checking '/home/asd/ros2_ws8/install/goat_gazebo/lib/pkgconfig/goat_gazebo.pc'
[0.577s] Level 1:colcon.colcon_core.environment:checking '/home/asd/ros2_ws8/install/goat_gazebo/lib/python3.10/site-packages'
[0.577s] Level 1:colcon.colcon_core.environment:checking '/home/asd/ros2_ws8/install/goat_gazebo/bin'
[0.577s] INFO:colcon.colcon_core.shell:Creating package script '/home/asd/ros2_ws8/install/goat_gazebo/share/goat_gazebo/package.ps1'
[0.578s] INFO:colcon.colcon_core.shell:Creating package descriptor '/home/asd/ros2_ws8/install/goat_gazebo/share/goat_gazebo/package.dsv'
[0.578s] INFO:colcon.colcon_core.shell:Creating package script '/home/asd/ros2_ws8/install/goat_gazebo/share/goat_gazebo/package.sh'
[0.579s] INFO:colcon.colcon_core.shell:Creating package script '/home/asd/ros2_ws8/install/goat_gazebo/share/goat_gazebo/package.bash'
[0.579s] INFO:colcon.colcon_core.shell:Creating package script '/home/asd/ros2_ws8/install/goat_gazebo/share/goat_gazebo/package.zsh'
[0.579s] Level 1:colcon.colcon_core.environment:create_file_with_runtime_dependencies(/home/asd/ros2_ws8/install/goat_gazebo/share/colcon-core/packages/goat_gazebo)
[0.581s] Level 1:colcon.colcon_core.environment:create_environment_scripts_only(testbed_gazebo_goat)
[0.582s] Level 1:colcon.colcon_core.environment:checking '/home/asd/ros2_ws8/install/testbed_gazebo_goat' for CMake module files
[0.583s] DEBUG:colcon.colcon_core.event_handler.log_command:Invoked command in '/home/asd/ros2_ws8/build/testbed_gazebo_goat' returned '0': CMAKE_PREFIX_PATH=${CMAKE_PREFIX_PATH}:/home/asd/ros2_ws7/install/my_py_pkg_anscer:/home/asd/ros2_ws4/install/esp_wifi:/home/asd/ros2_ws4/install/maping_odom:/home/asd/ros2_ws/install/turtlesim_catch_them_all:/home/asd/ros2_ws/install/my_py_pkg:/opt/ros/humble /usr/bin/cmake --install /home/asd/ros2_ws8/build/testbed_gazebo_goat
[0.583s] Level 1:colcon.colcon_core.environment:checking '/home/asd/ros2_ws8/install/testbed_gazebo_goat' for CMake config files
[0.583s] Level 1:colcon.colcon_core.shell:create_environment_hook('testbed_gazebo_goat', 'cmake_prefix_path')
[0.583s] INFO:colcon.colcon_core.shell:Creating environment hook '/home/asd/ros2_ws8/install/testbed_gazebo_goat/share/testbed_gazebo_goat/hook/cmake_prefix_path.ps1'
[0.584s] INFO:colcon.colcon_core.shell:Creating environment descriptor '/home/asd/ros2_ws8/install/testbed_gazebo_goat/share/testbed_gazebo_goat/hook/cmake_prefix_path.dsv'
[0.584s] INFO:colcon.colcon_core.shell:Creating environment hook '/home/asd/ros2_ws8/install/testbed_gazebo_goat/share/testbed_gazebo_goat/hook/cmake_prefix_path.sh'
[0.585s] Level 1:colcon.colcon_core.environment:checking '/home/asd/ros2_ws8/install/testbed_gazebo_goat/bin'
[0.585s] Level 1:colcon.colcon_core.environment:checking '/home/asd/ros2_ws8/install/testbed_gazebo_goat/lib/pkgconfig/testbed_gazebo_goat.pc'
[0.585s] Level 1:colcon.colcon_core.environment:checking '/home/asd/ros2_ws8/install/testbed_gazebo_goat/lib/python3.10/site-packages'
[0.585s] Level 1:colcon.colcon_core.environment:checking '/home/asd/ros2_ws8/install/testbed_gazebo_goat/bin'
[0.585s] INFO:colcon.colcon_core.shell:Creating package script '/home/asd/ros2_ws8/install/testbed_gazebo_goat/share/testbed_gazebo_goat/package.ps1'
[0.586s] INFO:colcon.colcon_core.shell:Creating package descriptor '/home/asd/ros2_ws8/install/testbed_gazebo_goat/share/testbed_gazebo_goat/package.dsv'
[0.586s] INFO:colcon.colcon_core.shell:Creating package script '/home/asd/ros2_ws8/install/testbed_gazebo_goat/share/testbed_gazebo_goat/package.sh'
[0.587s] INFO:colcon.colcon_core.shell:Creating package script '/home/asd/ros2_ws8/install/testbed_gazebo_goat/share/testbed_gazebo_goat/package.bash'
[0.587s] INFO:colcon.colcon_core.shell:Creating package script '/home/asd/ros2_ws8/install/testbed_gazebo_goat/share/testbed_gazebo_goat/package.zsh'
[0.587s] Level 1:colcon.colcon_core.environment:create_file_with_runtime_dependencies(/home/asd/ros2_ws8/install/testbed_gazebo_goat/share/colcon-core/packages/testbed_gazebo_goat)
[0.588s] Level 1:colcon.colcon_core.environment:create_environment_scripts_only(testbed_gazebo_goat)
[0.588s] Level 1:colcon.colcon_core.environment:checking '/home/asd/ros2_ws8/install/testbed_gazebo_goat' for CMake module files
[0.588s] Level 1:colcon.colcon_core.environment:checking '/home/asd/ros2_ws8/install/testbed_gazebo_goat' for CMake config files
[0.588s] Level 1:colcon.colcon_core.shell:create_environment_hook('testbed_gazebo_goat', 'cmake_prefix_path')
[0.589s] INFO:colcon.colcon_core.shell:Creating environment hook '/home/asd/ros2_ws8/install/testbed_gazebo_goat/share/testbed_gazebo_goat/hook/cmake_prefix_path.ps1'
[0.589s] INFO:colcon.colcon_core.shell:Creating environment descriptor '/home/asd/ros2_ws8/install/testbed_gazebo_goat/share/testbed_gazebo_goat/hook/cmake_prefix_path.dsv'
[0.589s] INFO:colcon.colcon_core.shell:Creating environment hook '/home/asd/ros2_ws8/install/testbed_gazebo_goat/share/testbed_gazebo_goat/hook/cmake_prefix_path.sh'
[0.590s] Level 1:colcon.colcon_core.environment:checking '/home/asd/ros2_ws8/install/testbed_gazebo_goat/bin'
[0.590s] Level 1:colcon.colcon_core.environment:checking '/home/asd/ros2_ws8/install/testbed_gazebo_goat/lib/pkgconfig/testbed_gazebo_goat.pc'
[0.590s] Level 1:colcon.colcon_core.environment:checking '/home/asd/ros2_ws8/install/testbed_gazebo_goat/lib/python3.10/site-packages'
[0.591s] Level 1:colcon.colcon_core.environment:checking '/home/asd/ros2_ws8/install/testbed_gazebo_goat/bin'
[0.591s] INFO:colcon.colcon_core.shell:Creating package script '/home/asd/ros2_ws8/install/testbed_gazebo_goat/share/testbed_gazebo_goat/package.ps1'
[0.592s] INFO:colcon.colcon_core.shell:Creating package descriptor '/home/asd/ros2_ws8/install/testbed_gazebo_goat/share/testbed_gazebo_goat/package.dsv'
[0.593s] INFO:colcon.colcon_core.shell:Creating package script '/home/asd/ros2_ws8/install/testbed_gazebo_goat/share/testbed_gazebo_goat/package.sh'
[0.593s] INFO:colcon.colcon_core.shell:Creating package script '/home/asd/ros2_ws8/install/testbed_gazebo_goat/share/testbed_gazebo_goat/package.bash'
[0.593s] INFO:colcon.colcon_core.shell:Creating package script '/home/asd/ros2_ws8/install/testbed_gazebo_goat/share/testbed_gazebo_goat/package.zsh'
[0.594s] Level 1:colcon.colcon_core.environment:create_file_with_runtime_dependencies(/home/asd/ros2_ws8/install/testbed_gazebo_goat/share/colcon-core/packages/testbed_gazebo_goat)
[0.596s] Level 1:colcon.colcon_core.environment:create_environment_scripts_only(testbed_description_goat)
[0.596s] Level 1:colcon.colcon_core.environment:checking '/home/asd/ros2_ws8/install/testbed_description_goat' for CMake module files
[0.597s] DEBUG:colcon.colcon_core.event_handler.log_command:Invoked command in '/home/asd/ros2_ws8/build/turtlebot3_fake_node' returned '0': CMAKE_PREFIX_PATH=${CMAKE_PREFIX_PATH}:/home/asd/ros2_ws7/install/my_py_pkg_anscer:/home/asd/ros2_ws4/install/esp_wifi:/home/asd/ros2_ws4/install/maping_odom:/home/asd/ros2_ws/install/turtlesim_catch_them_all:/home/asd/ros2_ws/install/my_py_pkg:/opt/ros/humble /usr/bin/cmake --build /home/asd/ros2_ws8/build/turtlebot3_fake_node -- -j8 -l8
[0.597s] DEBUG:colcon.colcon_core.event_handler.log_command:Invoking command in '/home/asd/ros2_ws8/build/turtlebot3_fake_node': CMAKE_PREFIX_PATH=${CMAKE_PREFIX_PATH}:/home/asd/ros2_ws7/install/my_py_pkg_anscer:/home/asd/ros2_ws4/install/esp_wifi:/home/asd/ros2_ws4/install/maping_odom:/home/asd/ros2_ws/install/turtlesim_catch_them_all:/home/asd/ros2_ws/install/my_py_pkg:/opt/ros/humble /usr/bin/cmake --install /home/asd/ros2_ws8/build/turtlebot3_fake_node
[0.597s] DEBUG:colcon.colcon_core.event_handler.log_command:Invoked command in '/home/asd/ros2_ws8/build/testbed_description_goat' returned '0': CMAKE_PREFIX_PATH=${CMAKE_PREFIX_PATH}:/home/asd/ros2_ws7/install/my_py_pkg_anscer:/home/asd/ros2_ws4/install/esp_wifi:/home/asd/ros2_ws4/install/maping_odom:/home/asd/ros2_ws/install/turtlesim_catch_them_all:/home/asd/ros2_ws/install/my_py_pkg:/opt/ros/humble /usr/bin/cmake --install /home/asd/ros2_ws8/build/testbed_description_goat
[0.598s] Level 1:colcon.colcon_core.environment:checking '/home/asd/ros2_ws8/install/testbed_description_goat' for CMake config files
[0.598s] Level 1:colcon.colcon_core.shell:create_environment_hook('testbed_description_goat', 'cmake_prefix_path')
[0.598s] INFO:colcon.colcon_core.shell:Creating environment hook '/home/asd/ros2_ws8/install/testbed_description_goat/share/testbed_description_goat/hook/cmake_prefix_path.ps1'
[0.598s] INFO:colcon.colcon_core.shell:Creating environment descriptor '/home/asd/ros2_ws8/install/testbed_description_goat/share/testbed_description_goat/hook/cmake_prefix_path.dsv'
[0.599s] INFO:colcon.colcon_core.shell:Creating environment hook '/home/asd/ros2_ws8/install/testbed_description_goat/share/testbed_description_goat/hook/cmake_prefix_path.sh'
[0.599s] Level 1:colcon.colcon_core.environment:checking '/home/asd/ros2_ws8/install/testbed_description_goat/bin'
[0.599s] Level 1:colcon.colcon_core.environment:checking '/home/asd/ros2_ws8/install/testbed_description_goat/lib/pkgconfig/testbed_description_goat.pc'
[0.600s] Level 1:colcon.colcon_core.environment:checking '/home/asd/ros2_ws8/install/testbed_description_goat/lib/python3.10/site-packages'
[0.600s] Level 1:colcon.colcon_core.environment:checking '/home/asd/ros2_ws8/install/testbed_description_goat/bin'
[0.600s] INFO:colcon.colcon_core.shell:Creating package script '/home/asd/ros2_ws8/install/testbed_description_goat/share/testbed_description_goat/package.ps1'
[0.601s] INFO:colcon.colcon_core.shell:Creating package descriptor '/home/asd/ros2_ws8/install/testbed_description_goat/share/testbed_description_goat/package.dsv'
[0.601s] INFO:colcon.colcon_core.shell:Creating package script '/home/asd/ros2_ws8/install/testbed_description_goat/share/testbed_description_goat/package.sh'
[0.601s] INFO:colcon.colcon_core.shell:Creating package script '/home/asd/ros2_ws8/install/testbed_description_goat/share/testbed_description_goat/package.bash'
[0.602s] INFO:colcon.colcon_core.shell:Creating package script '/home/asd/ros2_ws8/install/testbed_description_goat/share/testbed_description_goat/package.zsh'
[0.602s] Level 1:colcon.colcon_core.environment:create_file_with_runtime_dependencies(/home/asd/ros2_ws8/install/testbed_description_goat/share/colcon-core/packages/testbed_description_goat)
[0.603s] Level 1:colcon.colcon_core.environment:create_environment_scripts_only(testbed_description_goat)
[0.603s] Level 1:colcon.colcon_core.environment:checking '/home/asd/ros2_ws8/install/testbed_description_goat' for CMake module files
[0.603s] Level 1:colcon.colcon_core.environment:checking '/home/asd/ros2_ws8/install/testbed_description_goat' for CMake config files
[0.603s] Level 1:colcon.colcon_core.shell:create_environment_hook('testbed_description_goat', 'cmake_prefix_path')
[0.604s] INFO:colcon.colcon_core.shell:Creating environment hook '/home/asd/ros2_ws8/install/testbed_description_goat/share/testbed_description_goat/hook/cmake_prefix_path.ps1'
[0.605s] INFO:colcon.colcon_core.shell:Creating environment descriptor '/home/asd/ros2_ws8/install/testbed_description_goat/share/testbed_description_goat/hook/cmake_prefix_path.dsv'
[0.607s] INFO:colcon.colcon_core.shell:Creating environment hook '/home/asd/ros2_ws8/install/testbed_description_goat/share/testbed_description_goat/hook/cmake_prefix_path.sh'
[0.608s] Level 1:colcon.colcon_core.environment:checking '/home/asd/ros2_ws8/install/testbed_description_goat/bin'
[0.608s] Level 1:colcon.colcon_core.environment:checking '/home/asd/ros2_ws8/install/testbed_description_goat/lib/pkgconfig/testbed_description_goat.pc'
[0.608s] Level 1:colcon.colcon_core.environment:checking '/home/asd/ros2_ws8/install/testbed_description_goat/lib/python3.10/site-packages'
[0.608s] Level 1:colcon.colcon_core.environment:checking '/home/asd/ros2_ws8/install/testbed_description_goat/bin'
[0.609s] INFO:colcon.colcon_core.shell:Creating package script '/home/asd/ros2_ws8/install/testbed_description_goat/share/testbed_description_goat/package.ps1'
[0.609s] INFO:colcon.colcon_core.shell:Creating package descriptor '/home/asd/ros2_ws8/install/testbed_description_goat/share/testbed_description_goat/package.dsv'
[0.610s] INFO:colcon.colcon_core.shell:Creating package script '/home/asd/ros2_ws8/install/testbed_description_goat/share/testbed_description_goat/package.sh'
[0.610s] INFO:colcon.colcon_core.shell:Creating package script '/home/asd/ros2_ws8/install/testbed_description_goat/share/testbed_description_goat/package.bash'
[0.611s] INFO:colcon.colcon_core.shell:Creating package script '/home/asd/ros2_ws8/install/testbed_description_goat/share/testbed_description_goat/package.zsh'
[0.611s] Level 1:colcon.colcon_core.environment:create_file_with_runtime_dependencies(/home/asd/ros2_ws8/install/testbed_description_goat/share/colcon-core/packages/testbed_description_goat)
[0.612s] Level 1:colcon.colcon_core.environment:create_environment_scripts_only(turtlebot3_fake_node)
[0.613s] Level 1:colcon.colcon_core.environment:checking '/home/asd/ros2_ws8/install/turtlebot3_fake_node' for CMake module files
[0.614s] DEBUG:colcon.colcon_core.event_handler.log_command:Invoked command in '/home/asd/ros2_ws8/build/turtlebot3_fake_node' returned '0': CMAKE_PREFIX_PATH=${CMAKE_PREFIX_PATH}:/home/asd/ros2_ws7/install/my_py_pkg_anscer:/home/asd/ros2_ws4/install/esp_wifi:/home/asd/ros2_ws4/install/maping_odom:/home/asd/ros2_ws/install/turtlesim_catch_them_all:/home/asd/ros2_ws/install/my_py_pkg:/opt/ros/humble /usr/bin/cmake --install /home/asd/ros2_ws8/build/turtlebot3_fake_node
[0.614s] Level 1:colcon.colcon_core.environment:checking '/home/asd/ros2_ws8/install/turtlebot3_fake_node' for CMake config files
[0.614s] Level 1:colcon.colcon_core.shell:create_environment_hook('turtlebot3_fake_node', 'cmake_prefix_path')
[0.614s] INFO:colcon.colcon_core.shell:Creating environment hook '/home/asd/ros2_ws8/install/turtlebot3_fake_node/share/turtlebot3_fake_node/hook/cmake_prefix_path.ps1'
[0.615s] INFO:colcon.colcon_core.shell:Creating environment descriptor '/home/asd/ros2_ws8/install/turtlebot3_fake_node/share/turtlebot3_fake_node/hook/cmake_prefix_path.dsv'
[0.615s] INFO:colcon.colcon_core.shell:Creating environment hook '/home/asd/ros2_ws8/install/turtlebot3_fake_node/share/turtlebot3_fake_node/hook/cmake_prefix_path.sh'
[0.616s] Level 1:colcon.colcon_core.environment:checking '/home/asd/ros2_ws8/install/turtlebot3_fake_node/lib'
[0.616s] Level 1:colcon.colcon_core.environment:checking '/home/asd/ros2_ws8/install/turtlebot3_fake_node/bin'
[0.616s] Level 1:colcon.colcon_core.environment:checking '/home/asd/ros2_ws8/install/turtlebot3_fake_node/lib/pkgconfig/turtlebot3_fake_node.pc'
[0.616s] Level 1:colcon.colcon_core.environment:checking '/home/asd/ros2_ws8/install/turtlebot3_fake_node/lib/python3.10/site-packages'
[0.616s] Level 1:colcon.colcon_core.environment:checking '/home/asd/ros2_ws8/install/turtlebot3_fake_node/bin'
[0.617s] INFO:colcon.colcon_core.shell:Creating package script '/home/asd/ros2_ws8/install/turtlebot3_fake_node/share/turtlebot3_fake_node/package.ps1'
[0.617s] INFO:colcon.colcon_core.shell:Creating package descriptor '/home/asd/ros2_ws8/install/turtlebot3_fake_node/share/turtlebot3_fake_node/package.dsv'
[0.618s] INFO:colcon.colcon_core.shell:Creating package script '/home/asd/ros2_ws8/install/turtlebot3_fake_node/share/turtlebot3_fake_node/package.sh'
[0.618s] INFO:colcon.colcon_core.shell:Creating package script '/home/asd/ros2_ws8/install/turtlebot3_fake_node/share/turtlebot3_fake_node/package.bash'
[0.618s] INFO:colcon.colcon_core.shell:Creating package script '/home/asd/ros2_ws8/install/turtlebot3_fake_node/share/turtlebot3_fake_node/package.zsh'
[0.619s] Level 1:colcon.colcon_core.environment:create_file_with_runtime_dependencies(/home/asd/ros2_ws8/install/turtlebot3_fake_node/share/colcon-core/packages/turtlebot3_fake_node)
[0.619s] Level 1:colcon.colcon_core.environment:create_environment_scripts_only(turtlebot3_fake_node)
[0.619s] Level 1:colcon.colcon_core.environment:checking '/home/asd/ros2_ws8/install/turtlebot3_fake_node' for CMake module files
[0.620s] Level 1:colcon.colcon_core.environment:checking '/home/asd/ros2_ws8/install/turtlebot3_fake_node' for CMake config files
[0.620s] Level 1:colcon.colcon_core.shell:create_environment_hook('turtlebot3_fake_node', 'cmake_prefix_path')
[0.620s] INFO:colcon.colcon_core.shell:Creating environment hook '/home/asd/ros2_ws8/install/turtlebot3_fake_node/share/turtlebot3_fake_node/hook/cmake_prefix_path.ps1'
[0.621s] INFO:colcon.colcon_core.shell:Creating environment descriptor '/home/asd/ros2_ws8/install/turtlebot3_fake_node/share/turtlebot3_fake_node/hook/cmake_prefix_path.dsv'
[0.621s] INFO:colcon.colcon_core.shell:Creating environment hook '/home/asd/ros2_ws8/install/turtlebot3_fake_node/share/turtlebot3_fake_node/hook/cmake_prefix_path.sh'
[0.621s] Level 1:colcon.colcon_core.environment:checking '/home/asd/ros2_ws8/install/turtlebot3_fake_node/lib'
[0.621s] Level 1:colcon.colcon_core.environment:checking '/home/asd/ros2_ws8/install/turtlebot3_fake_node/bin'
[0.622s] Level 1:colcon.colcon_core.environment:checking '/home/asd/ros2_ws8/install/turtlebot3_fake_node/lib/pkgconfig/turtlebot3_fake_node.pc'
[0.622s] Level 1:colcon.colcon_core.environment:checking '/home/asd/ros2_ws8/install/turtlebot3_fake_node/lib/python3.10/site-packages'
[0.622s] Level 1:colcon.colcon_core.environment:checking '/home/asd/ros2_ws8/install/turtlebot3_fake_node/bin'
[0.622s] INFO:colcon.colcon_core.shell:Creating package script '/home/asd/ros2_ws8/install/turtlebot3_fake_node/share/turtlebot3_fake_node/package.ps1'
[0.623s] INFO:colcon.colcon_core.shell:Creating package descriptor '/home/asd/ros2_ws8/install/turtlebot3_fake_node/share/turtlebot3_fake_node/package.dsv'
[0.623s] INFO:colcon.colcon_core.shell:Creating package script '/home/asd/ros2_ws8/install/turtlebot3_fake_node/share/turtlebot3_fake_node/package.sh'
[0.624s] INFO:colcon.colcon_core.shell:Creating package script '/home/asd/ros2_ws8/install/turtlebot3_fake_node/share/turtlebot3_fake_node/package.bash'
[0.624s] INFO:colcon.colcon_core.shell:Creating package script '/home/asd/ros2_ws8/install/turtlebot3_fake_node/share/turtlebot3_fake_node/package.zsh'
[0.624s] Level 1:colcon.colcon_core.environment:create_file_with_runtime_dependencies(/home/asd/ros2_ws8/install/turtlebot3_fake_node/share/colcon-core/packages/turtlebot3_fake_node)
[0.625s] INFO:colcon.colcon_ros.task.ament_cmake.build:Building ROS package in '/home/asd/ros2_ws8/src/turtlebot3_simulations' with build type 'ament_cmake'
[0.625s] INFO:colcon.colcon_cmake.task.cmake.build:Building CMake package in '/home/asd/ros2_ws8/src/turtlebot3_simulations'
[0.625s] INFO:colcon.colcon_core.shell:Skip shell extension 'powershell' for command environment: Not usable outside of PowerShell
[0.625s] DEBUG:colcon.colcon_core.shell:Skip shell extension 'dsv' for command environment
[0.634s] DEBUG:colcon.colcon_core.event_handler.log_command:Invoked command in '/home/asd/ros2_ws8/build/turtlebot3_gazebo_goat' returned '0': CMAKE_PREFIX_PATH=${CMAKE_PREFIX_PATH}:/home/asd/ros2_ws7/install/my_py_pkg_anscer:/home/asd/ros2_ws4/install/esp_wifi:/home/asd/ros2_ws4/install/maping_odom:/home/asd/ros2_ws/install/turtlesim_catch_them_all:/home/asd/ros2_ws/install/my_py_pkg:/opt/ros/humble /usr/bin/cmake --build /home/asd/ros2_ws8/build/turtlebot3_gazebo_goat -- -j8 -l8
[0.635s] DEBUG:colcon.colcon_core.event_handler.log_command:Invoking command in '/home/asd/ros2_ws8/build/turtlebot3_gazebo_goat': CMAKE_PREFIX_PATH=${CMAKE_PREFIX_PATH}:/home/asd/ros2_ws7/install/my_py_pkg_anscer:/home/asd/ros2_ws4/install/esp_wifi:/home/asd/ros2_ws4/install/maping_odom:/home/asd/ros2_ws/install/turtlesim_catch_them_all:/home/asd/ros2_ws/install/my_py_pkg:/opt/ros/humble /usr/bin/cmake --install /home/asd/ros2_ws8/build/turtlebot3_gazebo_goat
[0.640s] DEBUG:colcon.colcon_core.event_handler.log_command:Invoking command in '/home/asd/ros2_ws8/build/turtlebot3_simulations': CMAKE_PREFIX_PATH=/home/asd/ros2_ws8/install/turtlebot3_fake_node:/home/asd/ros2_ws8/install/turtlebot3_simulations:/home/asd/ros2_ws8/install/turtlebot3_gazebo_goat:/home/asd/ros2_ws8/install/turtlebot3_gazebo:/home/asd/ros2_ws8/install/testbed_gazebo_goat:/home/asd/ros2_ws8/install/testbed_description_goat:/home/asd/ros2_ws8/install/goat_gazebo:/home/asd/ros2_ws6/install/testbed_navigation:/home/asd/ros2_ws6/install/testbed_gazebo:/home/asd/ros2_ws6/install/testbed_description:/home/asd/ros2_ws6/install/testbed_bringup:/home/asd/ros2_ws7/install/bring_up_anscer:/home/asd/ros2_ws7/install/custom_interfaces_anscer:/home/asd/ros2_ws4/install/my_interfaces:/home/asd/ros2_ws/install/turtlesim_project_cpp:/home/asd/ros2_ws/install/my_robot_bringup_one:/home/asd/ros2_ws/install/my_cpp_pkg:/home/asd/ros2_ws/install/my_robot_interfaces:/home/asd/ros2_ws2/install/my_robot_description:/home/asd/ros2_ws2/install/my_robot_bringup:/home/asd/ros2_ws7/install/my_py_pkg_anscer:/home/asd/ros2_ws4/install/esp_wifi:/home/asd/ros2_ws4/install/maping_odom:/home/asd/ros2_ws/install/turtlesim_catch_them_all:/home/asd/ros2_ws/install/my_py_pkg:/opt/ros/humble /usr/bin/cmake --build /home/asd/ros2_ws8/build/turtlebot3_simulations -- -j8 -l8
[0.650s] Level 1:colcon.colcon_core.environment:create_environment_scripts_only(turtlebot3_gazebo_goat)
[0.650s] Level 1:colcon.colcon_core.environment:checking '/home/asd/ros2_ws8/install/turtlebot3_gazebo_goat' for CMake module files
[0.652s] Level 1:colcon.colcon_core.environment:checking '/home/asd/ros2_ws8/install/turtlebot3_gazebo_goat' for CMake config files
[0.654s] Level 1:colcon.colcon_core.shell:create_environment_hook('turtlebot3_gazebo_goat', 'cmake_prefix_path')
[0.655s] INFO:colcon.colcon_core.shell:Creating environment hook '/home/asd/ros2_ws8/install/turtlebot3_gazebo_goat/share/turtlebot3_gazebo_goat/hook/cmake_prefix_path.ps1'
[0.656s] INFO:colcon.colcon_core.shell:Creating environment descriptor '/home/asd/ros2_ws8/install/turtlebot3_gazebo_goat/share/turtlebot3_gazebo_goat/hook/cmake_prefix_path.dsv'
[0.656s] INFO:colcon.colcon_core.shell:Creating environment hook '/home/asd/ros2_ws8/install/turtlebot3_gazebo_goat/share/turtlebot3_gazebo_goat/hook/cmake_prefix_path.sh'
[0.657s] Level 1:colcon.colcon_core.environment:checking '/home/asd/ros2_ws8/install/turtlebot3_gazebo_goat/lib'
[0.658s] Level 1:colcon.colcon_core.environment:checking '/home/asd/ros2_ws8/install/turtlebot3_gazebo_goat/bin'
[0.658s] Level 1:colcon.colcon_core.environment:checking '/home/asd/ros2_ws8/install/turtlebot3_gazebo_goat/lib/pkgconfig/turtlebot3_gazebo_goat.pc'
[0.658s] Level 1:colcon.colcon_core.environment:checking '/home/asd/ros2_ws8/install/turtlebot3_gazebo_goat/lib/python3.10/site-packages'
[0.658s] Level 1:colcon.colcon_core.environment:checking '/home/asd/ros2_ws8/install/turtlebot3_gazebo_goat/bin'
[0.658s] INFO:colcon.colcon_core.shell:Creating package script '/home/asd/ros2_ws8/install/turtlebot3_gazebo_goat/share/turtlebot3_gazebo_goat/package.ps1'
[0.659s] DEBUG:colcon.colcon_core.event_handler.log_command:Invoked command in '/home/asd/ros2_ws8/build/turtlebot3_gazebo_goat' returned '0': CMAKE_PREFIX_PATH=${CMAKE_PREFIX_PATH}:/home/asd/ros2_ws7/install/my_py_pkg_anscer:/home/asd/ros2_ws4/install/esp_wifi:/home/asd/ros2_ws4/install/maping_odom:/home/asd/ros2_ws/install/turtlesim_catch_them_all:/home/asd/ros2_ws/install/my_py_pkg:/opt/ros/humble /usr/bin/cmake --install /home/asd/ros2_ws8/build/turtlebot3_gazebo_goat
[0.660s] INFO:colcon.colcon_core.shell:Creating package descriptor '/home/asd/ros2_ws8/install/turtlebot3_gazebo_goat/share/turtlebot3_gazebo_goat/package.dsv'
[0.660s] INFO:colcon.colcon_core.shell:Creating package script '/home/asd/ros2_ws8/install/turtlebot3_gazebo_goat/share/turtlebot3_gazebo_goat/package.sh'
[0.661s] INFO:colcon.colcon_core.shell:Creating package script '/home/asd/ros2_ws8/install/turtlebot3_gazebo_goat/share/turtlebot3_gazebo_goat/package.bash'
[0.661s] INFO:colcon.colcon_core.shell:Creating package script '/home/asd/ros2_ws8/install/turtlebot3_gazebo_goat/share/turtlebot3_gazebo_goat/package.zsh'
[0.661s] Level 1:colcon.colcon_core.environment:create_file_with_runtime_dependencies(/home/asd/ros2_ws8/install/turtlebot3_gazebo_goat/share/colcon-core/packages/turtlebot3_gazebo_goat)
[0.662s] Level 1:colcon.colcon_core.environment:create_environment_scripts_only(turtlebot3_gazebo_goat)
[0.662s] Level 1:colcon.colcon_core.environment:checking '/home/asd/ros2_ws8/install/turtlebot3_gazebo_goat' for CMake module files
[0.662s] Level 1:colcon.colcon_core.environment:checking '/home/asd/ros2_ws8/install/turtlebot3_gazebo_goat' for CMake config files
[0.663s] Level 1:colcon.colcon_core.shell:create_environment_hook('turtlebot3_gazebo_goat', 'cmake_prefix_path')
[0.663s] INFO:colcon.colcon_core.shell:Creating environment hook '/home/asd/ros2_ws8/install/turtlebot3_gazebo_goat/share/turtlebot3_gazebo_goat/hook/cmake_prefix_path.ps1'
[0.663s] INFO:colcon.colcon_core.shell:Creating environment descriptor '/home/asd/ros2_ws8/install/turtlebot3_gazebo_goat/share/turtlebot3_gazebo_goat/hook/cmake_prefix_path.dsv'
[0.664s] INFO:colcon.colcon_core.shell:Creating environment hook '/home/asd/ros2_ws8/install/turtlebot3_gazebo_goat/share/turtlebot3_gazebo_goat/hook/cmake_prefix_path.sh'
[0.664s] Level 1:colcon.colcon_core.environment:checking '/home/asd/ros2_ws8/install/turtlebot3_gazebo_goat/lib'
[0.664s] Level 1:colcon.colcon_core.environment:checking '/home/asd/ros2_ws8/install/turtlebot3_gazebo_goat/bin'
[0.664s] Level 1:colcon.colcon_core.environment:checking '/home/asd/ros2_ws8/install/turtlebot3_gazebo_goat/lib/pkgconfig/turtlebot3_gazebo_goat.pc'
[0.665s] Level 1:colcon.colcon_core.environment:checking '/home/asd/ros2_ws8/install/turtlebot3_gazebo_goat/lib/python3.10/site-packages'
[0.665s] Level 1:colcon.colcon_core.environment:checking '/home/asd/ros2_ws8/install/turtlebot3_gazebo_goat/bin'
[0.665s] INFO:colcon.colcon_core.shell:Creating package script '/home/asd/ros2_ws8/install/turtlebot3_gazebo_goat/share/turtlebot3_gazebo_goat/package.ps1'
[0.665s] INFO:colcon.colcon_core.shell:Creating package descriptor '/home/asd/ros2_ws8/install/turtlebot3_gazebo_goat/share/turtlebot3_gazebo_goat/package.dsv'
[0.666s] INFO:colcon.colcon_core.shell:Creating package script '/home/asd/ros2_ws8/install/turtlebot3_gazebo_goat/share/turtlebot3_gazebo_goat/package.sh'
[0.666s] INFO:colcon.colcon_core.shell:Creating package script '/home/asd/ros2_ws8/install/turtlebot3_gazebo_goat/share/turtlebot3_gazebo_goat/package.bash'
[0.667s] INFO:colcon.colcon_core.shell:Creating package script '/home/asd/ros2_ws8/install/turtlebot3_gazebo_goat/share/turtlebot3_gazebo_goat/package.zsh'
[0.667s] Level 1:colcon.colcon_core.environment:create_file_with_runtime_dependencies(/home/asd/ros2_ws8/install/turtlebot3_gazebo_goat/share/colcon-core/packages/turtlebot3_gazebo_goat)
[0.686s] DEBUG:colcon.colcon_core.event_handler.log_command:Invoked command in '/home/asd/ros2_ws8/build/turtlebot3_simulations' returned '0': CMAKE_PREFIX_PATH=/home/asd/ros2_ws8/install/turtlebot3_fake_node:/home/asd/ros2_ws8/install/turtlebot3_simulations:/home/asd/ros2_ws8/install/turtlebot3_gazebo_goat:/home/asd/ros2_ws8/install/turtlebot3_gazebo:/home/asd/ros2_ws8/install/testbed_gazebo_goat:/home/asd/ros2_ws8/install/testbed_description_goat:/home/asd/ros2_ws8/install/goat_gazebo:/home/asd/ros2_ws6/install/testbed_navigation:/home/asd/ros2_ws6/install/testbed_gazebo:/home/asd/ros2_ws6/install/testbed_description:/home/asd/ros2_ws6/install/testbed_bringup:/home/asd/ros2_ws7/install/bring_up_anscer:/home/asd/ros2_ws7/install/custom_interfaces_anscer:/home/asd/ros2_ws4/install/my_interfaces:/home/asd/ros2_ws/install/turtlesim_project_cpp:/home/asd/ros2_ws/install/my_robot_bringup_one:/home/asd/ros2_ws/install/my_cpp_pkg:/home/asd/ros2_ws/install/my_robot_interfaces:/home/asd/ros2_ws2/install/my_robot_description:/home/asd/ros2_ws2/install/my_robot_bringup:/home/asd/ros2_ws7/install/my_py_pkg_anscer:/home/asd/ros2_ws4/install/esp_wifi:/home/asd/ros2_ws4/install/maping_odom:/home/asd/ros2_ws/install/turtlesim_catch_them_all:/home/asd/ros2_ws/install/my_py_pkg:/opt/ros/humble /usr/bin/cmake --build /home/asd/ros2_ws8/build/turtlebot3_simulations -- -j8 -l8
[0.687s] DEBUG:colcon.colcon_core.event_handler.log_command:Invoking command in '/home/asd/ros2_ws8/build/turtlebot3_simulations': CMAKE_PREFIX_PATH=/home/asd/ros2_ws8/install/turtlebot3_fake_node:/home/asd/ros2_ws8/install/turtlebot3_simulations:/home/asd/ros2_ws8/install/turtlebot3_gazebo_goat:/home/asd/ros2_ws8/install/turtlebot3_gazebo:/home/asd/ros2_ws8/install/testbed_gazebo_goat:/home/asd/ros2_ws8/install/testbed_description_goat:/home/asd/ros2_ws8/install/goat_gazebo:/home/asd/ros2_ws6/install/testbed_navigation:/home/asd/ros2_ws6/install/testbed_gazebo:/home/asd/ros2_ws6/install/testbed_description:/home/asd/ros2_ws6/install/testbed_bringup:/home/asd/ros2_ws7/install/bring_up_anscer:/home/asd/ros2_ws7/install/custom_interfaces_anscer:/home/asd/ros2_ws4/install/my_interfaces:/home/asd/ros2_ws/install/turtlesim_project_cpp:/home/asd/ros2_ws/install/my_robot_bringup_one:/home/asd/ros2_ws/install/my_cpp_pkg:/home/asd/ros2_ws/install/my_robot_interfaces:/home/asd/ros2_ws2/install/my_robot_description:/home/asd/ros2_ws2/install/my_robot_bringup:/home/asd/ros2_ws7/install/my_py_pkg_anscer:/home/asd/ros2_ws4/install/esp_wifi:/home/asd/ros2_ws4/install/maping_odom:/home/asd/ros2_ws/install/turtlesim_catch_them_all:/home/asd/ros2_ws/install/my_py_pkg:/opt/ros/humble /usr/bin/cmake --install /home/asd/ros2_ws8/build/turtlebot3_simulations
[0.698s] Level 1:colcon.colcon_core.environment:create_environment_scripts_only(turtlebot3_simulations)
[0.698s] Level 1:colcon.colcon_core.environment:checking '/home/asd/ros2_ws8/install/turtlebot3_simulations' for CMake module files
[0.699s] DEBUG:colcon.colcon_core.event_handler.log_command:Invoked command in '/home/asd/ros2_ws8/build/turtlebot3_simulations' returned '0': CMAKE_PREFIX_PATH=/home/asd/ros2_ws8/install/turtlebot3_fake_node:/home/asd/ros2_ws8/install/turtlebot3_simulations:/home/asd/ros2_ws8/install/turtlebot3_gazebo_goat:/home/asd/ros2_ws8/install/turtlebot3_gazebo:/home/asd/ros2_ws8/install/testbed_gazebo_goat:/home/asd/ros2_ws8/install/testbed_description_goat:/home/asd/ros2_ws8/install/goat_gazebo:/home/asd/ros2_ws6/install/testbed_navigation:/home/asd/ros2_ws6/install/testbed_gazebo:/home/asd/ros2_ws6/install/testbed_description:/home/asd/ros2_ws6/install/testbed_bringup:/home/asd/ros2_ws7/install/bring_up_anscer:/home/asd/ros2_ws7/install/custom_interfaces_anscer:/home/asd/ros2_ws4/install/my_interfaces:/home/asd/ros2_ws/install/turtlesim_project_cpp:/home/asd/ros2_ws/install/my_robot_bringup_one:/home/asd/ros2_ws/install/my_cpp_pkg:/home/asd/ros2_ws/install/my_robot_interfaces:/home/asd/ros2_ws2/install/my_robot_description:/home/asd/ros2_ws2/install/my_robot_bringup:/home/asd/ros2_ws7/install/my_py_pkg_anscer:/home/asd/ros2_ws4/install/esp_wifi:/home/asd/ros2_ws4/install/maping_odom:/home/asd/ros2_ws/install/turtlesim_catch_them_all:/home/asd/ros2_ws/install/my_py_pkg:/opt/ros/humble /usr/bin/cmake --install /home/asd/ros2_ws8/build/turtlebot3_simulations
[0.699s] Level 1:colcon.colcon_core.environment:checking '/home/asd/ros2_ws8/install/turtlebot3_simulations' for CMake config files
[0.699s] Level 1:colcon.colcon_core.shell:create_environment_hook('turtlebot3_simulations', 'cmake_prefix_path')
[0.700s] INFO:colcon.colcon_core.shell:Creating environment hook '/home/asd/ros2_ws8/install/turtlebot3_simulations/share/turtlebot3_simulations/hook/cmake_prefix_path.ps1'
[0.700s] INFO:colcon.colcon_core.shell:Creating environment descriptor '/home/asd/ros2_ws8/install/turtlebot3_simulations/share/turtlebot3_simulations/hook/cmake_prefix_path.dsv'
[0.701s] INFO:colcon.colcon_core.shell:Creating environment hook '/home/asd/ros2_ws8/install/turtlebot3_simulations/share/turtlebot3_simulations/hook/cmake_prefix_path.sh'
[0.701s] Level 1:colcon.colcon_core.environment:checking '/home/asd/ros2_ws8/install/turtlebot3_simulations/bin'
[0.701s] Level 1:colcon.colcon_core.environment:checking '/home/asd/ros2_ws8/install/turtlebot3_simulations/lib/pkgconfig/turtlebot3_simulations.pc'
[0.701s] Level 1:colcon.colcon_core.environment:checking '/home/asd/ros2_ws8/install/turtlebot3_simulations/lib/python3.10/site-packages'
[0.702s] Level 1:colcon.colcon_core.environment:checking '/home/asd/ros2_ws8/install/turtlebot3_simulations/bin'
[0.702s] INFO:colcon.colcon_core.shell:Creating package script '/home/asd/ros2_ws8/install/turtlebot3_simulations/share/turtlebot3_simulations/package.ps1'
[0.702s] INFO:colcon.colcon_core.shell:Creating package descriptor '/home/asd/ros2_ws8/install/turtlebot3_simulations/share/turtlebot3_simulations/package.dsv'
[0.703s] INFO:colcon.colcon_core.shell:Creating package script '/home/asd/ros2_ws8/install/turtlebot3_simulations/share/turtlebot3_simulations/package.sh'
[0.703s] INFO:colcon.colcon_core.shell:Creating package script '/home/asd/ros2_ws8/install/turtlebot3_simulations/share/turtlebot3_simulations/package.bash'
[0.703s] INFO:colcon.colcon_core.shell:Creating package script '/home/asd/ros2_ws8/install/turtlebot3_simulations/share/turtlebot3_simulations/package.zsh'
[0.704s] Level 1:colcon.colcon_core.environment:create_file_with_runtime_dependencies(/home/asd/ros2_ws8/install/turtlebot3_simulations/share/colcon-core/packages/turtlebot3_simulations)
[0.704s] Level 1:colcon.colcon_core.environment:create_environment_scripts_only(turtlebot3_simulations)
[0.704s] Level 1:colcon.colcon_core.environment:checking '/home/asd/ros2_ws8/install/turtlebot3_simulations' for CMake module files
[0.705s] Level 1:colcon.colcon_core.environment:checking '/home/asd/ros2_ws8/install/turtlebot3_simulations' for CMake config files
[0.705s] Level 1:colcon.colcon_core.shell:create_environment_hook('turtlebot3_simulations', 'cmake_prefix_path')
[0.705s] INFO:colcon.colcon_core.shell:Creating environment hook '/home/asd/ros2_ws8/install/turtlebot3_simulations/share/turtlebot3_simulations/hook/cmake_prefix_path.ps1'
[0.705s] INFO:colcon.colcon_core.shell:Creating environment descriptor '/home/asd/ros2_ws8/install/turtlebot3_simulations/share/turtlebot3_simulations/hook/cmake_prefix_path.dsv'
[0.706s] INFO:colcon.colcon_core.shell:Creating environment hook '/home/asd/ros2_ws8/install/turtlebot3_simulations/share/turtlebot3_simulations/hook/cmake_prefix_path.sh'
[0.706s] Level 1:colcon.colcon_core.environment:checking '/home/asd/ros2_ws8/install/turtlebot3_simulations/bin'
[0.706s] Level 1:colcon.colcon_core.environment:checking '/home/asd/ros2_ws8/install/turtlebot3_simulations/lib/pkgconfig/turtlebot3_simulations.pc'
[0.706s] Level 1:colcon.colcon_core.environment:checking '/home/asd/ros2_ws8/install/turtlebot3_simulations/lib/python3.10/site-packages'
[0.707s] Level 1:colcon.colcon_core.environment:checking '/home/asd/ros2_ws8/install/turtlebot3_simulations/bin'
[0.707s] INFO:colcon.colcon_core.shell:Creating package script '/home/asd/ros2_ws8/install/turtlebot3_simulations/share/turtlebot3_simulations/package.ps1'
[0.707s] INFO:colcon.colcon_core.shell:Creating package descriptor '/home/asd/ros2_ws8/install/turtlebot3_simulations/share/turtlebot3_simulations/package.dsv'
[0.708s] INFO:colcon.colcon_core.shell:Creating package script '/home/asd/ros2_ws8/install/turtlebot3_simulations/share/turtlebot3_simulations/package.sh'
[0.708s] INFO:colcon.colcon_core.shell:Creating package script '/home/asd/ros2_ws8/install/turtlebot3_simulations/share/turtlebot3_simulations/package.bash'
[0.708s] INFO:colcon.colcon_core.shell:Creating package script '/home/asd/ros2_ws8/install/turtlebot3_simulations/share/turtlebot3_simulations/package.zsh'
[0.709s] Level 1:colcon.colcon_core.environment:create_file_with_runtime_dependencies(/home/asd/ros2_ws8/install/turtlebot3_simulations/share/colcon-core/packages/turtlebot3_simulations)
[0.709s] DEBUG:colcon.colcon_parallel_executor.executor.parallel:closing loop
[0.709s] DEBUG:colcon.colcon_parallel_executor.executor.parallel:loop closed
[0.709s] DEBUG:colcon.colcon_parallel_executor.executor.parallel:run_until_complete finished with '0'
[0.709s] DEBUG:colcon.colcon_core.event_reactor:joining thread
[0.715s] INFO:colcon.colcon_core.plugin_system:Skipping extension 'colcon_notification.desktop_notification.terminal_notifier': Not used on non-Darwin systems
[0.715s] INFO:colcon.colcon_core.plugin_system:Skipping extension 'colcon_notification.desktop_notification.win32': Not used on non-Windows systems
[0.715s] INFO:colcon.colcon_notification.desktop_notification:Sending desktop notification using 'notify2'
[0.725s] DEBUG:colcon.colcon_core.event_reactor:joined thread
[0.725s] INFO:colcon.colcon_core.shell:Creating prefix script '/home/asd/ros2_ws8/install/local_setup.ps1'
[0.726s] INFO:colcon.colcon_core.shell:Creating prefix util module '/home/asd/ros2_ws8/install/_local_setup_util_ps1.py'
[0.728s] INFO:colcon.colcon_core.shell:Creating prefix chain script '/home/asd/ros2_ws8/install/setup.ps1'
[0.730s] INFO:colcon.colcon_core.shell:Creating prefix script '/home/asd/ros2_ws8/install/local_setup.sh'
[0.731s] INFO:colcon.colcon_core.shell:Creating prefix util module '/home/asd/ros2_ws8/install/_local_setup_util_sh.py'
[0.732s] INFO:colcon.colcon_core.shell:Creating prefix chain script '/home/asd/ros2_ws8/install/setup.sh'
[0.734s] INFO:colcon.colcon_core.shell:Creating prefix script '/home/asd/ros2_ws8/install/local_setup.bash'
[0.734s] INFO:colcon.colcon_core.shell:Creating prefix chain script '/home/asd/ros2_ws8/install/setup.bash'
[0.737s] INFO:colcon.colcon_core.shell:Creating prefix script '/home/asd/ros2_ws8/install/local_setup.zsh'
[0.737s] INFO:colcon.colcon_core.shell:Creating prefix chain script '/home/asd/ros2_ws8/install/setup.zsh'
