-- The C compiler identification is GNU 11.4.0
-- The CXX compiler identification is GNU 11.4.0
-- Detecting C compiler ABI info
-- Detecting C compiler ABI info - done
-- Check for working C compiler: /usr/bin/cc - skipped
-- Detecting C compile features
-- Detecting C compile features - done
-- Detecting CXX compiler ABI info
-- Detecting CXX compiler ABI info - done
-- Check for working CXX compiler: /usr/bin/c++ - skipped
-- Detecting CXX compile features
-- Detecting CXX compile features - done
-- Found ament_cmake: 1.3.11 (/opt/ros/humble/share/ament_cmake/cmake)
-- Found Python3: /home/asd/.pyenv/shims/python3 (found version "3.10.12") found components: Interpreter 
-- Found rosidl_default_generators: 1.2.0 (/opt/ros/humble/share/rosidl_default_generators/cmake)
-- Using all available rosidl_typesupport_c: rosidl_typesupport_fastrtps_c;rosidl_typesupport_introspection_c
-- Found rosidl_adapter: 3.1.6 (/opt/ros/humble/share/rosidl_adapter/cmake)
-- Using all available rosidl_typesupport_cpp: rosidl_typesupport_fastrtps_cpp;rosidl_typesupport_introspection_cpp
-- Found ament_cmake_ros: 0.10.0 (/opt/ros/humble/share/ament_cmake_ros/cmake)
-- Using all available rosidl_typesupport_c: rosidl_typesupport_fastrtps_c;rosidl_typesupport_introspection_c
-- Using all available rosidl_typesupport_cpp: rosidl_typesupport_fastrtps_cpp;rosidl_typesupport_introspection_cpp
-- Found PythonInterp: /home/asd/.pyenv/shims/python3 (found suitable version "3.10.12", minimum required is "3.6") 
-- Found python_cmake_module: 0.10.0 (/opt/ros/humble/share/python_cmake_module/cmake)
-- Found PythonLibs: /usr/lib/x86_64-linux-gnu/libpython3.10.so (found suitable version "3.10.12", minimum required is "3.5") 
-- Using PYTHON_EXECUTABLE: /home/asd/.pyenv/shims/python3
-- Using PYTHON_INCLUDE_DIRS: /usr/include/python3.10
-- Using PYTHON_LIBRARIES: /usr/lib/x86_64-linux-gnu/libpython3.10.so
-- Found PythonExtra: .so  
-- Configuring done
-- Generating done
-- Build files have been written to: /home/asd/ros2_ws7/build/custom_interfaces_anscer
[  2%] [34m[1mGenerating C code for ROS interfaces[0m
[  5%] [34m[1mGenerating C++ code for ROS interfaces[0m
[  5%] Built target ament_cmake_python_copy_custom_interfaces_anscer
running egg_info
creating custom_interfaces_anscer.egg-info
writing custom_interfaces_anscer.egg-info/PKG-INFO
writing dependency_links to custom_interfaces_anscer.egg-info/dependency_links.txt
writing top-level names to custom_interfaces_anscer.egg-info/top_level.txt
writing manifest file 'custom_interfaces_anscer.egg-info/SOURCES.txt'
reading manifest file 'custom_interfaces_anscer.egg-info/SOURCES.txt'
writing manifest file 'custom_interfaces_anscer.egg-info/SOURCES.txt'
[  5%] Built target ament_cmake_python_build_custom_interfaces_anscer_egg
[  5%] Built target custom_interfaces_anscer__cpp
[ 10%] [34m[1mGenerating C++ type support for eProsima Fast-RTPS[0m
[ 10%] [34m[1mGenerating C++ type support dispatch for ROS interfaces[0m
[ 12%] [34m[1mGenerating C++ introspection for ROS interfaces[0m
[ 15%] [32mBuilding C object CMakeFiles/custom_interfaces_anscer__rosidl_generator_c.dir/rosidl_generator_c/custom_interfaces_anscer/srv/detail/csv_path__functions.c.o[0m
[ 17%] [32mBuilding C object CMakeFiles/custom_interfaces_anscer__rosidl_generator_c.dir/rosidl_generator_c/custom_interfaces_anscer/srv/detail/time_in_sec__functions.c.o[0m
[ 20%] [32m[1mLinking C shared library libcustom_interfaces_anscer__rosidl_generator_c.so[0m
[ 20%] Built target custom_interfaces_anscer__rosidl_generator_c
[ 23%] [34m[1mGenerating C type support dispatch for ROS interfaces[0m
[ 28%] [34m[1mGenerating C introspection for ROS interfaces[0m
[ 28%] [34m[1mGenerating C type support for eProsima Fast-RTPS[0m
[ 33%] [32mBuilding CXX object CMakeFiles/custom_interfaces_anscer__rosidl_typesupport_cpp.dir/rosidl_typesupport_cpp/custom_interfaces_anscer/srv/time_in_sec__type_support.cpp.o[0m
[ 33%] [32mBuilding CXX object CMakeFiles/custom_interfaces_anscer__rosidl_typesupport_cpp.dir/rosidl_typesupport_cpp/custom_interfaces_anscer/srv/csv_path__type_support.cpp.o[0m
[ 35%] [32mBuilding CXX object CMakeFiles/custom_interfaces_anscer__rosidl_typesupport_introspection_cpp.dir/rosidl_typesupport_introspection_cpp/custom_interfaces_anscer/srv/detail/csv_path__type_support.cpp.o[0m
[ 38%] [32mBuilding CXX object CMakeFiles/custom_interfaces_anscer__rosidl_typesupport_introspection_cpp.dir/rosidl_typesupport_introspection_cpp/custom_interfaces_anscer/srv/detail/time_in_sec__type_support.cpp.o[0m
[ 41%] [32mBuilding CXX object CMakeFiles/custom_interfaces_anscer__rosidl_typesupport_fastrtps_cpp.dir/rosidl_typesupport_fastrtps_cpp/custom_interfaces_anscer/srv/detail/dds_fastrtps/csv_path__type_support.cpp.o[0m
[ 43%] [32mBuilding CXX object CMakeFiles/custom_interfaces_anscer__rosidl_typesupport_c.dir/rosidl_typesupport_c/custom_interfaces_anscer/srv/csv_path__type_support.cpp.o[0m
[ 46%] [32mBuilding CXX object CMakeFiles/custom_interfaces_anscer__rosidl_typesupport_fastrtps_c.dir/rosidl_typesupport_fastrtps_c/custom_interfaces_anscer/srv/detail/csv_path__type_support_c.cpp.o[0m
[ 48%] [32mBuilding CXX object CMakeFiles/custom_interfaces_anscer__rosidl_typesupport_c.dir/rosidl_typesupport_c/custom_interfaces_anscer/srv/time_in_sec__type_support.cpp.o[0m
[ 51%] [32m[1mLinking CXX shared library libcustom_interfaces_anscer__rosidl_typesupport_c.so[0m
[ 53%] [32mBuilding C object CMakeFiles/custom_interfaces_anscer__rosidl_typesupport_introspection_c.dir/rosidl_typesupport_introspection_c/custom_interfaces_anscer/srv/detail/csv_path__type_support.c.o[0m
[ 56%] [32mBuilding CXX object CMakeFiles/custom_interfaces_anscer__rosidl_typesupport_fastrtps_c.dir/rosidl_typesupport_fastrtps_c/custom_interfaces_anscer/srv/detail/time_in_sec__type_support_c.cpp.o[0m
[ 58%] [32m[1mLinking CXX shared library libcustom_interfaces_anscer__rosidl_typesupport_cpp.so[0m
[ 58%] Built target custom_interfaces_anscer__rosidl_typesupport_c
[ 61%] [32mBuilding CXX object CMakeFiles/custom_interfaces_anscer__rosidl_typesupport_fastrtps_cpp.dir/rosidl_typesupport_fastrtps_cpp/custom_interfaces_anscer/srv/detail/dds_fastrtps/time_in_sec__type_support.cpp.o[0m
[ 64%] [32mBuilding C object CMakeFiles/custom_interfaces_anscer__rosidl_typesupport_introspection_c.dir/rosidl_typesupport_introspection_c/custom_interfaces_anscer/srv/detail/time_in_sec__type_support.c.o[0m
[ 64%] Built target custom_interfaces_anscer__rosidl_typesupport_cpp
[ 66%] [32m[1mLinking C shared library libcustom_interfaces_anscer__rosidl_typesupport_introspection_c.so[0m
[ 66%] Built target custom_interfaces_anscer__rosidl_typesupport_introspection_c
[ 69%] [32m[1mLinking CXX shared library libcustom_interfaces_anscer__rosidl_typesupport_introspection_cpp.so[0m
[ 69%] Built target custom_interfaces_anscer__rosidl_typesupport_introspection_cpp
[ 71%] [32m[1mLinking CXX shared library libcustom_interfaces_anscer__rosidl_typesupport_fastrtps_c.so[0m
[ 74%] [32m[1mLinking CXX shared library libcustom_interfaces_anscer__rosidl_typesupport_fastrtps_cpp.so[0m
[ 74%] Built target custom_interfaces_anscer__rosidl_typesupport_fastrtps_c
[ 74%] Built target custom_interfaces_anscer__rosidl_typesupport_fastrtps_cpp
[ 74%] Built target custom_interfaces_anscer
[ 76%] [34m[1mGenerating Python code for ROS interfaces[0m
[ 76%] Built target custom_interfaces_anscer__py
[ 82%] [32mBuilding C object CMakeFiles/custom_interfaces_anscer__rosidl_generator_py.dir/rosidl_generator_py/custom_interfaces_anscer/srv/_time_in_sec_s.c.o[0m
[ 82%] [32mBuilding C object CMakeFiles/custom_interfaces_anscer__rosidl_generator_py.dir/rosidl_generator_py/custom_interfaces_anscer/srv/_csv_path_s.c.o[0m
[ 84%] [32m[1mLinking C shared library rosidl_generator_py/custom_interfaces_anscer/libcustom_interfaces_anscer__rosidl_generator_py.so[0m
[ 84%] Built target custom_interfaces_anscer__rosidl_generator_py
[ 92%] [32mBuilding C object CMakeFiles/custom_interfaces_anscer__rosidl_typesupport_c__pyext.dir/rosidl_generator_py/custom_interfaces_anscer/_custom_interfaces_anscer_s.ep.rosidl_typesupport_c.c.o[0m
[ 92%] [32mBuilding C object CMakeFiles/custom_interfaces_anscer__rosidl_typesupport_fastrtps_c__pyext.dir/rosidl_generator_py/custom_interfaces_anscer/_custom_interfaces_anscer_s.ep.rosidl_typesupport_fastrtps_c.c.o[0m
[ 92%] [32mBuilding C object CMakeFiles/custom_interfaces_anscer__rosidl_typesupport_introspection_c__pyext.dir/rosidl_generator_py/custom_interfaces_anscer/_custom_interfaces_anscer_s.ep.rosidl_typesupport_introspection_c.c.o[0m
[ 94%] [32m[1mLinking C shared library rosidl_generator_py/custom_interfaces_anscer/custom_interfaces_anscer_s__rosidl_typesupport_c.cpython-310-x86_64-linux-gnu.so[0m
[ 97%] [32m[1mLinking C shared library rosidl_generator_py/custom_interfaces_anscer/custom_interfaces_anscer_s__rosidl_typesupport_introspection_c.cpython-310-x86_64-linux-gnu.so[0m
[100%] [32m[1mLinking C shared library rosidl_generator_py/custom_interfaces_anscer/custom_interfaces_anscer_s__rosidl_typesupport_fastrtps_c.cpython-310-x86_64-linux-gnu.so[0m
[100%] Built target custom_interfaces_anscer__rosidl_typesupport_c__pyext
[100%] Built target custom_interfaces_anscer__rosidl_typesupport_introspection_c__pyext
[100%] Built target custom_interfaces_anscer__rosidl_typesupport_fastrtps_c__pyext
-- Install configuration: ""
-- Installing: /home/asd/ros2_ws7/install/custom_interfaces_anscer/share/ament_index/resource_index/rosidl_interfaces/custom_interfaces_anscer
-- Installing: /home/asd/ros2_ws7/install/custom_interfaces_anscer/include/custom_interfaces_anscer/custom_interfaces_anscer
-- Installing: /home/asd/ros2_ws7/install/custom_interfaces_anscer/include/custom_interfaces_anscer/custom_interfaces_anscer/msg
-- Installing: /home/asd/ros2_ws7/install/custom_interfaces_anscer/include/custom_interfaces_anscer/custom_interfaces_anscer/msg/rosidl_generator_c__visibility_control.h
-- Installing: /home/asd/ros2_ws7/install/custom_interfaces_anscer/include/custom_interfaces_anscer/custom_interfaces_anscer/srv
-- Installing: /home/asd/ros2_ws7/install/custom_interfaces_anscer/include/custom_interfaces_anscer/custom_interfaces_anscer/srv/time_in_sec.h
-- Installing: /home/asd/ros2_ws7/install/custom_interfaces_anscer/include/custom_interfaces_anscer/custom_interfaces_anscer/srv/detail
-- Installing: /home/asd/ros2_ws7/install/custom_interfaces_anscer/include/custom_interfaces_anscer/custom_interfaces_anscer/srv/detail/csv_path__struct.h
-- Installing: /home/asd/ros2_ws7/install/custom_interfaces_anscer/include/custom_interfaces_anscer/custom_interfaces_anscer/srv/detail/time_in_sec__functions.c
-- Installing: /home/asd/ros2_ws7/install/custom_interfaces_anscer/include/custom_interfaces_anscer/custom_interfaces_anscer/srv/detail/csv_path__type_support.h
-- Installing: /home/asd/ros2_ws7/install/custom_interfaces_anscer/include/custom_interfaces_anscer/custom_interfaces_anscer/srv/detail/time_in_sec__struct.h
-- Installing: /home/asd/ros2_ws7/install/custom_interfaces_anscer/include/custom_interfaces_anscer/custom_interfaces_anscer/srv/detail/time_in_sec__functions.h
-- Installing: /home/asd/ros2_ws7/install/custom_interfaces_anscer/include/custom_interfaces_anscer/custom_interfaces_anscer/srv/detail/csv_path__functions.c
-- Installing: /home/asd/ros2_ws7/install/custom_interfaces_anscer/include/custom_interfaces_anscer/custom_interfaces_anscer/srv/detail/csv_path__functions.h
-- Installing: /home/asd/ros2_ws7/install/custom_interfaces_anscer/include/custom_interfaces_anscer/custom_interfaces_anscer/srv/detail/time_in_sec__type_support.h
-- Installing: /home/asd/ros2_ws7/install/custom_interfaces_anscer/include/custom_interfaces_anscer/custom_interfaces_anscer/srv/csv_path.h
-- Installing: /home/asd/ros2_ws7/install/custom_interfaces_anscer/share/custom_interfaces_anscer/environment/library_path.sh
-- Installing: /home/asd/ros2_ws7/install/custom_interfaces_anscer/share/custom_interfaces_anscer/environment/library_path.dsv
-- Installing: /home/asd/ros2_ws7/install/custom_interfaces_anscer/lib/libcustom_interfaces_anscer__rosidl_generator_c.so
-- Set runtime path of "/home/asd/ros2_ws7/install/custom_interfaces_anscer/lib/libcustom_interfaces_anscer__rosidl_generator_c.so" to ""
-- Up-to-date: /home/asd/ros2_ws7/install/custom_interfaces_anscer/include/custom_interfaces_anscer/custom_interfaces_anscer
-- Up-to-date: /home/asd/ros2_ws7/install/custom_interfaces_anscer/include/custom_interfaces_anscer/custom_interfaces_anscer/msg
-- Installing: /home/asd/ros2_ws7/install/custom_interfaces_anscer/include/custom_interfaces_anscer/custom_interfaces_anscer/msg/rosidl_typesupport_fastrtps_c__visibility_control.h
-- Up-to-date: /home/asd/ros2_ws7/install/custom_interfaces_anscer/include/custom_interfaces_anscer/custom_interfaces_anscer/srv
-- Up-to-date: /home/asd/ros2_ws7/install/custom_interfaces_anscer/include/custom_interfaces_anscer/custom_interfaces_anscer/srv/detail
-- Installing: /home/asd/ros2_ws7/install/custom_interfaces_anscer/include/custom_interfaces_anscer/custom_interfaces_anscer/srv/detail/time_in_sec__rosidl_typesupport_fastrtps_c.h
-- Installing: /home/asd/ros2_ws7/install/custom_interfaces_anscer/include/custom_interfaces_anscer/custom_interfaces_anscer/srv/detail/csv_path__rosidl_typesupport_fastrtps_c.h
-- Installing: /home/asd/ros2_ws7/install/custom_interfaces_anscer/lib/libcustom_interfaces_anscer__rosidl_typesupport_fastrtps_c.so
-- Set runtime path of "/home/asd/ros2_ws7/install/custom_interfaces_anscer/lib/libcustom_interfaces_anscer__rosidl_typesupport_fastrtps_c.so" to ""
-- Up-to-date: /home/asd/ros2_ws7/install/custom_interfaces_anscer/include/custom_interfaces_anscer/custom_interfaces_anscer
-- Up-to-date: /home/asd/ros2_ws7/install/custom_interfaces_anscer/include/custom_interfaces_anscer/custom_interfaces_anscer/msg
-- Installing: /home/asd/ros2_ws7/install/custom_interfaces_anscer/include/custom_interfaces_anscer/custom_interfaces_anscer/msg/rosidl_typesupport_introspection_c__visibility_control.h
-- Up-to-date: /home/asd/ros2_ws7/install/custom_interfaces_anscer/include/custom_interfaces_anscer/custom_interfaces_anscer/srv
-- Up-to-date: /home/asd/ros2_ws7/install/custom_interfaces_anscer/include/custom_interfaces_anscer/custom_interfaces_anscer/srv/detail
-- Installing: /home/asd/ros2_ws7/install/custom_interfaces_anscer/include/custom_interfaces_anscer/custom_interfaces_anscer/srv/detail/csv_path__type_support.c
-- Installing: /home/asd/ros2_ws7/install/custom_interfaces_anscer/include/custom_interfaces_anscer/custom_interfaces_anscer/srv/detail/time_in_sec__type_support.c
-- Installing: /home/asd/ros2_ws7/install/custom_interfaces_anscer/include/custom_interfaces_anscer/custom_interfaces_anscer/srv/detail/time_in_sec__rosidl_typesupport_introspection_c.h
-- Installing: /home/asd/ros2_ws7/install/custom_interfaces_anscer/include/custom_interfaces_anscer/custom_interfaces_anscer/srv/detail/csv_path__rosidl_typesupport_introspection_c.h
-- Installing: /home/asd/ros2_ws7/install/custom_interfaces_anscer/lib/libcustom_interfaces_anscer__rosidl_typesupport_introspection_c.so
-- Set runtime path of "/home/asd/ros2_ws7/install/custom_interfaces_anscer/lib/libcustom_interfaces_anscer__rosidl_typesupport_introspection_c.so" to ""
-- Installing: /home/asd/ros2_ws7/install/custom_interfaces_anscer/lib/libcustom_interfaces_anscer__rosidl_typesupport_c.so
-- Set runtime path of "/home/asd/ros2_ws7/install/custom_interfaces_anscer/lib/libcustom_interfaces_anscer__rosidl_typesupport_c.so" to ""
-- Up-to-date: /home/asd/ros2_ws7/install/custom_interfaces_anscer/include/custom_interfaces_anscer/custom_interfaces_anscer
-- Up-to-date: /home/asd/ros2_ws7/install/custom_interfaces_anscer/include/custom_interfaces_anscer/custom_interfaces_anscer/msg
-- Installing: /home/asd/ros2_ws7/install/custom_interfaces_anscer/include/custom_interfaces_anscer/custom_interfaces_anscer/msg/rosidl_generator_cpp__visibility_control.hpp
-- Up-to-date: /home/asd/ros2_ws7/install/custom_interfaces_anscer/include/custom_interfaces_anscer/custom_interfaces_anscer/srv
-- Installing: /home/asd/ros2_ws7/install/custom_interfaces_anscer/include/custom_interfaces_anscer/custom_interfaces_anscer/srv/time_in_sec.hpp
-- Up-to-date: /home/asd/ros2_ws7/install/custom_interfaces_anscer/include/custom_interfaces_anscer/custom_interfaces_anscer/srv/detail
-- Installing: /home/asd/ros2_ws7/install/custom_interfaces_anscer/include/custom_interfaces_anscer/custom_interfaces_anscer/srv/detail/time_in_sec__traits.hpp
-- Installing: /home/asd/ros2_ws7/install/custom_interfaces_anscer/include/custom_interfaces_anscer/custom_interfaces_anscer/srv/detail/csv_path__builder.hpp
-- Installing: /home/asd/ros2_ws7/install/custom_interfaces_anscer/include/custom_interfaces_anscer/custom_interfaces_anscer/srv/detail/time_in_sec__builder.hpp
-- Installing: /home/asd/ros2_ws7/install/custom_interfaces_anscer/include/custom_interfaces_anscer/custom_interfaces_anscer/srv/detail/time_in_sec__struct.hpp
-- Installing: /home/asd/ros2_ws7/install/custom_interfaces_anscer/include/custom_interfaces_anscer/custom_interfaces_anscer/srv/detail/csv_path__type_support.hpp
-- Installing: /home/asd/ros2_ws7/install/custom_interfaces_anscer/include/custom_interfaces_anscer/custom_interfaces_anscer/srv/detail/time_in_sec__type_support.hpp
-- Installing: /home/asd/ros2_ws7/install/custom_interfaces_anscer/include/custom_interfaces_anscer/custom_interfaces_anscer/srv/detail/csv_path__struct.hpp
-- Installing: /home/asd/ros2_ws7/install/custom_interfaces_anscer/include/custom_interfaces_anscer/custom_interfaces_anscer/srv/detail/csv_path__traits.hpp
-- Installing: /home/asd/ros2_ws7/install/custom_interfaces_anscer/include/custom_interfaces_anscer/custom_interfaces_anscer/srv/csv_path.hpp
-- Up-to-date: /home/asd/ros2_ws7/install/custom_interfaces_anscer/include/custom_interfaces_anscer/custom_interfaces_anscer
-- Up-to-date: /home/asd/ros2_ws7/install/custom_interfaces_anscer/include/custom_interfaces_anscer/custom_interfaces_anscer/msg
-- Installing: /home/asd/ros2_ws7/install/custom_interfaces_anscer/include/custom_interfaces_anscer/custom_interfaces_anscer/msg/rosidl_typesupport_fastrtps_cpp__visibility_control.h
-- Up-to-date: /home/asd/ros2_ws7/install/custom_interfaces_anscer/include/custom_interfaces_anscer/custom_interfaces_anscer/srv
-- Up-to-date: /home/asd/ros2_ws7/install/custom_interfaces_anscer/include/custom_interfaces_anscer/custom_interfaces_anscer/srv/detail
-- Installing: /home/asd/ros2_ws7/install/custom_interfaces_anscer/include/custom_interfaces_anscer/custom_interfaces_anscer/srv/detail/dds_fastrtps
-- Installing: /home/asd/ros2_ws7/install/custom_interfaces_anscer/include/custom_interfaces_anscer/custom_interfaces_anscer/srv/detail/time_in_sec__rosidl_typesupport_fastrtps_cpp.hpp
-- Installing: /home/asd/ros2_ws7/install/custom_interfaces_anscer/include/custom_interfaces_anscer/custom_interfaces_anscer/srv/detail/csv_path__rosidl_typesupport_fastrtps_cpp.hpp
-- Installing: /home/asd/ros2_ws7/install/custom_interfaces_anscer/lib/libcustom_interfaces_anscer__rosidl_typesupport_fastrtps_cpp.so
-- Set runtime path of "/home/asd/ros2_ws7/install/custom_interfaces_anscer/lib/libcustom_interfaces_anscer__rosidl_typesupport_fastrtps_cpp.so" to ""
-- Up-to-date: /home/asd/ros2_ws7/install/custom_interfaces_anscer/include/custom_interfaces_anscer/custom_interfaces_anscer
-- Up-to-date: /home/asd/ros2_ws7/install/custom_interfaces_anscer/include/custom_interfaces_anscer/custom_interfaces_anscer/srv
-- Up-to-date: /home/asd/ros2_ws7/install/custom_interfaces_anscer/include/custom_interfaces_anscer/custom_interfaces_anscer/srv/detail
-- Installing: /home/asd/ros2_ws7/install/custom_interfaces_anscer/include/custom_interfaces_anscer/custom_interfaces_anscer/srv/detail/time_in_sec__rosidl_typesupport_introspection_cpp.hpp
-- Installing: /home/asd/ros2_ws7/install/custom_interfaces_anscer/include/custom_interfaces_anscer/custom_interfaces_anscer/srv/detail/time_in_sec__type_support.cpp
-- Installing: /home/asd/ros2_ws7/install/custom_interfaces_anscer/include/custom_interfaces_anscer/custom_interfaces_anscer/srv/detail/csv_path__rosidl_typesupport_introspection_cpp.hpp
-- Installing: /home/asd/ros2_ws7/install/custom_interfaces_anscer/include/custom_interfaces_anscer/custom_interfaces_anscer/srv/detail/csv_path__type_support.cpp
-- Installing: /home/asd/ros2_ws7/install/custom_interfaces_anscer/lib/libcustom_interfaces_anscer__rosidl_typesupport_introspection_cpp.so
-- Set runtime path of "/home/asd/ros2_ws7/install/custom_interfaces_anscer/lib/libcustom_interfaces_anscer__rosidl_typesupport_introspection_cpp.so" to ""
-- Installing: /home/asd/ros2_ws7/install/custom_interfaces_anscer/lib/libcustom_interfaces_anscer__rosidl_typesupport_cpp.so
-- Set runtime path of "/home/asd/ros2_ws7/install/custom_interfaces_anscer/lib/libcustom_interfaces_anscer__rosidl_typesupport_cpp.so" to ""
-- Installing: /home/asd/ros2_ws7/install/custom_interfaces_anscer/share/custom_interfaces_anscer/environment/pythonpath.sh
-- Installing: /home/asd/ros2_ws7/install/custom_interfaces_anscer/share/custom_interfaces_anscer/environment/pythonpath.dsv
-- Installing: /home/asd/ros2_ws7/install/custom_interfaces_anscer/local/lib/python3.10/dist-packages/custom_interfaces_anscer-0.0.0-py3.10.egg-info
-- Installing: /home/asd/ros2_ws7/install/custom_interfaces_anscer/local/lib/python3.10/dist-packages/custom_interfaces_anscer-0.0.0-py3.10.egg-info/top_level.txt
-- Installing: /home/asd/ros2_ws7/install/custom_interfaces_anscer/local/lib/python3.10/dist-packages/custom_interfaces_anscer-0.0.0-py3.10.egg-info/PKG-INFO
-- Installing: /home/asd/ros2_ws7/install/custom_interfaces_anscer/local/lib/python3.10/dist-packages/custom_interfaces_anscer-0.0.0-py3.10.egg-info/dependency_links.txt
-- Installing: /home/asd/ros2_ws7/install/custom_interfaces_anscer/local/lib/python3.10/dist-packages/custom_interfaces_anscer-0.0.0-py3.10.egg-info/SOURCES.txt
-- Installing: /home/asd/ros2_ws7/install/custom_interfaces_anscer/local/lib/python3.10/dist-packages/custom_interfaces_anscer
-- Installing: /home/asd/ros2_ws7/install/custom_interfaces_anscer/local/lib/python3.10/dist-packages/custom_interfaces_anscer/custom_interfaces_anscer_s__rosidl_typesupport_introspection_c.cpython-310-x86_64-linux-gnu.so
-- Installing: /home/asd/ros2_ws7/install/custom_interfaces_anscer/local/lib/python3.10/dist-packages/custom_interfaces_anscer/libcustom_interfaces_anscer__rosidl_generator_py.so
-- Installing: /home/asd/ros2_ws7/install/custom_interfaces_anscer/local/lib/python3.10/dist-packages/custom_interfaces_anscer/_custom_interfaces_anscer_s.ep.rosidl_typesupport_c.c
-- Installing: /home/asd/ros2_ws7/install/custom_interfaces_anscer/local/lib/python3.10/dist-packages/custom_interfaces_anscer/srv
-- Installing: /home/asd/ros2_ws7/install/custom_interfaces_anscer/local/lib/python3.10/dist-packages/custom_interfaces_anscer/srv/_csv_path.py
-- Installing: /home/asd/ros2_ws7/install/custom_interfaces_anscer/local/lib/python3.10/dist-packages/custom_interfaces_anscer/srv/_csv_path_s.c
-- Installing: /home/asd/ros2_ws7/install/custom_interfaces_anscer/local/lib/python3.10/dist-packages/custom_interfaces_anscer/srv/__init__.py
-- Installing: /home/asd/ros2_ws7/install/custom_interfaces_anscer/local/lib/python3.10/dist-packages/custom_interfaces_anscer/srv/_time_in_sec_s.c
-- Installing: /home/asd/ros2_ws7/install/custom_interfaces_anscer/local/lib/python3.10/dist-packages/custom_interfaces_anscer/srv/_time_in_sec.py
-- Installing: /home/asd/ros2_ws7/install/custom_interfaces_anscer/local/lib/python3.10/dist-packages/custom_interfaces_anscer/custom_interfaces_anscer_s__rosidl_typesupport_c.cpython-310-x86_64-linux-gnu.so
-- Installing: /home/asd/ros2_ws7/install/custom_interfaces_anscer/local/lib/python3.10/dist-packages/custom_interfaces_anscer/custom_interfaces_anscer_s__rosidl_typesupport_fastrtps_c.cpython-310-x86_64-linux-gnu.so
-- Installing: /home/asd/ros2_ws7/install/custom_interfaces_anscer/local/lib/python3.10/dist-packages/custom_interfaces_anscer/__init__.py
-- Installing: /home/asd/ros2_ws7/install/custom_interfaces_anscer/local/lib/python3.10/dist-packages/custom_interfaces_anscer/_custom_interfaces_anscer_s.ep.rosidl_typesupport_fastrtps_c.c
-- Installing: /home/asd/ros2_ws7/install/custom_interfaces_anscer/local/lib/python3.10/dist-packages/custom_interfaces_anscer/_custom_interfaces_anscer_s.ep.rosidl_typesupport_introspection_c.c
Listing '/home/asd/ros2_ws7/install/custom_interfaces_anscer/local/lib/python3.10/dist-packages/custom_interfaces_anscer'...
Compiling '/home/asd/ros2_ws7/install/custom_interfaces_anscer/local/lib/python3.10/dist-packages/custom_interfaces_anscer/__init__.py'...
Listing '/home/asd/ros2_ws7/install/custom_interfaces_anscer/local/lib/python3.10/dist-packages/custom_interfaces_anscer/srv'...
Compiling '/home/asd/ros2_ws7/install/custom_interfaces_anscer/local/lib/python3.10/dist-packages/custom_interfaces_anscer/srv/__init__.py'...
Compiling '/home/asd/ros2_ws7/install/custom_interfaces_anscer/local/lib/python3.10/dist-packages/custom_interfaces_anscer/srv/_csv_path.py'...
Compiling '/home/asd/ros2_ws7/install/custom_interfaces_anscer/local/lib/python3.10/dist-packages/custom_interfaces_anscer/srv/_time_in_sec.py'...
-- Installing: /home/asd/ros2_ws7/install/custom_interfaces_anscer/local/lib/python3.10/dist-packages/custom_interfaces_anscer/custom_interfaces_anscer_s__rosidl_typesupport_fastrtps_c.cpython-310-x86_64-linux-gnu.so
-- Set runtime path of "/home/asd/ros2_ws7/install/custom_interfaces_anscer/local/lib/python3.10/dist-packages/custom_interfaces_anscer/custom_interfaces_anscer_s__rosidl_typesupport_fastrtps_c.cpython-310-x86_64-linux-gnu.so" to ""
-- Installing: /home/asd/ros2_ws7/install/custom_interfaces_anscer/local/lib/python3.10/dist-packages/custom_interfaces_anscer/custom_interfaces_anscer_s__rosidl_typesupport_introspection_c.cpython-310-x86_64-linux-gnu.so
-- Set runtime path of "/home/asd/ros2_ws7/install/custom_interfaces_anscer/local/lib/python3.10/dist-packages/custom_interfaces_anscer/custom_interfaces_anscer_s__rosidl_typesupport_introspection_c.cpython-310-x86_64-linux-gnu.so" to ""
-- Installing: /home/asd/ros2_ws7/install/custom_interfaces_anscer/local/lib/python3.10/dist-packages/custom_interfaces_anscer/custom_interfaces_anscer_s__rosidl_typesupport_c.cpython-310-x86_64-linux-gnu.so
-- Set runtime path of "/home/asd/ros2_ws7/install/custom_interfaces_anscer/local/lib/python3.10/dist-packages/custom_interfaces_anscer/custom_interfaces_anscer_s__rosidl_typesupport_c.cpython-310-x86_64-linux-gnu.so" to ""
-- Installing: /home/asd/ros2_ws7/install/custom_interfaces_anscer/lib/libcustom_interfaces_anscer__rosidl_generator_py.so
-- Set runtime path of "/home/asd/ros2_ws7/install/custom_interfaces_anscer/lib/libcustom_interfaces_anscer__rosidl_generator_py.so" to ""
-- Installing: /home/asd/ros2_ws7/install/custom_interfaces_anscer/share/custom_interfaces_anscer/srv/CsvPath.idl
-- Installing: /home/asd/ros2_ws7/install/custom_interfaces_anscer/share/custom_interfaces_anscer/srv/TimeInSec.idl
-- Installing: /home/asd/ros2_ws7/install/custom_interfaces_anscer/share/custom_interfaces_anscer/srv/CsvPath.srv
-- Installing: /home/asd/ros2_ws7/install/custom_interfaces_anscer/share/custom_interfaces_anscer/srv/CsvPath_Request.msg
-- Installing: /home/asd/ros2_ws7/install/custom_interfaces_anscer/share/custom_interfaces_anscer/srv/CsvPath_Response.msg
-- Installing: /home/asd/ros2_ws7/install/custom_interfaces_anscer/share/custom_interfaces_anscer/srv/TimeInSec.srv
-- Installing: /home/asd/ros2_ws7/install/custom_interfaces_anscer/share/custom_interfaces_anscer/srv/TimeInSec_Request.msg
-- Installing: /home/asd/ros2_ws7/install/custom_interfaces_anscer/share/custom_interfaces_anscer/srv/TimeInSec_Response.msg
-- Installing: /home/asd/ros2_ws7/install/custom_interfaces_anscer/share/ament_index/resource_index/package_run_dependencies/custom_interfaces_anscer
-- Installing: /home/asd/ros2_ws7/install/custom_interfaces_anscer/share/ament_index/resource_index/parent_prefix_path/custom_interfaces_anscer
-- Installing: /home/asd/ros2_ws7/install/custom_interfaces_anscer/share/custom_interfaces_anscer/environment/ament_prefix_path.sh
-- Installing: /home/asd/ros2_ws7/install/custom_interfaces_anscer/share/custom_interfaces_anscer/environment/ament_prefix_path.dsv
-- Installing: /home/asd/ros2_ws7/install/custom_interfaces_anscer/share/custom_interfaces_anscer/environment/path.sh
-- Installing: /home/asd/ros2_ws7/install/custom_interfaces_anscer/share/custom_interfaces_anscer/environment/path.dsv
-- Installing: /home/asd/ros2_ws7/install/custom_interfaces_anscer/share/custom_interfaces_anscer/local_setup.bash
-- Installing: /home/asd/ros2_ws7/install/custom_interfaces_anscer/share/custom_interfaces_anscer/local_setup.sh
-- Installing: /home/asd/ros2_ws7/install/custom_interfaces_anscer/share/custom_interfaces_anscer/local_setup.zsh
-- Installing: /home/asd/ros2_ws7/install/custom_interfaces_anscer/share/custom_interfaces_anscer/local_setup.dsv
-- Installing: /home/asd/ros2_ws7/install/custom_interfaces_anscer/share/custom_interfaces_anscer/package.dsv
-- Installing: /home/asd/ros2_ws7/install/custom_interfaces_anscer/share/ament_index/resource_index/packages/custom_interfaces_anscer
-- Installing: /home/asd/ros2_ws7/install/custom_interfaces_anscer/share/custom_interfaces_anscer/cmake/export_custom_interfaces_anscer__rosidl_generator_cExport.cmake
-- Installing: /home/asd/ros2_ws7/install/custom_interfaces_anscer/share/custom_interfaces_anscer/cmake/export_custom_interfaces_anscer__rosidl_generator_cExport-noconfig.cmake
-- Installing: /home/asd/ros2_ws7/install/custom_interfaces_anscer/share/custom_interfaces_anscer/cmake/export_custom_interfaces_anscer__rosidl_typesupport_fastrtps_cExport.cmake
-- Installing: /home/asd/ros2_ws7/install/custom_interfaces_anscer/share/custom_interfaces_anscer/cmake/export_custom_interfaces_anscer__rosidl_typesupport_fastrtps_cExport-noconfig.cmake
-- Installing: /home/asd/ros2_ws7/install/custom_interfaces_anscer/share/custom_interfaces_anscer/cmake/custom_interfaces_anscer__rosidl_typesupport_introspection_cExport.cmake
-- Installing: /home/asd/ros2_ws7/install/custom_interfaces_anscer/share/custom_interfaces_anscer/cmake/custom_interfaces_anscer__rosidl_typesupport_introspection_cExport-noconfig.cmake
-- Installing: /home/asd/ros2_ws7/install/custom_interfaces_anscer/share/custom_interfaces_anscer/cmake/custom_interfaces_anscer__rosidl_typesupport_cExport.cmake
-- Installing: /home/asd/ros2_ws7/install/custom_interfaces_anscer/share/custom_interfaces_anscer/cmake/custom_interfaces_anscer__rosidl_typesupport_cExport-noconfig.cmake
-- Installing: /home/asd/ros2_ws7/install/custom_interfaces_anscer/share/custom_interfaces_anscer/cmake/export_custom_interfaces_anscer__rosidl_generator_cppExport.cmake
-- Installing: /home/asd/ros2_ws7/install/custom_interfaces_anscer/share/custom_interfaces_anscer/cmake/export_custom_interfaces_anscer__rosidl_typesupport_fastrtps_cppExport.cmake
-- Installing: /home/asd/ros2_ws7/install/custom_interfaces_anscer/share/custom_interfaces_anscer/cmake/export_custom_interfaces_anscer__rosidl_typesupport_fastrtps_cppExport-noconfig.cmake
-- Installing: /home/asd/ros2_ws7/install/custom_interfaces_anscer/share/custom_interfaces_anscer/cmake/custom_interfaces_anscer__rosidl_typesupport_introspection_cppExport.cmake
-- Installing: /home/asd/ros2_ws7/install/custom_interfaces_anscer/share/custom_interfaces_anscer/cmake/custom_interfaces_anscer__rosidl_typesupport_introspection_cppExport-noconfig.cmake
-- Installing: /home/asd/ros2_ws7/install/custom_interfaces_anscer/share/custom_interfaces_anscer/cmake/custom_interfaces_anscer__rosidl_typesupport_cppExport.cmake
-- Installing: /home/asd/ros2_ws7/install/custom_interfaces_anscer/share/custom_interfaces_anscer/cmake/custom_interfaces_anscer__rosidl_typesupport_cppExport-noconfig.cmake
-- Installing: /home/asd/ros2_ws7/install/custom_interfaces_anscer/share/custom_interfaces_anscer/cmake/export_custom_interfaces_anscer__rosidl_generator_pyExport.cmake
-- Installing: /home/asd/ros2_ws7/install/custom_interfaces_anscer/share/custom_interfaces_anscer/cmake/export_custom_interfaces_anscer__rosidl_generator_pyExport-noconfig.cmake
-- Installing: /home/asd/ros2_ws7/install/custom_interfaces_anscer/share/custom_interfaces_anscer/cmake/rosidl_cmake-extras.cmake
-- Installing: /home/asd/ros2_ws7/install/custom_interfaces_anscer/share/custom_interfaces_anscer/cmake/ament_cmake_export_include_directories-extras.cmake
-- Installing: /home/asd/ros2_ws7/install/custom_interfaces_anscer/share/custom_interfaces_anscer/cmake/ament_cmake_export_libraries-extras.cmake
-- Installing: /home/asd/ros2_ws7/install/custom_interfaces_anscer/share/custom_interfaces_anscer/cmake/ament_cmake_export_targets-extras.cmake
-- Installing: /home/asd/ros2_ws7/install/custom_interfaces_anscer/share/custom_interfaces_anscer/cmake/rosidl_cmake_export_typesupport_targets-extras.cmake
-- Installing: /home/asd/ros2_ws7/install/custom_interfaces_anscer/share/custom_interfaces_anscer/cmake/ament_cmake_export_dependencies-extras.cmake
-- Installing: /home/asd/ros2_ws7/install/custom_interfaces_anscer/share/custom_interfaces_anscer/cmake/rosidl_cmake_export_typesupport_libraries-extras.cmake
-- Installing: /home/asd/ros2_ws7/install/custom_interfaces_anscer/share/custom_interfaces_anscer/cmake/custom_interfaces_anscerConfig.cmake
-- Installing: /home/asd/ros2_ws7/install/custom_interfaces_anscer/share/custom_interfaces_anscer/cmake/custom_interfaces_anscerConfig-version.cmake
-- Installing: /home/asd/ros2_ws7/install/custom_interfaces_anscer/share/custom_interfaces_anscer/package.xml
