[0.027s] Invoking command in '/home/asd/ros2_ws7/build/custom_interfaces_anscer': CMAKE_PREFIX_PATH=${CMAKE_PREFIX_PATH}:/home/asd/ros2_ws7/install/my_py_pkg_anscer:/home/asd/ros2_ws4/install/esp_wifi:/home/asd/ros2_ws4/install/maping_odom:/home/asd/ros2_ws/install/turtlesim_catch_them_all:/home/asd/ros2_ws/install/my_py_pkg:/opt/ros/humble /usr/bin/cmake /home/asd/ros2_ws7/src/custom_interfaces_anscer -DCMAKE_INSTALL_PREFIX=/home/asd/ros2_ws7/install/custom_interfaces_anscer
[0.184s] -- The C compiler identification is GNU 11.4.0
[0.302s] -- The CXX compiler identification is GNU 11.4.0
[0.324s] -- Detecting C compiler ABI info
[0.404s] -- Detecting C compiler ABI info - done
[0.411s] -- Check for working C compiler: /usr/bin/cc - skipped
[0.411s] -- Detecting C compile features
[0.412s] -- Detecting C compile features - done
[0.418s] -- Detecting CXX compiler ABI info
[0.503s] -- Detecting CXX compiler ABI info - done
[0.511s] -- Check for working CXX compiler: /usr/bin/c++ - skipped
[0.511s] -- Detecting CXX compile features
[0.512s] -- Detecting CXX compile features - done
[0.531s] -- Found ament_cmake: 1.3.11 (/opt/ros/humble/share/ament_cmake/cmake)
[1.046s] -- Found Python3: /home/asd/.pyenv/shims/python3 (found version "3.10.12") found components: Interpreter 
[1.296s] -- Found rosidl_default_generators: 1.2.0 (/opt/ros/humble/share/rosidl_default_generators/cmake)
[1.313s] -- Using all available rosidl_typesupport_c: rosidl_typesupport_fastrtps_c;rosidl_typesupport_introspection_c
[1.332s] -- Found rosidl_adapter: 3.1.6 (/opt/ros/humble/share/rosidl_adapter/cmake)
[1.442s] -- Using all available rosidl_typesupport_cpp: rosidl_typesupport_fastrtps_cpp;rosidl_typesupport_introspection_cpp
[2.038s] -- Found ament_cmake_ros: 0.10.0 (/opt/ros/humble/share/ament_cmake_ros/cmake)
[2.441s] -- Using all available rosidl_typesupport_c: rosidl_typesupport_fastrtps_c;rosidl_typesupport_introspection_c
[2.945s] -- Using all available rosidl_typesupport_cpp: rosidl_typesupport_fastrtps_cpp;rosidl_typesupport_introspection_cpp
[3.032s] -- Found PythonInterp: /home/asd/.pyenv/shims/python3 (found suitable version "3.10.12", minimum required is "3.6") 
[3.038s] -- Found python_cmake_module: 0.10.0 (/opt/ros/humble/share/python_cmake_module/cmake)
[3.125s] -- Found PythonLibs: /usr/lib/x86_64-linux-gnu/libpython3.10.so (found suitable version "3.10.12", minimum required is "3.5") 
[3.126s] -- Using PYTHON_EXECUTABLE: /home/asd/.pyenv/shims/python3
[3.126s] -- Using PYTHON_INCLUDE_DIRS: /usr/include/python3.10
[3.126s] -- Using PYTHON_LIBRARIES: /usr/lib/x86_64-linux-gnu/libpython3.10.so
[3.203s] -- Found PythonExtra: .so  
[3.320s] -- Configuring done
[3.351s] -- Generating done
[3.361s] -- Build files have been written to: /home/asd/ros2_ws7/build/custom_interfaces_anscer
[3.369s] Invoked command in '/home/asd/ros2_ws7/build/custom_interfaces_anscer' returned '0': CMAKE_PREFIX_PATH=${CMAKE_PREFIX_PATH}:/home/asd/ros2_ws7/install/my_py_pkg_anscer:/home/asd/ros2_ws4/install/esp_wifi:/home/asd/ros2_ws4/install/maping_odom:/home/asd/ros2_ws/install/turtlesim_catch_them_all:/home/asd/ros2_ws/install/my_py_pkg:/opt/ros/humble /usr/bin/cmake /home/asd/ros2_ws7/src/custom_interfaces_anscer -DCMAKE_INSTALL_PREFIX=/home/asd/ros2_ws7/install/custom_interfaces_anscer
[3.371s] Invoking command in '/home/asd/ros2_ws7/build/custom_interfaces_anscer': CMAKE_PREFIX_PATH=${CMAKE_PREFIX_PATH}:/home/asd/ros2_ws7/install/my_py_pkg_anscer:/home/asd/ros2_ws4/install/esp_wifi:/home/asd/ros2_ws4/install/maping_odom:/home/asd/ros2_ws/install/turtlesim_catch_them_all:/home/asd/ros2_ws/install/my_py_pkg:/opt/ros/humble /usr/bin/cmake --build /home/asd/ros2_ws7/build/custom_interfaces_anscer -- -j8 -l8
[3.416s] [  2%] [34m[1mGenerating C code for ROS interfaces[0m
[3.425s] [  5%] [34m[1mGenerating C++ code for ROS interfaces[0m
[3.435s] [  5%] Built target ament_cmake_python_copy_custom_interfaces_anscer
[3.764s] running egg_info
[3.764s] creating custom_interfaces_anscer.egg-info
[3.765s] writing custom_interfaces_anscer.egg-info/PKG-INFO
[3.765s] writing dependency_links to custom_interfaces_anscer.egg-info/dependency_links.txt
[3.765s] writing top-level names to custom_interfaces_anscer.egg-info/top_level.txt
[3.765s] writing manifest file 'custom_interfaces_anscer.egg-info/SOURCES.txt'
[3.768s] reading manifest file 'custom_interfaces_anscer.egg-info/SOURCES.txt'
[3.769s] writing manifest file 'custom_interfaces_anscer.egg-info/SOURCES.txt'
[3.797s] [  5%] Built target ament_cmake_python_build_custom_interfaces_anscer_egg
[3.866s] [  5%] Built target custom_interfaces_anscer__cpp
[3.877s] [ 10%] [34m[1mGenerating C++ type support for eProsima Fast-RTPS[0m
[3.877s] [ 10%] [34m[1mGenerating C++ type support dispatch for ROS interfaces[0m
[3.877s] [ 12%] [34m[1mGenerating C++ introspection for ROS interfaces[0m
[3.884s] [ 15%] [32mBuilding C object CMakeFiles/custom_interfaces_anscer__rosidl_generator_c.dir/rosidl_generator_c/custom_interfaces_anscer/srv/detail/csv_path__functions.c.o[0m
[3.884s] [ 17%] [32mBuilding C object CMakeFiles/custom_interfaces_anscer__rosidl_generator_c.dir/rosidl_generator_c/custom_interfaces_anscer/srv/detail/time_in_sec__functions.c.o[0m
[4.007s] [ 20%] [32m[1mLinking C shared library libcustom_interfaces_anscer__rosidl_generator_c.so[0m
[4.049s] [ 20%] Built target custom_interfaces_anscer__rosidl_generator_c
[4.062s] [ 23%] [34m[1mGenerating C type support dispatch for ROS interfaces[0m
[4.065s] [ 28%] [34m[1mGenerating C introspection for ROS interfaces[0m
[4.065s] [ 28%] [34m[1mGenerating C type support for eProsima Fast-RTPS[0m
[4.282s] [ 33%] [32mBuilding CXX object CMakeFiles/custom_interfaces_anscer__rosidl_typesupport_cpp.dir/rosidl_typesupport_cpp/custom_interfaces_anscer/srv/time_in_sec__type_support.cpp.o[0m
[4.282s] [ 33%] [32mBuilding CXX object CMakeFiles/custom_interfaces_anscer__rosidl_typesupport_cpp.dir/rosidl_typesupport_cpp/custom_interfaces_anscer/srv/csv_path__type_support.cpp.o[0m
[4.402s] [ 35%] [32mBuilding CXX object CMakeFiles/custom_interfaces_anscer__rosidl_typesupport_introspection_cpp.dir/rosidl_typesupport_introspection_cpp/custom_interfaces_anscer/srv/detail/csv_path__type_support.cpp.o[0m
[4.403s] [ 38%] [32mBuilding CXX object CMakeFiles/custom_interfaces_anscer__rosidl_typesupport_introspection_cpp.dir/rosidl_typesupport_introspection_cpp/custom_interfaces_anscer/srv/detail/time_in_sec__type_support.cpp.o[0m
[4.473s] [ 41%] [32mBuilding CXX object CMakeFiles/custom_interfaces_anscer__rosidl_typesupport_fastrtps_cpp.dir/rosidl_typesupport_fastrtps_cpp/custom_interfaces_anscer/srv/detail/dds_fastrtps/csv_path__type_support.cpp.o[0m
[4.623s] [ 43%] [32mBuilding CXX object CMakeFiles/custom_interfaces_anscer__rosidl_typesupport_c.dir/rosidl_typesupport_c/custom_interfaces_anscer/srv/csv_path__type_support.cpp.o[0m
[4.648s] [ 46%] [32mBuilding CXX object CMakeFiles/custom_interfaces_anscer__rosidl_typesupport_fastrtps_c.dir/rosidl_typesupport_fastrtps_c/custom_interfaces_anscer/srv/detail/csv_path__type_support_c.cpp.o[0m
[4.680s] [ 48%] [32mBuilding CXX object CMakeFiles/custom_interfaces_anscer__rosidl_typesupport_c.dir/rosidl_typesupport_c/custom_interfaces_anscer/srv/time_in_sec__type_support.cpp.o[0m
[4.728s] [ 51%] [32m[1mLinking CXX shared library libcustom_interfaces_anscer__rosidl_typesupport_c.so[0m
[4.764s] [ 53%] [32mBuilding C object CMakeFiles/custom_interfaces_anscer__rosidl_typesupport_introspection_c.dir/rosidl_typesupport_introspection_c/custom_interfaces_anscer/srv/detail/csv_path__type_support.c.o[0m
[4.794s] [ 56%] [32mBuilding CXX object CMakeFiles/custom_interfaces_anscer__rosidl_typesupport_fastrtps_c.dir/rosidl_typesupport_fastrtps_c/custom_interfaces_anscer/srv/detail/time_in_sec__type_support_c.cpp.o[0m
[4.797s] [ 58%] [32m[1mLinking CXX shared library libcustom_interfaces_anscer__rosidl_typesupport_cpp.so[0m
[4.802s] [ 58%] Built target custom_interfaces_anscer__rosidl_typesupport_c
[4.816s] [ 61%] [32mBuilding CXX object CMakeFiles/custom_interfaces_anscer__rosidl_typesupport_fastrtps_cpp.dir/rosidl_typesupport_fastrtps_cpp/custom_interfaces_anscer/srv/detail/dds_fastrtps/time_in_sec__type_support.cpp.o[0m
[4.825s] [ 64%] [32mBuilding C object CMakeFiles/custom_interfaces_anscer__rosidl_typesupport_introspection_c.dir/rosidl_typesupport_introspection_c/custom_interfaces_anscer/srv/detail/time_in_sec__type_support.c.o[0m
[4.879s] [ 64%] Built target custom_interfaces_anscer__rosidl_typesupport_cpp
[4.883s] [ 66%] [32m[1mLinking C shared library libcustom_interfaces_anscer__rosidl_typesupport_introspection_c.so[0m
[4.935s] [ 66%] Built target custom_interfaces_anscer__rosidl_typesupport_introspection_c
[5.052s] [ 69%] [32m[1mLinking CXX shared library libcustom_interfaces_anscer__rosidl_typesupport_introspection_cpp.so[0m
[5.162s] [ 69%] Built target custom_interfaces_anscer__rosidl_typesupport_introspection_cpp
[5.232s] [ 71%] [32m[1mLinking CXX shared library libcustom_interfaces_anscer__rosidl_typesupport_fastrtps_c.so[0m
[5.291s] [ 74%] [32m[1mLinking CXX shared library libcustom_interfaces_anscer__rosidl_typesupport_fastrtps_cpp.so[0m
[5.315s] [ 74%] Built target custom_interfaces_anscer__rosidl_typesupport_fastrtps_c
[5.372s] [ 74%] Built target custom_interfaces_anscer__rosidl_typesupport_fastrtps_cpp
[5.394s] [ 74%] Built target custom_interfaces_anscer
[5.417s] [ 76%] [34m[1mGenerating Python code for ROS interfaces[0m
[5.994s] [ 76%] Built target custom_interfaces_anscer__py
[6.016s] [ 82%] [32mBuilding C object CMakeFiles/custom_interfaces_anscer__rosidl_generator_py.dir/rosidl_generator_py/custom_interfaces_anscer/srv/_time_in_sec_s.c.o[0m
[6.016s] [ 82%] [32mBuilding C object CMakeFiles/custom_interfaces_anscer__rosidl_generator_py.dir/rosidl_generator_py/custom_interfaces_anscer/srv/_csv_path_s.c.o[0m
[6.174s] [ 84%] [32m[1mLinking C shared library rosidl_generator_py/custom_interfaces_anscer/libcustom_interfaces_anscer__rosidl_generator_py.so[0m
[6.216s] [ 84%] Built target custom_interfaces_anscer__rosidl_generator_py
[6.239s] [ 92%] [32mBuilding C object CMakeFiles/custom_interfaces_anscer__rosidl_typesupport_c__pyext.dir/rosidl_generator_py/custom_interfaces_anscer/_custom_interfaces_anscer_s.ep.rosidl_typesupport_c.c.o[0m
[6.240s] [ 92%] [32mBuilding C object CMakeFiles/custom_interfaces_anscer__rosidl_typesupport_fastrtps_c__pyext.dir/rosidl_generator_py/custom_interfaces_anscer/_custom_interfaces_anscer_s.ep.rosidl_typesupport_fastrtps_c.c.o[0m
[6.240s] [ 92%] [32mBuilding C object CMakeFiles/custom_interfaces_anscer__rosidl_typesupport_introspection_c__pyext.dir/rosidl_generator_py/custom_interfaces_anscer/_custom_interfaces_anscer_s.ep.rosidl_typesupport_introspection_c.c.o[0m
[6.344s] [ 94%] [32m[1mLinking C shared library rosidl_generator_py/custom_interfaces_anscer/custom_interfaces_anscer_s__rosidl_typesupport_c.cpython-310-x86_64-linux-gnu.so[0m
[6.345s] [ 97%] [32m[1mLinking C shared library rosidl_generator_py/custom_interfaces_anscer/custom_interfaces_anscer_s__rosidl_typesupport_introspection_c.cpython-310-x86_64-linux-gnu.so[0m
[6.348s] [100%] [32m[1mLinking C shared library rosidl_generator_py/custom_interfaces_anscer/custom_interfaces_anscer_s__rosidl_typesupport_fastrtps_c.cpython-310-x86_64-linux-gnu.so[0m
[6.381s] [100%] Built target custom_interfaces_anscer__rosidl_typesupport_c__pyext
[6.381s] [100%] Built target custom_interfaces_anscer__rosidl_typesupport_introspection_c__pyext
[6.386s] [100%] Built target custom_interfaces_anscer__rosidl_typesupport_fastrtps_c__pyext
[6.399s] Invoked command in '/home/asd/ros2_ws7/build/custom_interfaces_anscer' returned '0': CMAKE_PREFIX_PATH=${CMAKE_PREFIX_PATH}:/home/asd/ros2_ws7/install/my_py_pkg_anscer:/home/asd/ros2_ws4/install/esp_wifi:/home/asd/ros2_ws4/install/maping_odom:/home/asd/ros2_ws/install/turtlesim_catch_them_all:/home/asd/ros2_ws/install/my_py_pkg:/opt/ros/humble /usr/bin/cmake --build /home/asd/ros2_ws7/build/custom_interfaces_anscer -- -j8 -l8
[6.410s] Invoking command in '/home/asd/ros2_ws7/build/custom_interfaces_anscer': CMAKE_PREFIX_PATH=${CMAKE_PREFIX_PATH}:/home/asd/ros2_ws7/install/my_py_pkg_anscer:/home/asd/ros2_ws4/install/esp_wifi:/home/asd/ros2_ws4/install/maping_odom:/home/asd/ros2_ws/install/turtlesim_catch_them_all:/home/asd/ros2_ws/install/my_py_pkg:/opt/ros/humble /usr/bin/cmake --install /home/asd/ros2_ws7/build/custom_interfaces_anscer
[6.419s] -- Install configuration: ""
[6.419s] -- Installing: /home/asd/ros2_ws7/install/custom_interfaces_anscer/share/ament_index/resource_index/rosidl_interfaces/custom_interfaces_anscer
[6.419s] -- Installing: /home/asd/ros2_ws7/install/custom_interfaces_anscer/include/custom_interfaces_anscer/custom_interfaces_anscer
[6.419s] -- Installing: /home/asd/ros2_ws7/install/custom_interfaces_anscer/include/custom_interfaces_anscer/custom_interfaces_anscer/msg
[6.419s] -- Installing: /home/asd/ros2_ws7/install/custom_interfaces_anscer/include/custom_interfaces_anscer/custom_interfaces_anscer/msg/rosidl_generator_c__visibility_control.h
[6.420s] -- Installing: /home/asd/ros2_ws7/install/custom_interfaces_anscer/include/custom_interfaces_anscer/custom_interfaces_anscer/srv
[6.420s] -- Installing: /home/asd/ros2_ws7/install/custom_interfaces_anscer/include/custom_interfaces_anscer/custom_interfaces_anscer/srv/time_in_sec.h
[6.420s] -- Installing: /home/asd/ros2_ws7/install/custom_interfaces_anscer/include/custom_interfaces_anscer/custom_interfaces_anscer/srv/detail
[6.420s] -- Installing: /home/asd/ros2_ws7/install/custom_interfaces_anscer/include/custom_interfaces_anscer/custom_interfaces_anscer/srv/detail/csv_path__struct.h
[6.420s] -- Installing: /home/asd/ros2_ws7/install/custom_interfaces_anscer/include/custom_interfaces_anscer/custom_interfaces_anscer/srv/detail/time_in_sec__functions.c
[6.420s] -- Installing: /home/asd/ros2_ws7/install/custom_interfaces_anscer/include/custom_interfaces_anscer/custom_interfaces_anscer/srv/detail/csv_path__type_support.h
[6.420s] -- Installing: /home/asd/ros2_ws7/install/custom_interfaces_anscer/include/custom_interfaces_anscer/custom_interfaces_anscer/srv/detail/time_in_sec__struct.h
[6.420s] -- Installing: /home/asd/ros2_ws7/install/custom_interfaces_anscer/include/custom_interfaces_anscer/custom_interfaces_anscer/srv/detail/time_in_sec__functions.h
[6.420s] -- Installing: /home/asd/ros2_ws7/install/custom_interfaces_anscer/include/custom_interfaces_anscer/custom_interfaces_anscer/srv/detail/csv_path__functions.c
[6.420s] -- Installing: /home/asd/ros2_ws7/install/custom_interfaces_anscer/include/custom_interfaces_anscer/custom_interfaces_anscer/srv/detail/csv_path__functions.h
[6.421s] -- Installing: /home/asd/ros2_ws7/install/custom_interfaces_anscer/include/custom_interfaces_anscer/custom_interfaces_anscer/srv/detail/time_in_sec__type_support.h
[6.421s] -- Installing: /home/asd/ros2_ws7/install/custom_interfaces_anscer/include/custom_interfaces_anscer/custom_interfaces_anscer/srv/csv_path.h
[6.421s] -- Installing: /home/asd/ros2_ws7/install/custom_interfaces_anscer/share/custom_interfaces_anscer/environment/library_path.sh
[6.421s] -- Installing: /home/asd/ros2_ws7/install/custom_interfaces_anscer/share/custom_interfaces_anscer/environment/library_path.dsv
[6.421s] -- Installing: /home/asd/ros2_ws7/install/custom_interfaces_anscer/lib/libcustom_interfaces_anscer__rosidl_generator_c.so
[6.422s] -- Set runtime path of "/home/asd/ros2_ws7/install/custom_interfaces_anscer/lib/libcustom_interfaces_anscer__rosidl_generator_c.so" to ""
[6.422s] -- Up-to-date: /home/asd/ros2_ws7/install/custom_interfaces_anscer/include/custom_interfaces_anscer/custom_interfaces_anscer
[6.422s] -- Up-to-date: /home/asd/ros2_ws7/install/custom_interfaces_anscer/include/custom_interfaces_anscer/custom_interfaces_anscer/msg
[6.422s] -- Installing: /home/asd/ros2_ws7/install/custom_interfaces_anscer/include/custom_interfaces_anscer/custom_interfaces_anscer/msg/rosidl_typesupport_fastrtps_c__visibility_control.h
[6.422s] -- Up-to-date: /home/asd/ros2_ws7/install/custom_interfaces_anscer/include/custom_interfaces_anscer/custom_interfaces_anscer/srv
[6.422s] -- Up-to-date: /home/asd/ros2_ws7/install/custom_interfaces_anscer/include/custom_interfaces_anscer/custom_interfaces_anscer/srv/detail
[6.422s] -- Installing: /home/asd/ros2_ws7/install/custom_interfaces_anscer/include/custom_interfaces_anscer/custom_interfaces_anscer/srv/detail/time_in_sec__rosidl_typesupport_fastrtps_c.h
[6.422s] -- Installing: /home/asd/ros2_ws7/install/custom_interfaces_anscer/include/custom_interfaces_anscer/custom_interfaces_anscer/srv/detail/csv_path__rosidl_typesupport_fastrtps_c.h
[6.422s] -- Installing: /home/asd/ros2_ws7/install/custom_interfaces_anscer/lib/libcustom_interfaces_anscer__rosidl_typesupport_fastrtps_c.so
[6.423s] -- Set runtime path of "/home/asd/ros2_ws7/install/custom_interfaces_anscer/lib/libcustom_interfaces_anscer__rosidl_typesupport_fastrtps_c.so" to ""
[6.423s] -- Up-to-date: /home/asd/ros2_ws7/install/custom_interfaces_anscer/include/custom_interfaces_anscer/custom_interfaces_anscer
[6.423s] -- Up-to-date: /home/asd/ros2_ws7/install/custom_interfaces_anscer/include/custom_interfaces_anscer/custom_interfaces_anscer/msg
[6.423s] -- Installing: /home/asd/ros2_ws7/install/custom_interfaces_anscer/include/custom_interfaces_anscer/custom_interfaces_anscer/msg/rosidl_typesupport_introspection_c__visibility_control.h
[6.423s] -- Up-to-date: /home/asd/ros2_ws7/install/custom_interfaces_anscer/include/custom_interfaces_anscer/custom_interfaces_anscer/srv
[6.423s] -- Up-to-date: /home/asd/ros2_ws7/install/custom_interfaces_anscer/include/custom_interfaces_anscer/custom_interfaces_anscer/srv/detail
[6.423s] -- Installing: /home/asd/ros2_ws7/install/custom_interfaces_anscer/include/custom_interfaces_anscer/custom_interfaces_anscer/srv/detail/csv_path__type_support.c
[6.423s] -- Installing: /home/asd/ros2_ws7/install/custom_interfaces_anscer/include/custom_interfaces_anscer/custom_interfaces_anscer/srv/detail/time_in_sec__type_support.c
[6.423s] -- Installing: /home/asd/ros2_ws7/install/custom_interfaces_anscer/include/custom_interfaces_anscer/custom_interfaces_anscer/srv/detail/time_in_sec__rosidl_typesupport_introspection_c.h
[6.424s] -- Installing: /home/asd/ros2_ws7/install/custom_interfaces_anscer/include/custom_interfaces_anscer/custom_interfaces_anscer/srv/detail/csv_path__rosidl_typesupport_introspection_c.h
[6.424s] -- Installing: /home/asd/ros2_ws7/install/custom_interfaces_anscer/lib/libcustom_interfaces_anscer__rosidl_typesupport_introspection_c.so
[6.424s] -- Set runtime path of "/home/asd/ros2_ws7/install/custom_interfaces_anscer/lib/libcustom_interfaces_anscer__rosidl_typesupport_introspection_c.so" to ""
[6.424s] -- Installing: /home/asd/ros2_ws7/install/custom_interfaces_anscer/lib/libcustom_interfaces_anscer__rosidl_typesupport_c.so
[6.425s] -- Set runtime path of "/home/asd/ros2_ws7/install/custom_interfaces_anscer/lib/libcustom_interfaces_anscer__rosidl_typesupport_c.so" to ""
[6.425s] -- Up-to-date: /home/asd/ros2_ws7/install/custom_interfaces_anscer/include/custom_interfaces_anscer/custom_interfaces_anscer
[6.425s] -- Up-to-date: /home/asd/ros2_ws7/install/custom_interfaces_anscer/include/custom_interfaces_anscer/custom_interfaces_anscer/msg
[6.425s] -- Installing: /home/asd/ros2_ws7/install/custom_interfaces_anscer/include/custom_interfaces_anscer/custom_interfaces_anscer/msg/rosidl_generator_cpp__visibility_control.hpp
[6.425s] -- Up-to-date: /home/asd/ros2_ws7/install/custom_interfaces_anscer/include/custom_interfaces_anscer/custom_interfaces_anscer/srv
[6.425s] -- Installing: /home/asd/ros2_ws7/install/custom_interfaces_anscer/include/custom_interfaces_anscer/custom_interfaces_anscer/srv/time_in_sec.hpp
[6.425s] -- Up-to-date: /home/asd/ros2_ws7/install/custom_interfaces_anscer/include/custom_interfaces_anscer/custom_interfaces_anscer/srv/detail
[6.425s] -- Installing: /home/asd/ros2_ws7/install/custom_interfaces_anscer/include/custom_interfaces_anscer/custom_interfaces_anscer/srv/detail/time_in_sec__traits.hpp
[6.425s] -- Installing: /home/asd/ros2_ws7/install/custom_interfaces_anscer/include/custom_interfaces_anscer/custom_interfaces_anscer/srv/detail/csv_path__builder.hpp
[6.425s] -- Installing: /home/asd/ros2_ws7/install/custom_interfaces_anscer/include/custom_interfaces_anscer/custom_interfaces_anscer/srv/detail/time_in_sec__builder.hpp
[6.426s] -- Installing: /home/asd/ros2_ws7/install/custom_interfaces_anscer/include/custom_interfaces_anscer/custom_interfaces_anscer/srv/detail/time_in_sec__struct.hpp
[6.426s] -- Installing: /home/asd/ros2_ws7/install/custom_interfaces_anscer/include/custom_interfaces_anscer/custom_interfaces_anscer/srv/detail/csv_path__type_support.hpp
[6.426s] -- Installing: /home/asd/ros2_ws7/install/custom_interfaces_anscer/include/custom_interfaces_anscer/custom_interfaces_anscer/srv/detail/time_in_sec__type_support.hpp
[6.426s] -- Installing: /home/asd/ros2_ws7/install/custom_interfaces_anscer/include/custom_interfaces_anscer/custom_interfaces_anscer/srv/detail/csv_path__struct.hpp
[6.426s] -- Installing: /home/asd/ros2_ws7/install/custom_interfaces_anscer/include/custom_interfaces_anscer/custom_interfaces_anscer/srv/detail/csv_path__traits.hpp
[6.426s] -- Installing: /home/asd/ros2_ws7/install/custom_interfaces_anscer/include/custom_interfaces_anscer/custom_interfaces_anscer/srv/csv_path.hpp
[6.426s] -- Up-to-date: /home/asd/ros2_ws7/install/custom_interfaces_anscer/include/custom_interfaces_anscer/custom_interfaces_anscer
[6.426s] -- Up-to-date: /home/asd/ros2_ws7/install/custom_interfaces_anscer/include/custom_interfaces_anscer/custom_interfaces_anscer/msg
[6.426s] -- Installing: /home/asd/ros2_ws7/install/custom_interfaces_anscer/include/custom_interfaces_anscer/custom_interfaces_anscer/msg/rosidl_typesupport_fastrtps_cpp__visibility_control.h
[6.426s] -- Up-to-date: /home/asd/ros2_ws7/install/custom_interfaces_anscer/include/custom_interfaces_anscer/custom_interfaces_anscer/srv
[6.426s] -- Up-to-date: /home/asd/ros2_ws7/install/custom_interfaces_anscer/include/custom_interfaces_anscer/custom_interfaces_anscer/srv/detail
[6.426s] -- Installing: /home/asd/ros2_ws7/install/custom_interfaces_anscer/include/custom_interfaces_anscer/custom_interfaces_anscer/srv/detail/dds_fastrtps
[6.426s] -- Installing: /home/asd/ros2_ws7/install/custom_interfaces_anscer/include/custom_interfaces_anscer/custom_interfaces_anscer/srv/detail/time_in_sec__rosidl_typesupport_fastrtps_cpp.hpp
[6.427s] -- Installing: /home/asd/ros2_ws7/install/custom_interfaces_anscer/include/custom_interfaces_anscer/custom_interfaces_anscer/srv/detail/csv_path__rosidl_typesupport_fastrtps_cpp.hpp
[6.427s] -- Installing: /home/asd/ros2_ws7/install/custom_interfaces_anscer/lib/libcustom_interfaces_anscer__rosidl_typesupport_fastrtps_cpp.so
[6.427s] -- Set runtime path of "/home/asd/ros2_ws7/install/custom_interfaces_anscer/lib/libcustom_interfaces_anscer__rosidl_typesupport_fastrtps_cpp.so" to ""
[6.427s] -- Up-to-date: /home/asd/ros2_ws7/install/custom_interfaces_anscer/include/custom_interfaces_anscer/custom_interfaces_anscer
[6.427s] -- Up-to-date: /home/asd/ros2_ws7/install/custom_interfaces_anscer/include/custom_interfaces_anscer/custom_interfaces_anscer/srv
[6.428s] -- Up-to-date: /home/asd/ros2_ws7/install/custom_interfaces_anscer/include/custom_interfaces_anscer/custom_interfaces_anscer/srv/detail
[6.428s] -- Installing: /home/asd/ros2_ws7/install/custom_interfaces_anscer/include/custom_interfaces_anscer/custom_interfaces_anscer/srv/detail/time_in_sec__rosidl_typesupport_introspection_cpp.hpp
[6.428s] -- Installing: /home/asd/ros2_ws7/install/custom_interfaces_anscer/include/custom_interfaces_anscer/custom_interfaces_anscer/srv/detail/time_in_sec__type_support.cpp
[6.428s] -- Installing: /home/asd/ros2_ws7/install/custom_interfaces_anscer/include/custom_interfaces_anscer/custom_interfaces_anscer/srv/detail/csv_path__rosidl_typesupport_introspection_cpp.hpp
[6.428s] -- Installing: /home/asd/ros2_ws7/install/custom_interfaces_anscer/include/custom_interfaces_anscer/custom_interfaces_anscer/srv/detail/csv_path__type_support.cpp
[6.428s] -- Installing: /home/asd/ros2_ws7/install/custom_interfaces_anscer/lib/libcustom_interfaces_anscer__rosidl_typesupport_introspection_cpp.so
[6.430s] -- Set runtime path of "/home/asd/ros2_ws7/install/custom_interfaces_anscer/lib/libcustom_interfaces_anscer__rosidl_typesupport_introspection_cpp.so" to ""
[6.430s] -- Installing: /home/asd/ros2_ws7/install/custom_interfaces_anscer/lib/libcustom_interfaces_anscer__rosidl_typesupport_cpp.so
[6.431s] -- Set runtime path of "/home/asd/ros2_ws7/install/custom_interfaces_anscer/lib/libcustom_interfaces_anscer__rosidl_typesupport_cpp.so" to ""
[6.431s] -- Installing: /home/asd/ros2_ws7/install/custom_interfaces_anscer/share/custom_interfaces_anscer/environment/pythonpath.sh
[6.431s] -- Installing: /home/asd/ros2_ws7/install/custom_interfaces_anscer/share/custom_interfaces_anscer/environment/pythonpath.dsv
[6.431s] -- Installing: /home/asd/ros2_ws7/install/custom_interfaces_anscer/local/lib/python3.10/dist-packages/custom_interfaces_anscer-0.0.0-py3.10.egg-info
[6.431s] -- Installing: /home/asd/ros2_ws7/install/custom_interfaces_anscer/local/lib/python3.10/dist-packages/custom_interfaces_anscer-0.0.0-py3.10.egg-info/top_level.txt
[6.432s] -- Installing: /home/asd/ros2_ws7/install/custom_interfaces_anscer/local/lib/python3.10/dist-packages/custom_interfaces_anscer-0.0.0-py3.10.egg-info/PKG-INFO
[6.432s] -- Installing: /home/asd/ros2_ws7/install/custom_interfaces_anscer/local/lib/python3.10/dist-packages/custom_interfaces_anscer-0.0.0-py3.10.egg-info/dependency_links.txt
[6.432s] -- Installing: /home/asd/ros2_ws7/install/custom_interfaces_anscer/local/lib/python3.10/dist-packages/custom_interfaces_anscer-0.0.0-py3.10.egg-info/SOURCES.txt
[6.432s] -- Installing: /home/asd/ros2_ws7/install/custom_interfaces_anscer/local/lib/python3.10/dist-packages/custom_interfaces_anscer
[6.432s] -- Installing: /home/asd/ros2_ws7/install/custom_interfaces_anscer/local/lib/python3.10/dist-packages/custom_interfaces_anscer/custom_interfaces_anscer_s__rosidl_typesupport_introspection_c.cpython-310-x86_64-linux-gnu.so
[6.432s] -- Installing: /home/asd/ros2_ws7/install/custom_interfaces_anscer/local/lib/python3.10/dist-packages/custom_interfaces_anscer/libcustom_interfaces_anscer__rosidl_generator_py.so
[6.432s] -- Installing: /home/asd/ros2_ws7/install/custom_interfaces_anscer/local/lib/python3.10/dist-packages/custom_interfaces_anscer/_custom_interfaces_anscer_s.ep.rosidl_typesupport_c.c
[6.433s] -- Installing: /home/asd/ros2_ws7/install/custom_interfaces_anscer/local/lib/python3.10/dist-packages/custom_interfaces_anscer/srv
[6.433s] -- Installing: /home/asd/ros2_ws7/install/custom_interfaces_anscer/local/lib/python3.10/dist-packages/custom_interfaces_anscer/srv/_csv_path.py
[6.433s] -- Installing: /home/asd/ros2_ws7/install/custom_interfaces_anscer/local/lib/python3.10/dist-packages/custom_interfaces_anscer/srv/_csv_path_s.c
[6.433s] -- Installing: /home/asd/ros2_ws7/install/custom_interfaces_anscer/local/lib/python3.10/dist-packages/custom_interfaces_anscer/srv/__init__.py
[6.433s] -- Installing: /home/asd/ros2_ws7/install/custom_interfaces_anscer/local/lib/python3.10/dist-packages/custom_interfaces_anscer/srv/_time_in_sec_s.c
[6.433s] -- Installing: /home/asd/ros2_ws7/install/custom_interfaces_anscer/local/lib/python3.10/dist-packages/custom_interfaces_anscer/srv/_time_in_sec.py
[6.433s] -- Installing: /home/asd/ros2_ws7/install/custom_interfaces_anscer/local/lib/python3.10/dist-packages/custom_interfaces_anscer/custom_interfaces_anscer_s__rosidl_typesupport_c.cpython-310-x86_64-linux-gnu.so
[6.433s] -- Installing: /home/asd/ros2_ws7/install/custom_interfaces_anscer/local/lib/python3.10/dist-packages/custom_interfaces_anscer/custom_interfaces_anscer_s__rosidl_typesupport_fastrtps_c.cpython-310-x86_64-linux-gnu.so
[6.433s] -- Installing: /home/asd/ros2_ws7/install/custom_interfaces_anscer/local/lib/python3.10/dist-packages/custom_interfaces_anscer/__init__.py
[6.433s] -- Installing: /home/asd/ros2_ws7/install/custom_interfaces_anscer/local/lib/python3.10/dist-packages/custom_interfaces_anscer/_custom_interfaces_anscer_s.ep.rosidl_typesupport_fastrtps_c.c
[6.434s] -- Installing: /home/asd/ros2_ws7/install/custom_interfaces_anscer/local/lib/python3.10/dist-packages/custom_interfaces_anscer/_custom_interfaces_anscer_s.ep.rosidl_typesupport_introspection_c.c
[6.535s] Listing '/home/asd/ros2_ws7/install/custom_interfaces_anscer/local/lib/python3.10/dist-packages/custom_interfaces_anscer'...
[6.536s] Compiling '/home/asd/ros2_ws7/install/custom_interfaces_anscer/local/lib/python3.10/dist-packages/custom_interfaces_anscer/__init__.py'...
[6.536s] Listing '/home/asd/ros2_ws7/install/custom_interfaces_anscer/local/lib/python3.10/dist-packages/custom_interfaces_anscer/srv'...
[6.536s] Compiling '/home/asd/ros2_ws7/install/custom_interfaces_anscer/local/lib/python3.10/dist-packages/custom_interfaces_anscer/srv/__init__.py'...
[6.536s] Compiling '/home/asd/ros2_ws7/install/custom_interfaces_anscer/local/lib/python3.10/dist-packages/custom_interfaces_anscer/srv/_csv_path.py'...
[6.536s] Compiling '/home/asd/ros2_ws7/install/custom_interfaces_anscer/local/lib/python3.10/dist-packages/custom_interfaces_anscer/srv/_time_in_sec.py'...
[6.541s] -- Installing: /home/asd/ros2_ws7/install/custom_interfaces_anscer/local/lib/python3.10/dist-packages/custom_interfaces_anscer/custom_interfaces_anscer_s__rosidl_typesupport_fastrtps_c.cpython-310-x86_64-linux-gnu.so
[6.541s] -- Set runtime path of "/home/asd/ros2_ws7/install/custom_interfaces_anscer/local/lib/python3.10/dist-packages/custom_interfaces_anscer/custom_interfaces_anscer_s__rosidl_typesupport_fastrtps_c.cpython-310-x86_64-linux-gnu.so" to ""
[6.542s] -- Installing: /home/asd/ros2_ws7/install/custom_interfaces_anscer/local/lib/python3.10/dist-packages/custom_interfaces_anscer/custom_interfaces_anscer_s__rosidl_typesupport_introspection_c.cpython-310-x86_64-linux-gnu.so
[6.542s] -- Set runtime path of "/home/asd/ros2_ws7/install/custom_interfaces_anscer/local/lib/python3.10/dist-packages/custom_interfaces_anscer/custom_interfaces_anscer_s__rosidl_typesupport_introspection_c.cpython-310-x86_64-linux-gnu.so" to ""
[6.542s] -- Installing: /home/asd/ros2_ws7/install/custom_interfaces_anscer/local/lib/python3.10/dist-packages/custom_interfaces_anscer/custom_interfaces_anscer_s__rosidl_typesupport_c.cpython-310-x86_64-linux-gnu.so
[6.543s] -- Set runtime path of "/home/asd/ros2_ws7/install/custom_interfaces_anscer/local/lib/python3.10/dist-packages/custom_interfaces_anscer/custom_interfaces_anscer_s__rosidl_typesupport_c.cpython-310-x86_64-linux-gnu.so" to ""
[6.543s] -- Installing: /home/asd/ros2_ws7/install/custom_interfaces_anscer/lib/libcustom_interfaces_anscer__rosidl_generator_py.so
[6.543s] -- Set runtime path of "/home/asd/ros2_ws7/install/custom_interfaces_anscer/lib/libcustom_interfaces_anscer__rosidl_generator_py.so" to ""
[6.543s] -- Installing: /home/asd/ros2_ws7/install/custom_interfaces_anscer/share/custom_interfaces_anscer/srv/CsvPath.idl
[6.543s] -- Installing: /home/asd/ros2_ws7/install/custom_interfaces_anscer/share/custom_interfaces_anscer/srv/TimeInSec.idl
[6.544s] -- Installing: /home/asd/ros2_ws7/install/custom_interfaces_anscer/share/custom_interfaces_anscer/srv/CsvPath.srv
[6.544s] -- Installing: /home/asd/ros2_ws7/install/custom_interfaces_anscer/share/custom_interfaces_anscer/srv/CsvPath_Request.msg
[6.544s] -- Installing: /home/asd/ros2_ws7/install/custom_interfaces_anscer/share/custom_interfaces_anscer/srv/CsvPath_Response.msg
[6.544s] -- Installing: /home/asd/ros2_ws7/install/custom_interfaces_anscer/share/custom_interfaces_anscer/srv/TimeInSec.srv
[6.544s] -- Installing: /home/asd/ros2_ws7/install/custom_interfaces_anscer/share/custom_interfaces_anscer/srv/TimeInSec_Request.msg
[6.544s] -- Installing: /home/asd/ros2_ws7/install/custom_interfaces_anscer/share/custom_interfaces_anscer/srv/TimeInSec_Response.msg
[6.544s] -- Installing: /home/asd/ros2_ws7/install/custom_interfaces_anscer/share/ament_index/resource_index/package_run_dependencies/custom_interfaces_anscer
[6.545s] -- Installing: /home/asd/ros2_ws7/install/custom_interfaces_anscer/share/ament_index/resource_index/parent_prefix_path/custom_interfaces_anscer
[6.545s] -- Installing: /home/asd/ros2_ws7/install/custom_interfaces_anscer/share/custom_interfaces_anscer/environment/ament_prefix_path.sh
[6.545s] -- Installing: /home/asd/ros2_ws7/install/custom_interfaces_anscer/share/custom_interfaces_anscer/environment/ament_prefix_path.dsv
[6.545s] -- Installing: /home/asd/ros2_ws7/install/custom_interfaces_anscer/share/custom_interfaces_anscer/environment/path.sh
[6.545s] -- Installing: /home/asd/ros2_ws7/install/custom_interfaces_anscer/share/custom_interfaces_anscer/environment/path.dsv
[6.545s] -- Installing: /home/asd/ros2_ws7/install/custom_interfaces_anscer/share/custom_interfaces_anscer/local_setup.bash
[6.545s] -- Installing: /home/asd/ros2_ws7/install/custom_interfaces_anscer/share/custom_interfaces_anscer/local_setup.sh
[6.546s] -- Installing: /home/asd/ros2_ws7/install/custom_interfaces_anscer/share/custom_interfaces_anscer/local_setup.zsh
[6.546s] -- Installing: /home/asd/ros2_ws7/install/custom_interfaces_anscer/share/custom_interfaces_anscer/local_setup.dsv
[6.546s] -- Installing: /home/asd/ros2_ws7/install/custom_interfaces_anscer/share/custom_interfaces_anscer/package.dsv
[6.546s] -- Installing: /home/asd/ros2_ws7/install/custom_interfaces_anscer/share/ament_index/resource_index/packages/custom_interfaces_anscer
[6.546s] -- Installing: /home/asd/ros2_ws7/install/custom_interfaces_anscer/share/custom_interfaces_anscer/cmake/export_custom_interfaces_anscer__rosidl_generator_cExport.cmake
[6.547s] -- Installing: /home/asd/ros2_ws7/install/custom_interfaces_anscer/share/custom_interfaces_anscer/cmake/export_custom_interfaces_anscer__rosidl_generator_cExport-noconfig.cmake
[6.547s] -- Installing: /home/asd/ros2_ws7/install/custom_interfaces_anscer/share/custom_interfaces_anscer/cmake/export_custom_interfaces_anscer__rosidl_typesupport_fastrtps_cExport.cmake
[6.547s] -- Installing: /home/asd/ros2_ws7/install/custom_interfaces_anscer/share/custom_interfaces_anscer/cmake/export_custom_interfaces_anscer__rosidl_typesupport_fastrtps_cExport-noconfig.cmake
[6.547s] -- Installing: /home/asd/ros2_ws7/install/custom_interfaces_anscer/share/custom_interfaces_anscer/cmake/custom_interfaces_anscer__rosidl_typesupport_introspection_cExport.cmake
[6.547s] -- Installing: /home/asd/ros2_ws7/install/custom_interfaces_anscer/share/custom_interfaces_anscer/cmake/custom_interfaces_anscer__rosidl_typesupport_introspection_cExport-noconfig.cmake
[6.547s] -- Installing: /home/asd/ros2_ws7/install/custom_interfaces_anscer/share/custom_interfaces_anscer/cmake/custom_interfaces_anscer__rosidl_typesupport_cExport.cmake
[6.547s] -- Installing: /home/asd/ros2_ws7/install/custom_interfaces_anscer/share/custom_interfaces_anscer/cmake/custom_interfaces_anscer__rosidl_typesupport_cExport-noconfig.cmake
[6.547s] -- Installing: /home/asd/ros2_ws7/install/custom_interfaces_anscer/share/custom_interfaces_anscer/cmake/export_custom_interfaces_anscer__rosidl_generator_cppExport.cmake
[6.548s] -- Installing: /home/asd/ros2_ws7/install/custom_interfaces_anscer/share/custom_interfaces_anscer/cmake/export_custom_interfaces_anscer__rosidl_typesupport_fastrtps_cppExport.cmake
[6.548s] -- Installing: /home/asd/ros2_ws7/install/custom_interfaces_anscer/share/custom_interfaces_anscer/cmake/export_custom_interfaces_anscer__rosidl_typesupport_fastrtps_cppExport-noconfig.cmake
[6.548s] -- Installing: /home/asd/ros2_ws7/install/custom_interfaces_anscer/share/custom_interfaces_anscer/cmake/custom_interfaces_anscer__rosidl_typesupport_introspection_cppExport.cmake
[6.548s] -- Installing: /home/asd/ros2_ws7/install/custom_interfaces_anscer/share/custom_interfaces_anscer/cmake/custom_interfaces_anscer__rosidl_typesupport_introspection_cppExport-noconfig.cmake
[6.548s] -- Installing: /home/asd/ros2_ws7/install/custom_interfaces_anscer/share/custom_interfaces_anscer/cmake/custom_interfaces_anscer__rosidl_typesupport_cppExport.cmake
[6.548s] -- Installing: /home/asd/ros2_ws7/install/custom_interfaces_anscer/share/custom_interfaces_anscer/cmake/custom_interfaces_anscer__rosidl_typesupport_cppExport-noconfig.cmake
[6.549s] -- Installing: /home/asd/ros2_ws7/install/custom_interfaces_anscer/share/custom_interfaces_anscer/cmake/export_custom_interfaces_anscer__rosidl_generator_pyExport.cmake
[6.549s] -- Installing: /home/asd/ros2_ws7/install/custom_interfaces_anscer/share/custom_interfaces_anscer/cmake/export_custom_interfaces_anscer__rosidl_generator_pyExport-noconfig.cmake
[6.549s] -- Installing: /home/asd/ros2_ws7/install/custom_interfaces_anscer/share/custom_interfaces_anscer/cmake/rosidl_cmake-extras.cmake
[6.549s] -- Installing: /home/asd/ros2_ws7/install/custom_interfaces_anscer/share/custom_interfaces_anscer/cmake/ament_cmake_export_include_directories-extras.cmake
[6.549s] -- Installing: /home/asd/ros2_ws7/install/custom_interfaces_anscer/share/custom_interfaces_anscer/cmake/ament_cmake_export_libraries-extras.cmake
[6.549s] -- Installing: /home/asd/ros2_ws7/install/custom_interfaces_anscer/share/custom_interfaces_anscer/cmake/ament_cmake_export_targets-extras.cmake
[6.549s] -- Installing: /home/asd/ros2_ws7/install/custom_interfaces_anscer/share/custom_interfaces_anscer/cmake/rosidl_cmake_export_typesupport_targets-extras.cmake
[6.550s] -- Installing: /home/asd/ros2_ws7/install/custom_interfaces_anscer/share/custom_interfaces_anscer/cmake/ament_cmake_export_dependencies-extras.cmake
[6.550s] -- Installing: /home/asd/ros2_ws7/install/custom_interfaces_anscer/share/custom_interfaces_anscer/cmake/rosidl_cmake_export_typesupport_libraries-extras.cmake
[6.550s] -- Installing: /home/asd/ros2_ws7/install/custom_interfaces_anscer/share/custom_interfaces_anscer/cmake/custom_interfaces_anscerConfig.cmake
[6.550s] -- Installing: /home/asd/ros2_ws7/install/custom_interfaces_anscer/share/custom_interfaces_anscer/cmake/custom_interfaces_anscerConfig-version.cmake
[6.550s] -- Installing: /home/asd/ros2_ws7/install/custom_interfaces_anscer/share/custom_interfaces_anscer/package.xml
[6.553s] Invoked command in '/home/asd/ros2_ws7/build/custom_interfaces_anscer' returned '0': CMAKE_PREFIX_PATH=${CMAKE_PREFIX_PATH}:/home/asd/ros2_ws7/install/my_py_pkg_anscer:/home/asd/ros2_ws4/install/esp_wifi:/home/asd/ros2_ws4/install/maping_odom:/home/asd/ros2_ws/install/turtlesim_catch_them_all:/home/asd/ros2_ws/install/my_py_pkg:/opt/ros/humble /usr/bin/cmake --install /home/asd/ros2_ws7/build/custom_interfaces_anscer
