[0.117s] DEBUG:colcon:Command line arguments: ['/usr/bin/colcon', 'build']
[0.117s] DEBUG:colcon:Parsed command line arguments: Namespace(log_base=None, log_level=None, verb_name='build', build_base='build', install_base='install', merge_install=False, symlink_install=False, test_result_base=None, continue_on_error=False, executor='parallel', parallel_workers=8, event_handlers=None, ignore_user_meta=False, metas=['./colcon.meta'], base_paths=['.'], packages_ignore=None, packages_ignore_regex=None, paths=None, packages_up_to=None, packages_up_to_regex=None, packages_above=None, packages_above_and_dependencies=None, packages_above_depth=None, packages_select_by_dep=None, packages_skip_by_dep=None, packages_skip_up_to=None, packages_select_build_failed=False, packages_skip_build_finished=False, packages_select_test_failures=False, packages_skip_test_passed=False, packages_select=None, packages_skip=None, packages_select_regex=None, packages_skip_regex=None, packages_start=None, packages_end=None, allow_overriding=[], cmake_args=None, cmake_target=None, cmake_target_skip_unavailable=False, cmake_clean_cache=False, cmake_clean_first=False, cmake_force_configure=False, ament_cmake_args=None, catkin_cmake_args=None, catkin_skip_building_tests=False, mixin_files=None, mixin=None, verb_parser=<colcon_mixin.mixin.mixin_argument.MixinArgumentDecorator object at 0x7417aff88ee0>, verb_extension=<colcon_core.verb.build.BuildVerb object at 0x7417aff886d0>, main=<bound method BuildVerb.main of <colcon_core.verb.build.BuildVerb object at 0x7417aff886d0>>, mixin_verb=('build',))
[0.302s] Level 1:colcon.colcon_core.package_discovery:discover_packages(colcon_meta) check parameters
[0.302s] Level 1:colcon.colcon_core.package_discovery:discover_packages(recursive) check parameters
[0.302s] Level 1:colcon.colcon_core.package_discovery:discover_packages(ignore) check parameters
[0.302s] Level 1:colcon.colcon_core.package_discovery:discover_packages(path) check parameters
[0.302s] Level 1:colcon.colcon_core.package_discovery:discover_packages(colcon_meta) discover
[0.302s] Level 1:colcon.colcon_core.package_discovery:discover_packages(recursive) discover
[0.302s] INFO:colcon.colcon_core.package_discovery:Crawling recursively for packages in '/home/asd/ros2_ws9'
[0.302s] Level 1:colcon.colcon_core.package_identification:_identify(.) by extensions ['ignore', 'ignore_ament_install']
[0.302s] Level 1:colcon.colcon_core.package_identification:_identify(.) by extension 'ignore'
[0.302s] Level 1:colcon.colcon_core.package_identification:_identify(.) by extension 'ignore_ament_install'
[0.302s] Level 1:colcon.colcon_core.package_identification:_identify(.) by extensions ['colcon_pkg']
[0.302s] Level 1:colcon.colcon_core.package_identification:_identify(.) by extension 'colcon_pkg'
[0.302s] Level 1:colcon.colcon_core.package_identification:_identify(.) by extensions ['colcon_meta']
[0.303s] Level 1:colcon.colcon_core.package_identification:_identify(.) by extension 'colcon_meta'
[0.303s] Level 1:colcon.colcon_core.package_identification:_identify(.) by extensions ['ros']
[0.303s] Level 1:colcon.colcon_core.package_identification:_identify(.) by extension 'ros'
[0.313s] Level 1:colcon.colcon_core.package_identification:_identify(.) by extensions ['cmake', 'python']
[0.313s] Level 1:colcon.colcon_core.package_identification:_identify(.) by extension 'cmake'
[0.313s] Level 1:colcon.colcon_core.package_identification:_identify(.) by extension 'python'
[0.313s] Level 1:colcon.colcon_core.package_identification:_identify(.) by extensions ['python_setup_py']
[0.313s] Level 1:colcon.colcon_core.package_identification:_identify(.) by extension 'python_setup_py'
[0.314s] Level 1:colcon.colcon_core.package_identification:_identify(build) by extensions ['ignore', 'ignore_ament_install']
[0.314s] Level 1:colcon.colcon_core.package_identification:_identify(build) by extension 'ignore'
[0.314s] Level 1:colcon.colcon_core.package_identification:_identify(build) ignored
[0.314s] Level 1:colcon.colcon_core.package_identification:_identify(install) by extensions ['ignore', 'ignore_ament_install']
[0.314s] Level 1:colcon.colcon_core.package_identification:_identify(install) by extension 'ignore'
[0.314s] Level 1:colcon.colcon_core.package_identification:_identify(install) ignored
[0.314s] Level 1:colcon.colcon_core.package_identification:_identify(log) by extensions ['ignore', 'ignore_ament_install']
[0.314s] Level 1:colcon.colcon_core.package_identification:_identify(log) by extension 'ignore'
[0.314s] Level 1:colcon.colcon_core.package_identification:_identify(log) ignored
[0.314s] Level 1:colcon.colcon_core.package_identification:_identify(src) by extensions ['ignore', 'ignore_ament_install']
[0.314s] Level 1:colcon.colcon_core.package_identification:_identify(src) by extension 'ignore'
[0.314s] Level 1:colcon.colcon_core.package_identification:_identify(src) by extension 'ignore_ament_install'
[0.314s] Level 1:colcon.colcon_core.package_identification:_identify(src) by extensions ['colcon_pkg']
[0.314s] Level 1:colcon.colcon_core.package_identification:_identify(src) by extension 'colcon_pkg'
[0.314s] Level 1:colcon.colcon_core.package_identification:_identify(src) by extensions ['colcon_meta']
[0.314s] Level 1:colcon.colcon_core.package_identification:_identify(src) by extension 'colcon_meta'
[0.314s] Level 1:colcon.colcon_core.package_identification:_identify(src) by extensions ['ros']
[0.315s] Level 1:colcon.colcon_core.package_identification:_identify(src) by extension 'ros'
[0.315s] Level 1:colcon.colcon_core.package_identification:_identify(src) by extensions ['cmake', 'python']
[0.315s] Level 1:colcon.colcon_core.package_identification:_identify(src) by extension 'cmake'
[0.315s] Level 1:colcon.colcon_core.package_identification:_identify(src) by extension 'python'
[0.315s] Level 1:colcon.colcon_core.package_identification:_identify(src) by extensions ['python_setup_py']
[0.315s] Level 1:colcon.colcon_core.package_identification:_identify(src) by extension 'python_setup_py'
[0.315s] Level 1:colcon.colcon_core.package_identification:_identify(src/goat_gazebo) by extensions ['ignore', 'ignore_ament_install']
[0.315s] Level 1:colcon.colcon_core.package_identification:_identify(src/goat_gazebo) by extension 'ignore'
[0.315s] Level 1:colcon.colcon_core.package_identification:_identify(src/goat_gazebo) by extension 'ignore_ament_install'
[0.315s] Level 1:colcon.colcon_core.package_identification:_identify(src/goat_gazebo) by extensions ['colcon_pkg']
[0.315s] Level 1:colcon.colcon_core.package_identification:_identify(src/goat_gazebo) by extension 'colcon_pkg'
[0.315s] Level 1:colcon.colcon_core.package_identification:_identify(src/goat_gazebo) by extensions ['colcon_meta']
[0.315s] Level 1:colcon.colcon_core.package_identification:_identify(src/goat_gazebo) by extension 'colcon_meta'
[0.315s] Level 1:colcon.colcon_core.package_identification:_identify(src/goat_gazebo) by extensions ['ros']
[0.315s] Level 1:colcon.colcon_core.package_identification:_identify(src/goat_gazebo) by extension 'ros'
[0.317s] DEBUG:colcon.colcon_core.package_identification:Package 'src/goat_gazebo' with type 'ros.ament_cmake' and name 'goat_gazebo'
[0.317s] Level 1:colcon.colcon_core.package_identification:_identify(src/goat_interfaces) by extensions ['ignore', 'ignore_ament_install']
[0.318s] Level 1:colcon.colcon_core.package_identification:_identify(src/goat_interfaces) by extension 'ignore'
[0.318s] Level 1:colcon.colcon_core.package_identification:_identify(src/goat_interfaces) by extension 'ignore_ament_install'
[0.318s] Level 1:colcon.colcon_core.package_identification:_identify(src/goat_interfaces) by extensions ['colcon_pkg']
[0.318s] Level 1:colcon.colcon_core.package_identification:_identify(src/goat_interfaces) by extension 'colcon_pkg'
[0.318s] Level 1:colcon.colcon_core.package_identification:_identify(src/goat_interfaces) by extensions ['colcon_meta']
[0.318s] Level 1:colcon.colcon_core.package_identification:_identify(src/goat_interfaces) by extension 'colcon_meta'
[0.318s] Level 1:colcon.colcon_core.package_identification:_identify(src/goat_interfaces) by extensions ['ros']
[0.318s] Level 1:colcon.colcon_core.package_identification:_identify(src/goat_interfaces) by extension 'ros'
[0.318s] DEBUG:colcon.colcon_core.package_identification:Package 'src/goat_interfaces' with type 'ros.ament_cmake' and name 'goat_interfaces'
[0.319s] Level 1:colcon.colcon_core.package_identification:_identify(src/my_goat_pkg) by extensions ['ignore', 'ignore_ament_install']
[0.319s] Level 1:colcon.colcon_core.package_identification:_identify(src/my_goat_pkg) by extension 'ignore'
[0.319s] Level 1:colcon.colcon_core.package_identification:_identify(src/my_goat_pkg) by extension 'ignore_ament_install'
[0.319s] Level 1:colcon.colcon_core.package_identification:_identify(src/my_goat_pkg) by extensions ['colcon_pkg']
[0.319s] Level 1:colcon.colcon_core.package_identification:_identify(src/my_goat_pkg) by extension 'colcon_pkg'
[0.319s] Level 1:colcon.colcon_core.package_identification:_identify(src/my_goat_pkg) by extensions ['colcon_meta']
[0.319s] Level 1:colcon.colcon_core.package_identification:_identify(src/my_goat_pkg) by extension 'colcon_meta'
[0.319s] Level 1:colcon.colcon_core.package_identification:_identify(src/my_goat_pkg) by extensions ['ros']
[0.319s] Level 1:colcon.colcon_core.package_identification:_identify(src/my_goat_pkg) by extension 'ros'
[0.319s] DEBUG:colcon.colcon_core.package_identification:Package 'src/my_goat_pkg' with type 'ros.ament_python' and name 'my_goat_pkg'
[0.320s] Level 1:colcon.colcon_core.package_identification:_identify(src/testbed_description_goat) by extensions ['ignore', 'ignore_ament_install']
[0.320s] Level 1:colcon.colcon_core.package_identification:_identify(src/testbed_description_goat) by extension 'ignore'
[0.320s] Level 1:colcon.colcon_core.package_identification:_identify(src/testbed_description_goat) by extension 'ignore_ament_install'
[0.320s] Level 1:colcon.colcon_core.package_identification:_identify(src/testbed_description_goat) by extensions ['colcon_pkg']
[0.320s] Level 1:colcon.colcon_core.package_identification:_identify(src/testbed_description_goat) by extension 'colcon_pkg'
[0.320s] Level 1:colcon.colcon_core.package_identification:_identify(src/testbed_description_goat) by extensions ['colcon_meta']
[0.320s] Level 1:colcon.colcon_core.package_identification:_identify(src/testbed_description_goat) by extension 'colcon_meta'
[0.320s] Level 1:colcon.colcon_core.package_identification:_identify(src/testbed_description_goat) by extensions ['ros']
[0.320s] Level 1:colcon.colcon_core.package_identification:_identify(src/testbed_description_goat) by extension 'ros'
[0.320s] DEBUG:colcon.colcon_core.package_identification:Package 'src/testbed_description_goat' with type 'ros.ament_cmake' and name 'testbed_description_goat'
[0.321s] Level 1:colcon.colcon_core.package_identification:_identify(src/testbed_gazebo_goat) by extensions ['ignore', 'ignore_ament_install']
[0.321s] Level 1:colcon.colcon_core.package_identification:_identify(src/testbed_gazebo_goat) by extension 'ignore'
[0.321s] Level 1:colcon.colcon_core.package_identification:_identify(src/testbed_gazebo_goat) by extension 'ignore_ament_install'
[0.321s] Level 1:colcon.colcon_core.package_identification:_identify(src/testbed_gazebo_goat) by extensions ['colcon_pkg']
[0.321s] Level 1:colcon.colcon_core.package_identification:_identify(src/testbed_gazebo_goat) by extension 'colcon_pkg'
[0.321s] Level 1:colcon.colcon_core.package_identification:_identify(src/testbed_gazebo_goat) by extensions ['colcon_meta']
[0.321s] Level 1:colcon.colcon_core.package_identification:_identify(src/testbed_gazebo_goat) by extension 'colcon_meta'
[0.321s] Level 1:colcon.colcon_core.package_identification:_identify(src/testbed_gazebo_goat) by extensions ['ros']
[0.321s] Level 1:colcon.colcon_core.package_identification:_identify(src/testbed_gazebo_goat) by extension 'ros'
[0.322s] DEBUG:colcon.colcon_core.package_identification:Package 'src/testbed_gazebo_goat' with type 'ros.ament_cmake' and name 'testbed_gazebo_goat'
[0.322s] Level 1:colcon.colcon_core.package_identification:_identify(src/turtlebot3_fake_node) by extensions ['ignore', 'ignore_ament_install']
[0.322s] Level 1:colcon.colcon_core.package_identification:_identify(src/turtlebot3_fake_node) by extension 'ignore'
[0.322s] Level 1:colcon.colcon_core.package_identification:_identify(src/turtlebot3_fake_node) by extension 'ignore_ament_install'
[0.322s] Level 1:colcon.colcon_core.package_identification:_identify(src/turtlebot3_fake_node) by extensions ['colcon_pkg']
[0.322s] Level 1:colcon.colcon_core.package_identification:_identify(src/turtlebot3_fake_node) by extension 'colcon_pkg'
[0.322s] Level 1:colcon.colcon_core.package_identification:_identify(src/turtlebot3_fake_node) by extensions ['colcon_meta']
[0.322s] Level 1:colcon.colcon_core.package_identification:_identify(src/turtlebot3_fake_node) by extension 'colcon_meta'
[0.322s] Level 1:colcon.colcon_core.package_identification:_identify(src/turtlebot3_fake_node) by extensions ['ros']
[0.322s] Level 1:colcon.colcon_core.package_identification:_identify(src/turtlebot3_fake_node) by extension 'ros'
[0.323s] DEBUG:colcon.colcon_core.package_identification:Package 'src/turtlebot3_fake_node' with type 'ros.ament_cmake' and name 'turtlebot3_fake_node'
[0.323s] Level 1:colcon.colcon_core.package_identification:_identify(src/turtlebot3_gazebo_goat) by extensions ['ignore', 'ignore_ament_install']
[0.323s] Level 1:colcon.colcon_core.package_identification:_identify(src/turtlebot3_gazebo_goat) by extension 'ignore'
[0.323s] Level 1:colcon.colcon_core.package_identification:_identify(src/turtlebot3_gazebo_goat) by extension 'ignore_ament_install'
[0.323s] Level 1:colcon.colcon_core.package_identification:_identify(src/turtlebot3_gazebo_goat) by extensions ['colcon_pkg']
[0.323s] Level 1:colcon.colcon_core.package_identification:_identify(src/turtlebot3_gazebo_goat) by extension 'colcon_pkg'
[0.323s] Level 1:colcon.colcon_core.package_identification:_identify(src/turtlebot3_gazebo_goat) by extensions ['colcon_meta']
[0.323s] Level 1:colcon.colcon_core.package_identification:_identify(src/turtlebot3_gazebo_goat) by extension 'colcon_meta'
[0.324s] Level 1:colcon.colcon_core.package_identification:_identify(src/turtlebot3_gazebo_goat) by extensions ['ros']
[0.324s] Level 1:colcon.colcon_core.package_identification:_identify(src/turtlebot3_gazebo_goat) by extension 'ros'
[0.325s] DEBUG:colcon.colcon_core.package_identification:Package 'src/turtlebot3_gazebo_goat' with type 'ros.ament_cmake' and name 'turtlebot3_gazebo_goat'
[0.326s] Level 1:colcon.colcon_core.package_identification:_identify(src/turtlebot3_simulations) by extensions ['ignore', 'ignore_ament_install']
[0.326s] Level 1:colcon.colcon_core.package_identification:_identify(src/turtlebot3_simulations) by extension 'ignore'
[0.326s] Level 1:colcon.colcon_core.package_identification:_identify(src/turtlebot3_simulations) by extension 'ignore_ament_install'
[0.326s] Level 1:colcon.colcon_core.package_identification:_identify(src/turtlebot3_simulations) by extensions ['colcon_pkg']
[0.326s] Level 1:colcon.colcon_core.package_identification:_identify(src/turtlebot3_simulations) by extension 'colcon_pkg'
[0.326s] Level 1:colcon.colcon_core.package_identification:_identify(src/turtlebot3_simulations) by extensions ['colcon_meta']
[0.326s] Level 1:colcon.colcon_core.package_identification:_identify(src/turtlebot3_simulations) by extension 'colcon_meta'
[0.326s] Level 1:colcon.colcon_core.package_identification:_identify(src/turtlebot3_simulations) by extensions ['ros']
[0.326s] Level 1:colcon.colcon_core.package_identification:_identify(src/turtlebot3_simulations) by extension 'ros'
[0.326s] DEBUG:colcon.colcon_core.package_identification:Package 'src/turtlebot3_simulations' with type 'ros.ament_cmake' and name 'turtlebot3_simulations'
[0.327s] Level 1:colcon.colcon_core.package_discovery:discover_packages(recursive) using defaults
[0.327s] Level 1:colcon.colcon_core.package_discovery:discover_packages(ignore) discover
[0.327s] Level 1:colcon.colcon_core.package_discovery:discover_packages(ignore) using defaults
[0.327s] Level 1:colcon.colcon_core.package_discovery:discover_packages(path) discover
[0.327s] Level 1:colcon.colcon_core.package_discovery:discover_packages(path) using defaults
[0.357s] Level 1:colcon.colcon_core.package_discovery:discover_packages(prefix_path) check parameters
[0.357s] Level 1:colcon.colcon_core.package_discovery:discover_packages(prefix_path) discover
[0.360s] DEBUG:colcon.colcon_installed_package_information.package_discovery:Found 8 installed packages in /home/asd/ros2_ws9/install
[0.360s] DEBUG:colcon.colcon_installed_package_information.package_discovery:Found 3 installed packages in /home/asd/ros2_ws7/install
[0.361s] DEBUG:colcon.colcon_installed_package_information.package_discovery:Found 4 installed packages in /home/asd/ros2_ws6/install
[0.361s] DEBUG:colcon.colcon_installed_package_information.package_discovery:Found 3 installed packages in /home/asd/ros2_ws4/install
[0.361s] DEBUG:colcon.colcon_installed_package_information.package_discovery:Found 2 installed packages in /home/asd/ros2_ws2/install
[0.362s] DEBUG:colcon.colcon_installed_package_information.package_discovery:Found 6 installed packages in /home/asd/ros2_ws/install
[0.364s] DEBUG:colcon.colcon_installed_package_information.package_discovery:Found 408 installed packages in /opt/ros/humble
[0.366s] Level 1:colcon.colcon_core.package_discovery:discover_packages(prefix_path) using defaults
[0.417s] Level 5:colcon.colcon_core.verb:set package 'goat_gazebo' build argument 'cmake_args' from command line to 'None'
[0.417s] Level 5:colcon.colcon_core.verb:set package 'goat_gazebo' build argument 'cmake_target' from command line to 'None'
[0.417s] Level 5:colcon.colcon_core.verb:set package 'goat_gazebo' build argument 'cmake_target_skip_unavailable' from command line to 'False'
[0.417s] Level 5:colcon.colcon_core.verb:set package 'goat_gazebo' build argument 'cmake_clean_cache' from command line to 'False'
[0.417s] Level 5:colcon.colcon_core.verb:set package 'goat_gazebo' build argument 'cmake_clean_first' from command line to 'False'
[0.417s] Level 5:colcon.colcon_core.verb:set package 'goat_gazebo' build argument 'cmake_force_configure' from command line to 'False'
[0.417s] Level 5:colcon.colcon_core.verb:set package 'goat_gazebo' build argument 'ament_cmake_args' from command line to 'None'
[0.417s] Level 5:colcon.colcon_core.verb:set package 'goat_gazebo' build argument 'catkin_cmake_args' from command line to 'None'
[0.417s] Level 5:colcon.colcon_core.verb:set package 'goat_gazebo' build argument 'catkin_skip_building_tests' from command line to 'False'
[0.417s] DEBUG:colcon.colcon_core.verb:Building package 'goat_gazebo' with the following arguments: {'ament_cmake_args': None, 'build_base': '/home/asd/ros2_ws9/build/goat_gazebo', 'catkin_cmake_args': None, 'catkin_skip_building_tests': False, 'cmake_args': None, 'cmake_clean_cache': False, 'cmake_clean_first': False, 'cmake_force_configure': False, 'cmake_target': None, 'cmake_target_skip_unavailable': False, 'install_base': '/home/asd/ros2_ws9/install/goat_gazebo', 'merge_install': False, 'path': '/home/asd/ros2_ws9/src/goat_gazebo', 'symlink_install': False, 'test_result_base': None}
[0.418s] Level 5:colcon.colcon_core.verb:set package 'goat_interfaces' build argument 'cmake_args' from command line to 'None'
[0.418s] Level 5:colcon.colcon_core.verb:set package 'goat_interfaces' build argument 'cmake_target' from command line to 'None'
[0.418s] Level 5:colcon.colcon_core.verb:set package 'goat_interfaces' build argument 'cmake_target_skip_unavailable' from command line to 'False'
[0.418s] Level 5:colcon.colcon_core.verb:set package 'goat_interfaces' build argument 'cmake_clean_cache' from command line to 'False'
[0.418s] Level 5:colcon.colcon_core.verb:set package 'goat_interfaces' build argument 'cmake_clean_first' from command line to 'False'
[0.418s] Level 5:colcon.colcon_core.verb:set package 'goat_interfaces' build argument 'cmake_force_configure' from command line to 'False'
[0.418s] Level 5:colcon.colcon_core.verb:set package 'goat_interfaces' build argument 'ament_cmake_args' from command line to 'None'
[0.418s] Level 5:colcon.colcon_core.verb:set package 'goat_interfaces' build argument 'catkin_cmake_args' from command line to 'None'
[0.418s] Level 5:colcon.colcon_core.verb:set package 'goat_interfaces' build argument 'catkin_skip_building_tests' from command line to 'False'
[0.418s] DEBUG:colcon.colcon_core.verb:Building package 'goat_interfaces' with the following arguments: {'ament_cmake_args': None, 'build_base': '/home/asd/ros2_ws9/build/goat_interfaces', 'catkin_cmake_args': None, 'catkin_skip_building_tests': False, 'cmake_args': None, 'cmake_clean_cache': False, 'cmake_clean_first': False, 'cmake_force_configure': False, 'cmake_target': None, 'cmake_target_skip_unavailable': False, 'install_base': '/home/asd/ros2_ws9/install/goat_interfaces', 'merge_install': False, 'path': '/home/asd/ros2_ws9/src/goat_interfaces', 'symlink_install': False, 'test_result_base': None}
[0.418s] Level 5:colcon.colcon_core.verb:set package 'testbed_description_goat' build argument 'cmake_args' from command line to 'None'
[0.418s] Level 5:colcon.colcon_core.verb:set package 'testbed_description_goat' build argument 'cmake_target' from command line to 'None'
[0.418s] Level 5:colcon.colcon_core.verb:set package 'testbed_description_goat' build argument 'cmake_target_skip_unavailable' from command line to 'False'
[0.418s] Level 5:colcon.colcon_core.verb:set package 'testbed_description_goat' build argument 'cmake_clean_cache' from command line to 'False'
[0.418s] Level 5:colcon.colcon_core.verb:set package 'testbed_description_goat' build argument 'cmake_clean_first' from command line to 'False'
[0.418s] Level 5:colcon.colcon_core.verb:set package 'testbed_description_goat' build argument 'cmake_force_configure' from command line to 'False'
[0.418s] Level 5:colcon.colcon_core.verb:set package 'testbed_description_goat' build argument 'ament_cmake_args' from command line to 'None'
[0.419s] Level 5:colcon.colcon_core.verb:set package 'testbed_description_goat' build argument 'catkin_cmake_args' from command line to 'None'
[0.419s] Level 5:colcon.colcon_core.verb:set package 'testbed_description_goat' build argument 'catkin_skip_building_tests' from command line to 'False'
[0.419s] DEBUG:colcon.colcon_core.verb:Building package 'testbed_description_goat' with the following arguments: {'ament_cmake_args': None, 'build_base': '/home/asd/ros2_ws9/build/testbed_description_goat', 'catkin_cmake_args': None, 'catkin_skip_building_tests': False, 'cmake_args': None, 'cmake_clean_cache': False, 'cmake_clean_first': False, 'cmake_force_configure': False, 'cmake_target': None, 'cmake_target_skip_unavailable': False, 'install_base': '/home/asd/ros2_ws9/install/testbed_description_goat', 'merge_install': False, 'path': '/home/asd/ros2_ws9/src/testbed_description_goat', 'symlink_install': False, 'test_result_base': None}
[0.419s] Level 5:colcon.colcon_core.verb:set package 'testbed_gazebo_goat' build argument 'cmake_args' from command line to 'None'
[0.419s] Level 5:colcon.colcon_core.verb:set package 'testbed_gazebo_goat' build argument 'cmake_target' from command line to 'None'
[0.419s] Level 5:colcon.colcon_core.verb:set package 'testbed_gazebo_goat' build argument 'cmake_target_skip_unavailable' from command line to 'False'
[0.419s] Level 5:colcon.colcon_core.verb:set package 'testbed_gazebo_goat' build argument 'cmake_clean_cache' from command line to 'False'
[0.419s] Level 5:colcon.colcon_core.verb:set package 'testbed_gazebo_goat' build argument 'cmake_clean_first' from command line to 'False'
[0.419s] Level 5:colcon.colcon_core.verb:set package 'testbed_gazebo_goat' build argument 'cmake_force_configure' from command line to 'False'
[0.419s] Level 5:colcon.colcon_core.verb:set package 'testbed_gazebo_goat' build argument 'ament_cmake_args' from command line to 'None'
[0.419s] Level 5:colcon.colcon_core.verb:set package 'testbed_gazebo_goat' build argument 'catkin_cmake_args' from command line to 'None'
[0.419s] Level 5:colcon.colcon_core.verb:set package 'testbed_gazebo_goat' build argument 'catkin_skip_building_tests' from command line to 'False'
[0.419s] DEBUG:colcon.colcon_core.verb:Building package 'testbed_gazebo_goat' with the following arguments: {'ament_cmake_args': None, 'build_base': '/home/asd/ros2_ws9/build/testbed_gazebo_goat', 'catkin_cmake_args': None, 'catkin_skip_building_tests': False, 'cmake_args': None, 'cmake_clean_cache': False, 'cmake_clean_first': False, 'cmake_force_configure': False, 'cmake_target': None, 'cmake_target_skip_unavailable': False, 'install_base': '/home/asd/ros2_ws9/install/testbed_gazebo_goat', 'merge_install': False, 'path': '/home/asd/ros2_ws9/src/testbed_gazebo_goat', 'symlink_install': False, 'test_result_base': None}
[0.419s] Level 5:colcon.colcon_core.verb:set package 'turtlebot3_fake_node' build argument 'cmake_args' from command line to 'None'
[0.419s] Level 5:colcon.colcon_core.verb:set package 'turtlebot3_fake_node' build argument 'cmake_target' from command line to 'None'
[0.420s] Level 5:colcon.colcon_core.verb:set package 'turtlebot3_fake_node' build argument 'cmake_target_skip_unavailable' from command line to 'False'
[0.420s] Level 5:colcon.colcon_core.verb:set package 'turtlebot3_fake_node' build argument 'cmake_clean_cache' from command line to 'False'
[0.420s] Level 5:colcon.colcon_core.verb:set package 'turtlebot3_fake_node' build argument 'cmake_clean_first' from command line to 'False'
[0.420s] Level 5:colcon.colcon_core.verb:set package 'turtlebot3_fake_node' build argument 'cmake_force_configure' from command line to 'False'
[0.420s] Level 5:colcon.colcon_core.verb:set package 'turtlebot3_fake_node' build argument 'ament_cmake_args' from command line to 'None'
[0.420s] Level 5:colcon.colcon_core.verb:set package 'turtlebot3_fake_node' build argument 'catkin_cmake_args' from command line to 'None'
[0.420s] Level 5:colcon.colcon_core.verb:set package 'turtlebot3_fake_node' build argument 'catkin_skip_building_tests' from command line to 'False'
[0.420s] DEBUG:colcon.colcon_core.verb:Building package 'turtlebot3_fake_node' with the following arguments: {'ament_cmake_args': None, 'build_base': '/home/asd/ros2_ws9/build/turtlebot3_fake_node', 'catkin_cmake_args': None, 'catkin_skip_building_tests': False, 'cmake_args': None, 'cmake_clean_cache': False, 'cmake_clean_first': False, 'cmake_force_configure': False, 'cmake_target': None, 'cmake_target_skip_unavailable': False, 'install_base': '/home/asd/ros2_ws9/install/turtlebot3_fake_node', 'merge_install': False, 'path': '/home/asd/ros2_ws9/src/turtlebot3_fake_node', 'symlink_install': False, 'test_result_base': None}
[0.420s] Level 5:colcon.colcon_core.verb:set package 'turtlebot3_gazebo_goat' build argument 'cmake_args' from command line to 'None'
[0.420s] Level 5:colcon.colcon_core.verb:set package 'turtlebot3_gazebo_goat' build argument 'cmake_target' from command line to 'None'
[0.420s] Level 5:colcon.colcon_core.verb:set package 'turtlebot3_gazebo_goat' build argument 'cmake_target_skip_unavailable' from command line to 'False'
[0.420s] Level 5:colcon.colcon_core.verb:set package 'turtlebot3_gazebo_goat' build argument 'cmake_clean_cache' from command line to 'False'
[0.420s] Level 5:colcon.colcon_core.verb:set package 'turtlebot3_gazebo_goat' build argument 'cmake_clean_first' from command line to 'False'
[0.420s] Level 5:colcon.colcon_core.verb:set package 'turtlebot3_gazebo_goat' build argument 'cmake_force_configure' from command line to 'False'
[0.420s] Level 5:colcon.colcon_core.verb:set package 'turtlebot3_gazebo_goat' build argument 'ament_cmake_args' from command line to 'None'
[0.420s] Level 5:colcon.colcon_core.verb:set package 'turtlebot3_gazebo_goat' build argument 'catkin_cmake_args' from command line to 'None'
[0.420s] Level 5:colcon.colcon_core.verb:set package 'turtlebot3_gazebo_goat' build argument 'catkin_skip_building_tests' from command line to 'False'
[0.420s] DEBUG:colcon.colcon_core.verb:Building package 'turtlebot3_gazebo_goat' with the following arguments: {'ament_cmake_args': None, 'build_base': '/home/asd/ros2_ws9/build/turtlebot3_gazebo_goat', 'catkin_cmake_args': None, 'catkin_skip_building_tests': False, 'cmake_args': None, 'cmake_clean_cache': False, 'cmake_clean_first': False, 'cmake_force_configure': False, 'cmake_target': None, 'cmake_target_skip_unavailable': False, 'install_base': '/home/asd/ros2_ws9/install/turtlebot3_gazebo_goat', 'merge_install': False, 'path': '/home/asd/ros2_ws9/src/turtlebot3_gazebo_goat', 'symlink_install': False, 'test_result_base': None}
[0.421s] Level 5:colcon.colcon_core.verb:set package 'my_goat_pkg' build argument 'cmake_args' from command line to 'None'
[0.421s] Level 5:colcon.colcon_core.verb:set package 'my_goat_pkg' build argument 'cmake_target' from command line to 'None'
[0.421s] Level 5:colcon.colcon_core.verb:set package 'my_goat_pkg' build argument 'cmake_target_skip_unavailable' from command line to 'False'
[0.421s] Level 5:colcon.colcon_core.verb:set package 'my_goat_pkg' build argument 'cmake_clean_cache' from command line to 'False'
[0.421s] Level 5:colcon.colcon_core.verb:set package 'my_goat_pkg' build argument 'cmake_clean_first' from command line to 'False'
[0.421s] Level 5:colcon.colcon_core.verb:set package 'my_goat_pkg' build argument 'cmake_force_configure' from command line to 'False'
[0.421s] Level 5:colcon.colcon_core.verb:set package 'my_goat_pkg' build argument 'ament_cmake_args' from command line to 'None'
[0.421s] Level 5:colcon.colcon_core.verb:set package 'my_goat_pkg' build argument 'catkin_cmake_args' from command line to 'None'
[0.421s] Level 5:colcon.colcon_core.verb:set package 'my_goat_pkg' build argument 'catkin_skip_building_tests' from command line to 'False'
[0.421s] DEBUG:colcon.colcon_core.verb:Building package 'my_goat_pkg' with the following arguments: {'ament_cmake_args': None, 'build_base': '/home/asd/ros2_ws9/build/my_goat_pkg', 'catkin_cmake_args': None, 'catkin_skip_building_tests': False, 'cmake_args': None, 'cmake_clean_cache': False, 'cmake_clean_first': False, 'cmake_force_configure': False, 'cmake_target': None, 'cmake_target_skip_unavailable': False, 'install_base': '/home/asd/ros2_ws9/install/my_goat_pkg', 'merge_install': False, 'path': '/home/asd/ros2_ws9/src/my_goat_pkg', 'symlink_install': False, 'test_result_base': None}
[0.421s] Level 5:colcon.colcon_core.verb:set package 'turtlebot3_simulations' build argument 'cmake_args' from command line to 'None'
[0.421s] Level 5:colcon.colcon_core.verb:set package 'turtlebot3_simulations' build argument 'cmake_target' from command line to 'None'
[0.421s] Level 5:colcon.colcon_core.verb:set package 'turtlebot3_simulations' build argument 'cmake_target_skip_unavailable' from command line to 'False'
[0.421s] Level 5:colcon.colcon_core.verb:set package 'turtlebot3_simulations' build argument 'cmake_clean_cache' from command line to 'False'
[0.421s] Level 5:colcon.colcon_core.verb:set package 'turtlebot3_simulations' build argument 'cmake_clean_first' from command line to 'False'
[0.421s] Level 5:colcon.colcon_core.verb:set package 'turtlebot3_simulations' build argument 'cmake_force_configure' from command line to 'False'
[0.421s] Level 5:colcon.colcon_core.verb:set package 'turtlebot3_simulations' build argument 'ament_cmake_args' from command line to 'None'
[0.421s] Level 5:colcon.colcon_core.verb:set package 'turtlebot3_simulations' build argument 'catkin_cmake_args' from command line to 'None'
[0.421s] Level 5:colcon.colcon_core.verb:set package 'turtlebot3_simulations' build argument 'catkin_skip_building_tests' from command line to 'False'
[0.421s] DEBUG:colcon.colcon_core.verb:Building package 'turtlebot3_simulations' with the following arguments: {'ament_cmake_args': None, 'build_base': '/home/asd/ros2_ws9/build/turtlebot3_simulations', 'catkin_cmake_args': None, 'catkin_skip_building_tests': False, 'cmake_args': None, 'cmake_clean_cache': False, 'cmake_clean_first': False, 'cmake_force_configure': False, 'cmake_target': None, 'cmake_target_skip_unavailable': False, 'install_base': '/home/asd/ros2_ws9/install/turtlebot3_simulations', 'merge_install': False, 'path': '/home/asd/ros2_ws9/src/turtlebot3_simulations', 'symlink_install': False, 'test_result_base': None}
[0.421s] INFO:colcon.colcon_core.executor:Executing jobs using 'parallel' executor
[0.422s] DEBUG:colcon.colcon_parallel_executor.executor.parallel:run_until_complete
[0.423s] INFO:colcon.colcon_ros.task.ament_cmake.build:Building ROS package in '/home/asd/ros2_ws9/src/goat_interfaces' with build type 'ament_cmake'
[0.423s] INFO:colcon.colcon_cmake.task.cmake.build:Building CMake package in '/home/asd/ros2_ws9/src/goat_interfaces'
[0.425s] INFO:colcon.colcon_core.plugin_system:Skipping extension 'colcon_core.shell.bat': Not used on non-Windows systems
[0.425s] INFO:colcon.colcon_core.shell:Skip shell extension 'powershell' for command environment: Not usable outside of PowerShell
[0.425s] DEBUG:colcon.colcon_core.shell:Skip shell extension 'dsv' for command environment
[0.432s] INFO:colcon.colcon_ros.task.ament_cmake.build:Building ROS package in '/home/asd/ros2_ws9/src/turtlebot3_fake_node' with build type 'ament_cmake'
[0.432s] INFO:colcon.colcon_cmake.task.cmake.build:Building CMake package in '/home/asd/ros2_ws9/src/turtlebot3_fake_node'
[0.432s] INFO:colcon.colcon_core.shell:Skip shell extension 'powershell' for command environment: Not usable outside of PowerShell
[0.432s] DEBUG:colcon.colcon_core.shell:Skip shell extension 'dsv' for command environment
[0.440s] INFO:colcon.colcon_ros.task.ament_cmake.build:Building ROS package in '/home/asd/ros2_ws9/src/goat_gazebo' with build type 'ament_cmake'
[0.441s] INFO:colcon.colcon_cmake.task.cmake.build:Building CMake package in '/home/asd/ros2_ws9/src/goat_gazebo'
[0.441s] INFO:colcon.colcon_core.shell:Skip shell extension 'powershell' for command environment: Not usable outside of PowerShell
[0.441s] DEBUG:colcon.colcon_core.shell:Skip shell extension 'dsv' for command environment
[0.448s] INFO:colcon.colcon_ros.task.ament_cmake.build:Building ROS package in '/home/asd/ros2_ws9/src/testbed_description_goat' with build type 'ament_cmake'
[0.448s] INFO:colcon.colcon_cmake.task.cmake.build:Building CMake package in '/home/asd/ros2_ws9/src/testbed_description_goat'
[0.448s] INFO:colcon.colcon_core.shell:Skip shell extension 'powershell' for command environment: Not usable outside of PowerShell
[0.449s] DEBUG:colcon.colcon_core.shell:Skip shell extension 'dsv' for command environment
[0.456s] INFO:colcon.colcon_ros.task.ament_cmake.build:Building ROS package in '/home/asd/ros2_ws9/src/testbed_gazebo_goat' with build type 'ament_cmake'
[0.456s] INFO:colcon.colcon_cmake.task.cmake.build:Building CMake package in '/home/asd/ros2_ws9/src/testbed_gazebo_goat'
[0.457s] INFO:colcon.colcon_core.shell:Skip shell extension 'powershell' for command environment: Not usable outside of PowerShell
[0.457s] DEBUG:colcon.colcon_core.shell:Skip shell extension 'dsv' for command environment
[0.465s] INFO:colcon.colcon_ros.task.ament_cmake.build:Building ROS package in '/home/asd/ros2_ws9/src/turtlebot3_gazebo_goat' with build type 'ament_cmake'
[0.465s] INFO:colcon.colcon_cmake.task.cmake.build:Building CMake package in '/home/asd/ros2_ws9/src/turtlebot3_gazebo_goat'
[0.465s] INFO:colcon.colcon_core.shell:Skip shell extension 'powershell' for command environment: Not usable outside of PowerShell
[0.465s] DEBUG:colcon.colcon_core.shell:Skip shell extension 'dsv' for command environment
[0.476s] DEBUG:colcon.colcon_core.event_handler.log_command:Invoking command in '/home/asd/ros2_ws9/build/goat_interfaces': CMAKE_PREFIX_PATH=${CMAKE_PREFIX_PATH}:/home/asd/ros2_ws9/install/my_goat_pkg:/home/asd/ros2_ws7/install/my_py_pkg_anscer:/home/asd/ros2_ws4/install/esp_wifi:/home/asd/ros2_ws4/install/maping_odom:/home/asd/ros2_ws/install/turtlesim_catch_them_all:/home/asd/ros2_ws/install/my_py_pkg:/opt/ros/humble /usr/bin/cmake --build /home/asd/ros2_ws9/build/goat_interfaces -- -j8 -l8
[0.481s] DEBUG:colcon.colcon_core.event_handler.log_command:Invoking command in '/home/asd/ros2_ws9/build/turtlebot3_fake_node': CMAKE_PREFIX_PATH=${CMAKE_PREFIX_PATH}:/home/asd/ros2_ws9/install/my_goat_pkg:/home/asd/ros2_ws7/install/my_py_pkg_anscer:/home/asd/ros2_ws4/install/esp_wifi:/home/asd/ros2_ws4/install/maping_odom:/home/asd/ros2_ws/install/turtlesim_catch_them_all:/home/asd/ros2_ws/install/my_py_pkg:/opt/ros/humble /usr/bin/cmake --build /home/asd/ros2_ws9/build/turtlebot3_fake_node -- -j8 -l8
[0.484s] DEBUG:colcon.colcon_core.event_handler.log_command:Invoking command in '/home/asd/ros2_ws9/build/goat_gazebo': CMAKE_PREFIX_PATH=${CMAKE_PREFIX_PATH}:/home/asd/ros2_ws9/install/my_goat_pkg:/home/asd/ros2_ws7/install/my_py_pkg_anscer:/home/asd/ros2_ws4/install/esp_wifi:/home/asd/ros2_ws4/install/maping_odom:/home/asd/ros2_ws/install/turtlesim_catch_them_all:/home/asd/ros2_ws/install/my_py_pkg:/opt/ros/humble /usr/bin/cmake --build /home/asd/ros2_ws9/build/goat_gazebo -- -j8 -l8
[0.488s] DEBUG:colcon.colcon_core.event_handler.log_command:Invoking command in '/home/asd/ros2_ws9/build/testbed_description_goat': CMAKE_PREFIX_PATH=${CMAKE_PREFIX_PATH}:/home/asd/ros2_ws9/install/my_goat_pkg:/home/asd/ros2_ws7/install/my_py_pkg_anscer:/home/asd/ros2_ws4/install/esp_wifi:/home/asd/ros2_ws4/install/maping_odom:/home/asd/ros2_ws/install/turtlesim_catch_them_all:/home/asd/ros2_ws/install/my_py_pkg:/opt/ros/humble /usr/bin/cmake --build /home/asd/ros2_ws9/build/testbed_description_goat -- -j8 -l8
[0.496s] DEBUG:colcon.colcon_core.event_handler.log_command:Invoking command in '/home/asd/ros2_ws9/build/testbed_gazebo_goat': CMAKE_PREFIX_PATH=${CMAKE_PREFIX_PATH}:/home/asd/ros2_ws9/install/my_goat_pkg:/home/asd/ros2_ws7/install/my_py_pkg_anscer:/home/asd/ros2_ws4/install/esp_wifi:/home/asd/ros2_ws4/install/maping_odom:/home/asd/ros2_ws/install/turtlesim_catch_them_all:/home/asd/ros2_ws/install/my_py_pkg:/opt/ros/humble /usr/bin/cmake --build /home/asd/ros2_ws9/build/testbed_gazebo_goat -- -j8 -l8
[0.504s] DEBUG:colcon.colcon_core.event_handler.log_command:Invoking command in '/home/asd/ros2_ws9/build/turtlebot3_gazebo_goat': CMAKE_PREFIX_PATH=${CMAKE_PREFIX_PATH}:/home/asd/ros2_ws9/install/my_goat_pkg:/home/asd/ros2_ws7/install/my_py_pkg_anscer:/home/asd/ros2_ws4/install/esp_wifi:/home/asd/ros2_ws4/install/maping_odom:/home/asd/ros2_ws/install/turtlesim_catch_them_all:/home/asd/ros2_ws/install/my_py_pkg:/opt/ros/humble /usr/bin/cmake --build /home/asd/ros2_ws9/build/turtlebot3_gazebo_goat -- -j8 -l8
[0.547s] DEBUG:colcon.colcon_core.event_handler.log_command:Invoked command in '/home/asd/ros2_ws9/build/goat_gazebo' returned '0': CMAKE_PREFIX_PATH=${CMAKE_PREFIX_PATH}:/home/asd/ros2_ws9/install/my_goat_pkg:/home/asd/ros2_ws7/install/my_py_pkg_anscer:/home/asd/ros2_ws4/install/esp_wifi:/home/asd/ros2_ws4/install/maping_odom:/home/asd/ros2_ws/install/turtlesim_catch_them_all:/home/asd/ros2_ws/install/my_py_pkg:/opt/ros/humble /usr/bin/cmake --build /home/asd/ros2_ws9/build/goat_gazebo -- -j8 -l8
[0.573s] DEBUG:colcon.colcon_core.event_handler.log_command:Invoking command in '/home/asd/ros2_ws9/build/goat_gazebo': CMAKE_PREFIX_PATH=${CMAKE_PREFIX_PATH}:/home/asd/ros2_ws9/install/my_goat_pkg:/home/asd/ros2_ws7/install/my_py_pkg_anscer:/home/asd/ros2_ws4/install/esp_wifi:/home/asd/ros2_ws4/install/maping_odom:/home/asd/ros2_ws/install/turtlesim_catch_them_all:/home/asd/ros2_ws/install/my_py_pkg:/opt/ros/humble /usr/bin/cmake --install /home/asd/ros2_ws9/build/goat_gazebo
[0.584s] DEBUG:colcon.colcon_core.event_handler.log_command:Invoked command in '/home/asd/ros2_ws9/build/testbed_gazebo_goat' returned '0': CMAKE_PREFIX_PATH=${CMAKE_PREFIX_PATH}:/home/asd/ros2_ws9/install/my_goat_pkg:/home/asd/ros2_ws7/install/my_py_pkg_anscer:/home/asd/ros2_ws4/install/esp_wifi:/home/asd/ros2_ws4/install/maping_odom:/home/asd/ros2_ws/install/turtlesim_catch_them_all:/home/asd/ros2_ws/install/my_py_pkg:/opt/ros/humble /usr/bin/cmake --build /home/asd/ros2_ws9/build/testbed_gazebo_goat -- -j8 -l8
[0.585s] DEBUG:colcon.colcon_core.event_handler.log_command:Invoking command in '/home/asd/ros2_ws9/build/testbed_gazebo_goat': CMAKE_PREFIX_PATH=${CMAKE_PREFIX_PATH}:/home/asd/ros2_ws9/install/my_goat_pkg:/home/asd/ros2_ws7/install/my_py_pkg_anscer:/home/asd/ros2_ws4/install/esp_wifi:/home/asd/ros2_ws4/install/maping_odom:/home/asd/ros2_ws/install/turtlesim_catch_them_all:/home/asd/ros2_ws/install/my_py_pkg:/opt/ros/humble /usr/bin/cmake --install /home/asd/ros2_ws9/build/testbed_gazebo_goat
[0.589s] DEBUG:colcon.colcon_core.event_handler.log_command:Invoked command in '/home/asd/ros2_ws9/build/testbed_description_goat' returned '0': CMAKE_PREFIX_PATH=${CMAKE_PREFIX_PATH}:/home/asd/ros2_ws9/install/my_goat_pkg:/home/asd/ros2_ws7/install/my_py_pkg_anscer:/home/asd/ros2_ws4/install/esp_wifi:/home/asd/ros2_ws4/install/maping_odom:/home/asd/ros2_ws/install/turtlesim_catch_them_all:/home/asd/ros2_ws/install/my_py_pkg:/opt/ros/humble /usr/bin/cmake --build /home/asd/ros2_ws9/build/testbed_description_goat -- -j8 -l8
[0.590s] DEBUG:colcon.colcon_core.event_handler.log_command:Invoking command in '/home/asd/ros2_ws9/build/testbed_description_goat': CMAKE_PREFIX_PATH=${CMAKE_PREFIX_PATH}:/home/asd/ros2_ws9/install/my_goat_pkg:/home/asd/ros2_ws7/install/my_py_pkg_anscer:/home/asd/ros2_ws4/install/esp_wifi:/home/asd/ros2_ws4/install/maping_odom:/home/asd/ros2_ws/install/turtlesim_catch_them_all:/home/asd/ros2_ws/install/my_py_pkg:/opt/ros/humble /usr/bin/cmake --install /home/asd/ros2_ws9/build/testbed_description_goat
[0.599s] Level 1:colcon.colcon_core.environment:create_environment_scripts_only(goat_gazebo)
[0.614s] Level 1:colcon.colcon_core.environment:checking '/home/asd/ros2_ws9/install/goat_gazebo' for CMake module files
[0.615s] Level 1:colcon.colcon_core.environment:checking '/home/asd/ros2_ws9/install/goat_gazebo' for CMake config files
[0.615s] Level 1:colcon.colcon_core.shell:create_environment_hook('goat_gazebo', 'cmake_prefix_path')
[0.616s] INFO:colcon.colcon_core.shell:Creating environment hook '/home/asd/ros2_ws9/install/goat_gazebo/share/goat_gazebo/hook/cmake_prefix_path.ps1'
[0.617s] INFO:colcon.colcon_core.shell:Creating environment descriptor '/home/asd/ros2_ws9/install/goat_gazebo/share/goat_gazebo/hook/cmake_prefix_path.dsv'
[0.619s] DEBUG:colcon.colcon_core.event_handler.log_command:Invoked command in '/home/asd/ros2_ws9/build/goat_gazebo' returned '0': CMAKE_PREFIX_PATH=${CMAKE_PREFIX_PATH}:/home/asd/ros2_ws9/install/my_goat_pkg:/home/asd/ros2_ws7/install/my_py_pkg_anscer:/home/asd/ros2_ws4/install/esp_wifi:/home/asd/ros2_ws4/install/maping_odom:/home/asd/ros2_ws/install/turtlesim_catch_them_all:/home/asd/ros2_ws/install/my_py_pkg:/opt/ros/humble /usr/bin/cmake --install /home/asd/ros2_ws9/build/goat_gazebo
[0.620s] INFO:colcon.colcon_core.shell:Creating environment hook '/home/asd/ros2_ws9/install/goat_gazebo/share/goat_gazebo/hook/cmake_prefix_path.sh'
[0.624s] Level 1:colcon.colcon_core.environment:checking '/home/asd/ros2_ws9/install/goat_gazebo/bin'
[0.624s] Level 1:colcon.colcon_core.environment:checking '/home/asd/ros2_ws9/install/goat_gazebo/lib/pkgconfig/goat_gazebo.pc'
[0.625s] Level 1:colcon.colcon_core.environment:checking '/home/asd/ros2_ws9/install/goat_gazebo/lib/python3.10/site-packages'
[0.625s] Level 1:colcon.colcon_core.environment:checking '/home/asd/ros2_ws9/install/goat_gazebo/bin'
[0.626s] INFO:colcon.colcon_core.shell:Creating package script '/home/asd/ros2_ws9/install/goat_gazebo/share/goat_gazebo/package.ps1'
[0.629s] INFO:colcon.colcon_core.shell:Creating package descriptor '/home/asd/ros2_ws9/install/goat_gazebo/share/goat_gazebo/package.dsv'
[0.632s] INFO:colcon.colcon_core.shell:Creating package script '/home/asd/ros2_ws9/install/goat_gazebo/share/goat_gazebo/package.sh'
[0.634s] INFO:colcon.colcon_core.shell:Creating package script '/home/asd/ros2_ws9/install/goat_gazebo/share/goat_gazebo/package.bash'
[0.636s] INFO:colcon.colcon_core.shell:Creating package script '/home/asd/ros2_ws9/install/goat_gazebo/share/goat_gazebo/package.zsh'
[0.637s] Level 1:colcon.colcon_core.environment:create_file_with_runtime_dependencies(/home/asd/ros2_ws9/install/goat_gazebo/share/colcon-core/packages/goat_gazebo)
[0.638s] Level 1:colcon.colcon_core.environment:create_environment_scripts_only(goat_gazebo)
[0.638s] Level 1:colcon.colcon_core.environment:checking '/home/asd/ros2_ws9/install/goat_gazebo' for CMake module files
[0.638s] Level 1:colcon.colcon_core.environment:checking '/home/asd/ros2_ws9/install/goat_gazebo' for CMake config files
[0.639s] Level 1:colcon.colcon_core.shell:create_environment_hook('goat_gazebo', 'cmake_prefix_path')
[0.639s] INFO:colcon.colcon_core.shell:Creating environment hook '/home/asd/ros2_ws9/install/goat_gazebo/share/goat_gazebo/hook/cmake_prefix_path.ps1'
[0.639s] INFO:colcon.colcon_core.shell:Creating environment descriptor '/home/asd/ros2_ws9/install/goat_gazebo/share/goat_gazebo/hook/cmake_prefix_path.dsv'
[0.640s] INFO:colcon.colcon_core.shell:Creating environment hook '/home/asd/ros2_ws9/install/goat_gazebo/share/goat_gazebo/hook/cmake_prefix_path.sh'
[0.640s] Level 1:colcon.colcon_core.environment:checking '/home/asd/ros2_ws9/install/goat_gazebo/bin'
[0.640s] Level 1:colcon.colcon_core.environment:checking '/home/asd/ros2_ws9/install/goat_gazebo/lib/pkgconfig/goat_gazebo.pc'
[0.640s] Level 1:colcon.colcon_core.environment:checking '/home/asd/ros2_ws9/install/goat_gazebo/lib/python3.10/site-packages'
[0.641s] Level 1:colcon.colcon_core.environment:checking '/home/asd/ros2_ws9/install/goat_gazebo/bin'
[0.641s] INFO:colcon.colcon_core.shell:Creating package script '/home/asd/ros2_ws9/install/goat_gazebo/share/goat_gazebo/package.ps1'
[0.641s] INFO:colcon.colcon_core.shell:Creating package descriptor '/home/asd/ros2_ws9/install/goat_gazebo/share/goat_gazebo/package.dsv'
[0.642s] INFO:colcon.colcon_core.shell:Creating package script '/home/asd/ros2_ws9/install/goat_gazebo/share/goat_gazebo/package.sh'
[0.642s] INFO:colcon.colcon_core.shell:Creating package script '/home/asd/ros2_ws9/install/goat_gazebo/share/goat_gazebo/package.bash'
[0.643s] INFO:colcon.colcon_core.shell:Creating package script '/home/asd/ros2_ws9/install/goat_gazebo/share/goat_gazebo/package.zsh'
[0.643s] Level 1:colcon.colcon_core.environment:create_file_with_runtime_dependencies(/home/asd/ros2_ws9/install/goat_gazebo/share/colcon-core/packages/goat_gazebo)
[0.644s] Level 1:colcon.colcon_core.environment:create_environment_scripts_only(testbed_gazebo_goat)
[0.645s] Level 1:colcon.colcon_core.environment:checking '/home/asd/ros2_ws9/install/testbed_gazebo_goat' for CMake module files
[0.646s] DEBUG:colcon.colcon_core.event_handler.log_command:Invoked command in '/home/asd/ros2_ws9/build/testbed_gazebo_goat' returned '0': CMAKE_PREFIX_PATH=${CMAKE_PREFIX_PATH}:/home/asd/ros2_ws9/install/my_goat_pkg:/home/asd/ros2_ws7/install/my_py_pkg_anscer:/home/asd/ros2_ws4/install/esp_wifi:/home/asd/ros2_ws4/install/maping_odom:/home/asd/ros2_ws/install/turtlesim_catch_them_all:/home/asd/ros2_ws/install/my_py_pkg:/opt/ros/humble /usr/bin/cmake --install /home/asd/ros2_ws9/build/testbed_gazebo_goat
[0.646s] Level 1:colcon.colcon_core.environment:checking '/home/asd/ros2_ws9/install/testbed_gazebo_goat' for CMake config files
[0.647s] Level 1:colcon.colcon_core.shell:create_environment_hook('testbed_gazebo_goat', 'cmake_prefix_path')
[0.647s] INFO:colcon.colcon_core.shell:Creating environment hook '/home/asd/ros2_ws9/install/testbed_gazebo_goat/share/testbed_gazebo_goat/hook/cmake_prefix_path.ps1'
[0.648s] INFO:colcon.colcon_core.shell:Creating environment descriptor '/home/asd/ros2_ws9/install/testbed_gazebo_goat/share/testbed_gazebo_goat/hook/cmake_prefix_path.dsv'
[0.648s] INFO:colcon.colcon_core.shell:Creating environment hook '/home/asd/ros2_ws9/install/testbed_gazebo_goat/share/testbed_gazebo_goat/hook/cmake_prefix_path.sh'
[0.649s] Level 1:colcon.colcon_core.environment:checking '/home/asd/ros2_ws9/install/testbed_gazebo_goat/bin'
[0.649s] Level 1:colcon.colcon_core.environment:checking '/home/asd/ros2_ws9/install/testbed_gazebo_goat/lib/pkgconfig/testbed_gazebo_goat.pc'
[0.649s] Level 1:colcon.colcon_core.environment:checking '/home/asd/ros2_ws9/install/testbed_gazebo_goat/lib/python3.10/site-packages'
[0.650s] Level 1:colcon.colcon_core.environment:checking '/home/asd/ros2_ws9/install/testbed_gazebo_goat/bin'
[0.650s] INFO:colcon.colcon_core.shell:Creating package script '/home/asd/ros2_ws9/install/testbed_gazebo_goat/share/testbed_gazebo_goat/package.ps1'
[0.651s] INFO:colcon.colcon_core.shell:Creating package descriptor '/home/asd/ros2_ws9/install/testbed_gazebo_goat/share/testbed_gazebo_goat/package.dsv'
[0.652s] INFO:colcon.colcon_core.shell:Creating package script '/home/asd/ros2_ws9/install/testbed_gazebo_goat/share/testbed_gazebo_goat/package.sh'
[0.653s] INFO:colcon.colcon_core.shell:Creating package script '/home/asd/ros2_ws9/install/testbed_gazebo_goat/share/testbed_gazebo_goat/package.bash'
[0.654s] INFO:colcon.colcon_core.shell:Creating package script '/home/asd/ros2_ws9/install/testbed_gazebo_goat/share/testbed_gazebo_goat/package.zsh'
[0.655s] Level 1:colcon.colcon_core.environment:create_file_with_runtime_dependencies(/home/asd/ros2_ws9/install/testbed_gazebo_goat/share/colcon-core/packages/testbed_gazebo_goat)
[0.656s] Level 1:colcon.colcon_core.environment:create_environment_scripts_only(testbed_gazebo_goat)
[0.657s] Level 1:colcon.colcon_core.environment:checking '/home/asd/ros2_ws9/install/testbed_gazebo_goat' for CMake module files
[0.659s] Level 1:colcon.colcon_core.environment:checking '/home/asd/ros2_ws9/install/testbed_gazebo_goat' for CMake config files
[0.659s] Level 1:colcon.colcon_core.shell:create_environment_hook('testbed_gazebo_goat', 'cmake_prefix_path')
[0.659s] INFO:colcon.colcon_core.shell:Creating environment hook '/home/asd/ros2_ws9/install/testbed_gazebo_goat/share/testbed_gazebo_goat/hook/cmake_prefix_path.ps1'
[0.660s] INFO:colcon.colcon_core.shell:Creating environment descriptor '/home/asd/ros2_ws9/install/testbed_gazebo_goat/share/testbed_gazebo_goat/hook/cmake_prefix_path.dsv'
[0.661s] INFO:colcon.colcon_core.shell:Creating environment hook '/home/asd/ros2_ws9/install/testbed_gazebo_goat/share/testbed_gazebo_goat/hook/cmake_prefix_path.sh'
[0.662s] Level 1:colcon.colcon_core.environment:checking '/home/asd/ros2_ws9/install/testbed_gazebo_goat/bin'
[0.662s] Level 1:colcon.colcon_core.environment:checking '/home/asd/ros2_ws9/install/testbed_gazebo_goat/lib/pkgconfig/testbed_gazebo_goat.pc'
[0.662s] Level 1:colcon.colcon_core.environment:checking '/home/asd/ros2_ws9/install/testbed_gazebo_goat/lib/python3.10/site-packages'
[0.663s] Level 1:colcon.colcon_core.environment:checking '/home/asd/ros2_ws9/install/testbed_gazebo_goat/bin'
[0.663s] INFO:colcon.colcon_core.shell:Creating package script '/home/asd/ros2_ws9/install/testbed_gazebo_goat/share/testbed_gazebo_goat/package.ps1'
[0.664s] INFO:colcon.colcon_core.shell:Creating package descriptor '/home/asd/ros2_ws9/install/testbed_gazebo_goat/share/testbed_gazebo_goat/package.dsv'
[0.665s] INFO:colcon.colcon_core.shell:Creating package script '/home/asd/ros2_ws9/install/testbed_gazebo_goat/share/testbed_gazebo_goat/package.sh'
[0.665s] INFO:colcon.colcon_core.shell:Creating package script '/home/asd/ros2_ws9/install/testbed_gazebo_goat/share/testbed_gazebo_goat/package.bash'
[0.666s] INFO:colcon.colcon_core.shell:Creating package script '/home/asd/ros2_ws9/install/testbed_gazebo_goat/share/testbed_gazebo_goat/package.zsh'
[0.666s] Level 1:colcon.colcon_core.environment:create_file_with_runtime_dependencies(/home/asd/ros2_ws9/install/testbed_gazebo_goat/share/colcon-core/packages/testbed_gazebo_goat)
[0.668s] Level 1:colcon.colcon_core.environment:create_environment_scripts_only(testbed_description_goat)
[0.668s] Level 1:colcon.colcon_core.environment:checking '/home/asd/ros2_ws9/install/testbed_description_goat' for CMake module files
[0.670s] DEBUG:colcon.colcon_core.event_handler.log_command:Invoked command in '/home/asd/ros2_ws9/build/testbed_description_goat' returned '0': CMAKE_PREFIX_PATH=${CMAKE_PREFIX_PATH}:/home/asd/ros2_ws9/install/my_goat_pkg:/home/asd/ros2_ws7/install/my_py_pkg_anscer:/home/asd/ros2_ws4/install/esp_wifi:/home/asd/ros2_ws4/install/maping_odom:/home/asd/ros2_ws/install/turtlesim_catch_them_all:/home/asd/ros2_ws/install/my_py_pkg:/opt/ros/humble /usr/bin/cmake --install /home/asd/ros2_ws9/build/testbed_description_goat
[0.670s] Level 1:colcon.colcon_core.environment:checking '/home/asd/ros2_ws9/install/testbed_description_goat' for CMake config files
[0.670s] Level 1:colcon.colcon_core.shell:create_environment_hook('testbed_description_goat', 'cmake_prefix_path')
[0.671s] INFO:colcon.colcon_core.shell:Creating environment hook '/home/asd/ros2_ws9/install/testbed_description_goat/share/testbed_description_goat/hook/cmake_prefix_path.ps1'
[0.672s] INFO:colcon.colcon_core.shell:Creating environment descriptor '/home/asd/ros2_ws9/install/testbed_description_goat/share/testbed_description_goat/hook/cmake_prefix_path.dsv'
[0.672s] INFO:colcon.colcon_core.shell:Creating environment hook '/home/asd/ros2_ws9/install/testbed_description_goat/share/testbed_description_goat/hook/cmake_prefix_path.sh'
[0.673s] Level 1:colcon.colcon_core.environment:checking '/home/asd/ros2_ws9/install/testbed_description_goat/bin'
[0.673s] Level 1:colcon.colcon_core.environment:checking '/home/asd/ros2_ws9/install/testbed_description_goat/lib/pkgconfig/testbed_description_goat.pc'
[0.673s] Level 1:colcon.colcon_core.environment:checking '/home/asd/ros2_ws9/install/testbed_description_goat/lib/python3.10/site-packages'
[0.673s] Level 1:colcon.colcon_core.environment:checking '/home/asd/ros2_ws9/install/testbed_description_goat/bin'
[0.674s] INFO:colcon.colcon_core.shell:Creating package script '/home/asd/ros2_ws9/install/testbed_description_goat/share/testbed_description_goat/package.ps1'
[0.674s] INFO:colcon.colcon_core.shell:Creating package descriptor '/home/asd/ros2_ws9/install/testbed_description_goat/share/testbed_description_goat/package.dsv'
[0.675s] INFO:colcon.colcon_core.shell:Creating package script '/home/asd/ros2_ws9/install/testbed_description_goat/share/testbed_description_goat/package.sh'
[0.675s] INFO:colcon.colcon_core.shell:Creating package script '/home/asd/ros2_ws9/install/testbed_description_goat/share/testbed_description_goat/package.bash'
[0.675s] INFO:colcon.colcon_core.shell:Creating package script '/home/asd/ros2_ws9/install/testbed_description_goat/share/testbed_description_goat/package.zsh'
[0.676s] Level 1:colcon.colcon_core.environment:create_file_with_runtime_dependencies(/home/asd/ros2_ws9/install/testbed_description_goat/share/colcon-core/packages/testbed_description_goat)
[0.676s] Level 1:colcon.colcon_core.environment:create_environment_scripts_only(testbed_description_goat)
[0.677s] Level 1:colcon.colcon_core.environment:checking '/home/asd/ros2_ws9/install/testbed_description_goat' for CMake module files
[0.677s] Level 1:colcon.colcon_core.environment:checking '/home/asd/ros2_ws9/install/testbed_description_goat' for CMake config files
[0.677s] Level 1:colcon.colcon_core.shell:create_environment_hook('testbed_description_goat', 'cmake_prefix_path')
[0.678s] INFO:colcon.colcon_core.shell:Creating environment hook '/home/asd/ros2_ws9/install/testbed_description_goat/share/testbed_description_goat/hook/cmake_prefix_path.ps1'
[0.678s] INFO:colcon.colcon_core.shell:Creating environment descriptor '/home/asd/ros2_ws9/install/testbed_description_goat/share/testbed_description_goat/hook/cmake_prefix_path.dsv'
[0.679s] INFO:colcon.colcon_core.shell:Creating environment hook '/home/asd/ros2_ws9/install/testbed_description_goat/share/testbed_description_goat/hook/cmake_prefix_path.sh'
[0.679s] Level 1:colcon.colcon_core.environment:checking '/home/asd/ros2_ws9/install/testbed_description_goat/bin'
[0.680s] Level 1:colcon.colcon_core.environment:checking '/home/asd/ros2_ws9/install/testbed_description_goat/lib/pkgconfig/testbed_description_goat.pc'
[0.680s] Level 1:colcon.colcon_core.environment:checking '/home/asd/ros2_ws9/install/testbed_description_goat/lib/python3.10/site-packages'
[0.680s] Level 1:colcon.colcon_core.environment:checking '/home/asd/ros2_ws9/install/testbed_description_goat/bin'
[0.681s] INFO:colcon.colcon_core.shell:Creating package script '/home/asd/ros2_ws9/install/testbed_description_goat/share/testbed_description_goat/package.ps1'
[0.682s] INFO:colcon.colcon_core.shell:Creating package descriptor '/home/asd/ros2_ws9/install/testbed_description_goat/share/testbed_description_goat/package.dsv'
[0.683s] INFO:colcon.colcon_core.shell:Creating package script '/home/asd/ros2_ws9/install/testbed_description_goat/share/testbed_description_goat/package.sh'
[0.684s] INFO:colcon.colcon_core.shell:Creating package script '/home/asd/ros2_ws9/install/testbed_description_goat/share/testbed_description_goat/package.bash'
[0.685s] INFO:colcon.colcon_core.shell:Creating package script '/home/asd/ros2_ws9/install/testbed_description_goat/share/testbed_description_goat/package.zsh'
[0.686s] Level 1:colcon.colcon_core.environment:create_file_with_runtime_dependencies(/home/asd/ros2_ws9/install/testbed_description_goat/share/colcon-core/packages/testbed_description_goat)
[0.687s] DEBUG:colcon.colcon_core.event_handler.log_command:Invoked command in '/home/asd/ros2_ws9/build/turtlebot3_fake_node' returned '0': CMAKE_PREFIX_PATH=${CMAKE_PREFIX_PATH}:/home/asd/ros2_ws9/install/my_goat_pkg:/home/asd/ros2_ws7/install/my_py_pkg_anscer:/home/asd/ros2_ws4/install/esp_wifi:/home/asd/ros2_ws4/install/maping_odom:/home/asd/ros2_ws/install/turtlesim_catch_them_all:/home/asd/ros2_ws/install/my_py_pkg:/opt/ros/humble /usr/bin/cmake --build /home/asd/ros2_ws9/build/turtlebot3_fake_node -- -j8 -l8
[0.688s] DEBUG:colcon.colcon_core.event_handler.log_command:Invoking command in '/home/asd/ros2_ws9/build/turtlebot3_fake_node': CMAKE_PREFIX_PATH=${CMAKE_PREFIX_PATH}:/home/asd/ros2_ws9/install/my_goat_pkg:/home/asd/ros2_ws7/install/my_py_pkg_anscer:/home/asd/ros2_ws4/install/esp_wifi:/home/asd/ros2_ws4/install/maping_odom:/home/asd/ros2_ws/install/turtlesim_catch_them_all:/home/asd/ros2_ws/install/my_py_pkg:/opt/ros/humble /usr/bin/cmake --install /home/asd/ros2_ws9/build/turtlebot3_fake_node
[0.690s] DEBUG:colcon.colcon_core.event_handler.log_command:Invoked command in '/home/asd/ros2_ws9/build/turtlebot3_gazebo_goat' returned '0': CMAKE_PREFIX_PATH=${CMAKE_PREFIX_PATH}:/home/asd/ros2_ws9/install/my_goat_pkg:/home/asd/ros2_ws7/install/my_py_pkg_anscer:/home/asd/ros2_ws4/install/esp_wifi:/home/asd/ros2_ws4/install/maping_odom:/home/asd/ros2_ws/install/turtlesim_catch_them_all:/home/asd/ros2_ws/install/my_py_pkg:/opt/ros/humble /usr/bin/cmake --build /home/asd/ros2_ws9/build/turtlebot3_gazebo_goat -- -j8 -l8
[0.694s] DEBUG:colcon.colcon_core.event_handler.log_command:Invoking command in '/home/asd/ros2_ws9/build/turtlebot3_gazebo_goat': CMAKE_PREFIX_PATH=${CMAKE_PREFIX_PATH}:/home/asd/ros2_ws9/install/my_goat_pkg:/home/asd/ros2_ws7/install/my_py_pkg_anscer:/home/asd/ros2_ws4/install/esp_wifi:/home/asd/ros2_ws4/install/maping_odom:/home/asd/ros2_ws/install/turtlesim_catch_them_all:/home/asd/ros2_ws/install/my_py_pkg:/opt/ros/humble /usr/bin/cmake --install /home/asd/ros2_ws9/build/turtlebot3_gazebo_goat
[0.703s] Level 1:colcon.colcon_core.environment:create_environment_scripts_only(turtlebot3_fake_node)
[0.704s] Level 1:colcon.colcon_core.environment:checking '/home/asd/ros2_ws9/install/turtlebot3_fake_node' for CMake module files
[0.706s] Level 1:colcon.colcon_core.environment:checking '/home/asd/ros2_ws9/install/turtlebot3_fake_node' for CMake config files
[0.707s] DEBUG:colcon.colcon_core.event_handler.log_command:Invoked command in '/home/asd/ros2_ws9/build/turtlebot3_fake_node' returned '0': CMAKE_PREFIX_PATH=${CMAKE_PREFIX_PATH}:/home/asd/ros2_ws9/install/my_goat_pkg:/home/asd/ros2_ws7/install/my_py_pkg_anscer:/home/asd/ros2_ws4/install/esp_wifi:/home/asd/ros2_ws4/install/maping_odom:/home/asd/ros2_ws/install/turtlesim_catch_them_all:/home/asd/ros2_ws/install/my_py_pkg:/opt/ros/humble /usr/bin/cmake --install /home/asd/ros2_ws9/build/turtlebot3_fake_node
[0.709s] Level 1:colcon.colcon_core.shell:create_environment_hook('turtlebot3_fake_node', 'cmake_prefix_path')
[0.709s] INFO:colcon.colcon_core.shell:Creating environment hook '/home/asd/ros2_ws9/install/turtlebot3_fake_node/share/turtlebot3_fake_node/hook/cmake_prefix_path.ps1'
[0.711s] INFO:colcon.colcon_core.shell:Creating environment descriptor '/home/asd/ros2_ws9/install/turtlebot3_fake_node/share/turtlebot3_fake_node/hook/cmake_prefix_path.dsv'
[0.714s] INFO:colcon.colcon_core.shell:Creating environment hook '/home/asd/ros2_ws9/install/turtlebot3_fake_node/share/turtlebot3_fake_node/hook/cmake_prefix_path.sh'
[0.720s] Level 1:colcon.colcon_core.environment:checking '/home/asd/ros2_ws9/install/turtlebot3_fake_node/lib'
[0.720s] Level 1:colcon.colcon_core.environment:checking '/home/asd/ros2_ws9/install/turtlebot3_fake_node/bin'
[0.720s] Level 1:colcon.colcon_core.environment:checking '/home/asd/ros2_ws9/install/turtlebot3_fake_node/lib/pkgconfig/turtlebot3_fake_node.pc'
[0.721s] Level 1:colcon.colcon_core.environment:checking '/home/asd/ros2_ws9/install/turtlebot3_fake_node/lib/python3.10/site-packages'
[0.721s] Level 1:colcon.colcon_core.environment:checking '/home/asd/ros2_ws9/install/turtlebot3_fake_node/bin'
[0.722s] INFO:colcon.colcon_core.shell:Creating package script '/home/asd/ros2_ws9/install/turtlebot3_fake_node/share/turtlebot3_fake_node/package.ps1'
[0.723s] INFO:colcon.colcon_core.shell:Creating package descriptor '/home/asd/ros2_ws9/install/turtlebot3_fake_node/share/turtlebot3_fake_node/package.dsv'
[0.724s] INFO:colcon.colcon_core.shell:Creating package script '/home/asd/ros2_ws9/install/turtlebot3_fake_node/share/turtlebot3_fake_node/package.sh'
[0.725s] INFO:colcon.colcon_core.shell:Creating package script '/home/asd/ros2_ws9/install/turtlebot3_fake_node/share/turtlebot3_fake_node/package.bash'
[0.725s] INFO:colcon.colcon_core.shell:Creating package script '/home/asd/ros2_ws9/install/turtlebot3_fake_node/share/turtlebot3_fake_node/package.zsh'
[0.726s] Level 1:colcon.colcon_core.environment:create_file_with_runtime_dependencies(/home/asd/ros2_ws9/install/turtlebot3_fake_node/share/colcon-core/packages/turtlebot3_fake_node)
[0.727s] Level 1:colcon.colcon_core.environment:create_environment_scripts_only(turtlebot3_fake_node)
[0.727s] Level 1:colcon.colcon_core.environment:checking '/home/asd/ros2_ws9/install/turtlebot3_fake_node' for CMake module files
[0.729s] Level 1:colcon.colcon_core.environment:checking '/home/asd/ros2_ws9/install/turtlebot3_fake_node' for CMake config files
[0.729s] Level 1:colcon.colcon_core.shell:create_environment_hook('turtlebot3_fake_node', 'cmake_prefix_path')
[0.729s] INFO:colcon.colcon_core.shell:Creating environment hook '/home/asd/ros2_ws9/install/turtlebot3_fake_node/share/turtlebot3_fake_node/hook/cmake_prefix_path.ps1'
[0.730s] INFO:colcon.colcon_core.shell:Creating environment descriptor '/home/asd/ros2_ws9/install/turtlebot3_fake_node/share/turtlebot3_fake_node/hook/cmake_prefix_path.dsv'
[0.731s] INFO:colcon.colcon_core.shell:Creating environment hook '/home/asd/ros2_ws9/install/turtlebot3_fake_node/share/turtlebot3_fake_node/hook/cmake_prefix_path.sh'
[0.732s] Level 1:colcon.colcon_core.environment:checking '/home/asd/ros2_ws9/install/turtlebot3_fake_node/lib'
[0.732s] Level 1:colcon.colcon_core.environment:checking '/home/asd/ros2_ws9/install/turtlebot3_fake_node/bin'
[0.732s] Level 1:colcon.colcon_core.environment:checking '/home/asd/ros2_ws9/install/turtlebot3_fake_node/lib/pkgconfig/turtlebot3_fake_node.pc'
[0.732s] Level 1:colcon.colcon_core.environment:checking '/home/asd/ros2_ws9/install/turtlebot3_fake_node/lib/python3.10/site-packages'
[0.732s] Level 1:colcon.colcon_core.environment:checking '/home/asd/ros2_ws9/install/turtlebot3_fake_node/bin'
[0.733s] INFO:colcon.colcon_core.shell:Creating package script '/home/asd/ros2_ws9/install/turtlebot3_fake_node/share/turtlebot3_fake_node/package.ps1'
[0.733s] INFO:colcon.colcon_core.shell:Creating package descriptor '/home/asd/ros2_ws9/install/turtlebot3_fake_node/share/turtlebot3_fake_node/package.dsv'
[0.734s] INFO:colcon.colcon_core.shell:Creating package script '/home/asd/ros2_ws9/install/turtlebot3_fake_node/share/turtlebot3_fake_node/package.sh'
[0.734s] INFO:colcon.colcon_core.shell:Creating package script '/home/asd/ros2_ws9/install/turtlebot3_fake_node/share/turtlebot3_fake_node/package.bash'
[0.735s] INFO:colcon.colcon_core.shell:Creating package script '/home/asd/ros2_ws9/install/turtlebot3_fake_node/share/turtlebot3_fake_node/package.zsh'
[0.735s] Level 1:colcon.colcon_core.environment:create_file_with_runtime_dependencies(/home/asd/ros2_ws9/install/turtlebot3_fake_node/share/colcon-core/packages/turtlebot3_fake_node)
[0.736s] INFO:colcon.colcon_ros.task.ament_cmake.build:Building ROS package in '/home/asd/ros2_ws9/src/turtlebot3_simulations' with build type 'ament_cmake'
[0.736s] INFO:colcon.colcon_cmake.task.cmake.build:Building CMake package in '/home/asd/ros2_ws9/src/turtlebot3_simulations'
[0.737s] INFO:colcon.colcon_core.shell:Skip shell extension 'powershell' for command environment: Not usable outside of PowerShell
[0.737s] DEBUG:colcon.colcon_core.shell:Skip shell extension 'dsv' for command environment
[0.751s] Level 1:colcon.colcon_core.environment:create_environment_scripts_only(turtlebot3_gazebo_goat)
[0.751s] Level 1:colcon.colcon_core.environment:checking '/home/asd/ros2_ws9/install/turtlebot3_gazebo_goat' for CMake module files
[0.752s] DEBUG:colcon.colcon_core.event_handler.log_command:Invoked command in '/home/asd/ros2_ws9/build/turtlebot3_gazebo_goat' returned '0': CMAKE_PREFIX_PATH=${CMAKE_PREFIX_PATH}:/home/asd/ros2_ws9/install/my_goat_pkg:/home/asd/ros2_ws7/install/my_py_pkg_anscer:/home/asd/ros2_ws4/install/esp_wifi:/home/asd/ros2_ws4/install/maping_odom:/home/asd/ros2_ws/install/turtlesim_catch_them_all:/home/asd/ros2_ws/install/my_py_pkg:/opt/ros/humble /usr/bin/cmake --install /home/asd/ros2_ws9/build/turtlebot3_gazebo_goat
[0.752s] Level 1:colcon.colcon_core.environment:checking '/home/asd/ros2_ws9/install/turtlebot3_gazebo_goat' for CMake config files
[0.752s] Level 1:colcon.colcon_core.shell:create_environment_hook('turtlebot3_gazebo_goat', 'cmake_prefix_path')
[0.752s] INFO:colcon.colcon_core.shell:Creating environment hook '/home/asd/ros2_ws9/install/turtlebot3_gazebo_goat/share/turtlebot3_gazebo_goat/hook/cmake_prefix_path.ps1'
[0.753s] INFO:colcon.colcon_core.shell:Creating environment descriptor '/home/asd/ros2_ws9/install/turtlebot3_gazebo_goat/share/turtlebot3_gazebo_goat/hook/cmake_prefix_path.dsv'
[0.753s] INFO:colcon.colcon_core.shell:Creating environment hook '/home/asd/ros2_ws9/install/turtlebot3_gazebo_goat/share/turtlebot3_gazebo_goat/hook/cmake_prefix_path.sh'
[0.754s] Level 1:colcon.colcon_core.environment:checking '/home/asd/ros2_ws9/install/turtlebot3_gazebo_goat/lib'
[0.754s] Level 1:colcon.colcon_core.environment:checking '/home/asd/ros2_ws9/install/turtlebot3_gazebo_goat/bin'
[0.754s] Level 1:colcon.colcon_core.environment:checking '/home/asd/ros2_ws9/install/turtlebot3_gazebo_goat/lib/pkgconfig/turtlebot3_gazebo_goat.pc'
[0.754s] Level 1:colcon.colcon_core.environment:checking '/home/asd/ros2_ws9/install/turtlebot3_gazebo_goat/lib/python3.10/site-packages'
[0.755s] Level 1:colcon.colcon_core.environment:checking '/home/asd/ros2_ws9/install/turtlebot3_gazebo_goat/bin'
[0.755s] INFO:colcon.colcon_core.shell:Creating package script '/home/asd/ros2_ws9/install/turtlebot3_gazebo_goat/share/turtlebot3_gazebo_goat/package.ps1'
[0.756s] INFO:colcon.colcon_core.shell:Creating package descriptor '/home/asd/ros2_ws9/install/turtlebot3_gazebo_goat/share/turtlebot3_gazebo_goat/package.dsv'
[0.756s] INFO:colcon.colcon_core.shell:Creating package script '/home/asd/ros2_ws9/install/turtlebot3_gazebo_goat/share/turtlebot3_gazebo_goat/package.sh'
[0.756s] INFO:colcon.colcon_core.shell:Creating package script '/home/asd/ros2_ws9/install/turtlebot3_gazebo_goat/share/turtlebot3_gazebo_goat/package.bash'
[0.757s] INFO:colcon.colcon_core.shell:Creating package script '/home/asd/ros2_ws9/install/turtlebot3_gazebo_goat/share/turtlebot3_gazebo_goat/package.zsh'
[0.757s] Level 1:colcon.colcon_core.environment:create_file_with_runtime_dependencies(/home/asd/ros2_ws9/install/turtlebot3_gazebo_goat/share/colcon-core/packages/turtlebot3_gazebo_goat)
[0.757s] Level 1:colcon.colcon_core.environment:create_environment_scripts_only(turtlebot3_gazebo_goat)
[0.758s] Level 1:colcon.colcon_core.environment:checking '/home/asd/ros2_ws9/install/turtlebot3_gazebo_goat' for CMake module files
[0.758s] Level 1:colcon.colcon_core.environment:checking '/home/asd/ros2_ws9/install/turtlebot3_gazebo_goat' for CMake config files
[0.758s] Level 1:colcon.colcon_core.shell:create_environment_hook('turtlebot3_gazebo_goat', 'cmake_prefix_path')
[0.759s] INFO:colcon.colcon_core.shell:Creating environment hook '/home/asd/ros2_ws9/install/turtlebot3_gazebo_goat/share/turtlebot3_gazebo_goat/hook/cmake_prefix_path.ps1'
[0.759s] INFO:colcon.colcon_core.shell:Creating environment descriptor '/home/asd/ros2_ws9/install/turtlebot3_gazebo_goat/share/turtlebot3_gazebo_goat/hook/cmake_prefix_path.dsv'
[0.760s] INFO:colcon.colcon_core.shell:Creating environment hook '/home/asd/ros2_ws9/install/turtlebot3_gazebo_goat/share/turtlebot3_gazebo_goat/hook/cmake_prefix_path.sh'
[0.761s] Level 1:colcon.colcon_core.environment:checking '/home/asd/ros2_ws9/install/turtlebot3_gazebo_goat/lib'
[0.761s] Level 1:colcon.colcon_core.environment:checking '/home/asd/ros2_ws9/install/turtlebot3_gazebo_goat/bin'
[0.761s] Level 1:colcon.colcon_core.environment:checking '/home/asd/ros2_ws9/install/turtlebot3_gazebo_goat/lib/pkgconfig/turtlebot3_gazebo_goat.pc'
[0.761s] Level 1:colcon.colcon_core.environment:checking '/home/asd/ros2_ws9/install/turtlebot3_gazebo_goat/lib/python3.10/site-packages'
[0.761s] Level 1:colcon.colcon_core.environment:checking '/home/asd/ros2_ws9/install/turtlebot3_gazebo_goat/bin'
[0.762s] INFO:colcon.colcon_core.shell:Creating package script '/home/asd/ros2_ws9/install/turtlebot3_gazebo_goat/share/turtlebot3_gazebo_goat/package.ps1'
[0.762s] INFO:colcon.colcon_core.shell:Creating package descriptor '/home/asd/ros2_ws9/install/turtlebot3_gazebo_goat/share/turtlebot3_gazebo_goat/package.dsv'
[0.763s] INFO:colcon.colcon_core.shell:Creating package script '/home/asd/ros2_ws9/install/turtlebot3_gazebo_goat/share/turtlebot3_gazebo_goat/package.sh'
[0.763s] INFO:colcon.colcon_core.shell:Creating package script '/home/asd/ros2_ws9/install/turtlebot3_gazebo_goat/share/turtlebot3_gazebo_goat/package.bash'
[0.764s] INFO:colcon.colcon_core.shell:Creating package script '/home/asd/ros2_ws9/install/turtlebot3_gazebo_goat/share/turtlebot3_gazebo_goat/package.zsh'
[0.764s] Level 1:colcon.colcon_core.environment:create_file_with_runtime_dependencies(/home/asd/ros2_ws9/install/turtlebot3_gazebo_goat/share/colcon-core/packages/turtlebot3_gazebo_goat)
[0.768s] DEBUG:colcon.colcon_core.event_handler.log_command:Invoking command in '/home/asd/ros2_ws9/build/turtlebot3_simulations': CMAKE_PREFIX_PATH=/home/asd/ros2_ws9/install/turtlebot3_fake_node:/home/asd/ros2_ws9/install/turtlebot3_simulations:/home/asd/ros2_ws9/install/turtlebot3_gazebo_goat:/home/asd/ros2_ws9/install/testbed_gazebo_goat:/home/asd/ros2_ws9/install/testbed_description_goat:/home/asd/ros2_ws9/install/goat_interfaces:/home/asd/ros2_ws9/install/goat_gazebo:/home/asd/ros2_ws6/install/testbed_navigation:/home/asd/ros2_ws6/install/testbed_gazebo:/home/asd/ros2_ws6/install/testbed_description:/home/asd/ros2_ws6/install/testbed_bringup:/home/asd/ros2_ws7/install/bring_up_anscer:/home/asd/ros2_ws7/install/custom_interfaces_anscer:/home/asd/ros2_ws4/install/my_interfaces:/home/asd/ros2_ws/install/turtlesim_project_cpp:/home/asd/ros2_ws/install/my_robot_bringup_one:/home/asd/ros2_ws/install/my_cpp_pkg:/home/asd/ros2_ws/install/my_robot_interfaces:/home/asd/ros2_ws2/install/my_robot_description:/home/asd/ros2_ws2/install/my_robot_bringup:/home/asd/ros2_ws9/install/my_goat_pkg:/home/asd/ros2_ws7/install/my_py_pkg_anscer:/home/asd/ros2_ws4/install/esp_wifi:/home/asd/ros2_ws4/install/maping_odom:/home/asd/ros2_ws/install/turtlesim_catch_them_all:/home/asd/ros2_ws/install/my_py_pkg:/opt/ros/humble /usr/bin/cmake --build /home/asd/ros2_ws9/build/turtlebot3_simulations -- -j8 -l8
[0.811s] DEBUG:colcon.colcon_core.event_handler.log_command:Invoked command in '/home/asd/ros2_ws9/build/turtlebot3_simulations' returned '0': CMAKE_PREFIX_PATH=/home/asd/ros2_ws9/install/turtlebot3_fake_node:/home/asd/ros2_ws9/install/turtlebot3_simulations:/home/asd/ros2_ws9/install/turtlebot3_gazebo_goat:/home/asd/ros2_ws9/install/testbed_gazebo_goat:/home/asd/ros2_ws9/install/testbed_description_goat:/home/asd/ros2_ws9/install/goat_interfaces:/home/asd/ros2_ws9/install/goat_gazebo:/home/asd/ros2_ws6/install/testbed_navigation:/home/asd/ros2_ws6/install/testbed_gazebo:/home/asd/ros2_ws6/install/testbed_description:/home/asd/ros2_ws6/install/testbed_bringup:/home/asd/ros2_ws7/install/bring_up_anscer:/home/asd/ros2_ws7/install/custom_interfaces_anscer:/home/asd/ros2_ws4/install/my_interfaces:/home/asd/ros2_ws/install/turtlesim_project_cpp:/home/asd/ros2_ws/install/my_robot_bringup_one:/home/asd/ros2_ws/install/my_cpp_pkg:/home/asd/ros2_ws/install/my_robot_interfaces:/home/asd/ros2_ws2/install/my_robot_description:/home/asd/ros2_ws2/install/my_robot_bringup:/home/asd/ros2_ws9/install/my_goat_pkg:/home/asd/ros2_ws7/install/my_py_pkg_anscer:/home/asd/ros2_ws4/install/esp_wifi:/home/asd/ros2_ws4/install/maping_odom:/home/asd/ros2_ws/install/turtlesim_catch_them_all:/home/asd/ros2_ws/install/my_py_pkg:/opt/ros/humble /usr/bin/cmake --build /home/asd/ros2_ws9/build/turtlebot3_simulations -- -j8 -l8
[0.812s] DEBUG:colcon.colcon_core.event_handler.log_command:Invoking command in '/home/asd/ros2_ws9/build/turtlebot3_simulations': CMAKE_PREFIX_PATH=/home/asd/ros2_ws9/install/turtlebot3_fake_node:/home/asd/ros2_ws9/install/turtlebot3_simulations:/home/asd/ros2_ws9/install/turtlebot3_gazebo_goat:/home/asd/ros2_ws9/install/testbed_gazebo_goat:/home/asd/ros2_ws9/install/testbed_description_goat:/home/asd/ros2_ws9/install/goat_interfaces:/home/asd/ros2_ws9/install/goat_gazebo:/home/asd/ros2_ws6/install/testbed_navigation:/home/asd/ros2_ws6/install/testbed_gazebo:/home/asd/ros2_ws6/install/testbed_description:/home/asd/ros2_ws6/install/testbed_bringup:/home/asd/ros2_ws7/install/bring_up_anscer:/home/asd/ros2_ws7/install/custom_interfaces_anscer:/home/asd/ros2_ws4/install/my_interfaces:/home/asd/ros2_ws/install/turtlesim_project_cpp:/home/asd/ros2_ws/install/my_robot_bringup_one:/home/asd/ros2_ws/install/my_cpp_pkg:/home/asd/ros2_ws/install/my_robot_interfaces:/home/asd/ros2_ws2/install/my_robot_description:/home/asd/ros2_ws2/install/my_robot_bringup:/home/asd/ros2_ws9/install/my_goat_pkg:/home/asd/ros2_ws7/install/my_py_pkg_anscer:/home/asd/ros2_ws4/install/esp_wifi:/home/asd/ros2_ws4/install/maping_odom:/home/asd/ros2_ws/install/turtlesim_catch_them_all:/home/asd/ros2_ws/install/my_py_pkg:/opt/ros/humble /usr/bin/cmake --install /home/asd/ros2_ws9/build/turtlebot3_simulations
[0.823s] Level 1:colcon.colcon_core.environment:create_environment_scripts_only(turtlebot3_simulations)
[0.824s] Level 1:colcon.colcon_core.environment:checking '/home/asd/ros2_ws9/install/turtlebot3_simulations' for CMake module files
[0.824s] DEBUG:colcon.colcon_core.event_handler.log_command:Invoked command in '/home/asd/ros2_ws9/build/turtlebot3_simulations' returned '0': CMAKE_PREFIX_PATH=/home/asd/ros2_ws9/install/turtlebot3_fake_node:/home/asd/ros2_ws9/install/turtlebot3_simulations:/home/asd/ros2_ws9/install/turtlebot3_gazebo_goat:/home/asd/ros2_ws9/install/testbed_gazebo_goat:/home/asd/ros2_ws9/install/testbed_description_goat:/home/asd/ros2_ws9/install/goat_interfaces:/home/asd/ros2_ws9/install/goat_gazebo:/home/asd/ros2_ws6/install/testbed_navigation:/home/asd/ros2_ws6/install/testbed_gazebo:/home/asd/ros2_ws6/install/testbed_description:/home/asd/ros2_ws6/install/testbed_bringup:/home/asd/ros2_ws7/install/bring_up_anscer:/home/asd/ros2_ws7/install/custom_interfaces_anscer:/home/asd/ros2_ws4/install/my_interfaces:/home/asd/ros2_ws/install/turtlesim_project_cpp:/home/asd/ros2_ws/install/my_robot_bringup_one:/home/asd/ros2_ws/install/my_cpp_pkg:/home/asd/ros2_ws/install/my_robot_interfaces:/home/asd/ros2_ws2/install/my_robot_description:/home/asd/ros2_ws2/install/my_robot_bringup:/home/asd/ros2_ws9/install/my_goat_pkg:/home/asd/ros2_ws7/install/my_py_pkg_anscer:/home/asd/ros2_ws4/install/esp_wifi:/home/asd/ros2_ws4/install/maping_odom:/home/asd/ros2_ws/install/turtlesim_catch_them_all:/home/asd/ros2_ws/install/my_py_pkg:/opt/ros/humble /usr/bin/cmake --install /home/asd/ros2_ws9/build/turtlebot3_simulations
[0.825s] Level 1:colcon.colcon_core.environment:checking '/home/asd/ros2_ws9/install/turtlebot3_simulations' for CMake config files
[0.825s] Level 1:colcon.colcon_core.shell:create_environment_hook('turtlebot3_simulations', 'cmake_prefix_path')
[0.825s] INFO:colcon.colcon_core.shell:Creating environment hook '/home/asd/ros2_ws9/install/turtlebot3_simulations/share/turtlebot3_simulations/hook/cmake_prefix_path.ps1'
[0.826s] INFO:colcon.colcon_core.shell:Creating environment descriptor '/home/asd/ros2_ws9/install/turtlebot3_simulations/share/turtlebot3_simulations/hook/cmake_prefix_path.dsv'
[0.826s] INFO:colcon.colcon_core.shell:Creating environment hook '/home/asd/ros2_ws9/install/turtlebot3_simulations/share/turtlebot3_simulations/hook/cmake_prefix_path.sh'
[0.827s] Level 1:colcon.colcon_core.environment:checking '/home/asd/ros2_ws9/install/turtlebot3_simulations/bin'
[0.827s] Level 1:colcon.colcon_core.environment:checking '/home/asd/ros2_ws9/install/turtlebot3_simulations/lib/pkgconfig/turtlebot3_simulations.pc'
[0.827s] Level 1:colcon.colcon_core.environment:checking '/home/asd/ros2_ws9/install/turtlebot3_simulations/lib/python3.10/site-packages'
[0.828s] Level 1:colcon.colcon_core.environment:checking '/home/asd/ros2_ws9/install/turtlebot3_simulations/bin'
[0.828s] INFO:colcon.colcon_core.shell:Creating package script '/home/asd/ros2_ws9/install/turtlebot3_simulations/share/turtlebot3_simulations/package.ps1'
[0.829s] INFO:colcon.colcon_core.shell:Creating package descriptor '/home/asd/ros2_ws9/install/turtlebot3_simulations/share/turtlebot3_simulations/package.dsv'
[0.829s] INFO:colcon.colcon_core.shell:Creating package script '/home/asd/ros2_ws9/install/turtlebot3_simulations/share/turtlebot3_simulations/package.sh'
[0.830s] INFO:colcon.colcon_core.shell:Creating package script '/home/asd/ros2_ws9/install/turtlebot3_simulations/share/turtlebot3_simulations/package.bash'
[0.830s] INFO:colcon.colcon_core.shell:Creating package script '/home/asd/ros2_ws9/install/turtlebot3_simulations/share/turtlebot3_simulations/package.zsh'
[0.830s] Level 1:colcon.colcon_core.environment:create_file_with_runtime_dependencies(/home/asd/ros2_ws9/install/turtlebot3_simulations/share/colcon-core/packages/turtlebot3_simulations)
[0.831s] Level 1:colcon.colcon_core.environment:create_environment_scripts_only(turtlebot3_simulations)
[0.832s] Level 1:colcon.colcon_core.environment:checking '/home/asd/ros2_ws9/install/turtlebot3_simulations' for CMake module files
[0.832s] Level 1:colcon.colcon_core.environment:checking '/home/asd/ros2_ws9/install/turtlebot3_simulations' for CMake config files
[0.832s] Level 1:colcon.colcon_core.shell:create_environment_hook('turtlebot3_simulations', 'cmake_prefix_path')
[0.832s] INFO:colcon.colcon_core.shell:Creating environment hook '/home/asd/ros2_ws9/install/turtlebot3_simulations/share/turtlebot3_simulations/hook/cmake_prefix_path.ps1'
[0.833s] INFO:colcon.colcon_core.shell:Creating environment descriptor '/home/asd/ros2_ws9/install/turtlebot3_simulations/share/turtlebot3_simulations/hook/cmake_prefix_path.dsv'
[0.833s] INFO:colcon.colcon_core.shell:Creating environment hook '/home/asd/ros2_ws9/install/turtlebot3_simulations/share/turtlebot3_simulations/hook/cmake_prefix_path.sh'
[0.834s] Level 1:colcon.colcon_core.environment:checking '/home/asd/ros2_ws9/install/turtlebot3_simulations/bin'
[0.834s] Level 1:colcon.colcon_core.environment:checking '/home/asd/ros2_ws9/install/turtlebot3_simulations/lib/pkgconfig/turtlebot3_simulations.pc'
[0.834s] Level 1:colcon.colcon_core.environment:checking '/home/asd/ros2_ws9/install/turtlebot3_simulations/lib/python3.10/site-packages'
[0.834s] Level 1:colcon.colcon_core.environment:checking '/home/asd/ros2_ws9/install/turtlebot3_simulations/bin'
[0.834s] INFO:colcon.colcon_core.shell:Creating package script '/home/asd/ros2_ws9/install/turtlebot3_simulations/share/turtlebot3_simulations/package.ps1'
[0.835s] INFO:colcon.colcon_core.shell:Creating package descriptor '/home/asd/ros2_ws9/install/turtlebot3_simulations/share/turtlebot3_simulations/package.dsv'
[0.835s] INFO:colcon.colcon_core.shell:Creating package script '/home/asd/ros2_ws9/install/turtlebot3_simulations/share/turtlebot3_simulations/package.sh'
[0.836s] INFO:colcon.colcon_core.shell:Creating package script '/home/asd/ros2_ws9/install/turtlebot3_simulations/share/turtlebot3_simulations/package.bash'
[0.836s] INFO:colcon.colcon_core.shell:Creating package script '/home/asd/ros2_ws9/install/turtlebot3_simulations/share/turtlebot3_simulations/package.zsh'
[0.837s] Level 1:colcon.colcon_core.environment:create_file_with_runtime_dependencies(/home/asd/ros2_ws9/install/turtlebot3_simulations/share/colcon-core/packages/turtlebot3_simulations)
[1.028s] DEBUG:colcon.colcon_core.event_handler.log_command:Invoked command in '/home/asd/ros2_ws9/build/goat_interfaces' returned '0': CMAKE_PREFIX_PATH=${CMAKE_PREFIX_PATH}:/home/asd/ros2_ws9/install/my_goat_pkg:/home/asd/ros2_ws7/install/my_py_pkg_anscer:/home/asd/ros2_ws4/install/esp_wifi:/home/asd/ros2_ws4/install/maping_odom:/home/asd/ros2_ws/install/turtlesim_catch_them_all:/home/asd/ros2_ws/install/my_py_pkg:/opt/ros/humble /usr/bin/cmake --build /home/asd/ros2_ws9/build/goat_interfaces -- -j8 -l8
[1.030s] DEBUG:colcon.colcon_core.event_handler.log_command:Invoking command in '/home/asd/ros2_ws9/build/goat_interfaces': CMAKE_PREFIX_PATH=${CMAKE_PREFIX_PATH}:/home/asd/ros2_ws9/install/my_goat_pkg:/home/asd/ros2_ws7/install/my_py_pkg_anscer:/home/asd/ros2_ws4/install/esp_wifi:/home/asd/ros2_ws4/install/maping_odom:/home/asd/ros2_ws/install/turtlesim_catch_them_all:/home/asd/ros2_ws/install/my_py_pkg:/opt/ros/humble /usr/bin/cmake --install /home/asd/ros2_ws9/build/goat_interfaces
[1.148s] Level 1:colcon.colcon_core.environment:create_environment_scripts_only(goat_interfaces)
[1.149s] Level 1:colcon.colcon_core.environment:checking '/home/asd/ros2_ws9/install/goat_interfaces' for CMake module files
[1.149s] DEBUG:colcon.colcon_core.event_handler.log_command:Invoked command in '/home/asd/ros2_ws9/build/goat_interfaces' returned '0': CMAKE_PREFIX_PATH=${CMAKE_PREFIX_PATH}:/home/asd/ros2_ws9/install/my_goat_pkg:/home/asd/ros2_ws7/install/my_py_pkg_anscer:/home/asd/ros2_ws4/install/esp_wifi:/home/asd/ros2_ws4/install/maping_odom:/home/asd/ros2_ws/install/turtlesim_catch_them_all:/home/asd/ros2_ws/install/my_py_pkg:/opt/ros/humble /usr/bin/cmake --install /home/asd/ros2_ws9/build/goat_interfaces
[1.150s] Level 1:colcon.colcon_core.environment:checking '/home/asd/ros2_ws9/install/goat_interfaces' for CMake config files
[1.150s] Level 1:colcon.colcon_core.shell:create_environment_hook('goat_interfaces', 'cmake_prefix_path')
[1.150s] INFO:colcon.colcon_core.shell:Creating environment hook '/home/asd/ros2_ws9/install/goat_interfaces/share/goat_interfaces/hook/cmake_prefix_path.ps1'
[1.151s] INFO:colcon.colcon_core.shell:Creating environment descriptor '/home/asd/ros2_ws9/install/goat_interfaces/share/goat_interfaces/hook/cmake_prefix_path.dsv'
[1.151s] INFO:colcon.colcon_core.shell:Creating environment hook '/home/asd/ros2_ws9/install/goat_interfaces/share/goat_interfaces/hook/cmake_prefix_path.sh'
[1.152s] Level 1:colcon.colcon_core.environment:checking '/home/asd/ros2_ws9/install/goat_interfaces/lib'
[1.152s] Level 1:colcon.colcon_core.shell:create_environment_hook('goat_interfaces', 'ld_library_path_lib')
[1.152s] INFO:colcon.colcon_core.shell:Creating environment hook '/home/asd/ros2_ws9/install/goat_interfaces/share/goat_interfaces/hook/ld_library_path_lib.ps1'
[1.153s] INFO:colcon.colcon_core.shell:Creating environment descriptor '/home/asd/ros2_ws9/install/goat_interfaces/share/goat_interfaces/hook/ld_library_path_lib.dsv'
[1.153s] INFO:colcon.colcon_core.shell:Creating environment hook '/home/asd/ros2_ws9/install/goat_interfaces/share/goat_interfaces/hook/ld_library_path_lib.sh'
[1.153s] Level 1:colcon.colcon_core.environment:checking '/home/asd/ros2_ws9/install/goat_interfaces/bin'
[1.153s] Level 1:colcon.colcon_core.environment:checking '/home/asd/ros2_ws9/install/goat_interfaces/lib/pkgconfig/goat_interfaces.pc'
[1.154s] Level 1:colcon.colcon_core.environment:checking '/home/asd/ros2_ws9/install/goat_interfaces/lib/python3.10/site-packages'
[1.154s] Level 1:colcon.colcon_core.environment:checking '/home/asd/ros2_ws9/install/goat_interfaces/bin'
[1.154s] INFO:colcon.colcon_core.shell:Creating package script '/home/asd/ros2_ws9/install/goat_interfaces/share/goat_interfaces/package.ps1'
[1.155s] INFO:colcon.colcon_core.shell:Creating package descriptor '/home/asd/ros2_ws9/install/goat_interfaces/share/goat_interfaces/package.dsv'
[1.155s] INFO:colcon.colcon_core.shell:Creating package script '/home/asd/ros2_ws9/install/goat_interfaces/share/goat_interfaces/package.sh'
[1.156s] INFO:colcon.colcon_core.shell:Creating package script '/home/asd/ros2_ws9/install/goat_interfaces/share/goat_interfaces/package.bash'
[1.156s] INFO:colcon.colcon_core.shell:Creating package script '/home/asd/ros2_ws9/install/goat_interfaces/share/goat_interfaces/package.zsh'
[1.156s] Level 1:colcon.colcon_core.environment:create_file_with_runtime_dependencies(/home/asd/ros2_ws9/install/goat_interfaces/share/colcon-core/packages/goat_interfaces)
[1.157s] Level 1:colcon.colcon_core.environment:create_environment_scripts_only(goat_interfaces)
[1.157s] Level 1:colcon.colcon_core.environment:checking '/home/asd/ros2_ws9/install/goat_interfaces' for CMake module files
[1.158s] Level 1:colcon.colcon_core.environment:checking '/home/asd/ros2_ws9/install/goat_interfaces' for CMake config files
[1.158s] Level 1:colcon.colcon_core.shell:create_environment_hook('goat_interfaces', 'cmake_prefix_path')
[1.158s] INFO:colcon.colcon_core.shell:Creating environment hook '/home/asd/ros2_ws9/install/goat_interfaces/share/goat_interfaces/hook/cmake_prefix_path.ps1'
[1.158s] INFO:colcon.colcon_core.shell:Creating environment descriptor '/home/asd/ros2_ws9/install/goat_interfaces/share/goat_interfaces/hook/cmake_prefix_path.dsv'
[1.159s] INFO:colcon.colcon_core.shell:Creating environment hook '/home/asd/ros2_ws9/install/goat_interfaces/share/goat_interfaces/hook/cmake_prefix_path.sh'
[1.160s] Level 1:colcon.colcon_core.environment:checking '/home/asd/ros2_ws9/install/goat_interfaces/lib'
[1.160s] Level 1:colcon.colcon_core.shell:create_environment_hook('goat_interfaces', 'ld_library_path_lib')
[1.160s] INFO:colcon.colcon_core.shell:Creating environment hook '/home/asd/ros2_ws9/install/goat_interfaces/share/goat_interfaces/hook/ld_library_path_lib.ps1'
[1.161s] INFO:colcon.colcon_core.shell:Creating environment descriptor '/home/asd/ros2_ws9/install/goat_interfaces/share/goat_interfaces/hook/ld_library_path_lib.dsv'
[1.161s] INFO:colcon.colcon_core.shell:Creating environment hook '/home/asd/ros2_ws9/install/goat_interfaces/share/goat_interfaces/hook/ld_library_path_lib.sh'
[1.161s] Level 1:colcon.colcon_core.environment:checking '/home/asd/ros2_ws9/install/goat_interfaces/bin'
[1.161s] Level 1:colcon.colcon_core.environment:checking '/home/asd/ros2_ws9/install/goat_interfaces/lib/pkgconfig/goat_interfaces.pc'
[1.162s] Level 1:colcon.colcon_core.environment:checking '/home/asd/ros2_ws9/install/goat_interfaces/lib/python3.10/site-packages'
[1.162s] Level 1:colcon.colcon_core.environment:checking '/home/asd/ros2_ws9/install/goat_interfaces/bin'
[1.162s] INFO:colcon.colcon_core.shell:Creating package script '/home/asd/ros2_ws9/install/goat_interfaces/share/goat_interfaces/package.ps1'
[1.163s] INFO:colcon.colcon_core.shell:Creating package descriptor '/home/asd/ros2_ws9/install/goat_interfaces/share/goat_interfaces/package.dsv'
[1.163s] INFO:colcon.colcon_core.shell:Creating package script '/home/asd/ros2_ws9/install/goat_interfaces/share/goat_interfaces/package.sh'
[1.164s] INFO:colcon.colcon_core.shell:Creating package script '/home/asd/ros2_ws9/install/goat_interfaces/share/goat_interfaces/package.bash'
[1.164s] INFO:colcon.colcon_core.shell:Creating package script '/home/asd/ros2_ws9/install/goat_interfaces/share/goat_interfaces/package.zsh'
[1.165s] Level 1:colcon.colcon_core.environment:create_file_with_runtime_dependencies(/home/asd/ros2_ws9/install/goat_interfaces/share/colcon-core/packages/goat_interfaces)
[1.165s] INFO:colcon.colcon_ros.task.ament_python.build:Building ROS package in '/home/asd/ros2_ws9/src/my_goat_pkg' with build type 'ament_python'
[1.165s] Level 1:colcon.colcon_core.shell:create_environment_hook('my_goat_pkg', 'ament_prefix_path')
[1.165s] INFO:colcon.colcon_core.shell:Creating environment hook '/home/asd/ros2_ws9/install/my_goat_pkg/share/my_goat_pkg/hook/ament_prefix_path.ps1'
[1.166s] INFO:colcon.colcon_core.shell:Creating environment descriptor '/home/asd/ros2_ws9/install/my_goat_pkg/share/my_goat_pkg/hook/ament_prefix_path.dsv'
[1.167s] INFO:colcon.colcon_core.shell:Creating environment hook '/home/asd/ros2_ws9/install/my_goat_pkg/share/my_goat_pkg/hook/ament_prefix_path.sh'
[1.167s] INFO:colcon.colcon_core.shell:Skip shell extension 'powershell' for command environment: Not usable outside of PowerShell
[1.167s] DEBUG:colcon.colcon_core.shell:Skip shell extension 'dsv' for command environment
[1.468s] INFO:colcon.colcon_core.task.python.build:Building Python package in '/home/asd/ros2_ws9/src/my_goat_pkg'
[1.468s] INFO:colcon.colcon_core.shell:Skip shell extension 'powershell' for command environment: Not usable outside of PowerShell
[1.468s] DEBUG:colcon.colcon_core.shell:Skip shell extension 'dsv' for command environment
[1.891s] DEBUG:colcon.colcon_core.event_handler.log_command:Invoking command in '/home/asd/ros2_ws9/src/my_goat_pkg': CMAKE_PREFIX_PATH=/home/asd/ros2_ws9/install/goat_interfaces:/home/asd/ros2_ws9/install/turtlebot3_simulations:/home/asd/ros2_ws9/install/turtlebot3_gazebo_goat:/home/asd/ros2_ws9/install/turtlebot3_fake_node:/home/asd/ros2_ws9/install/testbed_gazebo_goat:/home/asd/ros2_ws9/install/testbed_description_goat:/home/asd/ros2_ws9/install/goat_gazebo:/home/asd/ros2_ws6/install/testbed_navigation:/home/asd/ros2_ws6/install/testbed_gazebo:/home/asd/ros2_ws6/install/testbed_description:/home/asd/ros2_ws6/install/testbed_bringup:/home/asd/ros2_ws7/install/bring_up_anscer:/home/asd/ros2_ws7/install/custom_interfaces_anscer:/home/asd/ros2_ws4/install/my_interfaces:/home/asd/ros2_ws/install/turtlesim_project_cpp:/home/asd/ros2_ws/install/my_robot_bringup_one:/home/asd/ros2_ws/install/my_cpp_pkg:/home/asd/ros2_ws/install/my_robot_interfaces:/home/asd/ros2_ws2/install/my_robot_description:/home/asd/ros2_ws2/install/my_robot_bringup LD_LIBRARY_PATH=/home/asd/ros2_ws9/install/goat_interfaces/lib:/home/asd/ros2_ws7/install/custom_interfaces_anscer/lib:/home/asd/ros2_ws4/install/my_interfaces/lib:/home/asd/ros2_ws/install/my_robot_interfaces/lib:/usr/lib/x86_64-linux-gnu/gazebo-11/plugins:/opt/ros/humble/opt/rviz_ogre_vendor/lib:/opt/ros/humble/lib/x86_64-linux-gnu:/opt/ros/humble/lib:/usr/share/gazebo/../../lib/x86_64-linux-gnu/gazebo-11/plugins:/usr/share/gazebo/../../lib/x86_64-linux-gnu/gazebo-11/plugins:/usr/share/gazebo/../../lib/x86_64-linux-gnu/gazebo-11/plugins:/usr/share/gazebo/../../lib/x86_64-linux-gnu/gazebo-11/plugins:/usr/share/gazebo/../../lib/x86_64-linux-gnu/gazebo-11/plugins:/usr/share/gazebo/../../lib/x86_64-linux-gnu/gazebo-11/plugins PYTHONPATH=/home/asd/ros2_ws9/build/my_goat_pkg/prefix_override:/usr/lib/python3/dist-packages/colcon_core/task/python/colcon_distutils_commands:/home/asd/ros2_ws9/install/my_goat_pkg/lib/python3.10/site-packages:${PYTHONPATH} /usr/bin/python3 -W ignore:setup.py install is deprecated -W ignore:easy_install command is deprecated setup.py egg_info --egg-base ../../build/my_goat_pkg build --build-base /home/asd/ros2_ws9/build/my_goat_pkg/build install --record /home/asd/ros2_ws9/build/my_goat_pkg/install.log --single-version-externally-managed install_data
[2.209s] Level 1:colcon.colcon_core.environment:checking '/home/asd/ros2_ws9/install/my_goat_pkg' for CMake module files
[2.209s] DEBUG:colcon.colcon_core.event_handler.log_command:Invoked command in '/home/asd/ros2_ws9/src/my_goat_pkg' returned '0': CMAKE_PREFIX_PATH=/home/asd/ros2_ws9/install/goat_interfaces:/home/asd/ros2_ws9/install/turtlebot3_simulations:/home/asd/ros2_ws9/install/turtlebot3_gazebo_goat:/home/asd/ros2_ws9/install/turtlebot3_fake_node:/home/asd/ros2_ws9/install/testbed_gazebo_goat:/home/asd/ros2_ws9/install/testbed_description_goat:/home/asd/ros2_ws9/install/goat_gazebo:/home/asd/ros2_ws6/install/testbed_navigation:/home/asd/ros2_ws6/install/testbed_gazebo:/home/asd/ros2_ws6/install/testbed_description:/home/asd/ros2_ws6/install/testbed_bringup:/home/asd/ros2_ws7/install/bring_up_anscer:/home/asd/ros2_ws7/install/custom_interfaces_anscer:/home/asd/ros2_ws4/install/my_interfaces:/home/asd/ros2_ws/install/turtlesim_project_cpp:/home/asd/ros2_ws/install/my_robot_bringup_one:/home/asd/ros2_ws/install/my_cpp_pkg:/home/asd/ros2_ws/install/my_robot_interfaces:/home/asd/ros2_ws2/install/my_robot_description:/home/asd/ros2_ws2/install/my_robot_bringup LD_LIBRARY_PATH=/home/asd/ros2_ws9/install/goat_interfaces/lib:/home/asd/ros2_ws7/install/custom_interfaces_anscer/lib:/home/asd/ros2_ws4/install/my_interfaces/lib:/home/asd/ros2_ws/install/my_robot_interfaces/lib:/usr/lib/x86_64-linux-gnu/gazebo-11/plugins:/opt/ros/humble/opt/rviz_ogre_vendor/lib:/opt/ros/humble/lib/x86_64-linux-gnu:/opt/ros/humble/lib:/usr/share/gazebo/../../lib/x86_64-linux-gnu/gazebo-11/plugins:/usr/share/gazebo/../../lib/x86_64-linux-gnu/gazebo-11/plugins:/usr/share/gazebo/../../lib/x86_64-linux-gnu/gazebo-11/plugins:/usr/share/gazebo/../../lib/x86_64-linux-gnu/gazebo-11/plugins:/usr/share/gazebo/../../lib/x86_64-linux-gnu/gazebo-11/plugins:/usr/share/gazebo/../../lib/x86_64-linux-gnu/gazebo-11/plugins PYTHONPATH=/home/asd/ros2_ws9/build/my_goat_pkg/prefix_override:/usr/lib/python3/dist-packages/colcon_core/task/python/colcon_distutils_commands:/home/asd/ros2_ws9/install/my_goat_pkg/lib/python3.10/site-packages:${PYTHONPATH} /usr/bin/python3 -W ignore:setup.py install is deprecated -W ignore:easy_install command is deprecated setup.py egg_info --egg-base ../../build/my_goat_pkg build --build-base /home/asd/ros2_ws9/build/my_goat_pkg/build install --record /home/asd/ros2_ws9/build/my_goat_pkg/install.log --single-version-externally-managed install_data
[2.210s] Level 1:colcon.colcon_core.environment:checking '/home/asd/ros2_ws9/install/my_goat_pkg' for CMake config files
[2.210s] Level 1:colcon.colcon_core.environment:checking '/home/asd/ros2_ws9/install/my_goat_pkg/lib'
[2.210s] Level 1:colcon.colcon_core.environment:checking '/home/asd/ros2_ws9/install/my_goat_pkg/bin'
[2.210s] Level 1:colcon.colcon_core.environment:checking '/home/asd/ros2_ws9/install/my_goat_pkg/lib/pkgconfig/my_goat_pkg.pc'
[2.210s] Level 1:colcon.colcon_core.environment:checking '/home/asd/ros2_ws9/install/my_goat_pkg/lib/python3.10/site-packages'
[2.211s] Level 1:colcon.colcon_core.shell:create_environment_hook('my_goat_pkg', 'pythonpath')
[2.211s] INFO:colcon.colcon_core.shell:Creating environment hook '/home/asd/ros2_ws9/install/my_goat_pkg/share/my_goat_pkg/hook/pythonpath.ps1'
[2.211s] INFO:colcon.colcon_core.shell:Creating environment descriptor '/home/asd/ros2_ws9/install/my_goat_pkg/share/my_goat_pkg/hook/pythonpath.dsv'
[2.211s] INFO:colcon.colcon_core.shell:Creating environment hook '/home/asd/ros2_ws9/install/my_goat_pkg/share/my_goat_pkg/hook/pythonpath.sh'
[2.212s] Level 1:colcon.colcon_core.environment:checking '/home/asd/ros2_ws9/install/my_goat_pkg/bin'
[2.212s] Level 1:colcon.colcon_core.environment:create_environment_scripts_only(my_goat_pkg)
[2.212s] INFO:colcon.colcon_core.shell:Creating package script '/home/asd/ros2_ws9/install/my_goat_pkg/share/my_goat_pkg/package.ps1'
[2.213s] INFO:colcon.colcon_core.shell:Creating package descriptor '/home/asd/ros2_ws9/install/my_goat_pkg/share/my_goat_pkg/package.dsv'
[2.213s] INFO:colcon.colcon_core.shell:Creating package script '/home/asd/ros2_ws9/install/my_goat_pkg/share/my_goat_pkg/package.sh'
[2.214s] INFO:colcon.colcon_core.shell:Creating package script '/home/asd/ros2_ws9/install/my_goat_pkg/share/my_goat_pkg/package.bash'
[2.214s] INFO:colcon.colcon_core.shell:Creating package script '/home/asd/ros2_ws9/install/my_goat_pkg/share/my_goat_pkg/package.zsh'
[2.214s] Level 1:colcon.colcon_core.environment:create_file_with_runtime_dependencies(/home/asd/ros2_ws9/install/my_goat_pkg/share/colcon-core/packages/my_goat_pkg)
[2.214s] DEBUG:colcon.colcon_parallel_executor.executor.parallel:closing loop
[2.215s] DEBUG:colcon.colcon_parallel_executor.executor.parallel:loop closed
[2.215s] DEBUG:colcon.colcon_parallel_executor.executor.parallel:run_until_complete finished with '0'
[2.215s] DEBUG:colcon.colcon_core.event_reactor:joining thread
[2.221s] INFO:colcon.colcon_core.plugin_system:Skipping extension 'colcon_notification.desktop_notification.terminal_notifier': Not used on non-Darwin systems
[2.221s] INFO:colcon.colcon_core.plugin_system:Skipping extension 'colcon_notification.desktop_notification.win32': Not used on non-Windows systems
[2.221s] INFO:colcon.colcon_notification.desktop_notification:Sending desktop notification using 'notify2'
[2.232s] DEBUG:colcon.colcon_core.event_reactor:joined thread
[2.233s] INFO:colcon.colcon_core.shell:Creating prefix script '/home/asd/ros2_ws9/install/local_setup.ps1'
[2.234s] INFO:colcon.colcon_core.shell:Creating prefix util module '/home/asd/ros2_ws9/install/_local_setup_util_ps1.py'
[2.235s] INFO:colcon.colcon_core.shell:Creating prefix chain script '/home/asd/ros2_ws9/install/setup.ps1'
[2.237s] INFO:colcon.colcon_core.shell:Creating prefix script '/home/asd/ros2_ws9/install/local_setup.sh'
[2.238s] INFO:colcon.colcon_core.shell:Creating prefix util module '/home/asd/ros2_ws9/install/_local_setup_util_sh.py'
[2.239s] INFO:colcon.colcon_core.shell:Creating prefix chain script '/home/asd/ros2_ws9/install/setup.sh'
[2.241s] INFO:colcon.colcon_core.shell:Creating prefix script '/home/asd/ros2_ws9/install/local_setup.bash'
[2.242s] INFO:colcon.colcon_core.shell:Creating prefix chain script '/home/asd/ros2_ws9/install/setup.bash'
[2.245s] INFO:colcon.colcon_core.shell:Creating prefix script '/home/asd/ros2_ws9/install/local_setup.zsh'
[2.245s] INFO:colcon.colcon_core.shell:Creating prefix chain script '/home/asd/ros2_ws9/install/setup.zsh'
