[0.084s] Invoking command in '/home/asd/ros2_ws8/build/goat_interfaces': CMAKE_PREFIX_PATH=${CMAKE_PREFIX_PATH}:/home/asd/ros2_ws8/install/my_goat_pkg:/home/asd/ros2_ws7/install/my_py_pkg_anscer:/home/asd/ros2_ws4/install/esp_wifi:/home/asd/ros2_ws4/install/maping_odom:/home/asd/ros2_ws/install/turtlesim_catch_them_all:/home/asd/ros2_ws/install/my_py_pkg:/opt/ros/humble /usr/bin/cmake --build /home/asd/ros2_ws8/build/goat_interfaces -- -j8 -l8
[0.284s] [  3%] Built target goat_interfaces__cpp
[0.284s] [ 12%] Built target goat_interfaces__rosidl_generator_c
[0.365s] [ 12%] Built target ament_cmake_python_copy_goat_interfaces
[0.436s] [ 22%] Built target goat_interfaces__rosidl_typesupport_cpp
[0.475s] [ 32%] Built target goat_interfaces__rosidl_typesupport_introspection_cpp
[0.476s] [ 41%] Built target goat_interfaces__rosidl_typesupport_c
[0.476s] [ 51%] Built target goat_interfaces__rosidl_typesupport_fastrtps_cpp
[0.477s] [ 61%] Built target goat_interfaces__rosidl_typesupport_introspection_c
[0.494s] [ 70%] Built target goat_interfaces__rosidl_typesupport_fastrtps_c
[0.564s] [ 70%] Built target goat_interfaces
[0.641s] [ 74%] Built target goat_interfaces__py
[0.703s] [ 80%] Built target goat_interfaces__rosidl_generator_py
[0.766s] [ 87%] Built target goat_interfaces__rosidl_typesupport_fastrtps_c__pyext
[0.778s] [ 93%] Built target goat_interfaces__rosidl_typesupport_introspection_c__pyext
[0.778s] [100%] Built target goat_interfaces__rosidl_typesupport_c__pyext
[1.103s] running egg_info
[1.104s] writing goat_interfaces.egg-info/PKG-INFO
[1.104s] writing dependency_links to goat_interfaces.egg-info/dependency_links.txt
[1.105s] writing top-level names to goat_interfaces.egg-info/top_level.txt
[1.107s] reading manifest file 'goat_interfaces.egg-info/SOURCES.txt'
[1.108s] writing manifest file 'goat_interfaces.egg-info/SOURCES.txt'
[1.141s] [100%] Built target ament_cmake_python_build_goat_interfaces_egg
[1.161s] Invoked command in '/home/asd/ros2_ws8/build/goat_interfaces' returned '0': CMAKE_PREFIX_PATH=${CMAKE_PREFIX_PATH}:/home/asd/ros2_ws8/install/my_goat_pkg:/home/asd/ros2_ws7/install/my_py_pkg_anscer:/home/asd/ros2_ws4/install/esp_wifi:/home/asd/ros2_ws4/install/maping_odom:/home/asd/ros2_ws/install/turtlesim_catch_them_all:/home/asd/ros2_ws/install/my_py_pkg:/opt/ros/humble /usr/bin/cmake --build /home/asd/ros2_ws8/build/goat_interfaces -- -j8 -l8
[1.164s] Invoking command in '/home/asd/ros2_ws8/build/goat_interfaces': CMAKE_PREFIX_PATH=${CMAKE_PREFIX_PATH}:/home/asd/ros2_ws8/install/my_goat_pkg:/home/asd/ros2_ws7/install/my_py_pkg_anscer:/home/asd/ros2_ws4/install/esp_wifi:/home/asd/ros2_ws4/install/maping_odom:/home/asd/ros2_ws/install/turtlesim_catch_them_all:/home/asd/ros2_ws/install/my_py_pkg:/opt/ros/humble /usr/bin/cmake --install /home/asd/ros2_ws8/build/goat_interfaces
[1.177s] -- Install configuration: ""
[1.178s] -- Up-to-date: /home/asd/ros2_ws8/install/goat_interfaces/share/ament_index/resource_index/rosidl_interfaces/goat_interfaces
[1.178s] -- Up-to-date: /home/asd/ros2_ws8/install/goat_interfaces/include/goat_interfaces/goat_interfaces
[1.178s] -- Up-to-date: /home/asd/ros2_ws8/install/goat_interfaces/include/goat_interfaces/goat_interfaces/msg
[1.178s] -- Up-to-date: /home/asd/ros2_ws8/install/goat_interfaces/include/goat_interfaces/goat_interfaces/msg/rosidl_generator_c__visibility_control.h
[1.179s] -- Up-to-date: /home/asd/ros2_ws8/install/goat_interfaces/include/goat_interfaces/goat_interfaces/srv
[1.179s] -- Up-to-date: /home/asd/ros2_ws8/install/goat_interfaces/include/goat_interfaces/goat_interfaces/srv/go_to_pose.h
[1.179s] -- Up-to-date: /home/asd/ros2_ws8/install/goat_interfaces/include/goat_interfaces/goat_interfaces/srv/detail
[1.180s] -- Up-to-date: /home/asd/ros2_ws8/install/goat_interfaces/include/goat_interfaces/goat_interfaces/srv/detail/go_to_pose__type_support.h
[1.180s] -- Up-to-date: /home/asd/ros2_ws8/install/goat_interfaces/include/goat_interfaces/goat_interfaces/srv/detail/go_to_pose__functions.h
[1.181s] -- Up-to-date: /home/asd/ros2_ws8/install/goat_interfaces/include/goat_interfaces/goat_interfaces/srv/detail/go_to_pose__struct.h
[1.181s] -- Up-to-date: /home/asd/ros2_ws8/install/goat_interfaces/include/goat_interfaces/goat_interfaces/srv/detail/go_to_pose__functions.c
[1.181s] -- Up-to-date: /home/asd/ros2_ws8/install/goat_interfaces/share/goat_interfaces/environment/library_path.sh
[1.181s] -- Up-to-date: /home/asd/ros2_ws8/install/goat_interfaces/share/goat_interfaces/environment/library_path.dsv
[1.182s] -- Up-to-date: /home/asd/ros2_ws8/install/goat_interfaces/lib/libgoat_interfaces__rosidl_generator_c.so
[1.182s] -- Up-to-date: /home/asd/ros2_ws8/install/goat_interfaces/include/goat_interfaces/goat_interfaces
[1.182s] -- Up-to-date: /home/asd/ros2_ws8/install/goat_interfaces/include/goat_interfaces/goat_interfaces/msg
[1.184s] -- Up-to-date: /home/asd/ros2_ws8/install/goat_interfaces/include/goat_interfaces/goat_interfaces/msg/rosidl_typesupport_fastrtps_c__visibility_control.h
[1.185s] -- Up-to-date: /home/asd/ros2_ws8/install/goat_interfaces/include/goat_interfaces/goat_interfaces/srv
[1.185s] -- Up-to-date: /home/asd/ros2_ws8/install/goat_interfaces/include/goat_interfaces/goat_interfaces/srv/detail
[1.185s] -- Up-to-date: /home/asd/ros2_ws8/install/goat_interfaces/include/goat_interfaces/goat_interfaces/srv/detail/go_to_pose__rosidl_typesupport_fastrtps_c.h
[1.186s] -- Up-to-date: /home/asd/ros2_ws8/install/goat_interfaces/lib/libgoat_interfaces__rosidl_typesupport_fastrtps_c.so
[1.186s] -- Up-to-date: /home/asd/ros2_ws8/install/goat_interfaces/include/goat_interfaces/goat_interfaces
[1.186s] -- Up-to-date: /home/asd/ros2_ws8/install/goat_interfaces/include/goat_interfaces/goat_interfaces/msg
[1.186s] -- Up-to-date: /home/asd/ros2_ws8/install/goat_interfaces/include/goat_interfaces/goat_interfaces/msg/rosidl_typesupport_introspection_c__visibility_control.h
[1.187s] -- Up-to-date: /home/asd/ros2_ws8/install/goat_interfaces/include/goat_interfaces/goat_interfaces/srv
[1.187s] -- Up-to-date: /home/asd/ros2_ws8/install/goat_interfaces/include/goat_interfaces/goat_interfaces/srv/detail
[1.187s] -- Up-to-date: /home/asd/ros2_ws8/install/goat_interfaces/include/goat_interfaces/goat_interfaces/srv/detail/go_to_pose__rosidl_typesupport_introspection_c.h
[1.187s] -- Up-to-date: /home/asd/ros2_ws8/install/goat_interfaces/include/goat_interfaces/goat_interfaces/srv/detail/go_to_pose__type_support.c
[1.187s] -- Up-to-date: /home/asd/ros2_ws8/install/goat_interfaces/lib/libgoat_interfaces__rosidl_typesupport_introspection_c.so
[1.188s] -- Up-to-date: /home/asd/ros2_ws8/install/goat_interfaces/lib/libgoat_interfaces__rosidl_typesupport_c.so
[1.188s] -- Up-to-date: /home/asd/ros2_ws8/install/goat_interfaces/include/goat_interfaces/goat_interfaces
[1.188s] -- Up-to-date: /home/asd/ros2_ws8/install/goat_interfaces/include/goat_interfaces/goat_interfaces/msg
[1.188s] -- Up-to-date: /home/asd/ros2_ws8/install/goat_interfaces/include/goat_interfaces/goat_interfaces/msg/rosidl_generator_cpp__visibility_control.hpp
[1.189s] -- Up-to-date: /home/asd/ros2_ws8/install/goat_interfaces/include/goat_interfaces/goat_interfaces/srv
[1.189s] -- Up-to-date: /home/asd/ros2_ws8/install/goat_interfaces/include/goat_interfaces/goat_interfaces/srv/go_to_pose.hpp
[1.189s] -- Up-to-date: /home/asd/ros2_ws8/install/goat_interfaces/include/goat_interfaces/goat_interfaces/srv/detail
[1.189s] -- Up-to-date: /home/asd/ros2_ws8/install/goat_interfaces/include/goat_interfaces/goat_interfaces/srv/detail/go_to_pose__builder.hpp
[1.189s] -- Up-to-date: /home/asd/ros2_ws8/install/goat_interfaces/include/goat_interfaces/goat_interfaces/srv/detail/go_to_pose__type_support.hpp
[1.190s] -- Up-to-date: /home/asd/ros2_ws8/install/goat_interfaces/include/goat_interfaces/goat_interfaces/srv/detail/go_to_pose__struct.hpp
[1.190s] -- Up-to-date: /home/asd/ros2_ws8/install/goat_interfaces/include/goat_interfaces/goat_interfaces/srv/detail/go_to_pose__traits.hpp
[1.190s] -- Up-to-date: /home/asd/ros2_ws8/install/goat_interfaces/include/goat_interfaces/goat_interfaces
[1.190s] -- Up-to-date: /home/asd/ros2_ws8/install/goat_interfaces/include/goat_interfaces/goat_interfaces/msg
[1.191s] -- Up-to-date: /home/asd/ros2_ws8/install/goat_interfaces/include/goat_interfaces/goat_interfaces/msg/rosidl_typesupport_fastrtps_cpp__visibility_control.h
[1.191s] -- Up-to-date: /home/asd/ros2_ws8/install/goat_interfaces/include/goat_interfaces/goat_interfaces/srv
[1.191s] -- Up-to-date: /home/asd/ros2_ws8/install/goat_interfaces/include/goat_interfaces/goat_interfaces/srv/detail
[1.191s] -- Up-to-date: /home/asd/ros2_ws8/install/goat_interfaces/include/goat_interfaces/goat_interfaces/srv/detail/dds_fastrtps
[1.191s] -- Up-to-date: /home/asd/ros2_ws8/install/goat_interfaces/include/goat_interfaces/goat_interfaces/srv/detail/go_to_pose__rosidl_typesupport_fastrtps_cpp.hpp
[1.191s] -- Up-to-date: /home/asd/ros2_ws8/install/goat_interfaces/lib/libgoat_interfaces__rosidl_typesupport_fastrtps_cpp.so
[1.191s] -- Up-to-date: /home/asd/ros2_ws8/install/goat_interfaces/include/goat_interfaces/goat_interfaces
[1.191s] -- Up-to-date: /home/asd/ros2_ws8/install/goat_interfaces/include/goat_interfaces/goat_interfaces/srv
[1.191s] -- Up-to-date: /home/asd/ros2_ws8/install/goat_interfaces/include/goat_interfaces/goat_interfaces/srv/detail
[1.191s] -- Up-to-date: /home/asd/ros2_ws8/install/goat_interfaces/include/goat_interfaces/goat_interfaces/srv/detail/go_to_pose__type_support.cpp
[1.192s] -- Up-to-date: /home/asd/ros2_ws8/install/goat_interfaces/include/goat_interfaces/goat_interfaces/srv/detail/go_to_pose__rosidl_typesupport_introspection_cpp.hpp
[1.192s] -- Up-to-date: /home/asd/ros2_ws8/install/goat_interfaces/lib/libgoat_interfaces__rosidl_typesupport_introspection_cpp.so
[1.192s] -- Up-to-date: /home/asd/ros2_ws8/install/goat_interfaces/lib/libgoat_interfaces__rosidl_typesupport_cpp.so
[1.192s] -- Up-to-date: /home/asd/ros2_ws8/install/goat_interfaces/share/goat_interfaces/environment/pythonpath.sh
[1.192s] -- Up-to-date: /home/asd/ros2_ws8/install/goat_interfaces/share/goat_interfaces/environment/pythonpath.dsv
[1.192s] -- Up-to-date: /home/asd/ros2_ws8/install/goat_interfaces/local/lib/python3.10/dist-packages/goat_interfaces-0.0.0-py3.10.egg-info
[1.192s] -- Installing: /home/asd/ros2_ws8/install/goat_interfaces/local/lib/python3.10/dist-packages/goat_interfaces-0.0.0-py3.10.egg-info/top_level.txt
[1.192s] -- Installing: /home/asd/ros2_ws8/install/goat_interfaces/local/lib/python3.10/dist-packages/goat_interfaces-0.0.0-py3.10.egg-info/PKG-INFO
[1.192s] -- Installing: /home/asd/ros2_ws8/install/goat_interfaces/local/lib/python3.10/dist-packages/goat_interfaces-0.0.0-py3.10.egg-info/dependency_links.txt
[1.192s] -- Installing: /home/asd/ros2_ws8/install/goat_interfaces/local/lib/python3.10/dist-packages/goat_interfaces-0.0.0-py3.10.egg-info/SOURCES.txt
[1.193s] -- Up-to-date: /home/asd/ros2_ws8/install/goat_interfaces/local/lib/python3.10/dist-packages/goat_interfaces
[1.193s] -- Up-to-date: /home/asd/ros2_ws8/install/goat_interfaces/local/lib/python3.10/dist-packages/goat_interfaces/goat_interfaces_s__rosidl_typesupport_c.cpython-310-x86_64-linux-gnu.so
[1.193s] -- Up-to-date: /home/asd/ros2_ws8/install/goat_interfaces/local/lib/python3.10/dist-packages/goat_interfaces/_goat_interfaces_s.ep.rosidl_typesupport_fastrtps_c.c
[1.193s] -- Up-to-date: /home/asd/ros2_ws8/install/goat_interfaces/local/lib/python3.10/dist-packages/goat_interfaces/srv
[1.193s] -- Up-to-date: /home/asd/ros2_ws8/install/goat_interfaces/local/lib/python3.10/dist-packages/goat_interfaces/srv/_go_to_pose_s.c
[1.193s] -- Up-to-date: /home/asd/ros2_ws8/install/goat_interfaces/local/lib/python3.10/dist-packages/goat_interfaces/srv/_go_to_pose.py
[1.193s] -- Up-to-date: /home/asd/ros2_ws8/install/goat_interfaces/local/lib/python3.10/dist-packages/goat_interfaces/srv/__init__.py
[1.193s] -- Up-to-date: /home/asd/ros2_ws8/install/goat_interfaces/local/lib/python3.10/dist-packages/goat_interfaces/libgoat_interfaces__rosidl_generator_py.so
[1.193s] -- Up-to-date: /home/asd/ros2_ws8/install/goat_interfaces/local/lib/python3.10/dist-packages/goat_interfaces/_goat_interfaces_s.ep.rosidl_typesupport_c.c
[1.193s] -- Up-to-date: /home/asd/ros2_ws8/install/goat_interfaces/local/lib/python3.10/dist-packages/goat_interfaces/goat_interfaces_s__rosidl_typesupport_introspection_c.cpython-310-x86_64-linux-gnu.so
[1.194s] -- Up-to-date: /home/asd/ros2_ws8/install/goat_interfaces/local/lib/python3.10/dist-packages/goat_interfaces/_goat_interfaces_s.ep.rosidl_typesupport_introspection_c.c
[1.194s] -- Up-to-date: /home/asd/ros2_ws8/install/goat_interfaces/local/lib/python3.10/dist-packages/goat_interfaces/__init__.py
[1.194s] -- Up-to-date: /home/asd/ros2_ws8/install/goat_interfaces/local/lib/python3.10/dist-packages/goat_interfaces/goat_interfaces_s__rosidl_typesupport_fastrtps_c.cpython-310-x86_64-linux-gnu.so
[1.319s] Listing '/home/asd/ros2_ws8/install/goat_interfaces/local/lib/python3.10/dist-packages/goat_interfaces'...
[1.319s] Listing '/home/asd/ros2_ws8/install/goat_interfaces/local/lib/python3.10/dist-packages/goat_interfaces/srv'...
[1.324s] -- Up-to-date: /home/asd/ros2_ws8/install/goat_interfaces/local/lib/python3.10/dist-packages/goat_interfaces/goat_interfaces_s__rosidl_typesupport_fastrtps_c.cpython-310-x86_64-linux-gnu.so
[1.325s] -- Up-to-date: /home/asd/ros2_ws8/install/goat_interfaces/local/lib/python3.10/dist-packages/goat_interfaces/goat_interfaces_s__rosidl_typesupport_introspection_c.cpython-310-x86_64-linux-gnu.so
[1.326s] -- Up-to-date: /home/asd/ros2_ws8/install/goat_interfaces/local/lib/python3.10/dist-packages/goat_interfaces/goat_interfaces_s__rosidl_typesupport_c.cpython-310-x86_64-linux-gnu.so
[1.327s] -- Up-to-date: /home/asd/ros2_ws8/install/goat_interfaces/lib/libgoat_interfaces__rosidl_generator_py.so
[1.327s] -- Up-to-date: /home/asd/ros2_ws8/install/goat_interfaces/share/goat_interfaces/srv/GoToPose.idl
[1.328s] -- Up-to-date: /home/asd/ros2_ws8/install/goat_interfaces/share/goat_interfaces/srv/GoToPose.srv
[1.328s] -- Up-to-date: /home/asd/ros2_ws8/install/goat_interfaces/share/goat_interfaces/srv/GoToPose_Request.msg
[1.328s] -- Up-to-date: /home/asd/ros2_ws8/install/goat_interfaces/share/goat_interfaces/srv/GoToPose_Response.msg
[1.329s] -- Up-to-date: /home/asd/ros2_ws8/install/goat_interfaces/share/ament_index/resource_index/package_run_dependencies/goat_interfaces
[1.329s] -- Up-to-date: /home/asd/ros2_ws8/install/goat_interfaces/share/ament_index/resource_index/parent_prefix_path/goat_interfaces
[1.329s] -- Up-to-date: /home/asd/ros2_ws8/install/goat_interfaces/share/goat_interfaces/environment/ament_prefix_path.sh
[1.329s] -- Up-to-date: /home/asd/ros2_ws8/install/goat_interfaces/share/goat_interfaces/environment/ament_prefix_path.dsv
[1.329s] -- Up-to-date: /home/asd/ros2_ws8/install/goat_interfaces/share/goat_interfaces/environment/path.sh
[1.329s] -- Up-to-date: /home/asd/ros2_ws8/install/goat_interfaces/share/goat_interfaces/environment/path.dsv
[1.329s] -- Up-to-date: /home/asd/ros2_ws8/install/goat_interfaces/share/goat_interfaces/local_setup.bash
[1.330s] -- Up-to-date: /home/asd/ros2_ws8/install/goat_interfaces/share/goat_interfaces/local_setup.sh
[1.330s] -- Up-to-date: /home/asd/ros2_ws8/install/goat_interfaces/share/goat_interfaces/local_setup.zsh
[1.330s] -- Up-to-date: /home/asd/ros2_ws8/install/goat_interfaces/share/goat_interfaces/local_setup.dsv
[1.330s] -- Installing: /home/asd/ros2_ws8/install/goat_interfaces/share/goat_interfaces/package.dsv
[1.330s] -- Up-to-date: /home/asd/ros2_ws8/install/goat_interfaces/share/ament_index/resource_index/packages/goat_interfaces
[1.330s] -- Up-to-date: /home/asd/ros2_ws8/install/goat_interfaces/share/goat_interfaces/cmake/export_goat_interfaces__rosidl_generator_cExport.cmake
[1.330s] -- Up-to-date: /home/asd/ros2_ws8/install/goat_interfaces/share/goat_interfaces/cmake/export_goat_interfaces__rosidl_generator_cExport-noconfig.cmake
[1.330s] -- Up-to-date: /home/asd/ros2_ws8/install/goat_interfaces/share/goat_interfaces/cmake/export_goat_interfaces__rosidl_typesupport_fastrtps_cExport.cmake
[1.331s] -- Up-to-date: /home/asd/ros2_ws8/install/goat_interfaces/share/goat_interfaces/cmake/export_goat_interfaces__rosidl_typesupport_fastrtps_cExport-noconfig.cmake
[1.331s] -- Up-to-date: /home/asd/ros2_ws8/install/goat_interfaces/share/goat_interfaces/cmake/goat_interfaces__rosidl_typesupport_introspection_cExport.cmake
[1.331s] -- Up-to-date: /home/asd/ros2_ws8/install/goat_interfaces/share/goat_interfaces/cmake/goat_interfaces__rosidl_typesupport_introspection_cExport-noconfig.cmake
[1.331s] -- Up-to-date: /home/asd/ros2_ws8/install/goat_interfaces/share/goat_interfaces/cmake/goat_interfaces__rosidl_typesupport_cExport.cmake
[1.331s] -- Up-to-date: /home/asd/ros2_ws8/install/goat_interfaces/share/goat_interfaces/cmake/goat_interfaces__rosidl_typesupport_cExport-noconfig.cmake
[1.331s] -- Up-to-date: /home/asd/ros2_ws8/install/goat_interfaces/share/goat_interfaces/cmake/export_goat_interfaces__rosidl_generator_cppExport.cmake
[1.331s] -- Up-to-date: /home/asd/ros2_ws8/install/goat_interfaces/share/goat_interfaces/cmake/export_goat_interfaces__rosidl_typesupport_fastrtps_cppExport.cmake
[1.332s] -- Up-to-date: /home/asd/ros2_ws8/install/goat_interfaces/share/goat_interfaces/cmake/export_goat_interfaces__rosidl_typesupport_fastrtps_cppExport-noconfig.cmake
[1.332s] -- Up-to-date: /home/asd/ros2_ws8/install/goat_interfaces/share/goat_interfaces/cmake/goat_interfaces__rosidl_typesupport_introspection_cppExport.cmake
[1.332s] -- Up-to-date: /home/asd/ros2_ws8/install/goat_interfaces/share/goat_interfaces/cmake/goat_interfaces__rosidl_typesupport_introspection_cppExport-noconfig.cmake
[1.332s] -- Up-to-date: /home/asd/ros2_ws8/install/goat_interfaces/share/goat_interfaces/cmake/goat_interfaces__rosidl_typesupport_cppExport.cmake
[1.332s] -- Up-to-date: /home/asd/ros2_ws8/install/goat_interfaces/share/goat_interfaces/cmake/goat_interfaces__rosidl_typesupport_cppExport-noconfig.cmake
[1.332s] -- Up-to-date: /home/asd/ros2_ws8/install/goat_interfaces/share/goat_interfaces/cmake/export_goat_interfaces__rosidl_generator_pyExport.cmake
[1.332s] -- Up-to-date: /home/asd/ros2_ws8/install/goat_interfaces/share/goat_interfaces/cmake/export_goat_interfaces__rosidl_generator_pyExport-noconfig.cmake
[1.332s] -- Up-to-date: /home/asd/ros2_ws8/install/goat_interfaces/share/goat_interfaces/cmake/rosidl_cmake-extras.cmake
[1.333s] -- Up-to-date: /home/asd/ros2_ws8/install/goat_interfaces/share/goat_interfaces/cmake/ament_cmake_export_include_directories-extras.cmake
[1.333s] -- Up-to-date: /home/asd/ros2_ws8/install/goat_interfaces/share/goat_interfaces/cmake/ament_cmake_export_libraries-extras.cmake
[1.333s] -- Up-to-date: /home/asd/ros2_ws8/install/goat_interfaces/share/goat_interfaces/cmake/ament_cmake_export_targets-extras.cmake
[1.333s] -- Up-to-date: /home/asd/ros2_ws8/install/goat_interfaces/share/goat_interfaces/cmake/rosidl_cmake_export_typesupport_targets-extras.cmake
[1.333s] -- Up-to-date: /home/asd/ros2_ws8/install/goat_interfaces/share/goat_interfaces/cmake/ament_cmake_export_dependencies-extras.cmake
[1.333s] -- Up-to-date: /home/asd/ros2_ws8/install/goat_interfaces/share/goat_interfaces/cmake/rosidl_cmake_export_typesupport_libraries-extras.cmake
[1.333s] -- Up-to-date: /home/asd/ros2_ws8/install/goat_interfaces/share/goat_interfaces/cmake/goat_interfacesConfig.cmake
[1.333s] -- Up-to-date: /home/asd/ros2_ws8/install/goat_interfaces/share/goat_interfaces/cmake/goat_interfacesConfig-version.cmake
[1.333s] -- Up-to-date: /home/asd/ros2_ws8/install/goat_interfaces/share/goat_interfaces/package.xml
[1.337s] Invoked command in '/home/asd/ros2_ws8/build/goat_interfaces' returned '0': CMAKE_PREFIX_PATH=${CMAKE_PREFIX_PATH}:/home/asd/ros2_ws8/install/my_goat_pkg:/home/asd/ros2_ws7/install/my_py_pkg_anscer:/home/asd/ros2_ws4/install/esp_wifi:/home/asd/ros2_ws4/install/maping_odom:/home/asd/ros2_ws/install/turtlesim_catch_them_all:/home/asd/ros2_ws/install/my_py_pkg:/opt/ros/humble /usr/bin/cmake --install /home/asd/ros2_ws8/build/goat_interfaces
