running egg_info
writing ../../build/my_py_pkg_anscer/my_py_pkg_anscer.egg-info/PKG-INFO
writing dependency_links to ../../build/my_py_pkg_anscer/my_py_pkg_anscer.egg-info/dependency_links.txt
writing entry points to ../../build/my_py_pkg_anscer/my_py_pkg_anscer.egg-info/entry_points.txt
writing requirements to ../../build/my_py_pkg_anscer/my_py_pkg_anscer.egg-info/requires.txt
writing top-level names to ../../build/my_py_pkg_anscer/my_py_pkg_anscer.egg-info/top_level.txt
reading manifest file '../../build/my_py_pkg_anscer/my_py_pkg_anscer.egg-info/SOURCES.txt'
writing manifest file '../../build/my_py_pkg_anscer/my_py_pkg_anscer.egg-info/SOURCES.txt'
running build
running build_py
running install
running install_lib
running install_data
running install_egg_info
removing '/home/asd/ros2_ws7/install/my_py_pkg_anscer/lib/python3.10/site-packages/my_py_pkg_anscer-0.0.0-py3.10.egg-info' (and everything under it)
Copying ../../build/my_py_pkg_anscer/my_py_pkg_anscer.egg-info to /home/asd/ros2_ws7/install/my_py_pkg_anscer/lib/python3.10/site-packages/my_py_pkg_anscer-0.0.0-py3.10.egg-info
running install_scripts
Installing path_drawer script to /home/asd/ros2_ws7/install/my_py_pkg_anscer/lib/my_py_pkg_anscer
Installing trajectory_publisher_saver script to /home/asd/ros2_ws7/install/my_py_pkg_anscer/lib/my_py_pkg_anscer
Installing trajectory_visualizer script to /home/asd/ros2_ws7/install/my_py_pkg_anscer/lib/my_py_pkg_anscer
writing list of installed files to '/home/asd/ros2_ws7/build/my_py_pkg_anscer/install.log'
