[0.693s] Invoking command in '/home/asd/ros2_ws7/src/my_py_pkg_anscer': CMAKE_PREFIX_PATH=/home/asd/ros2_ws7/install/custom_interfaces_anscer:/home/asd/ros2_ws7/install/bring_up_anscer:/home/asd/ros2_ws6/install/testbed_gazebo:/home/asd/ros2_ws6/install/testbed_description:/home/asd/ros2_ws6/install/testbed_bringup:/home/asd/ros2_ws4/install/my_interfaces:/home/asd/ros2_ws/install/turtlesim_project_cpp:/home/asd/ros2_ws/install/my_robot_bringup_one:/home/asd/ros2_ws/install/my_cpp_pkg:/home/asd/ros2_ws/install/my_robot_interfaces:/home/asd/ros2_ws2/install/my_robot_description:/home/asd/ros2_ws2/install/my_robot_bringup LD_LIBRARY_PATH=/home/asd/ros2_ws7/install/custom_interfaces_anscer/lib:/home/asd/ros2_ws4/install/my_interfaces/lib:/home/asd/ros2_ws/install/my_robot_interfaces/lib:/usr/lib/x86_64-linux-gnu/gazebo-11/plugins:/opt/ros/humble/opt/rviz_ogre_vendor/lib:/opt/ros/humble/lib/x86_64-linux-gnu:/opt/ros/humble/lib:/usr/share/gazebo/../../lib/x86_64-linux-gnu/gazebo-11/plugins PYTHONPATH=/home/asd/ros2_ws7/build/my_py_pkg_anscer/prefix_override:/usr/lib/python3/dist-packages/colcon_core/task/python/colcon_distutils_commands:/home/asd/ros2_ws7/install/my_py_pkg_anscer/lib/python3.10/site-packages:${PYTHONPATH} /usr/bin/python3 -W ignore:setup.py install is deprecated -W ignore:easy_install command is deprecated setup.py egg_info --egg-base ../../build/my_py_pkg_anscer build --build-base /home/asd/ros2_ws7/build/my_py_pkg_anscer/build install --record /home/asd/ros2_ws7/build/my_py_pkg_anscer/install.log --single-version-externally-managed install_data
[0.961s] running egg_info
[0.962s] writing ../../build/my_py_pkg_anscer/my_py_pkg_anscer.egg-info/PKG-INFO
[0.962s] writing dependency_links to ../../build/my_py_pkg_anscer/my_py_pkg_anscer.egg-info/dependency_links.txt
[0.962s] writing entry points to ../../build/my_py_pkg_anscer/my_py_pkg_anscer.egg-info/entry_points.txt
[0.962s] writing requirements to ../../build/my_py_pkg_anscer/my_py_pkg_anscer.egg-info/requires.txt
[0.962s] writing top-level names to ../../build/my_py_pkg_anscer/my_py_pkg_anscer.egg-info/top_level.txt
[0.964s] reading manifest file '../../build/my_py_pkg_anscer/my_py_pkg_anscer.egg-info/SOURCES.txt'
[0.965s] writing manifest file '../../build/my_py_pkg_anscer/my_py_pkg_anscer.egg-info/SOURCES.txt'
[0.965s] running build
[0.965s] running build_py
[0.965s] running install
[0.966s] running install_lib
[0.967s] running install_data
[0.967s] running install_egg_info
[0.969s] removing '/home/asd/ros2_ws7/install/my_py_pkg_anscer/lib/python3.10/site-packages/my_py_pkg_anscer-0.0.0-py3.10.egg-info' (and everything under it)
[0.969s] Copying ../../build/my_py_pkg_anscer/my_py_pkg_anscer.egg-info to /home/asd/ros2_ws7/install/my_py_pkg_anscer/lib/python3.10/site-packages/my_py_pkg_anscer-0.0.0-py3.10.egg-info
[0.970s] running install_scripts
[0.990s] Installing path_drawer script to /home/asd/ros2_ws7/install/my_py_pkg_anscer/lib/my_py_pkg_anscer
[0.990s] Installing trajectory_publisher_saver script to /home/asd/ros2_ws7/install/my_py_pkg_anscer/lib/my_py_pkg_anscer
[0.990s] Installing trajectory_visualizer script to /home/asd/ros2_ws7/install/my_py_pkg_anscer/lib/my_py_pkg_anscer
[0.990s] writing list of installed files to '/home/asd/ros2_ws7/build/my_py_pkg_anscer/install.log'
[1.013s] Invoked command in '/home/asd/ros2_ws7/src/my_py_pkg_anscer' returned '0': CMAKE_PREFIX_PATH=/home/asd/ros2_ws7/install/custom_interfaces_anscer:/home/asd/ros2_ws7/install/bring_up_anscer:/home/asd/ros2_ws6/install/testbed_gazebo:/home/asd/ros2_ws6/install/testbed_description:/home/asd/ros2_ws6/install/testbed_bringup:/home/asd/ros2_ws4/install/my_interfaces:/home/asd/ros2_ws/install/turtlesim_project_cpp:/home/asd/ros2_ws/install/my_robot_bringup_one:/home/asd/ros2_ws/install/my_cpp_pkg:/home/asd/ros2_ws/install/my_robot_interfaces:/home/asd/ros2_ws2/install/my_robot_description:/home/asd/ros2_ws2/install/my_robot_bringup LD_LIBRARY_PATH=/home/asd/ros2_ws7/install/custom_interfaces_anscer/lib:/home/asd/ros2_ws4/install/my_interfaces/lib:/home/asd/ros2_ws/install/my_robot_interfaces/lib:/usr/lib/x86_64-linux-gnu/gazebo-11/plugins:/opt/ros/humble/opt/rviz_ogre_vendor/lib:/opt/ros/humble/lib/x86_64-linux-gnu:/opt/ros/humble/lib:/usr/share/gazebo/../../lib/x86_64-linux-gnu/gazebo-11/plugins PYTHONPATH=/home/asd/ros2_ws7/build/my_py_pkg_anscer/prefix_override:/usr/lib/python3/dist-packages/colcon_core/task/python/colcon_distutils_commands:/home/asd/ros2_ws7/install/my_py_pkg_anscer/lib/python3.10/site-packages:${PYTHONPATH} /usr/bin/python3 -W ignore:setup.py install is deprecated -W ignore:easy_install command is deprecated setup.py egg_info --egg-base ../../build/my_py_pkg_anscer build --build-base /home/asd/ros2_ws7/build/my_py_pkg_anscer/build install --record /home/asd/ros2_ws7/build/my_py_pkg_anscer/install.log --single-version-externally-managed install_data
