[0.035s] Invoking command in '/home/asd/ros2_ws8/build/turtlebot3_gazebo': CMAKE_PREFIX_PATH=${CMAKE_PREFIX_PATH}:/home/asd/ros2_ws7/install/my_py_pkg_anscer:/home/asd/ros2_ws4/install/esp_wifi:/home/asd/ros2_ws4/install/maping_odom:/home/asd/ros2_ws/install/turtlesim_catch_them_all:/home/asd/ros2_ws/install/my_py_pkg:/opt/ros/humble /usr/bin/cmake /home/asd/ros2_ws8/src/turtlebot3_gazebo -DCMAKE_INSTALL_PREFIX=/home/asd/ros2_ws8/install/turtlebot3_gazebo
[0.182s] -- The C compiler identification is GNU 11.4.0
[0.317s] -- The CXX compiler identification is GNU 11.4.0
[0.338s] -- Detecting C compiler ABI info
[0.414s] -- Detecting C compiler ABI info - done
[0.424s] -- Check for working C compiler: /usr/bin/cc - skipped
[0.424s] -- Detecting C compile features
[0.425s] -- Detecting C compile features - done
[0.429s] -- Detecting CXX compiler ABI info
[0.515s] -- Detecting CXX compiler ABI info - done
[0.524s] -- Check for working CXX compiler: /usr/bin/c++ - skipped
[0.525s] -- Detecting CXX compile features
[0.525s] -- Detecting CXX compile features - done
[0.537s] -- Found ament_cmake: 1.3.11 (/opt/ros/humble/share/ament_cmake/cmake)
[1.062s] -- Found Python3: /home/asd/.pyenv/shims/python3 (found version "3.10.12") found components: Interpreter 
[1.334s] [33mCMake Warning (dev) at /usr/share/cmake-3.22/Modules/FindPackageHandleStandardArgs.cmake:438 (message):
[1.334s]   The package name passed to `find_package_handle_standard_args` (PkgConfig)
[1.334s]   does not match the name of the calling package (gazebo).  This can lead to
[1.334s]   problems in calling code that expects `find_package` result variables
[1.334s]   (e.g., `_FOUND`) to follow a certain pattern.
[1.334s] Call Stack (most recent call first):
[1.334s]   /usr/share/cmake-3.22/Modules/FindPkgConfig.cmake:99 (find_package_handle_standard_args)
[1.334s]   /usr/lib/x86_64-linux-gnu/cmake/gazebo/gazebo-config.cmake:72 (include)
[1.334s]   CMakeLists.txt:23 (find_package)
[1.334s] This warning is for project developers.  Use -Wno-dev to suppress it.
[1.334s] [0m
[1.334s] -- Found PkgConfig: /usr/bin/pkg-config (found version "0.29.2") 
[1.338s] -- Checking for module 'bullet>=2.82'
[1.364s] --   Found bullet, version 3.05
[1.519s] -- Found fcl: /usr/include (found suitable version "0.7.0", minimum required is "0.5.0") 
[1.583s] -- Found assimp: /usr/include (found version "5.2.0") 
[1.675s] -- Found DART: /usr/include (Required is at least version "6.6") found components: dart 
[1.940s] -- Found Boost: /usr/lib/x86_64-linux-gnu/cmake/Boost-1.74.0/BoostConfig.cmake (found suitable version "1.74.0", minimum required is "1.40.0") found components: thread system filesystem program_options regex iostreams date_time 
[1.975s] -- Found Protobuf: /usr/lib/x86_64-linux-gnu/libprotobuf.so (found version "3.12.4") 
[1.997s] -- Looking for ignition-math6 -- found version 6.15.1
[2.018s] -- Searching for dependencies of ignition-math6
[2.025s] -- Looking for OGRE...
[2.025s] -- OGRE_PREFIX_WATCH changed.
[2.031s] -- Checking for module 'OGRE'
[2.048s] --   Found OGRE, version 1.9.0
[2.087s] -- Found Ogre Ghadamon (1.9.0)
[2.102s] -- Found OGRE: optimized;/usr/lib/x86_64-linux-gnu/libOgreMain.so;debug;/usr/lib/x86_64-linux-gnu/libOgreMain.so
[2.111s] -- Looking for OGRE_Paging...
[2.126s] -- Found OGRE_Paging: optimized;/usr/lib/x86_64-linux-gnu/libOgrePaging.so;debug;/usr/lib/x86_64-linux-gnu/libOgrePaging.so
[2.126s] -- Looking for OGRE_Terrain...
[2.136s] -- Found OGRE_Terrain: optimized;/usr/lib/x86_64-linux-gnu/libOgreTerrain.so;debug;/usr/lib/x86_64-linux-gnu/libOgreTerrain.so
[2.136s] -- Looking for OGRE_Property...
[2.146s] -- Found OGRE_Property: optimized;/usr/lib/x86_64-linux-gnu/libOgreProperty.so;debug;/usr/lib/x86_64-linux-gnu/libOgreProperty.so
[2.146s] -- Looking for OGRE_RTShaderSystem...
[2.155s] -- Found OGRE_RTShaderSystem: optimized;/usr/lib/x86_64-linux-gnu/libOgreRTShaderSystem.so;debug;/usr/lib/x86_64-linux-gnu/libOgreRTShaderSystem.so
[2.155s] -- Looking for OGRE_Volume...
[2.165s] -- Found OGRE_Volume: optimized;/usr/lib/x86_64-linux-gnu/libOgreVolume.so;debug;/usr/lib/x86_64-linux-gnu/libOgreVolume.so
[2.165s] -- Looking for OGRE_Overlay...
[2.174s] -- Found OGRE_Overlay: optimized;/usr/lib/x86_64-linux-gnu/libOgreOverlay.so;debug;/usr/lib/x86_64-linux-gnu/libOgreOverlay.so
[2.429s] -- Looking for ignition-math6 -- found version 6.15.1
[2.437s] -- Looking for ignition-transport8 -- found version 8.2.1
[2.437s] -- Searching for dependencies of ignition-transport8
[2.460s] -- Found Protobuf: /usr/lib/x86_64-linux-gnu/libprotobuf.so (found suitable version "3.12.4", minimum required is "3") 
[2.476s] -- Config-file not installed for ZeroMQ -- checking for pkg-config
[2.481s] -- Checking for module 'libzmq >= 4'
[2.508s] --   Found libzmq , version 4.3.4
[2.551s] -- Found ZeroMQ: TRUE (Required is at least version "4") 
[2.560s] -- Checking for module 'uuid'
[2.576s] --   Found uuid, version 2.37.2
[2.613s] -- Found UUID: TRUE  
[2.621s] -- Looking for ignition-msgs5 -- found version 5.8.1
[2.621s] -- Searching for dependencies of ignition-msgs5
[2.645s] -- Looking for ignition-math6 -- found version 6.15.1
[2.651s] -- Checking for module 'tinyxml2'
[2.668s] --   Found tinyxml2, version 9.0.0
[2.712s] -- Looking for ignition-msgs5 -- found version 5.8.1
[2.719s] -- Looking for ignition-common3 -- found version 3.14.0
[2.719s] -- Searching for dependencies of ignition-common3
[2.721s] -- Looking for dlfcn.h - found
[2.723s] -- Looking for libdl - found
[2.724s] -- Found DL: TRUE  
[2.743s] -- Found tinyobjloader: /usr/lib/x86_64-linux-gnu/cmake/tinyobjloader/tinyobjloader-config.cmake (found version "2.0.0") 
[2.744s] -- Searching for <ignition-common3> component [graphics]
[2.751s] -- Looking for ignition-common3-graphics -- found version 3.14.0
[2.752s] -- Searching for dependencies of ignition-common3-graphics
[2.752s] -- Looking for ignition-math6 -- found version 6.15.1
[2.762s] -- Looking for ignition-fuel_tools4 -- found version 4.4.0
[2.763s] -- Searching for dependencies of ignition-fuel_tools4
[2.859s] -- Found CURL: /usr/lib/x86_64-linux-gnu/libcurl.so (found version "7.81.0")  
[2.876s] -- Checking for module 'jsoncpp'
[2.893s] --   Found jsoncpp, version 1.9.5
[2.931s] -- Found JSONCPP: TRUE  
[2.941s] -- Checking for module 'libzip'
[2.958s] --   Found libzip, version 1.7.3
[2.995s] -- Found ZIP: TRUE  
[2.995s] -- Looking for ignition-common3 -- found version 3.14.0
[2.996s] -- Looking for ignition-math6 -- found version 6.15.1
[2.996s] -- Looking for ignition-msgs5 -- found version 5.8.1
[3.010s] -- Found gazebo_ros_pkgs: 3.9.0 (/opt/ros/humble/share/gazebo_ros_pkgs/cmake)
[3.014s] -- Found geometry_msgs: 4.2.4 (/opt/ros/humble/share/geometry_msgs/cmake)
[3.068s] -- Found rosidl_generator_c: 3.1.6 (/opt/ros/humble/share/rosidl_generator_c/cmake)
[3.078s] -- Found rosidl_adapter: 3.1.6 (/opt/ros/humble/share/rosidl_adapter/cmake)
[3.091s] -- Found rosidl_generator_cpp: 3.1.6 (/opt/ros/humble/share/rosidl_generator_cpp/cmake)
[3.108s] -- Using all available rosidl_typesupport_c: rosidl_typesupport_fastrtps_c;rosidl_typesupport_introspection_c
[3.133s] -- Using all available rosidl_typesupport_cpp: rosidl_typesupport_fastrtps_cpp;rosidl_typesupport_introspection_cpp
[3.182s] -- Found nav_msgs: 4.2.4 (/opt/ros/humble/share/nav_msgs/cmake)
[3.203s] -- Found rclcpp: 16.0.11 (/opt/ros/humble/share/rclcpp/cmake)
[3.262s] -- Found rmw_implementation_cmake: 6.1.2 (/opt/ros/humble/share/rmw_implementation_cmake/cmake)
[3.267s] -- Found rmw_fastrtps_cpp: 6.2.7 (/opt/ros/humble/share/rmw_fastrtps_cpp/cmake)
[3.401s] -- Found OpenSSL: /usr/lib/x86_64-linux-gnu/libcrypto.so (found version "3.0.2")  
[3.446s] -- Found FastRTPS: /opt/ros/humble/include  
[3.501s] -- Using RMW implementation 'rmw_fastrtps_cpp' as default
[3.517s] -- Found Threads: TRUE  
[3.569s] -- Found sensor_msgs: 4.2.4 (/opt/ros/humble/share/sensor_msgs/cmake)
[3.591s] -- Found tf2: 0.25.12 (/opt/ros/humble/share/tf2/cmake)
[3.743s] -- Configuring done
[3.791s] -- Generating done
[3.799s] -- Build files have been written to: /home/asd/ros2_ws8/build/turtlebot3_gazebo
[3.816s] Invoked command in '/home/asd/ros2_ws8/build/turtlebot3_gazebo' returned '0': CMAKE_PREFIX_PATH=${CMAKE_PREFIX_PATH}:/home/asd/ros2_ws7/install/my_py_pkg_anscer:/home/asd/ros2_ws4/install/esp_wifi:/home/asd/ros2_ws4/install/maping_odom:/home/asd/ros2_ws/install/turtlesim_catch_them_all:/home/asd/ros2_ws/install/my_py_pkg:/opt/ros/humble /usr/bin/cmake /home/asd/ros2_ws8/src/turtlebot3_gazebo -DCMAKE_INSTALL_PREFIX=/home/asd/ros2_ws8/install/turtlebot3_gazebo
[3.817s] Invoking command in '/home/asd/ros2_ws8/build/turtlebot3_gazebo': CMAKE_PREFIX_PATH=${CMAKE_PREFIX_PATH}:/home/asd/ros2_ws7/install/my_py_pkg_anscer:/home/asd/ros2_ws4/install/esp_wifi:/home/asd/ros2_ws4/install/maping_odom:/home/asd/ros2_ws/install/turtlesim_catch_them_all:/home/asd/ros2_ws/install/my_py_pkg:/opt/ros/humble /usr/bin/cmake --build /home/asd/ros2_ws8/build/turtlebot3_gazebo -- -j8 -l8
[3.880s] [ 12%] [32mBuilding CXX object CMakeFiles/turtlebot3_drive.dir/src/turtlebot3_drive.cpp.o[0m
[3.881s] [ 25%] [32mBuilding CXX object CMakeFiles/obstacle1.dir/models/turtlebot3_dqn_world/obstacle_plugin/obstacle1.cc.o[0m
[3.886s] [ 37%] [32mBuilding CXX object CMakeFiles/obstacle2.dir/models/turtlebot3_dqn_world/obstacle_plugin/obstacle2.cc.o[0m
[3.887s] [ 50%] [32mBuilding CXX object CMakeFiles/obstacles.dir/models/turtlebot3_dqn_world/obstacle_plugin/obstacles.cc.o[0m
[17.870s] [ 62%] [32m[1mLinking CXX executable turtlebot3_drive[0m
[18.716s] [ 62%] Built target turtlebot3_drive
[18.731s] [ 75%] [32m[1mLinking CXX shared library libobstacles.so[0m
[19.048s] [ 75%] Built target obstacles
[20.953s] [ 87%] [32m[1mLinking CXX shared library libobstacle2.so[0m
[21.206s] [ 87%] Built target obstacle2
[21.332s] [100%] [32m[1mLinking CXX shared library libobstacle1.so[0m
[21.565s] [100%] Built target obstacle1
[21.579s] Invoked command in '/home/asd/ros2_ws8/build/turtlebot3_gazebo' returned '0': CMAKE_PREFIX_PATH=${CMAKE_PREFIX_PATH}:/home/asd/ros2_ws7/install/my_py_pkg_anscer:/home/asd/ros2_ws4/install/esp_wifi:/home/asd/ros2_ws4/install/maping_odom:/home/asd/ros2_ws/install/turtlesim_catch_them_all:/home/asd/ros2_ws/install/my_py_pkg:/opt/ros/humble /usr/bin/cmake --build /home/asd/ros2_ws8/build/turtlebot3_gazebo -- -j8 -l8
[21.580s] Invoking command in '/home/asd/ros2_ws8/build/turtlebot3_gazebo': CMAKE_PREFIX_PATH=${CMAKE_PREFIX_PATH}:/home/asd/ros2_ws7/install/my_py_pkg_anscer:/home/asd/ros2_ws4/install/esp_wifi:/home/asd/ros2_ws4/install/maping_odom:/home/asd/ros2_ws/install/turtlesim_catch_them_all:/home/asd/ros2_ws/install/my_py_pkg:/opt/ros/humble /usr/bin/cmake --install /home/asd/ros2_ws8/build/turtlebot3_gazebo
[21.588s] -- Install configuration: ""
[21.588s] -- Installing: /home/asd/ros2_ws8/install/turtlebot3_gazebo/lib/turtlebot3_gazebo/turtlebot3_drive
[21.593s] -- Set runtime path of "/home/asd/ros2_ws8/install/turtlebot3_gazebo/lib/turtlebot3_gazebo/turtlebot3_drive" to ""
[21.593s] -- Installing: /home/asd/ros2_ws8/install/turtlebot3_gazebo/share/turtlebot3_gazebo//launch
[21.593s] -- Installing: /home/asd/ros2_ws8/install/turtlebot3_gazebo/share/turtlebot3_gazebo//launch/robot_state_publisher.launch.py
[21.593s] -- Installing: /home/asd/ros2_ws8/install/turtlebot3_gazebo/share/turtlebot3_gazebo//launch/turtlebot3_dqn_stage1.launch.py
[21.593s] -- Installing: /home/asd/ros2_ws8/install/turtlebot3_gazebo/share/turtlebot3_gazebo//launch/turtlebot3_world.launch.py
[21.593s] -- Installing: /home/asd/ros2_ws8/install/turtlebot3_gazebo/share/turtlebot3_gazebo//launch/turtlebot3_dqn_stage3.launch.py
[21.593s] -- Installing: /home/asd/ros2_ws8/install/turtlebot3_gazebo/share/turtlebot3_gazebo//launch/turtlebot3_dqn_stage2.launch.py
[21.593s] -- Installing: /home/asd/ros2_ws8/install/turtlebot3_gazebo/share/turtlebot3_gazebo//launch/turtlebot3_dqn_stage4.launch.py
[21.594s] -- Installing: /home/asd/ros2_ws8/install/turtlebot3_gazebo/share/turtlebot3_gazebo//launch/empty_world.launch.py
[21.594s] -- Installing: /home/asd/ros2_ws8/install/turtlebot3_gazebo/share/turtlebot3_gazebo//launch/spawn_turtlebot3.launch.py
[21.594s] -- Installing: /home/asd/ros2_ws8/install/turtlebot3_gazebo/share/turtlebot3_gazebo//launch/turtlebot3_house.launch.py
[21.594s] -- Installing: /home/asd/ros2_ws8/install/turtlebot3_gazebo/share/turtlebot3_gazebo//models
[21.594s] -- Installing: /home/asd/ros2_ws8/install/turtlebot3_gazebo/share/turtlebot3_gazebo//models/turtlebot3_common
[21.594s] -- Installing: /home/asd/ros2_ws8/install/turtlebot3_gazebo/share/turtlebot3_gazebo//models/turtlebot3_common/model.config
[21.594s] -- Installing: /home/asd/ros2_ws8/install/turtlebot3_gazebo/share/turtlebot3_gazebo//models/turtlebot3_common/meshes
[21.594s] -- Installing: /home/asd/ros2_ws8/install/turtlebot3_gazebo/share/turtlebot3_gazebo//models/turtlebot3_common/meshes/lds.dae
[21.595s] -- Installing: /home/asd/ros2_ws8/install/turtlebot3_gazebo/share/turtlebot3_gazebo//models/turtlebot3_common/meshes/waffle_base.dae
[21.595s] -- Installing: /home/asd/ros2_ws8/install/turtlebot3_gazebo/share/turtlebot3_gazebo//models/turtlebot3_common/meshes/burger_base.dae
[21.595s] -- Installing: /home/asd/ros2_ws8/install/turtlebot3_gazebo/share/turtlebot3_gazebo//models/turtlebot3_common/meshes/tire.dae
[21.595s] -- Installing: /home/asd/ros2_ws8/install/turtlebot3_gazebo/share/turtlebot3_gazebo//models/turtlebot3_common/meshes/r200.dae
[21.595s] -- Installing: /home/asd/ros2_ws8/install/turtlebot3_gazebo/share/turtlebot3_gazebo//models/turtlebot3_common/meshes/waffle_pi_base.dae
[21.595s] -- Installing: /home/asd/ros2_ws8/install/turtlebot3_gazebo/share/turtlebot3_gazebo//models/turtlebot3_house
[21.595s] -- Installing: /home/asd/ros2_ws8/install/turtlebot3_gazebo/share/turtlebot3_gazebo//models/turtlebot3_house/model.config
[21.595s] -- Installing: /home/asd/ros2_ws8/install/turtlebot3_gazebo/share/turtlebot3_gazebo//models/turtlebot3_house/model.sdf
[21.596s] -- Installing: /home/asd/ros2_ws8/install/turtlebot3_gazebo/share/turtlebot3_gazebo//models/turtlebot3_waffle_pi
[21.596s] -- Installing: /home/asd/ros2_ws8/install/turtlebot3_gazebo/share/turtlebot3_gazebo//models/turtlebot3_waffle_pi/model.config
[21.596s] -- Installing: /home/asd/ros2_ws8/install/turtlebot3_gazebo/share/turtlebot3_gazebo//models/turtlebot3_waffle_pi/model-1_4_.sdf
[21.596s] -- Installing: /home/asd/ros2_ws8/install/turtlebot3_gazebo/share/turtlebot3_gazebo//models/turtlebot3_waffle_pi/model.sdf
[21.596s] -- Installing: /home/asd/ros2_ws8/install/turtlebot3_gazebo/share/turtlebot3_gazebo//models/turtlebot3_waffle
[21.596s] -- Installing: /home/asd/ros2_ws8/install/turtlebot3_gazebo/share/turtlebot3_gazebo//models/turtlebot3_waffle/model.config
[21.596s] -- Installing: /home/asd/ros2_ws8/install/turtlebot3_gazebo/share/turtlebot3_gazebo//models/turtlebot3_waffle/model-1_4.sdf
[21.596s] -- Installing: /home/asd/ros2_ws8/install/turtlebot3_gazebo/share/turtlebot3_gazebo//models/turtlebot3_waffle/model.sdf
[21.597s] -- Installing: /home/asd/ros2_ws8/install/turtlebot3_gazebo/share/turtlebot3_gazebo//models/turtlebot3_world
[21.597s] -- Installing: /home/asd/ros2_ws8/install/turtlebot3_gazebo/share/turtlebot3_gazebo//models/turtlebot3_world/model.config
[21.597s] -- Installing: /home/asd/ros2_ws8/install/turtlebot3_gazebo/share/turtlebot3_gazebo//models/turtlebot3_world/model-1_4.sdf
[21.597s] -- Installing: /home/asd/ros2_ws8/install/turtlebot3_gazebo/share/turtlebot3_gazebo//models/turtlebot3_world/meshes
[21.597s] -- Installing: /home/asd/ros2_ws8/install/turtlebot3_gazebo/share/turtlebot3_gazebo//models/turtlebot3_world/meshes/hexagon.dae
[21.597s] -- Installing: /home/asd/ros2_ws8/install/turtlebot3_gazebo/share/turtlebot3_gazebo//models/turtlebot3_world/meshes/wall.dae
[21.597s] -- Installing: /home/asd/ros2_ws8/install/turtlebot3_gazebo/share/turtlebot3_gazebo//models/turtlebot3_world/model.sdf
[21.597s] -- Installing: /home/asd/ros2_ws8/install/turtlebot3_gazebo/share/turtlebot3_gazebo//models/turtlebot3_burger
[21.597s] -- Installing: /home/asd/ros2_ws8/install/turtlebot3_gazebo/share/turtlebot3_gazebo//models/turtlebot3_burger/model.config
[21.598s] -- Installing: /home/asd/ros2_ws8/install/turtlebot3_gazebo/share/turtlebot3_gazebo//models/turtlebot3_burger/model-1_4.sdf
[21.598s] -- Installing: /home/asd/ros2_ws8/install/turtlebot3_gazebo/share/turtlebot3_gazebo//models/turtlebot3_burger/model.sdf
[21.598s] -- Installing: /home/asd/ros2_ws8/install/turtlebot3_gazebo/share/turtlebot3_gazebo//models/turtlebot3_dqn_world
[21.598s] -- Installing: /home/asd/ros2_ws8/install/turtlebot3_gazebo/share/turtlebot3_gazebo//models/turtlebot3_dqn_world/obstacles
[21.598s] -- Installing: /home/asd/ros2_ws8/install/turtlebot3_gazebo/share/turtlebot3_gazebo//models/turtlebot3_dqn_world/obstacles/model.config
[21.598s] -- Installing: /home/asd/ros2_ws8/install/turtlebot3_gazebo/share/turtlebot3_gazebo//models/turtlebot3_dqn_world/obstacles/model.sdf
[21.598s] -- Installing: /home/asd/ros2_ws8/install/turtlebot3_gazebo/share/turtlebot3_gazebo//models/turtlebot3_dqn_world/model.config
[21.598s] -- Installing: /home/asd/ros2_ws8/install/turtlebot3_gazebo/share/turtlebot3_gazebo//models/turtlebot3_dqn_world/obstacle_plugin
[21.598s] -- Installing: /home/asd/ros2_ws8/install/turtlebot3_gazebo/share/turtlebot3_gazebo//models/turtlebot3_dqn_world/obstacle_plugin/obstacle2.cc
[21.598s] -- Installing: /home/asd/ros2_ws8/install/turtlebot3_gazebo/share/turtlebot3_gazebo//models/turtlebot3_dqn_world/obstacle_plugin/obstacle1.cc
[21.598s] -- Installing: /home/asd/ros2_ws8/install/turtlebot3_gazebo/share/turtlebot3_gazebo//models/turtlebot3_dqn_world/obstacle_plugin/obstacles.cc
[21.598s] -- Installing: /home/asd/ros2_ws8/install/turtlebot3_gazebo/share/turtlebot3_gazebo//models/turtlebot3_dqn_world/obstacle_plugin/CMakeLists.txt
[21.598s] -- Installing: /home/asd/ros2_ws8/install/turtlebot3_gazebo/share/turtlebot3_gazebo//models/turtlebot3_dqn_world/goal_box
[21.599s] -- Installing: /home/asd/ros2_ws8/install/turtlebot3_gazebo/share/turtlebot3_gazebo//models/turtlebot3_dqn_world/goal_box/model.config
[21.599s] -- Installing: /home/asd/ros2_ws8/install/turtlebot3_gazebo/share/turtlebot3_gazebo//models/turtlebot3_dqn_world/goal_box/model.sdf
[21.599s] -- Installing: /home/asd/ros2_ws8/install/turtlebot3_gazebo/share/turtlebot3_gazebo//models/turtlebot3_dqn_world/obstacle1
[21.599s] -- Installing: /home/asd/ros2_ws8/install/turtlebot3_gazebo/share/turtlebot3_gazebo//models/turtlebot3_dqn_world/obstacle1/model.config
[21.599s] -- Installing: /home/asd/ros2_ws8/install/turtlebot3_gazebo/share/turtlebot3_gazebo//models/turtlebot3_dqn_world/obstacle1/model.sdf
[21.599s] -- Installing: /home/asd/ros2_ws8/install/turtlebot3_gazebo/share/turtlebot3_gazebo//models/turtlebot3_dqn_world/inner_walls
[21.599s] -- Installing: /home/asd/ros2_ws8/install/turtlebot3_gazebo/share/turtlebot3_gazebo//models/turtlebot3_dqn_world/inner_walls/model.config
[21.599s] -- Installing: /home/asd/ros2_ws8/install/turtlebot3_gazebo/share/turtlebot3_gazebo//models/turtlebot3_dqn_world/inner_walls/model.sdf
[21.599s] -- Installing: /home/asd/ros2_ws8/install/turtlebot3_gazebo/share/turtlebot3_gazebo//models/turtlebot3_dqn_world/model.sdf
[21.599s] -- Installing: /home/asd/ros2_ws8/install/turtlebot3_gazebo/share/turtlebot3_gazebo//models/turtlebot3_dqn_world/obstacle2
[21.600s] -- Installing: /home/asd/ros2_ws8/install/turtlebot3_gazebo/share/turtlebot3_gazebo//models/turtlebot3_dqn_world/obstacle2/model.config
[21.600s] -- Installing: /home/asd/ros2_ws8/install/turtlebot3_gazebo/share/turtlebot3_gazebo//models/turtlebot3_dqn_world/obstacle2/model.sdf
[21.600s] -- Installing: /home/asd/ros2_ws8/install/turtlebot3_gazebo/share/turtlebot3_gazebo//rviz
[21.600s] -- Installing: /home/asd/ros2_ws8/install/turtlebot3_gazebo/share/turtlebot3_gazebo//rviz/tb3_gazebo.rviz
[21.600s] -- Installing: /home/asd/ros2_ws8/install/turtlebot3_gazebo/share/turtlebot3_gazebo//urdf
[21.600s] -- Installing: /home/asd/ros2_ws8/install/turtlebot3_gazebo/share/turtlebot3_gazebo//urdf/turtlebot3_burger.urdf
[21.600s] -- Installing: /home/asd/ros2_ws8/install/turtlebot3_gazebo/share/turtlebot3_gazebo//urdf/turtlebot3_waffle.urdf
[21.600s] -- Installing: /home/asd/ros2_ws8/install/turtlebot3_gazebo/share/turtlebot3_gazebo//urdf/common_properties.urdf
[21.600s] -- Installing: /home/asd/ros2_ws8/install/turtlebot3_gazebo/share/turtlebot3_gazebo//urdf/turtlebot3_waffle_pi.urdf
[21.600s] -- Installing: /home/asd/ros2_ws8/install/turtlebot3_gazebo/share/turtlebot3_gazebo//worlds
[21.600s] -- Installing: /home/asd/ros2_ws8/install/turtlebot3_gazebo/share/turtlebot3_gazebo//worlds/turtlebot3_dqn_stage2.world
[21.600s] -- Installing: /home/asd/ros2_ws8/install/turtlebot3_gazebo/share/turtlebot3_gazebo//worlds/turtlebot3_dqn_stage4.world
[21.600s] -- Installing: /home/asd/ros2_ws8/install/turtlebot3_gazebo/share/turtlebot3_gazebo//worlds/turtlebot3_world.world
[21.601s] -- Installing: /home/asd/ros2_ws8/install/turtlebot3_gazebo/share/turtlebot3_gazebo//worlds/empty_world.world
[21.601s] -- Installing: /home/asd/ros2_ws8/install/turtlebot3_gazebo/share/turtlebot3_gazebo//worlds/turtlebot3_dqn_stage3.world
[21.601s] -- Installing: /home/asd/ros2_ws8/install/turtlebot3_gazebo/share/turtlebot3_gazebo//worlds/turtlebot3_dqn_stage1.world
[21.601s] -- Installing: /home/asd/ros2_ws8/install/turtlebot3_gazebo/share/turtlebot3_gazebo//worlds/turtlebot3_house.world
[21.601s] -- Installing: /home/asd/ros2_ws8/install/turtlebot3_gazebo/include/
[21.601s] -- Installing: /home/asd/ros2_ws8/install/turtlebot3_gazebo/include//turtlebot3_gazebo
[21.601s] -- Installing: /home/asd/ros2_ws8/install/turtlebot3_gazebo/include//turtlebot3_gazebo/turtlebot3_drive.hpp
[21.601s] -- Installing: /home/asd/ros2_ws8/install/turtlebot3_gazebo/share/ament_index/resource_index/package_run_dependencies/turtlebot3_gazebo
[21.602s] -- Installing: /home/asd/ros2_ws8/install/turtlebot3_gazebo/share/ament_index/resource_index/parent_prefix_path/turtlebot3_gazebo
[21.602s] -- Installing: /home/asd/ros2_ws8/install/turtlebot3_gazebo/share/turtlebot3_gazebo/environment/ament_prefix_path.sh
[21.602s] -- Installing: /home/asd/ros2_ws8/install/turtlebot3_gazebo/share/turtlebot3_gazebo/environment/ament_prefix_path.dsv
[21.602s] -- Installing: /home/asd/ros2_ws8/install/turtlebot3_gazebo/share/turtlebot3_gazebo/environment/path.sh
[21.602s] -- Installing: /home/asd/ros2_ws8/install/turtlebot3_gazebo/share/turtlebot3_gazebo/environment/path.dsv
[21.602s] -- Installing: /home/asd/ros2_ws8/install/turtlebot3_gazebo/share/turtlebot3_gazebo/local_setup.bash
[21.602s] -- Installing: /home/asd/ros2_ws8/install/turtlebot3_gazebo/share/turtlebot3_gazebo/local_setup.sh
[21.603s] -- Installing: /home/asd/ros2_ws8/install/turtlebot3_gazebo/share/turtlebot3_gazebo/local_setup.zsh
[21.603s] -- Installing: /home/asd/ros2_ws8/install/turtlebot3_gazebo/share/turtlebot3_gazebo/local_setup.dsv
[21.603s] -- Installing: /home/asd/ros2_ws8/install/turtlebot3_gazebo/share/turtlebot3_gazebo/package.dsv
[21.603s] -- Installing: /home/asd/ros2_ws8/install/turtlebot3_gazebo/share/ament_index/resource_index/packages/turtlebot3_gazebo
[21.603s] -- Installing: /home/asd/ros2_ws8/install/turtlebot3_gazebo/share/turtlebot3_gazebo/cmake/ament_cmake_export_include_directories-extras.cmake
[21.603s] -- Installing: /home/asd/ros2_ws8/install/turtlebot3_gazebo/share/turtlebot3_gazebo/cmake/ament_cmake_export_dependencies-extras.cmake
[21.603s] -- Installing: /home/asd/ros2_ws8/install/turtlebot3_gazebo/share/turtlebot3_gazebo/cmake/turtlebot3_gazeboConfig.cmake
[21.603s] -- Installing: /home/asd/ros2_ws8/install/turtlebot3_gazebo/share/turtlebot3_gazebo/cmake/turtlebot3_gazeboConfig-version.cmake
[21.604s] -- Installing: /home/asd/ros2_ws8/install/turtlebot3_gazebo/share/turtlebot3_gazebo/package.xml
[21.609s] Invoked command in '/home/asd/ros2_ws8/build/turtlebot3_gazebo' returned '0': CMAKE_PREFIX_PATH=${CMAKE_PREFIX_PATH}:/home/asd/ros2_ws7/install/my_py_pkg_anscer:/home/asd/ros2_ws4/install/esp_wifi:/home/asd/ros2_ws4/install/maping_odom:/home/asd/ros2_ws/install/turtlesim_catch_them_all:/home/asd/ros2_ws/install/my_py_pkg:/opt/ros/humble /usr/bin/cmake --install /home/asd/ros2_ws8/build/turtlebot3_gazebo
