[0.092s] Invoking command in '/home/asd/ros2_ws8/build/turtlebot3_fake_node': CMAKE_PREFIX_PATH=${CMAKE_PREFIX_PATH}:/home/asd/ros2_ws8/install/my_goat_pkg:/home/asd/ros2_ws7/install/my_py_pkg_anscer:/home/asd/ros2_ws4/install/esp_wifi:/home/asd/ros2_ws4/install/maping_odom:/home/asd/ros2_ws/install/turtlesim_catch_them_all:/home/asd/ros2_ws/install/my_py_pkg:/opt/ros/humble /usr/bin/cmake --build /home/asd/ros2_ws8/build/turtlebot3_fake_node -- -j8 -l8
[0.275s] [100%] Built target turtlebot3_fake_node
[0.442s] Invoked command in '/home/asd/ros2_ws8/build/turtlebot3_fake_node' returned '0': CMAKE_PREFIX_PATH=${CMAKE_PREFIX_PATH}:/home/asd/ros2_ws8/install/my_goat_pkg:/home/asd/ros2_ws7/install/my_py_pkg_anscer:/home/asd/ros2_ws4/install/esp_wifi:/home/asd/ros2_ws4/install/maping_odom:/home/asd/ros2_ws/install/turtlesim_catch_them_all:/home/asd/ros2_ws/install/my_py_pkg:/opt/ros/humble /usr/bin/cmake --build /home/asd/ros2_ws8/build/turtlebot3_fake_node -- -j8 -l8
[0.446s] Invoking command in '/home/asd/ros2_ws8/build/turtlebot3_fake_node': CMAKE_PREFIX_PATH=${CMAKE_PREFIX_PATH}:/home/asd/ros2_ws8/install/my_goat_pkg:/home/asd/ros2_ws7/install/my_py_pkg_anscer:/home/asd/ros2_ws4/install/esp_wifi:/home/asd/ros2_ws4/install/maping_odom:/home/asd/ros2_ws/install/turtlesim_catch_them_all:/home/asd/ros2_ws/install/my_py_pkg:/opt/ros/humble /usr/bin/cmake --install /home/asd/ros2_ws8/build/turtlebot3_fake_node
[0.466s] -- Install configuration: ""
[0.467s] -- Up-to-date: /home/asd/ros2_ws8/install/turtlebot3_fake_node/lib/turtlebot3_fake_node/turtlebot3_fake_node
[0.467s] -- Up-to-date: /home/asd/ros2_ws8/install/turtlebot3_fake_node/share/turtlebot3_fake_node/launch
[0.468s] -- Up-to-date: /home/asd/ros2_ws8/install/turtlebot3_fake_node/share/turtlebot3_fake_node/launch/rviz2.launch.py
[0.468s] -- Up-to-date: /home/asd/ros2_ws8/install/turtlebot3_fake_node/share/turtlebot3_fake_node/launch/turtlebot3_fake_node.launch.py
[0.469s] -- Up-to-date: /home/asd/ros2_ws8/install/turtlebot3_fake_node/share/turtlebot3_fake_node/param
[0.469s] -- Up-to-date: /home/asd/ros2_ws8/install/turtlebot3_fake_node/share/turtlebot3_fake_node/param/waffle.yaml
[0.470s] -- Up-to-date: /home/asd/ros2_ws8/install/turtlebot3_fake_node/share/turtlebot3_fake_node/param/waffle_pi.yaml
[0.470s] -- Up-to-date: /home/asd/ros2_ws8/install/turtlebot3_fake_node/share/turtlebot3_fake_node/param/burger.yaml
[0.470s] -- Up-to-date: /home/asd/ros2_ws8/install/turtlebot3_fake_node/include/
[0.471s] -- Up-to-date: /home/asd/ros2_ws8/install/turtlebot3_fake_node/include//turtlebot3_fake_node
[0.471s] -- Up-to-date: /home/asd/ros2_ws8/install/turtlebot3_fake_node/include//turtlebot3_fake_node/turtlebot3_fake_node.hpp
[0.471s] -- Up-to-date: /home/asd/ros2_ws8/install/turtlebot3_fake_node/share/ament_index/resource_index/package_run_dependencies/turtlebot3_fake_node
[0.472s] -- Up-to-date: /home/asd/ros2_ws8/install/turtlebot3_fake_node/share/ament_index/resource_index/parent_prefix_path/turtlebot3_fake_node
[0.472s] -- Up-to-date: /home/asd/ros2_ws8/install/turtlebot3_fake_node/share/turtlebot3_fake_node/environment/ament_prefix_path.sh
[0.472s] -- Up-to-date: /home/asd/ros2_ws8/install/turtlebot3_fake_node/share/turtlebot3_fake_node/environment/ament_prefix_path.dsv
[0.472s] -- Up-to-date: /home/asd/ros2_ws8/install/turtlebot3_fake_node/share/turtlebot3_fake_node/environment/path.sh
[0.473s] -- Up-to-date: /home/asd/ros2_ws8/install/turtlebot3_fake_node/share/turtlebot3_fake_node/environment/path.dsv
[0.473s] -- Up-to-date: /home/asd/ros2_ws8/install/turtlebot3_fake_node/share/turtlebot3_fake_node/local_setup.bash
[0.473s] -- Up-to-date: /home/asd/ros2_ws8/install/turtlebot3_fake_node/share/turtlebot3_fake_node/local_setup.sh
[0.473s] -- Up-to-date: /home/asd/ros2_ws8/install/turtlebot3_fake_node/share/turtlebot3_fake_node/local_setup.zsh
[0.474s] -- Up-to-date: /home/asd/ros2_ws8/install/turtlebot3_fake_node/share/turtlebot3_fake_node/local_setup.dsv
[0.474s] -- Installing: /home/asd/ros2_ws8/install/turtlebot3_fake_node/share/turtlebot3_fake_node/package.dsv
[0.474s] -- Up-to-date: /home/asd/ros2_ws8/install/turtlebot3_fake_node/share/ament_index/resource_index/packages/turtlebot3_fake_node
[0.474s] -- Up-to-date: /home/asd/ros2_ws8/install/turtlebot3_fake_node/share/turtlebot3_fake_node/cmake/ament_cmake_export_include_directories-extras.cmake
[0.474s] -- Up-to-date: /home/asd/ros2_ws8/install/turtlebot3_fake_node/share/turtlebot3_fake_node/cmake/ament_cmake_export_dependencies-extras.cmake
[0.475s] -- Up-to-date: /home/asd/ros2_ws8/install/turtlebot3_fake_node/share/turtlebot3_fake_node/cmake/turtlebot3_fake_nodeConfig.cmake
[0.475s] -- Up-to-date: /home/asd/ros2_ws8/install/turtlebot3_fake_node/share/turtlebot3_fake_node/cmake/turtlebot3_fake_nodeConfig-version.cmake
[0.475s] -- Up-to-date: /home/asd/ros2_ws8/install/turtlebot3_fake_node/share/turtlebot3_fake_node/package.xml
[0.480s] Invoked command in '/home/asd/ros2_ws8/build/turtlebot3_fake_node' returned '0': CMAKE_PREFIX_PATH=${CMAKE_PREFIX_PATH}:/home/asd/ros2_ws8/install/my_goat_pkg:/home/asd/ros2_ws7/install/my_py_pkg_anscer:/home/asd/ros2_ws4/install/esp_wifi:/home/asd/ros2_ws4/install/maping_odom:/home/asd/ros2_ws/install/turtlesim_catch_them_all:/home/asd/ros2_ws/install/my_py_pkg:/opt/ros/humble /usr/bin/cmake --install /home/asd/ros2_ws8/build/turtlebot3_fake_node
