[0.054s] Invoking command in '/home/asd/ros2_ws9/build/goat_interfaces': CMAKE_PREFIX_PATH=${CMAKE_PREFIX_PATH}:/home/asd/ros2_ws9/install/my_goat_pkg:/home/asd/ros2_ws7/install/my_py_pkg_anscer:/home/asd/ros2_ws4/install/esp_wifi:/home/asd/ros2_ws4/install/maping_odom:/home/asd/ros2_ws/install/turtlesim_catch_them_all:/home/asd/ros2_ws/install/my_py_pkg:/opt/ros/humble /usr/bin/cmake --build /home/asd/ros2_ws9/build/goat_interfaces -- -j8 -l8
[0.128s] [  3%] Built target goat_interfaces__cpp
[0.128s] [ 12%] Built target goat_interfaces__rosidl_generator_c
[0.160s] [ 12%] Built target ament_cmake_python_copy_goat_interfaces
[0.200s] [ 22%] Built target goat_interfaces__rosidl_typesupport_c
[0.211s] [ 32%] Built target goat_interfaces__rosidl_typesupport_fastrtps_c
[0.212s] [ 45%] Built target goat_interfaces__rosidl_typesupport_introspection_c
[0.212s] [ 51%] Built target goat_interfaces__rosidl_typesupport_fastrtps_cpp
[0.212s] [ 61%] Built target goat_interfaces__rosidl_typesupport_cpp
[0.213s] [ 70%] Built target goat_interfaces__rosidl_typesupport_introspection_cpp
[0.226s] [ 70%] Built target goat_interfaces
[0.255s] [ 74%] Built target goat_interfaces__py
[0.283s] [ 80%] Built target goat_interfaces__rosidl_generator_py
[0.319s] [ 87%] Built target goat_interfaces__rosidl_typesupport_fastrtps_c__pyext
[0.320s] [ 93%] Built target goat_interfaces__rosidl_typesupport_c__pyext
[0.320s] [100%] Built target goat_interfaces__rosidl_typesupport_introspection_c__pyext
[0.569s] running egg_info
[0.570s] writing goat_interfaces.egg-info/PKG-INFO
[0.570s] writing dependency_links to goat_interfaces.egg-info/dependency_links.txt
[0.571s] writing top-level names to goat_interfaces.egg-info/top_level.txt
[0.573s] reading manifest file 'goat_interfaces.egg-info/SOURCES.txt'
[0.573s] writing manifest file 'goat_interfaces.egg-info/SOURCES.txt'
[0.601s] [100%] Built target ament_cmake_python_build_goat_interfaces_egg
[0.614s] Invoked command in '/home/asd/ros2_ws9/build/goat_interfaces' returned '0': CMAKE_PREFIX_PATH=${CMAKE_PREFIX_PATH}:/home/asd/ros2_ws9/install/my_goat_pkg:/home/asd/ros2_ws7/install/my_py_pkg_anscer:/home/asd/ros2_ws4/install/esp_wifi:/home/asd/ros2_ws4/install/maping_odom:/home/asd/ros2_ws/install/turtlesim_catch_them_all:/home/asd/ros2_ws/install/my_py_pkg:/opt/ros/humble /usr/bin/cmake --build /home/asd/ros2_ws9/build/goat_interfaces -- -j8 -l8
[0.616s] Invoking command in '/home/asd/ros2_ws9/build/goat_interfaces': CMAKE_PREFIX_PATH=${CMAKE_PREFIX_PATH}:/home/asd/ros2_ws9/install/my_goat_pkg:/home/asd/ros2_ws7/install/my_py_pkg_anscer:/home/asd/ros2_ws4/install/esp_wifi:/home/asd/ros2_ws4/install/maping_odom:/home/asd/ros2_ws/install/turtlesim_catch_them_all:/home/asd/ros2_ws/install/my_py_pkg:/opt/ros/humble /usr/bin/cmake --install /home/asd/ros2_ws9/build/goat_interfaces
[0.625s] -- Install configuration: ""
[0.625s] -- Up-to-date: /home/asd/ros2_ws9/install/goat_interfaces/share/ament_index/resource_index/rosidl_interfaces/goat_interfaces
[0.625s] -- Up-to-date: /home/asd/ros2_ws9/install/goat_interfaces/include/goat_interfaces/goat_interfaces
[0.625s] -- Up-to-date: /home/asd/ros2_ws9/install/goat_interfaces/include/goat_interfaces/goat_interfaces/msg
[0.625s] -- Up-to-date: /home/asd/ros2_ws9/install/goat_interfaces/include/goat_interfaces/goat_interfaces/msg/rosidl_generator_c__visibility_control.h
[0.626s] -- Up-to-date: /home/asd/ros2_ws9/install/goat_interfaces/include/goat_interfaces/goat_interfaces/srv
[0.626s] -- Up-to-date: /home/asd/ros2_ws9/install/goat_interfaces/include/goat_interfaces/goat_interfaces/srv/go_to_pose.h
[0.626s] -- Up-to-date: /home/asd/ros2_ws9/install/goat_interfaces/include/goat_interfaces/goat_interfaces/srv/detail
[0.626s] -- Up-to-date: /home/asd/ros2_ws9/install/goat_interfaces/include/goat_interfaces/goat_interfaces/srv/detail/go_to_pose__type_support.h
[0.626s] -- Up-to-date: /home/asd/ros2_ws9/install/goat_interfaces/include/goat_interfaces/goat_interfaces/srv/detail/go_to_pose__functions.h
[0.626s] -- Up-to-date: /home/asd/ros2_ws9/install/goat_interfaces/include/goat_interfaces/goat_interfaces/srv/detail/go_to_pose__struct.h
[0.626s] -- Up-to-date: /home/asd/ros2_ws9/install/goat_interfaces/include/goat_interfaces/goat_interfaces/srv/detail/go_to_pose__functions.c
[0.626s] -- Up-to-date: /home/asd/ros2_ws9/install/goat_interfaces/share/goat_interfaces/environment/library_path.sh
[0.626s] -- Up-to-date: /home/asd/ros2_ws9/install/goat_interfaces/share/goat_interfaces/environment/library_path.dsv
[0.626s] -- Up-to-date: /home/asd/ros2_ws9/install/goat_interfaces/lib/libgoat_interfaces__rosidl_generator_c.so
[0.626s] -- Up-to-date: /home/asd/ros2_ws9/install/goat_interfaces/include/goat_interfaces/goat_interfaces
[0.626s] -- Up-to-date: /home/asd/ros2_ws9/install/goat_interfaces/include/goat_interfaces/goat_interfaces/msg
[0.626s] -- Up-to-date: /home/asd/ros2_ws9/install/goat_interfaces/include/goat_interfaces/goat_interfaces/msg/rosidl_typesupport_fastrtps_c__visibility_control.h
[0.626s] -- Up-to-date: /home/asd/ros2_ws9/install/goat_interfaces/include/goat_interfaces/goat_interfaces/srv
[0.626s] -- Up-to-date: /home/asd/ros2_ws9/install/goat_interfaces/include/goat_interfaces/goat_interfaces/srv/detail
[0.626s] -- Up-to-date: /home/asd/ros2_ws9/install/goat_interfaces/include/goat_interfaces/goat_interfaces/srv/detail/go_to_pose__rosidl_typesupport_fastrtps_c.h
[0.626s] -- Up-to-date: /home/asd/ros2_ws9/install/goat_interfaces/lib/libgoat_interfaces__rosidl_typesupport_fastrtps_c.so
[0.627s] -- Up-to-date: /home/asd/ros2_ws9/install/goat_interfaces/include/goat_interfaces/goat_interfaces
[0.627s] -- Up-to-date: /home/asd/ros2_ws9/install/goat_interfaces/include/goat_interfaces/goat_interfaces/msg
[0.627s] -- Up-to-date: /home/asd/ros2_ws9/install/goat_interfaces/include/goat_interfaces/goat_interfaces/msg/rosidl_typesupport_introspection_c__visibility_control.h
[0.627s] -- Up-to-date: /home/asd/ros2_ws9/install/goat_interfaces/include/goat_interfaces/goat_interfaces/srv
[0.627s] -- Up-to-date: /home/asd/ros2_ws9/install/goat_interfaces/include/goat_interfaces/goat_interfaces/srv/detail
[0.627s] -- Up-to-date: /home/asd/ros2_ws9/install/goat_interfaces/include/goat_interfaces/goat_interfaces/srv/detail/go_to_pose__rosidl_typesupport_introspection_c.h
[0.627s] -- Up-to-date: /home/asd/ros2_ws9/install/goat_interfaces/include/goat_interfaces/goat_interfaces/srv/detail/go_to_pose__type_support.c
[0.627s] -- Up-to-date: /home/asd/ros2_ws9/install/goat_interfaces/lib/libgoat_interfaces__rosidl_typesupport_introspection_c.so
[0.627s] -- Up-to-date: /home/asd/ros2_ws9/install/goat_interfaces/lib/libgoat_interfaces__rosidl_typesupport_c.so
[0.628s] -- Up-to-date: /home/asd/ros2_ws9/install/goat_interfaces/include/goat_interfaces/goat_interfaces
[0.628s] -- Up-to-date: /home/asd/ros2_ws9/install/goat_interfaces/include/goat_interfaces/goat_interfaces/msg
[0.628s] -- Up-to-date: /home/asd/ros2_ws9/install/goat_interfaces/include/goat_interfaces/goat_interfaces/msg/rosidl_generator_cpp__visibility_control.hpp
[0.628s] -- Up-to-date: /home/asd/ros2_ws9/install/goat_interfaces/include/goat_interfaces/goat_interfaces/srv
[0.628s] -- Up-to-date: /home/asd/ros2_ws9/install/goat_interfaces/include/goat_interfaces/goat_interfaces/srv/go_to_pose.hpp
[0.628s] -- Up-to-date: /home/asd/ros2_ws9/install/goat_interfaces/include/goat_interfaces/goat_interfaces/srv/detail
[0.628s] -- Up-to-date: /home/asd/ros2_ws9/install/goat_interfaces/include/goat_interfaces/goat_interfaces/srv/detail/go_to_pose__builder.hpp
[0.628s] -- Up-to-date: /home/asd/ros2_ws9/install/goat_interfaces/include/goat_interfaces/goat_interfaces/srv/detail/go_to_pose__type_support.hpp
[0.628s] -- Up-to-date: /home/asd/ros2_ws9/install/goat_interfaces/include/goat_interfaces/goat_interfaces/srv/detail/go_to_pose__struct.hpp
[0.629s] -- Up-to-date: /home/asd/ros2_ws9/install/goat_interfaces/include/goat_interfaces/goat_interfaces/srv/detail/go_to_pose__traits.hpp
[0.629s] -- Up-to-date: /home/asd/ros2_ws9/install/goat_interfaces/include/goat_interfaces/goat_interfaces
[0.629s] -- Up-to-date: /home/asd/ros2_ws9/install/goat_interfaces/include/goat_interfaces/goat_interfaces/msg
[0.629s] -- Up-to-date: /home/asd/ros2_ws9/install/goat_interfaces/include/goat_interfaces/goat_interfaces/msg/rosidl_typesupport_fastrtps_cpp__visibility_control.h
[0.629s] -- Up-to-date: /home/asd/ros2_ws9/install/goat_interfaces/include/goat_interfaces/goat_interfaces/srv
[0.629s] -- Up-to-date: /home/asd/ros2_ws9/install/goat_interfaces/include/goat_interfaces/goat_interfaces/srv/detail
[0.629s] -- Up-to-date: /home/asd/ros2_ws9/install/goat_interfaces/include/goat_interfaces/goat_interfaces/srv/detail/dds_fastrtps
[0.629s] -- Up-to-date: /home/asd/ros2_ws9/install/goat_interfaces/include/goat_interfaces/goat_interfaces/srv/detail/go_to_pose__rosidl_typesupport_fastrtps_cpp.hpp
[0.629s] -- Up-to-date: /home/asd/ros2_ws9/install/goat_interfaces/lib/libgoat_interfaces__rosidl_typesupport_fastrtps_cpp.so
[0.629s] -- Up-to-date: /home/asd/ros2_ws9/install/goat_interfaces/include/goat_interfaces/goat_interfaces
[0.629s] -- Up-to-date: /home/asd/ros2_ws9/install/goat_interfaces/include/goat_interfaces/goat_interfaces/srv
[0.629s] -- Up-to-date: /home/asd/ros2_ws9/install/goat_interfaces/include/goat_interfaces/goat_interfaces/srv/detail
[0.629s] -- Up-to-date: /home/asd/ros2_ws9/install/goat_interfaces/include/goat_interfaces/goat_interfaces/srv/detail/go_to_pose__type_support.cpp
[0.629s] -- Up-to-date: /home/asd/ros2_ws9/install/goat_interfaces/include/goat_interfaces/goat_interfaces/srv/detail/go_to_pose__rosidl_typesupport_introspection_cpp.hpp
[0.629s] -- Up-to-date: /home/asd/ros2_ws9/install/goat_interfaces/lib/libgoat_interfaces__rosidl_typesupport_introspection_cpp.so
[0.629s] -- Up-to-date: /home/asd/ros2_ws9/install/goat_interfaces/lib/libgoat_interfaces__rosidl_typesupport_cpp.so
[0.630s] -- Up-to-date: /home/asd/ros2_ws9/install/goat_interfaces/share/goat_interfaces/environment/pythonpath.sh
[0.630s] -- Up-to-date: /home/asd/ros2_ws9/install/goat_interfaces/share/goat_interfaces/environment/pythonpath.dsv
[0.631s] -- Up-to-date: /home/asd/ros2_ws9/install/goat_interfaces/local/lib/python3.10/dist-packages/goat_interfaces-0.0.0-py3.10.egg-info
[0.631s] -- Installing: /home/asd/ros2_ws9/install/goat_interfaces/local/lib/python3.10/dist-packages/goat_interfaces-0.0.0-py3.10.egg-info/top_level.txt
[0.631s] -- Installing: /home/asd/ros2_ws9/install/goat_interfaces/local/lib/python3.10/dist-packages/goat_interfaces-0.0.0-py3.10.egg-info/PKG-INFO
[0.631s] -- Installing: /home/asd/ros2_ws9/install/goat_interfaces/local/lib/python3.10/dist-packages/goat_interfaces-0.0.0-py3.10.egg-info/dependency_links.txt
[0.631s] -- Installing: /home/asd/ros2_ws9/install/goat_interfaces/local/lib/python3.10/dist-packages/goat_interfaces-0.0.0-py3.10.egg-info/SOURCES.txt
[0.632s] -- Up-to-date: /home/asd/ros2_ws9/install/goat_interfaces/local/lib/python3.10/dist-packages/goat_interfaces
[0.632s] -- Up-to-date: /home/asd/ros2_ws9/install/goat_interfaces/local/lib/python3.10/dist-packages/goat_interfaces/goat_interfaces_s__rosidl_typesupport_c.cpython-310-x86_64-linux-gnu.so
[0.632s] -- Up-to-date: /home/asd/ros2_ws9/install/goat_interfaces/local/lib/python3.10/dist-packages/goat_interfaces/_goat_interfaces_s.ep.rosidl_typesupport_fastrtps_c.c
[0.632s] -- Up-to-date: /home/asd/ros2_ws9/install/goat_interfaces/local/lib/python3.10/dist-packages/goat_interfaces/srv
[0.632s] -- Up-to-date: /home/asd/ros2_ws9/install/goat_interfaces/local/lib/python3.10/dist-packages/goat_interfaces/srv/_go_to_pose_s.c
[0.632s] -- Up-to-date: /home/asd/ros2_ws9/install/goat_interfaces/local/lib/python3.10/dist-packages/goat_interfaces/srv/_go_to_pose.py
[0.632s] -- Up-to-date: /home/asd/ros2_ws9/install/goat_interfaces/local/lib/python3.10/dist-packages/goat_interfaces/srv/__init__.py
[0.632s] -- Up-to-date: /home/asd/ros2_ws9/install/goat_interfaces/local/lib/python3.10/dist-packages/goat_interfaces/libgoat_interfaces__rosidl_generator_py.so
[0.632s] -- Up-to-date: /home/asd/ros2_ws9/install/goat_interfaces/local/lib/python3.10/dist-packages/goat_interfaces/_goat_interfaces_s.ep.rosidl_typesupport_c.c
[0.632s] -- Up-to-date: /home/asd/ros2_ws9/install/goat_interfaces/local/lib/python3.10/dist-packages/goat_interfaces/goat_interfaces_s__rosidl_typesupport_introspection_c.cpython-310-x86_64-linux-gnu.so
[0.632s] -- Up-to-date: /home/asd/ros2_ws9/install/goat_interfaces/local/lib/python3.10/dist-packages/goat_interfaces/_goat_interfaces_s.ep.rosidl_typesupport_introspection_c.c
[0.632s] -- Up-to-date: /home/asd/ros2_ws9/install/goat_interfaces/local/lib/python3.10/dist-packages/goat_interfaces/__init__.py
[0.632s] -- Up-to-date: /home/asd/ros2_ws9/install/goat_interfaces/local/lib/python3.10/dist-packages/goat_interfaces/goat_interfaces_s__rosidl_typesupport_fastrtps_c.cpython-310-x86_64-linux-gnu.so
[0.728s] Listing '/home/asd/ros2_ws9/install/goat_interfaces/local/lib/python3.10/dist-packages/goat_interfaces'...
[0.728s] Listing '/home/asd/ros2_ws9/install/goat_interfaces/local/lib/python3.10/dist-packages/goat_interfaces/srv'...
[0.733s] -- Up-to-date: /home/asd/ros2_ws9/install/goat_interfaces/local/lib/python3.10/dist-packages/goat_interfaces/goat_interfaces_s__rosidl_typesupport_fastrtps_c.cpython-310-x86_64-linux-gnu.so
[0.734s] -- Up-to-date: /home/asd/ros2_ws9/install/goat_interfaces/local/lib/python3.10/dist-packages/goat_interfaces/goat_interfaces_s__rosidl_typesupport_introspection_c.cpython-310-x86_64-linux-gnu.so
[0.734s] -- Up-to-date: /home/asd/ros2_ws9/install/goat_interfaces/local/lib/python3.10/dist-packages/goat_interfaces/goat_interfaces_s__rosidl_typesupport_c.cpython-310-x86_64-linux-gnu.so
[0.735s] -- Up-to-date: /home/asd/ros2_ws9/install/goat_interfaces/lib/libgoat_interfaces__rosidl_generator_py.so
[0.735s] -- Up-to-date: /home/asd/ros2_ws9/install/goat_interfaces/share/goat_interfaces/srv/GoToPose.idl
[0.735s] -- Up-to-date: /home/asd/ros2_ws9/install/goat_interfaces/share/goat_interfaces/srv/GoToPose.srv
[0.735s] -- Up-to-date: /home/asd/ros2_ws9/install/goat_interfaces/share/goat_interfaces/srv/GoToPose_Request.msg
[0.735s] -- Up-to-date: /home/asd/ros2_ws9/install/goat_interfaces/share/goat_interfaces/srv/GoToPose_Response.msg
[0.735s] -- Up-to-date: /home/asd/ros2_ws9/install/goat_interfaces/share/ament_index/resource_index/package_run_dependencies/goat_interfaces
[0.736s] -- Up-to-date: /home/asd/ros2_ws9/install/goat_interfaces/share/ament_index/resource_index/parent_prefix_path/goat_interfaces
[0.736s] -- Up-to-date: /home/asd/ros2_ws9/install/goat_interfaces/share/goat_interfaces/environment/ament_prefix_path.sh
[0.736s] -- Up-to-date: /home/asd/ros2_ws9/install/goat_interfaces/share/goat_interfaces/environment/ament_prefix_path.dsv
[0.736s] -- Up-to-date: /home/asd/ros2_ws9/install/goat_interfaces/share/goat_interfaces/environment/path.sh
[0.736s] -- Up-to-date: /home/asd/ros2_ws9/install/goat_interfaces/share/goat_interfaces/environment/path.dsv
[0.736s] -- Up-to-date: /home/asd/ros2_ws9/install/goat_interfaces/share/goat_interfaces/local_setup.bash
[0.736s] -- Up-to-date: /home/asd/ros2_ws9/install/goat_interfaces/share/goat_interfaces/local_setup.sh
[0.736s] -- Up-to-date: /home/asd/ros2_ws9/install/goat_interfaces/share/goat_interfaces/local_setup.zsh
[0.736s] -- Up-to-date: /home/asd/ros2_ws9/install/goat_interfaces/share/goat_interfaces/local_setup.dsv
[0.736s] -- Installing: /home/asd/ros2_ws9/install/goat_interfaces/share/goat_interfaces/package.dsv
[0.736s] -- Up-to-date: /home/asd/ros2_ws9/install/goat_interfaces/share/ament_index/resource_index/packages/goat_interfaces
[0.736s] -- Up-to-date: /home/asd/ros2_ws9/install/goat_interfaces/share/goat_interfaces/cmake/export_goat_interfaces__rosidl_generator_cExport.cmake
[0.736s] -- Up-to-date: /home/asd/ros2_ws9/install/goat_interfaces/share/goat_interfaces/cmake/export_goat_interfaces__rosidl_generator_cExport-noconfig.cmake
[0.736s] -- Up-to-date: /home/asd/ros2_ws9/install/goat_interfaces/share/goat_interfaces/cmake/export_goat_interfaces__rosidl_typesupport_fastrtps_cExport.cmake
[0.736s] -- Up-to-date: /home/asd/ros2_ws9/install/goat_interfaces/share/goat_interfaces/cmake/export_goat_interfaces__rosidl_typesupport_fastrtps_cExport-noconfig.cmake
[0.737s] -- Up-to-date: /home/asd/ros2_ws9/install/goat_interfaces/share/goat_interfaces/cmake/goat_interfaces__rosidl_typesupport_introspection_cExport.cmake
[0.737s] -- Up-to-date: /home/asd/ros2_ws9/install/goat_interfaces/share/goat_interfaces/cmake/goat_interfaces__rosidl_typesupport_introspection_cExport-noconfig.cmake
[0.737s] -- Up-to-date: /home/asd/ros2_ws9/install/goat_interfaces/share/goat_interfaces/cmake/goat_interfaces__rosidl_typesupport_cExport.cmake
[0.737s] -- Up-to-date: /home/asd/ros2_ws9/install/goat_interfaces/share/goat_interfaces/cmake/goat_interfaces__rosidl_typesupport_cExport-noconfig.cmake
[0.737s] -- Up-to-date: /home/asd/ros2_ws9/install/goat_interfaces/share/goat_interfaces/cmake/export_goat_interfaces__rosidl_generator_cppExport.cmake
[0.737s] -- Up-to-date: /home/asd/ros2_ws9/install/goat_interfaces/share/goat_interfaces/cmake/export_goat_interfaces__rosidl_typesupport_fastrtps_cppExport.cmake
[0.737s] -- Up-to-date: /home/asd/ros2_ws9/install/goat_interfaces/share/goat_interfaces/cmake/export_goat_interfaces__rosidl_typesupport_fastrtps_cppExport-noconfig.cmake
[0.737s] -- Up-to-date: /home/asd/ros2_ws9/install/goat_interfaces/share/goat_interfaces/cmake/goat_interfaces__rosidl_typesupport_introspection_cppExport.cmake
[0.737s] -- Up-to-date: /home/asd/ros2_ws9/install/goat_interfaces/share/goat_interfaces/cmake/goat_interfaces__rosidl_typesupport_introspection_cppExport-noconfig.cmake
[0.737s] -- Up-to-date: /home/asd/ros2_ws9/install/goat_interfaces/share/goat_interfaces/cmake/goat_interfaces__rosidl_typesupport_cppExport.cmake
[0.737s] -- Up-to-date: /home/asd/ros2_ws9/install/goat_interfaces/share/goat_interfaces/cmake/goat_interfaces__rosidl_typesupport_cppExport-noconfig.cmake
[0.737s] -- Up-to-date: /home/asd/ros2_ws9/install/goat_interfaces/share/goat_interfaces/cmake/export_goat_interfaces__rosidl_generator_pyExport.cmake
[0.738s] -- Up-to-date: /home/asd/ros2_ws9/install/goat_interfaces/share/goat_interfaces/cmake/export_goat_interfaces__rosidl_generator_pyExport-noconfig.cmake
[0.738s] -- Up-to-date: /home/asd/ros2_ws9/install/goat_interfaces/share/goat_interfaces/cmake/rosidl_cmake-extras.cmake
[0.738s] -- Up-to-date: /home/asd/ros2_ws9/install/goat_interfaces/share/goat_interfaces/cmake/ament_cmake_export_include_directories-extras.cmake
[0.738s] -- Up-to-date: /home/asd/ros2_ws9/install/goat_interfaces/share/goat_interfaces/cmake/ament_cmake_export_libraries-extras.cmake
[0.738s] -- Up-to-date: /home/asd/ros2_ws9/install/goat_interfaces/share/goat_interfaces/cmake/ament_cmake_export_targets-extras.cmake
[0.738s] -- Up-to-date: /home/asd/ros2_ws9/install/goat_interfaces/share/goat_interfaces/cmake/rosidl_cmake_export_typesupport_targets-extras.cmake
[0.738s] -- Up-to-date: /home/asd/ros2_ws9/install/goat_interfaces/share/goat_interfaces/cmake/ament_cmake_export_dependencies-extras.cmake
[0.738s] -- Up-to-date: /home/asd/ros2_ws9/install/goat_interfaces/share/goat_interfaces/cmake/rosidl_cmake_export_typesupport_libraries-extras.cmake
[0.738s] -- Up-to-date: /home/asd/ros2_ws9/install/goat_interfaces/share/goat_interfaces/cmake/goat_interfacesConfig.cmake
[0.738s] -- Up-to-date: /home/asd/ros2_ws9/install/goat_interfaces/share/goat_interfaces/cmake/goat_interfacesConfig-version.cmake
[0.738s] -- Up-to-date: /home/asd/ros2_ws9/install/goat_interfaces/share/goat_interfaces/package.xml
[0.741s] Invoked command in '/home/asd/ros2_ws9/build/goat_interfaces' returned '0': CMAKE_PREFIX_PATH=${CMAKE_PREFIX_PATH}:/home/asd/ros2_ws9/install/my_goat_pkg:/home/asd/ros2_ws7/install/my_py_pkg_anscer:/home/asd/ros2_ws4/install/esp_wifi:/home/asd/ros2_ws4/install/maping_odom:/home/asd/ros2_ws/install/turtlesim_catch_them_all:/home/asd/ros2_ws/install/my_py_pkg:/opt/ros/humble /usr/bin/cmake --install /home/asd/ros2_ws9/build/goat_interfaces
