[0.533s] DEBUG:colcon:Command line arguments: ['/usr/bin/colcon', 'list', '-p', '--base-paths', '/home/asd/ros2_ws8']
[0.533s] DEBUG:colcon:Parsed command line arguments: Namespace(log_base=None, log_level=None, verb_name='list', build_base='build', ignore_user_meta=False, metas=['./colcon.meta'], base_paths=['/home/asd/ros2_ws8'], packages_ignore=None, packages_ignore_regex=None, paths=None, packages_up_to=None, packages_up_to_regex=None, packages_above=None, packages_above_and_dependencies=None, packages_above_depth=None, packages_select_by_dep=None, packages_skip_by_dep=None, packages_skip_up_to=None, packages_select_build_failed=False, packages_skip_build_finished=False, packages_select_test_failures=False, packages_skip_test_passed=False, packages_select=None, packages_skip=None, packages_select_regex=None, packages_skip_regex=None, packages_start=None, packages_end=None, allow_overriding=[], topological_order=False, names_only=False, paths_only=True, topological_graph=False, topological_graph_dot=False, topological_graph_density=False, topological_graph_legend=False, topological_graph_dot_cluster=False, topological_graph_dot_include_skipped=False, mixin_files=None, mixin=None, verb_parser=<colcon_mixin.mixin.mixin_argument.MixinArgumentDecorator object at 0x7d555e781a50>, verb_extension=<colcon_package_information.verb.list.ListVerb object at 0x7d555e895e10>, main=<bound method ListVerb.main of <colcon_package_information.verb.list.ListVerb object at 0x7d555e895e10>>, mixin_verb=('list',))
[1.519s] Level 1:colcon.colcon_core.package_discovery:discover_packages(colcon_meta) check parameters
[1.519s] Level 1:colcon.colcon_core.package_discovery:discover_packages(recursive) check parameters
[1.519s] Level 1:colcon.colcon_core.package_discovery:discover_packages(ignore) check parameters
[1.519s] Level 1:colcon.colcon_core.package_discovery:discover_packages(path) check parameters
[1.519s] Level 1:colcon.colcon_core.package_discovery:discover_packages(recursive) discover
[1.520s] INFO:colcon.colcon_core.package_discovery:Crawling recursively for packages in '/home/asd/ros2_ws8'
[1.521s] Level 1:colcon.colcon_core.package_identification:_identify(/home/asd/ros2_ws8) by extensions ['ignore', 'ignore_ament_install']
[1.522s] Level 1:colcon.colcon_core.package_identification:_identify(/home/asd/ros2_ws8) by extension 'ignore'
[1.522s] Level 1:colcon.colcon_core.package_identification:_identify(/home/asd/ros2_ws8) by extension 'ignore_ament_install'
[1.522s] Level 1:colcon.colcon_core.package_identification:_identify(/home/asd/ros2_ws8) by extensions ['colcon_pkg']
[1.522s] Level 1:colcon.colcon_core.package_identification:_identify(/home/asd/ros2_ws8) by extension 'colcon_pkg'
[1.523s] Level 1:colcon.colcon_core.package_identification:_identify(/home/asd/ros2_ws8) by extensions ['colcon_meta']
[1.523s] Level 1:colcon.colcon_core.package_identification:_identify(/home/asd/ros2_ws8) by extension 'colcon_meta'
[1.523s] Level 1:colcon.colcon_core.package_identification:_identify(/home/asd/ros2_ws8) by extensions ['ros']
[1.523s] Level 1:colcon.colcon_core.package_identification:_identify(/home/asd/ros2_ws8) by extension 'ros'
[1.570s] Level 1:colcon.colcon_core.package_identification:_identify(/home/asd/ros2_ws8) by extensions ['cmake', 'python']
[1.571s] Level 1:colcon.colcon_core.package_identification:_identify(/home/asd/ros2_ws8) by extension 'cmake'
[1.572s] Level 1:colcon.colcon_core.package_identification:_identify(/home/asd/ros2_ws8) by extension 'python'
[1.572s] Level 1:colcon.colcon_core.package_identification:_identify(/home/asd/ros2_ws8) by extensions ['python_setup_py']
[1.572s] Level 1:colcon.colcon_core.package_identification:_identify(/home/asd/ros2_ws8) by extension 'python_setup_py'
[1.573s] Level 1:colcon.colcon_core.package_identification:_identify(/home/asd/ros2_ws8/build) by extensions ['ignore', 'ignore_ament_install']
[1.573s] Level 1:colcon.colcon_core.package_identification:_identify(/home/asd/ros2_ws8/build) by extension 'ignore'
[1.573s] Level 1:colcon.colcon_core.package_identification:_identify(/home/asd/ros2_ws8/build) ignored
[1.574s] Level 1:colcon.colcon_core.package_identification:_identify(/home/asd/ros2_ws8/install) by extensions ['ignore', 'ignore_ament_install']
[1.575s] Level 1:colcon.colcon_core.package_identification:_identify(/home/asd/ros2_ws8/install) by extension 'ignore'
[1.575s] Level 1:colcon.colcon_core.package_identification:_identify(/home/asd/ros2_ws8/install) ignored
[1.575s] Level 1:colcon.colcon_core.package_identification:_identify(/home/asd/ros2_ws8/log) by extensions ['ignore', 'ignore_ament_install']
[1.576s] Level 1:colcon.colcon_core.package_identification:_identify(/home/asd/ros2_ws8/log) by extension 'ignore'
[1.576s] Level 1:colcon.colcon_core.package_identification:_identify(/home/asd/ros2_ws8/log) ignored
[1.576s] Level 1:colcon.colcon_core.package_identification:_identify(/home/asd/ros2_ws8/src) by extensions ['ignore', 'ignore_ament_install']
[1.577s] Level 1:colcon.colcon_core.package_identification:_identify(/home/asd/ros2_ws8/src) by extension 'ignore'
[1.577s] Level 1:colcon.colcon_core.package_identification:_identify(/home/asd/ros2_ws8/src) by extension 'ignore_ament_install'
[1.577s] Level 1:colcon.colcon_core.package_identification:_identify(/home/asd/ros2_ws8/src) by extensions ['colcon_pkg']
[1.577s] Level 1:colcon.colcon_core.package_identification:_identify(/home/asd/ros2_ws8/src) by extension 'colcon_pkg'
[1.577s] Level 1:colcon.colcon_core.package_identification:_identify(/home/asd/ros2_ws8/src) by extensions ['colcon_meta']
[1.578s] Level 1:colcon.colcon_core.package_identification:_identify(/home/asd/ros2_ws8/src) by extension 'colcon_meta'
[1.578s] Level 1:colcon.colcon_core.package_identification:_identify(/home/asd/ros2_ws8/src) by extensions ['ros']
[1.578s] Level 1:colcon.colcon_core.package_identification:_identify(/home/asd/ros2_ws8/src) by extension 'ros'
[1.578s] Level 1:colcon.colcon_core.package_identification:_identify(/home/asd/ros2_ws8/src) by extensions ['cmake', 'python']
[1.578s] Level 1:colcon.colcon_core.package_identification:_identify(/home/asd/ros2_ws8/src) by extension 'cmake'
[1.579s] Level 1:colcon.colcon_core.package_identification:_identify(/home/asd/ros2_ws8/src) by extension 'python'
[1.579s] Level 1:colcon.colcon_core.package_identification:_identify(/home/asd/ros2_ws8/src) by extensions ['python_setup_py']
[1.579s] Level 1:colcon.colcon_core.package_identification:_identify(/home/asd/ros2_ws8/src) by extension 'python_setup_py'
[1.579s] Level 1:colcon.colcon_core.package_identification:_identify(/home/asd/ros2_ws8/src/goat_gazebo) by extensions ['ignore', 'ignore_ament_install']
[1.580s] Level 1:colcon.colcon_core.package_identification:_identify(/home/asd/ros2_ws8/src/goat_gazebo) by extension 'ignore'
[1.580s] Level 1:colcon.colcon_core.package_identification:_identify(/home/asd/ros2_ws8/src/goat_gazebo) by extension 'ignore_ament_install'
[1.580s] Level 1:colcon.colcon_core.package_identification:_identify(/home/asd/ros2_ws8/src/goat_gazebo) by extensions ['colcon_pkg']
[1.580s] Level 1:colcon.colcon_core.package_identification:_identify(/home/asd/ros2_ws8/src/goat_gazebo) by extension 'colcon_pkg'
[1.580s] Level 1:colcon.colcon_core.package_identification:_identify(/home/asd/ros2_ws8/src/goat_gazebo) by extensions ['colcon_meta']
[1.580s] Level 1:colcon.colcon_core.package_identification:_identify(/home/asd/ros2_ws8/src/goat_gazebo) by extension 'colcon_meta'
[1.581s] Level 1:colcon.colcon_core.package_identification:_identify(/home/asd/ros2_ws8/src/goat_gazebo) by extensions ['ros']
[1.581s] Level 1:colcon.colcon_core.package_identification:_identify(/home/asd/ros2_ws8/src/goat_gazebo) by extension 'ros'
[1.596s] DEBUG:colcon.colcon_core.package_identification:Package '/home/asd/ros2_ws8/src/goat_gazebo' with type 'ros.ament_cmake' and name 'goat_gazebo'
[1.597s] Level 1:colcon.colcon_core.package_identification:_identify(/home/asd/ros2_ws8/src/my_goat_pkg) by extensions ['ignore', 'ignore_ament_install']
[1.597s] Level 1:colcon.colcon_core.package_identification:_identify(/home/asd/ros2_ws8/src/my_goat_pkg) by extension 'ignore'
[1.598s] Level 1:colcon.colcon_core.package_identification:_identify(/home/asd/ros2_ws8/src/my_goat_pkg) by extension 'ignore_ament_install'
[1.598s] Level 1:colcon.colcon_core.package_identification:_identify(/home/asd/ros2_ws8/src/my_goat_pkg) by extensions ['colcon_pkg']
[1.598s] Level 1:colcon.colcon_core.package_identification:_identify(/home/asd/ros2_ws8/src/my_goat_pkg) by extension 'colcon_pkg'
[1.598s] Level 1:colcon.colcon_core.package_identification:_identify(/home/asd/ros2_ws8/src/my_goat_pkg) by extensions ['colcon_meta']
[1.598s] Level 1:colcon.colcon_core.package_identification:_identify(/home/asd/ros2_ws8/src/my_goat_pkg) by extension 'colcon_meta'
[1.599s] Level 1:colcon.colcon_core.package_identification:_identify(/home/asd/ros2_ws8/src/my_goat_pkg) by extensions ['ros']
[1.599s] Level 1:colcon.colcon_core.package_identification:_identify(/home/asd/ros2_ws8/src/my_goat_pkg) by extension 'ros'
[1.601s] DEBUG:colcon.colcon_core.package_identification:Package '/home/asd/ros2_ws8/src/my_goat_pkg' with type 'ros.ament_python' and name 'my_goat_pkg'
[1.602s] Level 1:colcon.colcon_core.package_identification:_identify(/home/asd/ros2_ws8/src/testbed_description_goat) by extensions ['ignore', 'ignore_ament_install']
[1.602s] Level 1:colcon.colcon_core.package_identification:_identify(/home/asd/ros2_ws8/src/testbed_description_goat) by extension 'ignore'
[1.602s] Level 1:colcon.colcon_core.package_identification:_identify(/home/asd/ros2_ws8/src/testbed_description_goat) by extension 'ignore_ament_install'
[1.602s] Level 1:colcon.colcon_core.package_identification:_identify(/home/asd/ros2_ws8/src/testbed_description_goat) by extensions ['colcon_pkg']
[1.603s] Level 1:colcon.colcon_core.package_identification:_identify(/home/asd/ros2_ws8/src/testbed_description_goat) by extension 'colcon_pkg'
[1.603s] Level 1:colcon.colcon_core.package_identification:_identify(/home/asd/ros2_ws8/src/testbed_description_goat) by extensions ['colcon_meta']
[1.603s] Level 1:colcon.colcon_core.package_identification:_identify(/home/asd/ros2_ws8/src/testbed_description_goat) by extension 'colcon_meta'
[1.603s] Level 1:colcon.colcon_core.package_identification:_identify(/home/asd/ros2_ws8/src/testbed_description_goat) by extensions ['ros']
[1.603s] Level 1:colcon.colcon_core.package_identification:_identify(/home/asd/ros2_ws8/src/testbed_description_goat) by extension 'ros'
[1.609s] DEBUG:colcon.colcon_core.package_identification:Package '/home/asd/ros2_ws8/src/testbed_description_goat' with type 'ros.ament_cmake' and name 'testbed_description_goat'
[1.610s] Level 1:colcon.colcon_core.package_identification:_identify(/home/asd/ros2_ws8/src/testbed_gazebo_goat) by extensions ['ignore', 'ignore_ament_install']
[1.610s] Level 1:colcon.colcon_core.package_identification:_identify(/home/asd/ros2_ws8/src/testbed_gazebo_goat) by extension 'ignore'
[1.611s] Level 1:colcon.colcon_core.package_identification:_identify(/home/asd/ros2_ws8/src/testbed_gazebo_goat) by extension 'ignore_ament_install'
[1.611s] Level 1:colcon.colcon_core.package_identification:_identify(/home/asd/ros2_ws8/src/testbed_gazebo_goat) by extensions ['colcon_pkg']
[1.611s] Level 1:colcon.colcon_core.package_identification:_identify(/home/asd/ros2_ws8/src/testbed_gazebo_goat) by extension 'colcon_pkg'
[1.611s] Level 1:colcon.colcon_core.package_identification:_identify(/home/asd/ros2_ws8/src/testbed_gazebo_goat) by extensions ['colcon_meta']
[1.611s] Level 1:colcon.colcon_core.package_identification:_identify(/home/asd/ros2_ws8/src/testbed_gazebo_goat) by extension 'colcon_meta'
[1.612s] Level 1:colcon.colcon_core.package_identification:_identify(/home/asd/ros2_ws8/src/testbed_gazebo_goat) by extensions ['ros']
[1.612s] Level 1:colcon.colcon_core.package_identification:_identify(/home/asd/ros2_ws8/src/testbed_gazebo_goat) by extension 'ros'
[1.616s] DEBUG:colcon.colcon_core.package_identification:Package '/home/asd/ros2_ws8/src/testbed_gazebo_goat' with type 'ros.ament_cmake' and name 'testbed_gazebo_goat'
[1.617s] Level 1:colcon.colcon_core.package_identification:_identify(/home/asd/ros2_ws8/src/turtlebot3_fake_node) by extensions ['ignore', 'ignore_ament_install']
[1.617s] Level 1:colcon.colcon_core.package_identification:_identify(/home/asd/ros2_ws8/src/turtlebot3_fake_node) by extension 'ignore'
[1.617s] Level 1:colcon.colcon_core.package_identification:_identify(/home/asd/ros2_ws8/src/turtlebot3_fake_node) by extension 'ignore_ament_install'
[1.618s] Level 1:colcon.colcon_core.package_identification:_identify(/home/asd/ros2_ws8/src/turtlebot3_fake_node) by extensions ['colcon_pkg']
[1.618s] Level 1:colcon.colcon_core.package_identification:_identify(/home/asd/ros2_ws8/src/turtlebot3_fake_node) by extension 'colcon_pkg'
[1.618s] Level 1:colcon.colcon_core.package_identification:_identify(/home/asd/ros2_ws8/src/turtlebot3_fake_node) by extensions ['colcon_meta']
[1.618s] Level 1:colcon.colcon_core.package_identification:_identify(/home/asd/ros2_ws8/src/turtlebot3_fake_node) by extension 'colcon_meta'
[1.618s] Level 1:colcon.colcon_core.package_identification:_identify(/home/asd/ros2_ws8/src/turtlebot3_fake_node) by extensions ['ros']
[1.619s] Level 1:colcon.colcon_core.package_identification:_identify(/home/asd/ros2_ws8/src/turtlebot3_fake_node) by extension 'ros'
[1.628s] DEBUG:colcon.colcon_core.package_identification:Package '/home/asd/ros2_ws8/src/turtlebot3_fake_node' with type 'ros.ament_cmake' and name 'turtlebot3_fake_node'
[1.629s] Level 1:colcon.colcon_core.package_identification:_identify(/home/asd/ros2_ws8/src/turtlebot3_gazebo_goat) by extensions ['ignore', 'ignore_ament_install']
[1.630s] Level 1:colcon.colcon_core.package_identification:_identify(/home/asd/ros2_ws8/src/turtlebot3_gazebo_goat) by extension 'ignore'
[1.630s] Level 1:colcon.colcon_core.package_identification:_identify(/home/asd/ros2_ws8/src/turtlebot3_gazebo_goat) by extension 'ignore_ament_install'
[1.630s] Level 1:colcon.colcon_core.package_identification:_identify(/home/asd/ros2_ws8/src/turtlebot3_gazebo_goat) by extensions ['colcon_pkg']
[1.631s] Level 1:colcon.colcon_core.package_identification:_identify(/home/asd/ros2_ws8/src/turtlebot3_gazebo_goat) by extension 'colcon_pkg'
[1.631s] Level 1:colcon.colcon_core.package_identification:_identify(/home/asd/ros2_ws8/src/turtlebot3_gazebo_goat) by extensions ['colcon_meta']
[1.631s] Level 1:colcon.colcon_core.package_identification:_identify(/home/asd/ros2_ws8/src/turtlebot3_gazebo_goat) by extension 'colcon_meta'
[1.631s] Level 1:colcon.colcon_core.package_identification:_identify(/home/asd/ros2_ws8/src/turtlebot3_gazebo_goat) by extensions ['ros']
[1.631s] Level 1:colcon.colcon_core.package_identification:_identify(/home/asd/ros2_ws8/src/turtlebot3_gazebo_goat) by extension 'ros'
[1.636s] DEBUG:colcon.colcon_core.package_identification:Package '/home/asd/ros2_ws8/src/turtlebot3_gazebo_goat' with type 'ros.ament_cmake' and name 'turtlebot3_gazebo_goat'
[1.636s] Level 1:colcon.colcon_core.package_identification:_identify(/home/asd/ros2_ws8/src/turtlebot3_simulations) by extensions ['ignore', 'ignore_ament_install']
[1.636s] Level 1:colcon.colcon_core.package_identification:_identify(/home/asd/ros2_ws8/src/turtlebot3_simulations) by extension 'ignore'
[1.637s] Level 1:colcon.colcon_core.package_identification:_identify(/home/asd/ros2_ws8/src/turtlebot3_simulations) by extension 'ignore_ament_install'
[1.637s] Level 1:colcon.colcon_core.package_identification:_identify(/home/asd/ros2_ws8/src/turtlebot3_simulations) by extensions ['colcon_pkg']
[1.637s] Level 1:colcon.colcon_core.package_identification:_identify(/home/asd/ros2_ws8/src/turtlebot3_simulations) by extension 'colcon_pkg'
[1.637s] Level 1:colcon.colcon_core.package_identification:_identify(/home/asd/ros2_ws8/src/turtlebot3_simulations) by extensions ['colcon_meta']
[1.637s] Level 1:colcon.colcon_core.package_identification:_identify(/home/asd/ros2_ws8/src/turtlebot3_simulations) by extension 'colcon_meta'
[1.638s] Level 1:colcon.colcon_core.package_identification:_identify(/home/asd/ros2_ws8/src/turtlebot3_simulations) by extensions ['ros']
[1.638s] Level 1:colcon.colcon_core.package_identification:_identify(/home/asd/ros2_ws8/src/turtlebot3_simulations) by extension 'ros'
[1.642s] DEBUG:colcon.colcon_core.package_identification:Package '/home/asd/ros2_ws8/src/turtlebot3_simulations' with type 'ros.ament_cmake' and name 'turtlebot3_simulations'
[1.642s] Level 1:colcon.colcon_core.package_discovery:discover_packages(recursive) using defaults
