[0.081s] Invoking command in '/home/asd/ros2_ws8/build/goat_gazebo': CMAKE_PREFIX_PATH=${CMAKE_PREFIX_PATH}:/home/asd/ros2_ws7/install/my_py_pkg_anscer:/home/asd/ros2_ws4/install/esp_wifi:/home/asd/ros2_ws4/install/maping_odom:/home/asd/ros2_ws/install/turtlesim_catch_them_all:/home/asd/ros2_ws/install/my_py_pkg:/opt/ros/humble /usr/bin/cmake --build /home/asd/ros2_ws8/build/goat_gazebo -- -j8 -l8
[0.266s] Invoked command in '/home/asd/ros2_ws8/build/goat_gazebo' returned '0': CMAKE_PREFIX_PATH=${CMAKE_PREFIX_PATH}:/home/asd/ros2_ws7/install/my_py_pkg_anscer:/home/asd/ros2_ws4/install/esp_wifi:/home/asd/ros2_ws4/install/maping_odom:/home/asd/ros2_ws/install/turtlesim_catch_them_all:/home/asd/ros2_ws/install/my_py_pkg:/opt/ros/humble /usr/bin/cmake --build /home/asd/ros2_ws8/build/goat_gazebo -- -j8 -l8
[0.285s] Invoking command in '/home/asd/ros2_ws8/build/goat_gazebo': CMAKE_PREFIX_PATH=${CMAKE_PREFIX_PATH}:/home/asd/ros2_ws7/install/my_py_pkg_anscer:/home/asd/ros2_ws4/install/esp_wifi:/home/asd/ros2_ws4/install/maping_odom:/home/asd/ros2_ws/install/turtlesim_catch_them_all:/home/asd/ros2_ws/install/my_py_pkg:/opt/ros/humble /usr/bin/cmake --install /home/asd/ros2_ws8/build/goat_gazebo
[0.306s] -- Install configuration: ""
[0.307s] -- Up-to-date: /home/asd/ros2_ws8/install/goat_gazebo/share/goat_gazebo//launch
[0.307s] -- Up-to-date: /home/asd/ros2_ws8/install/goat_gazebo/share/goat_gazebo//launch/goat_hotel.launch.py
[0.308s] -- Up-to-date: /home/asd/ros2_ws8/install/goat_gazebo/share/goat_gazebo//maps
[0.308s] -- Up-to-date: /home/asd/ros2_ws8/install/goat_gazebo/share/goat_gazebo//maps/testbed_world.yaml
[0.308s] -- Up-to-date: /home/asd/ros2_ws8/install/goat_gazebo/share/goat_gazebo//maps/testbed_world.pgm
[0.309s] -- Up-to-date: /home/asd/ros2_ws8/install/goat_gazebo/share/ament_index/resource_index/package_run_dependencies/goat_gazebo
[0.309s] -- Up-to-date: /home/asd/ros2_ws8/install/goat_gazebo/share/ament_index/resource_index/parent_prefix_path/goat_gazebo
[0.309s] -- Up-to-date: /home/asd/ros2_ws8/install/goat_gazebo/share/goat_gazebo/environment/ament_prefix_path.sh
[0.312s] -- Up-to-date: /home/asd/ros2_ws8/install/goat_gazebo/share/goat_gazebo/environment/ament_prefix_path.dsv
[0.314s] -- Up-to-date: /home/asd/ros2_ws8/install/goat_gazebo/share/goat_gazebo/environment/path.sh
[0.314s] -- Up-to-date: /home/asd/ros2_ws8/install/goat_gazebo/share/goat_gazebo/environment/path.dsv
[0.314s] -- Up-to-date: /home/asd/ros2_ws8/install/goat_gazebo/share/goat_gazebo/local_setup.bash
[0.315s] -- Up-to-date: /home/asd/ros2_ws8/install/goat_gazebo/share/goat_gazebo/local_setup.sh
[0.315s] -- Up-to-date: /home/asd/ros2_ws8/install/goat_gazebo/share/goat_gazebo/local_setup.zsh
[0.315s] -- Up-to-date: /home/asd/ros2_ws8/install/goat_gazebo/share/goat_gazebo/local_setup.dsv
[0.315s] -- Installing: /home/asd/ros2_ws8/install/goat_gazebo/share/goat_gazebo/package.dsv
[0.316s] -- Up-to-date: /home/asd/ros2_ws8/install/goat_gazebo/share/ament_index/resource_index/packages/goat_gazebo
[0.316s] -- Up-to-date: /home/asd/ros2_ws8/install/goat_gazebo/share/goat_gazebo/cmake/goat_gazeboConfig.cmake
[0.317s] -- Up-to-date: /home/asd/ros2_ws8/install/goat_gazebo/share/goat_gazebo/cmake/goat_gazeboConfig-version.cmake
[0.317s] -- Up-to-date: /home/asd/ros2_ws8/install/goat_gazebo/share/goat_gazebo/package.xml
[0.330s] Invoked command in '/home/asd/ros2_ws8/build/goat_gazebo' returned '0': CMAKE_PREFIX_PATH=${CMAKE_PREFIX_PATH}:/home/asd/ros2_ws7/install/my_py_pkg_anscer:/home/asd/ros2_ws4/install/esp_wifi:/home/asd/ros2_ws4/install/maping_odom:/home/asd/ros2_ws/install/turtlesim_catch_them_all:/home/asd/ros2_ws/install/my_py_pkg:/opt/ros/humble /usr/bin/cmake --install /home/asd/ros2_ws8/build/goat_gazebo
