[0.198s] Invoking command in '/home/asd/ros2_ws9/build/goat_interfaces': CMAKE_PREFIX_PATH=${CMAKE_PREFIX_PATH}:/home/asd/ros2_ws7/install/my_py_pkg_anscer:/home/asd/ros2_ws4/install/esp_wifi:/home/asd/ros2_ws4/install/maping_odom:/home/asd/ros2_ws/install/turtlesim_catch_them_all:/home/asd/ros2_ws/install/my_py_pkg:/opt/ros/humble /usr/bin/cmake --build /home/asd/ros2_ws9/build/goat_interfaces -- -j8 -l8
[0.523s] [  9%] Built target goat_interfaces__rosidl_generator_c
[0.542s] [ 12%] Built target goat_interfaces__cpp
[0.719s] [ 12%] Built target ament_cmake_python_copy_goat_interfaces
[0.836s] [ 22%] Built target goat_interfaces__rosidl_typesupport_c
[0.872s] [ 32%] Built target goat_interfaces__rosidl_typesupport_introspection_c
[0.874s] [ 41%] Built target goat_interfaces__rosidl_typesupport_fastrtps_c
[0.875s] [ 51%] Built target goat_interfaces__rosidl_typesupport_cpp
[0.875s] [ 61%] Built target goat_interfaces__rosidl_typesupport_fastrtps_cpp
[0.876s] [ 70%] Built target goat_interfaces__rosidl_typesupport_introspection_cpp
[0.974s] [ 70%] Built target goat_interfaces
[1.078s] [ 74%] Built target goat_interfaces__py
[1.199s] [ 80%] Built target goat_interfaces__rosidl_generator_py
[1.346s] [ 87%] Built target goat_interfaces__rosidl_typesupport_fastrtps_c__pyext
[1.347s] [ 93%] Built target goat_interfaces__rosidl_typesupport_introspection_c__pyext
[1.352s] [100%] Built target goat_interfaces__rosidl_typesupport_c__pyext
[2.240s] running egg_info
[2.242s] writing goat_interfaces.egg-info/PKG-INFO
[2.243s] writing dependency_links to goat_interfaces.egg-info/dependency_links.txt
[2.244s] writing top-level names to goat_interfaces.egg-info/top_level.txt
[2.252s] reading manifest file 'goat_interfaces.egg-info/SOURCES.txt'
[2.254s] writing manifest file 'goat_interfaces.egg-info/SOURCES.txt'
[2.353s] [100%] Built target ament_cmake_python_build_goat_interfaces_egg
[2.402s] Invoked command in '/home/asd/ros2_ws9/build/goat_interfaces' returned '0': CMAKE_PREFIX_PATH=${CMAKE_PREFIX_PATH}:/home/asd/ros2_ws7/install/my_py_pkg_anscer:/home/asd/ros2_ws4/install/esp_wifi:/home/asd/ros2_ws4/install/maping_odom:/home/asd/ros2_ws/install/turtlesim_catch_them_all:/home/asd/ros2_ws/install/my_py_pkg:/opt/ros/humble /usr/bin/cmake --build /home/asd/ros2_ws9/build/goat_interfaces -- -j8 -l8
[2.408s] Invoking command in '/home/asd/ros2_ws9/build/goat_interfaces': CMAKE_PREFIX_PATH=${CMAKE_PREFIX_PATH}:/home/asd/ros2_ws7/install/my_py_pkg_anscer:/home/asd/ros2_ws4/install/esp_wifi:/home/asd/ros2_ws4/install/maping_odom:/home/asd/ros2_ws/install/turtlesim_catch_them_all:/home/asd/ros2_ws/install/my_py_pkg:/opt/ros/humble /usr/bin/cmake --install /home/asd/ros2_ws9/build/goat_interfaces
[2.442s] -- Install configuration: ""
[2.442s] -- Up-to-date: /home/asd/ros2_ws9/install/goat_interfaces/share/ament_index/resource_index/rosidl_interfaces/goat_interfaces
[2.443s] -- Up-to-date: /home/asd/ros2_ws9/install/goat_interfaces/include/goat_interfaces/goat_interfaces
[2.444s] -- Up-to-date: /home/asd/ros2_ws9/install/goat_interfaces/include/goat_interfaces/goat_interfaces/msg
[2.444s] -- Up-to-date: /home/asd/ros2_ws9/install/goat_interfaces/include/goat_interfaces/goat_interfaces/msg/rosidl_generator_c__visibility_control.h
[2.444s] -- Up-to-date: /home/asd/ros2_ws9/install/goat_interfaces/include/goat_interfaces/goat_interfaces/srv
[2.445s] -- Up-to-date: /home/asd/ros2_ws9/install/goat_interfaces/include/goat_interfaces/goat_interfaces/srv/go_to_pose.h
[2.446s] -- Up-to-date: /home/asd/ros2_ws9/install/goat_interfaces/include/goat_interfaces/goat_interfaces/srv/detail
[2.446s] -- Up-to-date: /home/asd/ros2_ws9/install/goat_interfaces/include/goat_interfaces/goat_interfaces/srv/detail/go_to_pose__type_support.h
[2.447s] -- Up-to-date: /home/asd/ros2_ws9/install/goat_interfaces/include/goat_interfaces/goat_interfaces/srv/detail/go_to_pose__functions.h
[2.447s] -- Up-to-date: /home/asd/ros2_ws9/install/goat_interfaces/include/goat_interfaces/goat_interfaces/srv/detail/go_to_pose__struct.h
[2.448s] -- Up-to-date: /home/asd/ros2_ws9/install/goat_interfaces/include/goat_interfaces/goat_interfaces/srv/detail/go_to_pose__functions.c
[2.448s] -- Up-to-date: /home/asd/ros2_ws9/install/goat_interfaces/share/goat_interfaces/environment/library_path.sh
[2.449s] -- Up-to-date: /home/asd/ros2_ws9/install/goat_interfaces/share/goat_interfaces/environment/library_path.dsv
[2.449s] -- Up-to-date: /home/asd/ros2_ws9/install/goat_interfaces/lib/libgoat_interfaces__rosidl_generator_c.so
[2.449s] -- Up-to-date: /home/asd/ros2_ws9/install/goat_interfaces/include/goat_interfaces/goat_interfaces
[2.449s] -- Up-to-date: /home/asd/ros2_ws9/install/goat_interfaces/include/goat_interfaces/goat_interfaces/msg
[2.450s] -- Up-to-date: /home/asd/ros2_ws9/install/goat_interfaces/include/goat_interfaces/goat_interfaces/msg/rosidl_typesupport_fastrtps_c__visibility_control.h
[2.450s] -- Up-to-date: /home/asd/ros2_ws9/install/goat_interfaces/include/goat_interfaces/goat_interfaces/srv
[2.451s] -- Up-to-date: /home/asd/ros2_ws9/install/goat_interfaces/include/goat_interfaces/goat_interfaces/srv/detail
[2.452s] -- Up-to-date: /home/asd/ros2_ws9/install/goat_interfaces/include/goat_interfaces/goat_interfaces/srv/detail/go_to_pose__rosidl_typesupport_fastrtps_c.h
[2.453s] -- Up-to-date: /home/asd/ros2_ws9/install/goat_interfaces/lib/libgoat_interfaces__rosidl_typesupport_fastrtps_c.so
[2.453s] -- Up-to-date: /home/asd/ros2_ws9/install/goat_interfaces/include/goat_interfaces/goat_interfaces
[2.453s] -- Up-to-date: /home/asd/ros2_ws9/install/goat_interfaces/include/goat_interfaces/goat_interfaces/msg
[2.454s] -- Up-to-date: /home/asd/ros2_ws9/install/goat_interfaces/include/goat_interfaces/goat_interfaces/msg/rosidl_typesupport_introspection_c__visibility_control.h
[2.455s] -- Up-to-date: /home/asd/ros2_ws9/install/goat_interfaces/include/goat_interfaces/goat_interfaces/srv
[2.455s] -- Up-to-date: /home/asd/ros2_ws9/install/goat_interfaces/include/goat_interfaces/goat_interfaces/srv/detail
[2.455s] -- Up-to-date: /home/asd/ros2_ws9/install/goat_interfaces/include/goat_interfaces/goat_interfaces/srv/detail/go_to_pose__rosidl_typesupport_introspection_c.h
[2.456s] -- Up-to-date: /home/asd/ros2_ws9/install/goat_interfaces/include/goat_interfaces/goat_interfaces/srv/detail/go_to_pose__type_support.c
[2.456s] -- Up-to-date: /home/asd/ros2_ws9/install/goat_interfaces/lib/libgoat_interfaces__rosidl_typesupport_introspection_c.so
[2.457s] -- Up-to-date: /home/asd/ros2_ws9/install/goat_interfaces/lib/libgoat_interfaces__rosidl_typesupport_c.so
[2.457s] -- Up-to-date: /home/asd/ros2_ws9/install/goat_interfaces/include/goat_interfaces/goat_interfaces
[2.458s] -- Up-to-date: /home/asd/ros2_ws9/install/goat_interfaces/include/goat_interfaces/goat_interfaces/msg
[2.458s] -- Up-to-date: /home/asd/ros2_ws9/install/goat_interfaces/include/goat_interfaces/goat_interfaces/msg/rosidl_generator_cpp__visibility_control.hpp
[2.459s] -- Up-to-date: /home/asd/ros2_ws9/install/goat_interfaces/include/goat_interfaces/goat_interfaces/srv
[2.459s] -- Up-to-date: /home/asd/ros2_ws9/install/goat_interfaces/include/goat_interfaces/goat_interfaces/srv/go_to_pose.hpp
[2.460s] -- Up-to-date: /home/asd/ros2_ws9/install/goat_interfaces/include/goat_interfaces/goat_interfaces/srv/detail
[2.460s] -- Up-to-date: /home/asd/ros2_ws9/install/goat_interfaces/include/goat_interfaces/goat_interfaces/srv/detail/go_to_pose__builder.hpp
[2.461s] -- Up-to-date: /home/asd/ros2_ws9/install/goat_interfaces/include/goat_interfaces/goat_interfaces/srv/detail/go_to_pose__type_support.hpp
[2.462s] -- Up-to-date: /home/asd/ros2_ws9/install/goat_interfaces/include/goat_interfaces/goat_interfaces/srv/detail/go_to_pose__struct.hpp
[2.463s] -- Up-to-date: /home/asd/ros2_ws9/install/goat_interfaces/include/goat_interfaces/goat_interfaces/srv/detail/go_to_pose__traits.hpp
[2.463s] -- Up-to-date: /home/asd/ros2_ws9/install/goat_interfaces/include/goat_interfaces/goat_interfaces
[2.463s] -- Up-to-date: /home/asd/ros2_ws9/install/goat_interfaces/include/goat_interfaces/goat_interfaces/msg
[2.464s] -- Up-to-date: /home/asd/ros2_ws9/install/goat_interfaces/include/goat_interfaces/goat_interfaces/msg/rosidl_typesupport_fastrtps_cpp__visibility_control.h
[2.464s] -- Up-to-date: /home/asd/ros2_ws9/install/goat_interfaces/include/goat_interfaces/goat_interfaces/srv
[2.464s] -- Up-to-date: /home/asd/ros2_ws9/install/goat_interfaces/include/goat_interfaces/goat_interfaces/srv/detail
[2.465s] -- Up-to-date: /home/asd/ros2_ws9/install/goat_interfaces/include/goat_interfaces/goat_interfaces/srv/detail/dds_fastrtps
[2.465s] -- Up-to-date: /home/asd/ros2_ws9/install/goat_interfaces/include/goat_interfaces/goat_interfaces/srv/detail/go_to_pose__rosidl_typesupport_fastrtps_cpp.hpp
[2.465s] -- Up-to-date: /home/asd/ros2_ws9/install/goat_interfaces/lib/libgoat_interfaces__rosidl_typesupport_fastrtps_cpp.so
[2.465s] -- Up-to-date: /home/asd/ros2_ws9/install/goat_interfaces/include/goat_interfaces/goat_interfaces
[2.466s] -- Up-to-date: /home/asd/ros2_ws9/install/goat_interfaces/include/goat_interfaces/goat_interfaces/srv
[2.466s] -- Up-to-date: /home/asd/ros2_ws9/install/goat_interfaces/include/goat_interfaces/goat_interfaces/srv/detail
[2.466s] -- Up-to-date: /home/asd/ros2_ws9/install/goat_interfaces/include/goat_interfaces/goat_interfaces/srv/detail/go_to_pose__type_support.cpp
[2.466s] -- Up-to-date: /home/asd/ros2_ws9/install/goat_interfaces/include/goat_interfaces/goat_interfaces/srv/detail/go_to_pose__rosidl_typesupport_introspection_cpp.hpp
[2.467s] -- Up-to-date: /home/asd/ros2_ws9/install/goat_interfaces/lib/libgoat_interfaces__rosidl_typesupport_introspection_cpp.so
[2.467s] -- Up-to-date: /home/asd/ros2_ws9/install/goat_interfaces/lib/libgoat_interfaces__rosidl_typesupport_cpp.so
[2.467s] -- Up-to-date: /home/asd/ros2_ws9/install/goat_interfaces/share/goat_interfaces/environment/pythonpath.sh
[2.467s] -- Up-to-date: /home/asd/ros2_ws9/install/goat_interfaces/share/goat_interfaces/environment/pythonpath.dsv
[2.468s] -- Up-to-date: /home/asd/ros2_ws9/install/goat_interfaces/local/lib/python3.10/dist-packages/goat_interfaces-0.0.0-py3.10.egg-info
[2.468s] -- Installing: /home/asd/ros2_ws9/install/goat_interfaces/local/lib/python3.10/dist-packages/goat_interfaces-0.0.0-py3.10.egg-info/top_level.txt
[2.468s] -- Installing: /home/asd/ros2_ws9/install/goat_interfaces/local/lib/python3.10/dist-packages/goat_interfaces-0.0.0-py3.10.egg-info/PKG-INFO
[2.468s] -- Installing: /home/asd/ros2_ws9/install/goat_interfaces/local/lib/python3.10/dist-packages/goat_interfaces-0.0.0-py3.10.egg-info/dependency_links.txt
[2.469s] -- Installing: /home/asd/ros2_ws9/install/goat_interfaces/local/lib/python3.10/dist-packages/goat_interfaces-0.0.0-py3.10.egg-info/SOURCES.txt
[2.469s] -- Up-to-date: /home/asd/ros2_ws9/install/goat_interfaces/local/lib/python3.10/dist-packages/goat_interfaces
[2.469s] -- Up-to-date: /home/asd/ros2_ws9/install/goat_interfaces/local/lib/python3.10/dist-packages/goat_interfaces/goat_interfaces_s__rosidl_typesupport_c.cpython-310-x86_64-linux-gnu.so
[2.469s] -- Up-to-date: /home/asd/ros2_ws9/install/goat_interfaces/local/lib/python3.10/dist-packages/goat_interfaces/_goat_interfaces_s.ep.rosidl_typesupport_fastrtps_c.c
[2.470s] -- Up-to-date: /home/asd/ros2_ws9/install/goat_interfaces/local/lib/python3.10/dist-packages/goat_interfaces/srv
[2.470s] -- Up-to-date: /home/asd/ros2_ws9/install/goat_interfaces/local/lib/python3.10/dist-packages/goat_interfaces/srv/_go_to_pose_s.c
[2.470s] -- Up-to-date: /home/asd/ros2_ws9/install/goat_interfaces/local/lib/python3.10/dist-packages/goat_interfaces/srv/_go_to_pose.py
[2.470s] -- Up-to-date: /home/asd/ros2_ws9/install/goat_interfaces/local/lib/python3.10/dist-packages/goat_interfaces/srv/__init__.py
[2.470s] -- Up-to-date: /home/asd/ros2_ws9/install/goat_interfaces/local/lib/python3.10/dist-packages/goat_interfaces/libgoat_interfaces__rosidl_generator_py.so
[2.471s] -- Up-to-date: /home/asd/ros2_ws9/install/goat_interfaces/local/lib/python3.10/dist-packages/goat_interfaces/_goat_interfaces_s.ep.rosidl_typesupport_c.c
[2.471s] -- Up-to-date: /home/asd/ros2_ws9/install/goat_interfaces/local/lib/python3.10/dist-packages/goat_interfaces/goat_interfaces_s__rosidl_typesupport_introspection_c.cpython-310-x86_64-linux-gnu.so
[2.471s] -- Up-to-date: /home/asd/ros2_ws9/install/goat_interfaces/local/lib/python3.10/dist-packages/goat_interfaces/_goat_interfaces_s.ep.rosidl_typesupport_introspection_c.c
[2.471s] -- Up-to-date: /home/asd/ros2_ws9/install/goat_interfaces/local/lib/python3.10/dist-packages/goat_interfaces/__init__.py
[2.472s] -- Up-to-date: /home/asd/ros2_ws9/install/goat_interfaces/local/lib/python3.10/dist-packages/goat_interfaces/goat_interfaces_s__rosidl_typesupport_fastrtps_c.cpython-310-x86_64-linux-gnu.so
[2.826s] Listing '/home/asd/ros2_ws9/install/goat_interfaces/local/lib/python3.10/dist-packages/goat_interfaces'...
[2.826s] Listing '/home/asd/ros2_ws9/install/goat_interfaces/local/lib/python3.10/dist-packages/goat_interfaces/srv'...
[2.842s] -- Up-to-date: /home/asd/ros2_ws9/install/goat_interfaces/local/lib/python3.10/dist-packages/goat_interfaces/goat_interfaces_s__rosidl_typesupport_fastrtps_c.cpython-310-x86_64-linux-gnu.so
[2.844s] -- Up-to-date: /home/asd/ros2_ws9/install/goat_interfaces/local/lib/python3.10/dist-packages/goat_interfaces/goat_interfaces_s__rosidl_typesupport_introspection_c.cpython-310-x86_64-linux-gnu.so
[2.845s] -- Up-to-date: /home/asd/ros2_ws9/install/goat_interfaces/local/lib/python3.10/dist-packages/goat_interfaces/goat_interfaces_s__rosidl_typesupport_c.cpython-310-x86_64-linux-gnu.so
[2.847s] -- Up-to-date: /home/asd/ros2_ws9/install/goat_interfaces/lib/libgoat_interfaces__rosidl_generator_py.so
[2.848s] -- Up-to-date: /home/asd/ros2_ws9/install/goat_interfaces/share/goat_interfaces/srv/GoToPose.idl
[2.849s] -- Up-to-date: /home/asd/ros2_ws9/install/goat_interfaces/share/goat_interfaces/srv/GoToPose.srv
[2.850s] -- Up-to-date: /home/asd/ros2_ws9/install/goat_interfaces/share/goat_interfaces/srv/GoToPose_Request.msg
[2.850s] -- Up-to-date: /home/asd/ros2_ws9/install/goat_interfaces/share/goat_interfaces/srv/GoToPose_Response.msg
[2.851s] -- Up-to-date: /home/asd/ros2_ws9/install/goat_interfaces/share/ament_index/resource_index/package_run_dependencies/goat_interfaces
[2.851s] -- Up-to-date: /home/asd/ros2_ws9/install/goat_interfaces/share/ament_index/resource_index/parent_prefix_path/goat_interfaces
[2.852s] -- Up-to-date: /home/asd/ros2_ws9/install/goat_interfaces/share/goat_interfaces/environment/ament_prefix_path.sh
[2.853s] -- Up-to-date: /home/asd/ros2_ws9/install/goat_interfaces/share/goat_interfaces/environment/ament_prefix_path.dsv
[2.854s] -- Up-to-date: /home/asd/ros2_ws9/install/goat_interfaces/share/goat_interfaces/environment/path.sh
[2.854s] -- Up-to-date: /home/asd/ros2_ws9/install/goat_interfaces/share/goat_interfaces/environment/path.dsv
[2.855s] -- Up-to-date: /home/asd/ros2_ws9/install/goat_interfaces/share/goat_interfaces/local_setup.bash
[2.855s] -- Up-to-date: /home/asd/ros2_ws9/install/goat_interfaces/share/goat_interfaces/local_setup.sh
[2.856s] -- Up-to-date: /home/asd/ros2_ws9/install/goat_interfaces/share/goat_interfaces/local_setup.zsh
[2.857s] -- Up-to-date: /home/asd/ros2_ws9/install/goat_interfaces/share/goat_interfaces/local_setup.dsv
[2.857s] -- Installing: /home/asd/ros2_ws9/install/goat_interfaces/share/goat_interfaces/package.dsv
[2.857s] -- Up-to-date: /home/asd/ros2_ws9/install/goat_interfaces/share/ament_index/resource_index/packages/goat_interfaces
[2.859s] -- Up-to-date: /home/asd/ros2_ws9/install/goat_interfaces/share/goat_interfaces/cmake/export_goat_interfaces__rosidl_generator_cExport.cmake
[2.859s] -- Up-to-date: /home/asd/ros2_ws9/install/goat_interfaces/share/goat_interfaces/cmake/export_goat_interfaces__rosidl_generator_cExport-noconfig.cmake
[2.859s] -- Up-to-date: /home/asd/ros2_ws9/install/goat_interfaces/share/goat_interfaces/cmake/export_goat_interfaces__rosidl_typesupport_fastrtps_cExport.cmake
[2.860s] -- Up-to-date: /home/asd/ros2_ws9/install/goat_interfaces/share/goat_interfaces/cmake/export_goat_interfaces__rosidl_typesupport_fastrtps_cExport-noconfig.cmake
[2.860s] -- Up-to-date: /home/asd/ros2_ws9/install/goat_interfaces/share/goat_interfaces/cmake/goat_interfaces__rosidl_typesupport_introspection_cExport.cmake
[2.861s] -- Up-to-date: /home/asd/ros2_ws9/install/goat_interfaces/share/goat_interfaces/cmake/goat_interfaces__rosidl_typesupport_introspection_cExport-noconfig.cmake
[2.861s] -- Up-to-date: /home/asd/ros2_ws9/install/goat_interfaces/share/goat_interfaces/cmake/goat_interfaces__rosidl_typesupport_cExport.cmake
[2.861s] -- Up-to-date: /home/asd/ros2_ws9/install/goat_interfaces/share/goat_interfaces/cmake/goat_interfaces__rosidl_typesupport_cExport-noconfig.cmake
[2.862s] -- Up-to-date: /home/asd/ros2_ws9/install/goat_interfaces/share/goat_interfaces/cmake/export_goat_interfaces__rosidl_generator_cppExport.cmake
[2.862s] -- Up-to-date: /home/asd/ros2_ws9/install/goat_interfaces/share/goat_interfaces/cmake/export_goat_interfaces__rosidl_typesupport_fastrtps_cppExport.cmake
[2.862s] -- Up-to-date: /home/asd/ros2_ws9/install/goat_interfaces/share/goat_interfaces/cmake/export_goat_interfaces__rosidl_typesupport_fastrtps_cppExport-noconfig.cmake
[2.862s] -- Up-to-date: /home/asd/ros2_ws9/install/goat_interfaces/share/goat_interfaces/cmake/goat_interfaces__rosidl_typesupport_introspection_cppExport.cmake
[2.863s] -- Up-to-date: /home/asd/ros2_ws9/install/goat_interfaces/share/goat_interfaces/cmake/goat_interfaces__rosidl_typesupport_introspection_cppExport-noconfig.cmake
[2.863s] -- Up-to-date: /home/asd/ros2_ws9/install/goat_interfaces/share/goat_interfaces/cmake/goat_interfaces__rosidl_typesupport_cppExport.cmake
[2.863s] -- Up-to-date: /home/asd/ros2_ws9/install/goat_interfaces/share/goat_interfaces/cmake/goat_interfaces__rosidl_typesupport_cppExport-noconfig.cmake
[2.863s] -- Up-to-date: /home/asd/ros2_ws9/install/goat_interfaces/share/goat_interfaces/cmake/export_goat_interfaces__rosidl_generator_pyExport.cmake
[2.864s] -- Up-to-date: /home/asd/ros2_ws9/install/goat_interfaces/share/goat_interfaces/cmake/export_goat_interfaces__rosidl_generator_pyExport-noconfig.cmake
[2.864s] -- Up-to-date: /home/asd/ros2_ws9/install/goat_interfaces/share/goat_interfaces/cmake/rosidl_cmake-extras.cmake
[2.864s] -- Up-to-date: /home/asd/ros2_ws9/install/goat_interfaces/share/goat_interfaces/cmake/ament_cmake_export_include_directories-extras.cmake
[2.864s] -- Up-to-date: /home/asd/ros2_ws9/install/goat_interfaces/share/goat_interfaces/cmake/ament_cmake_export_libraries-extras.cmake
[2.865s] -- Up-to-date: /home/asd/ros2_ws9/install/goat_interfaces/share/goat_interfaces/cmake/ament_cmake_export_targets-extras.cmake
[2.865s] -- Up-to-date: /home/asd/ros2_ws9/install/goat_interfaces/share/goat_interfaces/cmake/rosidl_cmake_export_typesupport_targets-extras.cmake
[2.866s] -- Up-to-date: /home/asd/ros2_ws9/install/goat_interfaces/share/goat_interfaces/cmake/ament_cmake_export_dependencies-extras.cmake
[2.867s] -- Up-to-date: /home/asd/ros2_ws9/install/goat_interfaces/share/goat_interfaces/cmake/rosidl_cmake_export_typesupport_libraries-extras.cmake
[2.867s] -- Up-to-date: /home/asd/ros2_ws9/install/goat_interfaces/share/goat_interfaces/cmake/goat_interfacesConfig.cmake
[2.868s] -- Up-to-date: /home/asd/ros2_ws9/install/goat_interfaces/share/goat_interfaces/cmake/goat_interfacesConfig-version.cmake
[2.869s] -- Up-to-date: /home/asd/ros2_ws9/install/goat_interfaces/share/goat_interfaces/package.xml
[2.872s] Invoked command in '/home/asd/ros2_ws9/build/goat_interfaces' returned '0': CMAKE_PREFIX_PATH=${CMAKE_PREFIX_PATH}:/home/asd/ros2_ws7/install/my_py_pkg_anscer:/home/asd/ros2_ws4/install/esp_wifi:/home/asd/ros2_ws4/install/maping_odom:/home/asd/ros2_ws/install/turtlesim_catch_them_all:/home/asd/ros2_ws/install/my_py_pkg:/opt/ros/humble /usr/bin/cmake --install /home/asd/ros2_ws9/build/goat_interfaces
