running egg_info
creating ../../build/my_goat_pkg/my_goat_pkg.egg-info
writing ../../build/my_goat_pkg/my_goat_pkg.egg-info/PKG-INFO
writing dependency_links to ../../build/my_goat_pkg/my_goat_pkg.egg-info/dependency_links.txt
writing entry points to ../../build/my_goat_pkg/my_goat_pkg.egg-info/entry_points.txt
writing requirements to ../../build/my_goat_pkg/my_goat_pkg.egg-info/requires.txt
writing top-level names to ../../build/my_goat_pkg/my_goat_pkg.egg-info/top_level.txt
writing manifest file '../../build/my_goat_pkg/my_goat_pkg.egg-info/SOURCES.txt'
reading manifest file '../../build/my_goat_pkg/my_goat_pkg.egg-info/SOURCES.txt'
writing manifest file '../../build/my_goat_pkg/my_goat_pkg.egg-info/SOURCES.txt'
running build
running build_py
creating /home/asd/ros2_ws9/build/my_goat_pkg/build
creating /home/asd/ros2_ws9/build/my_goat_pkg/build/lib
creating /home/asd/ros2_ws9/build/my_goat_pkg/build/lib/my_goat_pkg
copying my_goat_pkg/simple_commander_api_template.py -> /home/asd/ros2_ws9/build/my_goat_pkg/build/lib/my_goat_pkg
copying my_goat_pkg/robot_core_logic.py -> /home/asd/ros2_ws9/build/my_goat_pkg/build/lib/my_goat_pkg
copying my_goat_pkg/navigator.py -> /home/asd/ros2_ws9/build/my_goat_pkg/build/lib/my_goat_pkg
copying my_goat_pkg/__init__.py -> /home/asd/ros2_ws9/build/my_goat_pkg/build/lib/my_goat_pkg
running install
running install_lib
creating /home/asd/ros2_ws9/install/my_goat_pkg/lib/python3.10/site-packages/my_goat_pkg
copying /home/asd/ros2_ws9/build/my_goat_pkg/build/lib/my_goat_pkg/simple_commander_api_template.py -> /home/asd/ros2_ws9/install/my_goat_pkg/lib/python3.10/site-packages/my_goat_pkg
copying /home/asd/ros2_ws9/build/my_goat_pkg/build/lib/my_goat_pkg/robot_core_logic.py -> /home/asd/ros2_ws9/install/my_goat_pkg/lib/python3.10/site-packages/my_goat_pkg
copying /home/asd/ros2_ws9/build/my_goat_pkg/build/lib/my_goat_pkg/navigator.py -> /home/asd/ros2_ws9/install/my_goat_pkg/lib/python3.10/site-packages/my_goat_pkg
copying /home/asd/ros2_ws9/build/my_goat_pkg/build/lib/my_goat_pkg/__init__.py -> /home/asd/ros2_ws9/install/my_goat_pkg/lib/python3.10/site-packages/my_goat_pkg
byte-compiling /home/asd/ros2_ws9/install/my_goat_pkg/lib/python3.10/site-packages/my_goat_pkg/simple_commander_api_template.py to simple_commander_api_template.cpython-310.pyc
byte-compiling /home/asd/ros2_ws9/install/my_goat_pkg/lib/python3.10/site-packages/my_goat_pkg/robot_core_logic.py to robot_core_logic.cpython-310.pyc
byte-compiling /home/asd/ros2_ws9/install/my_goat_pkg/lib/python3.10/site-packages/my_goat_pkg/navigator.py to navigator.cpython-310.pyc
byte-compiling /home/asd/ros2_ws9/install/my_goat_pkg/lib/python3.10/site-packages/my_goat_pkg/__init__.py to __init__.cpython-310.pyc
running install_data
creating /home/asd/ros2_ws9/install/my_goat_pkg/share/ament_index
creating /home/asd/ros2_ws9/install/my_goat_pkg/share/ament_index/resource_index
creating /home/asd/ros2_ws9/install/my_goat_pkg/share/ament_index/resource_index/packages
copying resource/my_goat_pkg -> /home/asd/ros2_ws9/install/my_goat_pkg/share/ament_index/resource_index/packages
copying package.xml -> /home/asd/ros2_ws9/install/my_goat_pkg/share/my_goat_pkg
running install_egg_info
Copying ../../build/my_goat_pkg/my_goat_pkg.egg-info to /home/asd/ros2_ws9/install/my_goat_pkg/lib/python3.10/site-packages/my_goat_pkg-0.0.0-py3.10.egg-info
running install_scripts
Installing goat_robo script to /home/asd/ros2_ws9/install/my_goat_pkg/lib/my_goat_pkg
Installing navigator_server script to /home/asd/ros2_ws9/install/my_goat_pkg/lib/my_goat_pkg
writing list of installed files to '/home/asd/ros2_ws9/build/my_goat_pkg/install.log'
