/home/asd/ros2_ws7/install/my_py_pkg_anscer/lib/python3.10/site-packages/my_py_pkg_anscer/trajectory_publisher_saver.py
/home/asd/ros2_ws7/install/my_py_pkg_anscer/lib/python3.10/site-packages/my_py_pkg_anscer/trajectory_visualizer.py
/home/asd/ros2_ws7/install/my_py_pkg_anscer/lib/python3.10/site-packages/my_py_pkg_anscer/__init__.py
/home/asd/ros2_ws7/install/my_py_pkg_anscer/lib/python3.10/site-packages/my_py_pkg_anscer/path_drawer.py
/home/asd/ros2_ws7/install/my_py_pkg_anscer/lib/python3.10/site-packages/my_py_pkg_anscer/__pycache__/trajectory_publisher_saver.cpython-310.pyc
/home/asd/ros2_ws7/install/my_py_pkg_anscer/lib/python3.10/site-packages/my_py_pkg_anscer/__pycache__/trajectory_visualizer.cpython-310.pyc
/home/asd/ros2_ws7/install/my_py_pkg_anscer/lib/python3.10/site-packages/my_py_pkg_anscer/__pycache__/__init__.cpython-310.pyc
/home/asd/ros2_ws7/install/my_py_pkg_anscer/lib/python3.10/site-packages/my_py_pkg_anscer/__pycache__/path_drawer.cpython-310.pyc
/home/asd/ros2_ws7/install/my_py_pkg_anscer/share/ament_index/resource_index/packages/my_py_pkg_anscer
/home/asd/ros2_ws7/install/my_py_pkg_anscer/share/my_py_pkg_anscer/package.xml
/home/asd/ros2_ws7/install/my_py_pkg_anscer/share/my_py_pkg_anscer/srv
/home/asd/ros2_ws7/install/my_py_pkg_anscer/lib/python3.10/site-packages/my_py_pkg_anscer-0.0.0-py3.10.egg-info/top_level.txt
/home/asd/ros2_ws7/install/my_py_pkg_anscer/lib/python3.10/site-packages/my_py_pkg_anscer-0.0.0-py3.10.egg-info/PKG-INFO
/home/asd/ros2_ws7/install/my_py_pkg_anscer/lib/python3.10/site-packages/my_py_pkg_anscer-0.0.0-py3.10.egg-info/dependency_links.txt
/home/asd/ros2_ws7/install/my_py_pkg_anscer/lib/python3.10/site-packages/my_py_pkg_anscer-0.0.0-py3.10.egg-info/zip-safe
/home/asd/ros2_ws7/install/my_py_pkg_anscer/lib/python3.10/site-packages/my_py_pkg_anscer-0.0.0-py3.10.egg-info/SOURCES.txt
/home/asd/ros2_ws7/install/my_py_pkg_anscer/lib/python3.10/site-packages/my_py_pkg_anscer-0.0.0-py3.10.egg-info/entry_points.txt
/home/asd/ros2_ws7/install/my_py_pkg_anscer/lib/python3.10/site-packages/my_py_pkg_anscer-0.0.0-py3.10.egg-info/requires.txt
/home/asd/ros2_ws7/install/my_py_pkg_anscer/lib/my_py_pkg_anscer/path_drawer
/home/asd/ros2_ws7/install/my_py_pkg_anscer/lib/my_py_pkg_anscer/trajectory_publisher_saver
/home/asd/ros2_ws7/install/my_py_pkg_anscer/lib/my_py_pkg_anscer/trajectory_visualizer
