[0.098s] Invoking command in '/home/asd/ros2_ws9/build/goat_interfaces': CMAKE_PREFIX_PATH=${CMAKE_PREFIX_PATH}:/home/asd/ros2_ws8/install/turtlebot3_simulations:/home/asd/ros2_ws8/install/turtlebot3_gazebo_goat:/home/asd/ros2_ws8/install/turtlebot3_fake_node:/home/asd/ros2_ws8/install/testbed_gazebo_goat:/home/asd/ros2_ws8/install/testbed_description_goat:/home/asd/ros2_ws8/install/my_goat_pkg:/home/asd/ros2_ws8/install/goat_interfaces:/home/asd/ros2_ws8/install/goat_gazebo:/home/asd/ros2_ws7/install/my_py_pkg_anscer:/home/asd/ros2_ws4/install/esp_wifi:/home/asd/ros2_ws4/install/maping_odom:/home/asd/ros2_ws/install/turtlesim_catch_them_all:/home/asd/ros2_ws/install/my_py_pkg:/opt/ros/humble /usr/bin/cmake --build /home/asd/ros2_ws9/build/goat_interfaces -- -j8 -l8
[0.242s] [35m[1mConsolidate compiler generated dependencies of target goat_interfaces__rosidl_generator_c[0m
[0.299s] [  3%] Built target goat_interfaces__cpp
[0.300s] [ 12%] Built target goat_interfaces__rosidl_generator_c
[0.328s] [35m[1mConsolidate compiler generated dependencies of target goat_interfaces__rosidl_typesupport_fastrtps_cpp[0m
[0.329s] [ 12%] Built target ament_cmake_python_copy_goat_interfaces
[0.392s] [35m[1mConsolidate compiler generated dependencies of target goat_interfaces__rosidl_typesupport_cpp[0m
[0.392s] [35m[1mConsolidate compiler generated dependencies of target goat_interfaces__rosidl_typesupport_introspection_cpp[0m
[0.430s] [35m[1mConsolidate compiler generated dependencies of target goat_interfaces__rosidl_typesupport_fastrtps_c[0m
[0.430s] [35m[1mConsolidate compiler generated dependencies of target goat_interfaces__rosidl_typesupport_c[0m
[0.434s] [35m[1mConsolidate compiler generated dependencies of target goat_interfaces__rosidl_typesupport_introspection_c[0m
[0.434s] [ 32%] Built target goat_interfaces__rosidl_typesupport_fastrtps_cpp
[0.434s] [ 32%] Built target goat_interfaces__rosidl_typesupport_cpp
[0.458s] [ 41%] Built target goat_interfaces__rosidl_typesupport_introspection_cpp
[0.459s] [ 51%] Built target goat_interfaces__rosidl_typesupport_c
[0.475s] [ 61%] Built target goat_interfaces__rosidl_typesupport_fastrtps_c
[0.492s] [ 70%] Built target goat_interfaces__rosidl_typesupport_introspection_c
[0.568s] [ 70%] Built target goat_interfaces
[0.635s] [ 74%] Built target goat_interfaces__py
[0.674s] [35m[1mConsolidate compiler generated dependencies of target goat_interfaces__rosidl_generator_py[0m
[0.715s] [ 80%] Built target goat_interfaces__rosidl_generator_py
[0.739s] [35m[1mConsolidate compiler generated dependencies of target goat_interfaces__rosidl_typesupport_fastrtps_c__pyext[0m
[0.743s] [35m[1mConsolidate compiler generated dependencies of target goat_interfaces__rosidl_typesupport_introspection_c__pyext[0m
[0.749s] [35m[1mConsolidate compiler generated dependencies of target goat_interfaces__rosidl_typesupport_c__pyext[0m
[0.784s] [ 87%] Built target goat_interfaces__rosidl_typesupport_introspection_c__pyext
[0.785s] [ 93%] Built target goat_interfaces__rosidl_typesupport_fastrtps_c__pyext
[0.797s] [100%] Built target goat_interfaces__rosidl_typesupport_c__pyext
[1.270s] running egg_info
[1.272s] writing goat_interfaces.egg-info/PKG-INFO
[1.273s] writing dependency_links to goat_interfaces.egg-info/dependency_links.txt
[1.273s] writing top-level names to goat_interfaces.egg-info/top_level.txt
[1.278s] reading manifest file 'goat_interfaces.egg-info/SOURCES.txt'
[1.279s] writing manifest file 'goat_interfaces.egg-info/SOURCES.txt'
[1.330s] [100%] Built target ament_cmake_python_build_goat_interfaces_egg
[1.358s] Invoked command in '/home/asd/ros2_ws9/build/goat_interfaces' returned '0': CMAKE_PREFIX_PATH=${CMAKE_PREFIX_PATH}:/home/asd/ros2_ws8/install/turtlebot3_simulations:/home/asd/ros2_ws8/install/turtlebot3_gazebo_goat:/home/asd/ros2_ws8/install/turtlebot3_fake_node:/home/asd/ros2_ws8/install/testbed_gazebo_goat:/home/asd/ros2_ws8/install/testbed_description_goat:/home/asd/ros2_ws8/install/my_goat_pkg:/home/asd/ros2_ws8/install/goat_interfaces:/home/asd/ros2_ws8/install/goat_gazebo:/home/asd/ros2_ws7/install/my_py_pkg_anscer:/home/asd/ros2_ws4/install/esp_wifi:/home/asd/ros2_ws4/install/maping_odom:/home/asd/ros2_ws/install/turtlesim_catch_them_all:/home/asd/ros2_ws/install/my_py_pkg:/opt/ros/humble /usr/bin/cmake --build /home/asd/ros2_ws9/build/goat_interfaces -- -j8 -l8
[1.364s] Invoking command in '/home/asd/ros2_ws9/build/goat_interfaces': CMAKE_PREFIX_PATH=${CMAKE_PREFIX_PATH}:/home/asd/ros2_ws8/install/turtlebot3_simulations:/home/asd/ros2_ws8/install/turtlebot3_gazebo_goat:/home/asd/ros2_ws8/install/turtlebot3_fake_node:/home/asd/ros2_ws8/install/testbed_gazebo_goat:/home/asd/ros2_ws8/install/testbed_description_goat:/home/asd/ros2_ws8/install/my_goat_pkg:/home/asd/ros2_ws8/install/goat_interfaces:/home/asd/ros2_ws8/install/goat_gazebo:/home/asd/ros2_ws7/install/my_py_pkg_anscer:/home/asd/ros2_ws4/install/esp_wifi:/home/asd/ros2_ws4/install/maping_odom:/home/asd/ros2_ws/install/turtlesim_catch_them_all:/home/asd/ros2_ws/install/my_py_pkg:/opt/ros/humble /usr/bin/cmake --install /home/asd/ros2_ws9/build/goat_interfaces
[1.389s] -- Install configuration: ""
[1.389s] -- Up-to-date: /home/asd/ros2_ws9/install/goat_interfaces/share/ament_index/resource_index/rosidl_interfaces/goat_interfaces
[1.390s] -- Up-to-date: /home/asd/ros2_ws9/install/goat_interfaces/include/goat_interfaces/goat_interfaces
[1.390s] -- Up-to-date: /home/asd/ros2_ws9/install/goat_interfaces/include/goat_interfaces/goat_interfaces/msg
[1.390s] -- Up-to-date: /home/asd/ros2_ws9/install/goat_interfaces/include/goat_interfaces/goat_interfaces/msg/rosidl_generator_c__visibility_control.h
[1.390s] -- Up-to-date: /home/asd/ros2_ws9/install/goat_interfaces/include/goat_interfaces/goat_interfaces/srv
[1.391s] -- Up-to-date: /home/asd/ros2_ws9/install/goat_interfaces/include/goat_interfaces/goat_interfaces/srv/go_to_pose.h
[1.391s] -- Up-to-date: /home/asd/ros2_ws9/install/goat_interfaces/include/goat_interfaces/goat_interfaces/srv/detail
[1.391s] -- Up-to-date: /home/asd/ros2_ws9/install/goat_interfaces/include/goat_interfaces/goat_interfaces/srv/detail/go_to_pose__type_support.h
[1.391s] -- Up-to-date: /home/asd/ros2_ws9/install/goat_interfaces/include/goat_interfaces/goat_interfaces/srv/detail/go_to_pose__functions.h
[1.392s] -- Up-to-date: /home/asd/ros2_ws9/install/goat_interfaces/include/goat_interfaces/goat_interfaces/srv/detail/go_to_pose__struct.h
[1.392s] -- Up-to-date: /home/asd/ros2_ws9/install/goat_interfaces/include/goat_interfaces/goat_interfaces/srv/detail/go_to_pose__functions.c
[1.393s] -- Up-to-date: /home/asd/ros2_ws9/install/goat_interfaces/share/goat_interfaces/environment/library_path.sh
[1.393s] -- Up-to-date: /home/asd/ros2_ws9/install/goat_interfaces/share/goat_interfaces/environment/library_path.dsv
[1.393s] -- Up-to-date: /home/asd/ros2_ws9/install/goat_interfaces/lib/libgoat_interfaces__rosidl_generator_c.so
[1.394s] -- Up-to-date: /home/asd/ros2_ws9/install/goat_interfaces/include/goat_interfaces/goat_interfaces
[1.394s] -- Up-to-date: /home/asd/ros2_ws9/install/goat_interfaces/include/goat_interfaces/goat_interfaces/msg
[1.394s] -- Up-to-date: /home/asd/ros2_ws9/install/goat_interfaces/include/goat_interfaces/goat_interfaces/msg/rosidl_typesupport_fastrtps_c__visibility_control.h
[1.394s] -- Up-to-date: /home/asd/ros2_ws9/install/goat_interfaces/include/goat_interfaces/goat_interfaces/srv
[1.395s] -- Up-to-date: /home/asd/ros2_ws9/install/goat_interfaces/include/goat_interfaces/goat_interfaces/srv/detail
[1.395s] -- Up-to-date: /home/asd/ros2_ws9/install/goat_interfaces/include/goat_interfaces/goat_interfaces/srv/detail/go_to_pose__rosidl_typesupport_fastrtps_c.h
[1.395s] -- Up-to-date: /home/asd/ros2_ws9/install/goat_interfaces/lib/libgoat_interfaces__rosidl_typesupport_fastrtps_c.so
[1.395s] -- Up-to-date: /home/asd/ros2_ws9/install/goat_interfaces/include/goat_interfaces/goat_interfaces
[1.396s] -- Up-to-date: /home/asd/ros2_ws9/install/goat_interfaces/include/goat_interfaces/goat_interfaces/msg
[1.396s] -- Up-to-date: /home/asd/ros2_ws9/install/goat_interfaces/include/goat_interfaces/goat_interfaces/msg/rosidl_typesupport_introspection_c__visibility_control.h
[1.397s] -- Up-to-date: /home/asd/ros2_ws9/install/goat_interfaces/include/goat_interfaces/goat_interfaces/srv
[1.397s] -- Up-to-date: /home/asd/ros2_ws9/install/goat_interfaces/include/goat_interfaces/goat_interfaces/srv/detail
[1.397s] -- Up-to-date: /home/asd/ros2_ws9/install/goat_interfaces/include/goat_interfaces/goat_interfaces/srv/detail/go_to_pose__rosidl_typesupport_introspection_c.h
[1.398s] -- Up-to-date: /home/asd/ros2_ws9/install/goat_interfaces/include/goat_interfaces/goat_interfaces/srv/detail/go_to_pose__type_support.c
[1.398s] -- Up-to-date: /home/asd/ros2_ws9/install/goat_interfaces/lib/libgoat_interfaces__rosidl_typesupport_introspection_c.so
[1.398s] -- Up-to-date: /home/asd/ros2_ws9/install/goat_interfaces/lib/libgoat_interfaces__rosidl_typesupport_c.so
[1.398s] -- Up-to-date: /home/asd/ros2_ws9/install/goat_interfaces/include/goat_interfaces/goat_interfaces
[1.399s] -- Up-to-date: /home/asd/ros2_ws9/install/goat_interfaces/include/goat_interfaces/goat_interfaces/msg
[1.399s] -- Up-to-date: /home/asd/ros2_ws9/install/goat_interfaces/include/goat_interfaces/goat_interfaces/msg/rosidl_generator_cpp__visibility_control.hpp
[1.399s] -- Up-to-date: /home/asd/ros2_ws9/install/goat_interfaces/include/goat_interfaces/goat_interfaces/srv
[1.399s] -- Up-to-date: /home/asd/ros2_ws9/install/goat_interfaces/include/goat_interfaces/goat_interfaces/srv/go_to_pose.hpp
[1.399s] -- Up-to-date: /home/asd/ros2_ws9/install/goat_interfaces/include/goat_interfaces/goat_interfaces/srv/detail
[1.399s] -- Up-to-date: /home/asd/ros2_ws9/install/goat_interfaces/include/goat_interfaces/goat_interfaces/srv/detail/go_to_pose__builder.hpp
[1.399s] -- Up-to-date: /home/asd/ros2_ws9/install/goat_interfaces/include/goat_interfaces/goat_interfaces/srv/detail/go_to_pose__type_support.hpp
[1.400s] -- Up-to-date: /home/asd/ros2_ws9/install/goat_interfaces/include/goat_interfaces/goat_interfaces/srv/detail/go_to_pose__struct.hpp
[1.400s] -- Up-to-date: /home/asd/ros2_ws9/install/goat_interfaces/include/goat_interfaces/goat_interfaces/srv/detail/go_to_pose__traits.hpp
[1.400s] -- Up-to-date: /home/asd/ros2_ws9/install/goat_interfaces/include/goat_interfaces/goat_interfaces
[1.400s] -- Up-to-date: /home/asd/ros2_ws9/install/goat_interfaces/include/goat_interfaces/goat_interfaces/msg
[1.401s] -- Up-to-date: /home/asd/ros2_ws9/install/goat_interfaces/include/goat_interfaces/goat_interfaces/msg/rosidl_typesupport_fastrtps_cpp__visibility_control.h
[1.401s] -- Up-to-date: /home/asd/ros2_ws9/install/goat_interfaces/include/goat_interfaces/goat_interfaces/srv
[1.401s] -- Up-to-date: /home/asd/ros2_ws9/install/goat_interfaces/include/goat_interfaces/goat_interfaces/srv/detail
[1.402s] -- Up-to-date: /home/asd/ros2_ws9/install/goat_interfaces/include/goat_interfaces/goat_interfaces/srv/detail/dds_fastrtps
[1.402s] -- Up-to-date: /home/asd/ros2_ws9/install/goat_interfaces/include/goat_interfaces/goat_interfaces/srv/detail/go_to_pose__rosidl_typesupport_fastrtps_cpp.hpp
[1.402s] -- Up-to-date: /home/asd/ros2_ws9/install/goat_interfaces/lib/libgoat_interfaces__rosidl_typesupport_fastrtps_cpp.so
[1.402s] -- Up-to-date: /home/asd/ros2_ws9/install/goat_interfaces/include/goat_interfaces/goat_interfaces
[1.403s] -- Up-to-date: /home/asd/ros2_ws9/install/goat_interfaces/include/goat_interfaces/goat_interfaces/srv
[1.403s] -- Up-to-date: /home/asd/ros2_ws9/install/goat_interfaces/include/goat_interfaces/goat_interfaces/srv/detail
[1.403s] -- Up-to-date: /home/asd/ros2_ws9/install/goat_interfaces/include/goat_interfaces/goat_interfaces/srv/detail/go_to_pose__type_support.cpp
[1.404s] -- Up-to-date: /home/asd/ros2_ws9/install/goat_interfaces/include/goat_interfaces/goat_interfaces/srv/detail/go_to_pose__rosidl_typesupport_introspection_cpp.hpp
[1.404s] -- Up-to-date: /home/asd/ros2_ws9/install/goat_interfaces/lib/libgoat_interfaces__rosidl_typesupport_introspection_cpp.so
[1.404s] -- Up-to-date: /home/asd/ros2_ws9/install/goat_interfaces/lib/libgoat_interfaces__rosidl_typesupport_cpp.so
[1.405s] -- Up-to-date: /home/asd/ros2_ws9/install/goat_interfaces/share/goat_interfaces/environment/pythonpath.sh
[1.405s] -- Up-to-date: /home/asd/ros2_ws9/install/goat_interfaces/share/goat_interfaces/environment/pythonpath.dsv
[1.405s] -- Up-to-date: /home/asd/ros2_ws9/install/goat_interfaces/local/lib/python3.10/dist-packages/goat_interfaces-0.0.0-py3.10.egg-info
[1.406s] -- Installing: /home/asd/ros2_ws9/install/goat_interfaces/local/lib/python3.10/dist-packages/goat_interfaces-0.0.0-py3.10.egg-info/top_level.txt
[1.406s] -- Installing: /home/asd/ros2_ws9/install/goat_interfaces/local/lib/python3.10/dist-packages/goat_interfaces-0.0.0-py3.10.egg-info/PKG-INFO
[1.407s] -- Installing: /home/asd/ros2_ws9/install/goat_interfaces/local/lib/python3.10/dist-packages/goat_interfaces-0.0.0-py3.10.egg-info/dependency_links.txt
[1.407s] -- Installing: /home/asd/ros2_ws9/install/goat_interfaces/local/lib/python3.10/dist-packages/goat_interfaces-0.0.0-py3.10.egg-info/SOURCES.txt
[1.407s] -- Up-to-date: /home/asd/ros2_ws9/install/goat_interfaces/local/lib/python3.10/dist-packages/goat_interfaces
[1.407s] -- Up-to-date: /home/asd/ros2_ws9/install/goat_interfaces/local/lib/python3.10/dist-packages/goat_interfaces/goat_interfaces_s__rosidl_typesupport_c.cpython-310-x86_64-linux-gnu.so
[1.408s] -- Up-to-date: /home/asd/ros2_ws9/install/goat_interfaces/local/lib/python3.10/dist-packages/goat_interfaces/_goat_interfaces_s.ep.rosidl_typesupport_fastrtps_c.c
[1.408s] -- Up-to-date: /home/asd/ros2_ws9/install/goat_interfaces/local/lib/python3.10/dist-packages/goat_interfaces/srv
[1.408s] -- Up-to-date: /home/asd/ros2_ws9/install/goat_interfaces/local/lib/python3.10/dist-packages/goat_interfaces/srv/_go_to_pose_s.c
[1.408s] -- Up-to-date: /home/asd/ros2_ws9/install/goat_interfaces/local/lib/python3.10/dist-packages/goat_interfaces/srv/_go_to_pose.py
[1.409s] -- Up-to-date: /home/asd/ros2_ws9/install/goat_interfaces/local/lib/python3.10/dist-packages/goat_interfaces/srv/__init__.py
[1.409s] -- Up-to-date: /home/asd/ros2_ws9/install/goat_interfaces/local/lib/python3.10/dist-packages/goat_interfaces/libgoat_interfaces__rosidl_generator_py.so
[1.409s] -- Up-to-date: /home/asd/ros2_ws9/install/goat_interfaces/local/lib/python3.10/dist-packages/goat_interfaces/_goat_interfaces_s.ep.rosidl_typesupport_c.c
[1.409s] -- Up-to-date: /home/asd/ros2_ws9/install/goat_interfaces/local/lib/python3.10/dist-packages/goat_interfaces/goat_interfaces_s__rosidl_typesupport_introspection_c.cpython-310-x86_64-linux-gnu.so
[1.409s] -- Up-to-date: /home/asd/ros2_ws9/install/goat_interfaces/local/lib/python3.10/dist-packages/goat_interfaces/_goat_interfaces_s.ep.rosidl_typesupport_introspection_c.c
[1.409s] -- Up-to-date: /home/asd/ros2_ws9/install/goat_interfaces/local/lib/python3.10/dist-packages/goat_interfaces/__init__.py
[1.409s] -- Up-to-date: /home/asd/ros2_ws9/install/goat_interfaces/local/lib/python3.10/dist-packages/goat_interfaces/goat_interfaces_s__rosidl_typesupport_fastrtps_c.cpython-310-x86_64-linux-gnu.so
[1.579s] Listing '/home/asd/ros2_ws9/install/goat_interfaces/local/lib/python3.10/dist-packages/goat_interfaces'...
[1.579s] Listing '/home/asd/ros2_ws9/install/goat_interfaces/local/lib/python3.10/dist-packages/goat_interfaces/srv'...
[1.587s] -- Up-to-date: /home/asd/ros2_ws9/install/goat_interfaces/local/lib/python3.10/dist-packages/goat_interfaces/goat_interfaces_s__rosidl_typesupport_fastrtps_c.cpython-310-x86_64-linux-gnu.so
[1.588s] -- Up-to-date: /home/asd/ros2_ws9/install/goat_interfaces/local/lib/python3.10/dist-packages/goat_interfaces/goat_interfaces_s__rosidl_typesupport_introspection_c.cpython-310-x86_64-linux-gnu.so
[1.588s] -- Up-to-date: /home/asd/ros2_ws9/install/goat_interfaces/local/lib/python3.10/dist-packages/goat_interfaces/goat_interfaces_s__rosidl_typesupport_c.cpython-310-x86_64-linux-gnu.so
[1.589s] -- Up-to-date: /home/asd/ros2_ws9/install/goat_interfaces/lib/libgoat_interfaces__rosidl_generator_py.so
[1.590s] -- Up-to-date: /home/asd/ros2_ws9/install/goat_interfaces/share/goat_interfaces/srv/GoToPose.idl
[1.591s] -- Up-to-date: /home/asd/ros2_ws9/install/goat_interfaces/share/goat_interfaces/srv/GoToPose.srv
[1.591s] -- Up-to-date: /home/asd/ros2_ws9/install/goat_interfaces/share/goat_interfaces/srv/GoToPose_Request.msg
[1.591s] -- Up-to-date: /home/asd/ros2_ws9/install/goat_interfaces/share/goat_interfaces/srv/GoToPose_Response.msg
[1.591s] -- Up-to-date: /home/asd/ros2_ws9/install/goat_interfaces/share/ament_index/resource_index/package_run_dependencies/goat_interfaces
[1.592s] -- Up-to-date: /home/asd/ros2_ws9/install/goat_interfaces/share/ament_index/resource_index/parent_prefix_path/goat_interfaces
[1.592s] -- Up-to-date: /home/asd/ros2_ws9/install/goat_interfaces/share/goat_interfaces/environment/ament_prefix_path.sh
[1.592s] -- Up-to-date: /home/asd/ros2_ws9/install/goat_interfaces/share/goat_interfaces/environment/ament_prefix_path.dsv
[1.592s] -- Up-to-date: /home/asd/ros2_ws9/install/goat_interfaces/share/goat_interfaces/environment/path.sh
[1.592s] -- Up-to-date: /home/asd/ros2_ws9/install/goat_interfaces/share/goat_interfaces/environment/path.dsv
[1.593s] -- Up-to-date: /home/asd/ros2_ws9/install/goat_interfaces/share/goat_interfaces/local_setup.bash
[1.593s] -- Up-to-date: /home/asd/ros2_ws9/install/goat_interfaces/share/goat_interfaces/local_setup.sh
[1.593s] -- Up-to-date: /home/asd/ros2_ws9/install/goat_interfaces/share/goat_interfaces/local_setup.zsh
[1.593s] -- Up-to-date: /home/asd/ros2_ws9/install/goat_interfaces/share/goat_interfaces/local_setup.dsv
[1.593s] -- Installing: /home/asd/ros2_ws9/install/goat_interfaces/share/goat_interfaces/package.dsv
[1.593s] -- Up-to-date: /home/asd/ros2_ws9/install/goat_interfaces/share/ament_index/resource_index/packages/goat_interfaces
[1.594s] -- Up-to-date: /home/asd/ros2_ws9/install/goat_interfaces/share/goat_interfaces/cmake/export_goat_interfaces__rosidl_generator_cExport.cmake
[1.594s] -- Up-to-date: /home/asd/ros2_ws9/install/goat_interfaces/share/goat_interfaces/cmake/export_goat_interfaces__rosidl_generator_cExport-noconfig.cmake
[1.594s] -- Up-to-date: /home/asd/ros2_ws9/install/goat_interfaces/share/goat_interfaces/cmake/export_goat_interfaces__rosidl_typesupport_fastrtps_cExport.cmake
[1.594s] -- Up-to-date: /home/asd/ros2_ws9/install/goat_interfaces/share/goat_interfaces/cmake/export_goat_interfaces__rosidl_typesupport_fastrtps_cExport-noconfig.cmake
[1.595s] -- Up-to-date: /home/asd/ros2_ws9/install/goat_interfaces/share/goat_interfaces/cmake/goat_interfaces__rosidl_typesupport_introspection_cExport.cmake
[1.595s] -- Up-to-date: /home/asd/ros2_ws9/install/goat_interfaces/share/goat_interfaces/cmake/goat_interfaces__rosidl_typesupport_introspection_cExport-noconfig.cmake
[1.595s] -- Up-to-date: /home/asd/ros2_ws9/install/goat_interfaces/share/goat_interfaces/cmake/goat_interfaces__rosidl_typesupport_cExport.cmake
[1.595s] -- Up-to-date: /home/asd/ros2_ws9/install/goat_interfaces/share/goat_interfaces/cmake/goat_interfaces__rosidl_typesupport_cExport-noconfig.cmake
[1.595s] -- Up-to-date: /home/asd/ros2_ws9/install/goat_interfaces/share/goat_interfaces/cmake/export_goat_interfaces__rosidl_generator_cppExport.cmake
[1.595s] -- Up-to-date: /home/asd/ros2_ws9/install/goat_interfaces/share/goat_interfaces/cmake/export_goat_interfaces__rosidl_typesupport_fastrtps_cppExport.cmake
[1.596s] -- Up-to-date: /home/asd/ros2_ws9/install/goat_interfaces/share/goat_interfaces/cmake/export_goat_interfaces__rosidl_typesupport_fastrtps_cppExport-noconfig.cmake
[1.596s] -- Up-to-date: /home/asd/ros2_ws9/install/goat_interfaces/share/goat_interfaces/cmake/goat_interfaces__rosidl_typesupport_introspection_cppExport.cmake
[1.596s] -- Up-to-date: /home/asd/ros2_ws9/install/goat_interfaces/share/goat_interfaces/cmake/goat_interfaces__rosidl_typesupport_introspection_cppExport-noconfig.cmake
[1.596s] -- Up-to-date: /home/asd/ros2_ws9/install/goat_interfaces/share/goat_interfaces/cmake/goat_interfaces__rosidl_typesupport_cppExport.cmake
[1.596s] -- Up-to-date: /home/asd/ros2_ws9/install/goat_interfaces/share/goat_interfaces/cmake/goat_interfaces__rosidl_typesupport_cppExport-noconfig.cmake
[1.596s] -- Up-to-date: /home/asd/ros2_ws9/install/goat_interfaces/share/goat_interfaces/cmake/export_goat_interfaces__rosidl_generator_pyExport.cmake
[1.596s] -- Up-to-date: /home/asd/ros2_ws9/install/goat_interfaces/share/goat_interfaces/cmake/export_goat_interfaces__rosidl_generator_pyExport-noconfig.cmake
[1.596s] -- Up-to-date: /home/asd/ros2_ws9/install/goat_interfaces/share/goat_interfaces/cmake/rosidl_cmake-extras.cmake
[1.597s] -- Up-to-date: /home/asd/ros2_ws9/install/goat_interfaces/share/goat_interfaces/cmake/ament_cmake_export_include_directories-extras.cmake
[1.597s] -- Up-to-date: /home/asd/ros2_ws9/install/goat_interfaces/share/goat_interfaces/cmake/ament_cmake_export_libraries-extras.cmake
[1.597s] -- Up-to-date: /home/asd/ros2_ws9/install/goat_interfaces/share/goat_interfaces/cmake/ament_cmake_export_targets-extras.cmake
[1.597s] -- Up-to-date: /home/asd/ros2_ws9/install/goat_interfaces/share/goat_interfaces/cmake/rosidl_cmake_export_typesupport_targets-extras.cmake
[1.597s] -- Up-to-date: /home/asd/ros2_ws9/install/goat_interfaces/share/goat_interfaces/cmake/ament_cmake_export_dependencies-extras.cmake
[1.597s] -- Up-to-date: /home/asd/ros2_ws9/install/goat_interfaces/share/goat_interfaces/cmake/rosidl_cmake_export_typesupport_libraries-extras.cmake
[1.597s] -- Up-to-date: /home/asd/ros2_ws9/install/goat_interfaces/share/goat_interfaces/cmake/goat_interfacesConfig.cmake
[1.597s] -- Up-to-date: /home/asd/ros2_ws9/install/goat_interfaces/share/goat_interfaces/cmake/goat_interfacesConfig-version.cmake
[1.597s] -- Up-to-date: /home/asd/ros2_ws9/install/goat_interfaces/share/goat_interfaces/package.xml
[1.600s] Invoked command in '/home/asd/ros2_ws9/build/goat_interfaces' returned '0': CMAKE_PREFIX_PATH=${CMAKE_PREFIX_PATH}:/home/asd/ros2_ws8/install/turtlebot3_simulations:/home/asd/ros2_ws8/install/turtlebot3_gazebo_goat:/home/asd/ros2_ws8/install/turtlebot3_fake_node:/home/asd/ros2_ws8/install/testbed_gazebo_goat:/home/asd/ros2_ws8/install/testbed_description_goat:/home/asd/ros2_ws8/install/my_goat_pkg:/home/asd/ros2_ws8/install/goat_interfaces:/home/asd/ros2_ws8/install/goat_gazebo:/home/asd/ros2_ws7/install/my_py_pkg_anscer:/home/asd/ros2_ws4/install/esp_wifi:/home/asd/ros2_ws4/install/maping_odom:/home/asd/ros2_ws/install/turtlesim_catch_them_all:/home/asd/ros2_ws/install/my_py_pkg:/opt/ros/humble /usr/bin/cmake --install /home/asd/ros2_ws9/build/goat_interfaces
