[0.190s] Invoking command in '/home/asd/ros2_ws9/build/turtlebot3_fake_node': CMAKE_PREFIX_PATH=${CMAKE_PREFIX_PATH}:/home/asd/ros2_ws7/install/my_py_pkg_anscer:/home/asd/ros2_ws4/install/esp_wifi:/home/asd/ros2_ws4/install/maping_odom:/home/asd/ros2_ws/install/turtlesim_catch_them_all:/home/asd/ros2_ws/install/my_py_pkg:/opt/ros/humble /usr/bin/cmake --build /home/asd/ros2_ws9/build/turtlebot3_fake_node -- -j8 -l8
[0.778s] [100%] Built target turtlebot3_fake_node
[1.033s] Invoked command in '/home/asd/ros2_ws9/build/turtlebot3_fake_node' returned '0': CMAKE_PREFIX_PATH=${CMAKE_PREFIX_PATH}:/home/asd/ros2_ws7/install/my_py_pkg_anscer:/home/asd/ros2_ws4/install/esp_wifi:/home/asd/ros2_ws4/install/maping_odom:/home/asd/ros2_ws/install/turtlesim_catch_them_all:/home/asd/ros2_ws/install/my_py_pkg:/opt/ros/humble /usr/bin/cmake --build /home/asd/ros2_ws9/build/turtlebot3_fake_node -- -j8 -l8
[1.037s] Invoking command in '/home/asd/ros2_ws9/build/turtlebot3_fake_node': CMAKE_PREFIX_PATH=${CMAKE_PREFIX_PATH}:/home/asd/ros2_ws7/install/my_py_pkg_anscer:/home/asd/ros2_ws4/install/esp_wifi:/home/asd/ros2_ws4/install/maping_odom:/home/asd/ros2_ws/install/turtlesim_catch_them_all:/home/asd/ros2_ws/install/my_py_pkg:/opt/ros/humble /usr/bin/cmake --install /home/asd/ros2_ws9/build/turtlebot3_fake_node
[1.079s] -- Install configuration: ""
[1.080s] -- Up-to-date: /home/asd/ros2_ws9/install/turtlebot3_fake_node/lib/turtlebot3_fake_node/turtlebot3_fake_node
[1.082s] -- Up-to-date: /home/asd/ros2_ws9/install/turtlebot3_fake_node/share/turtlebot3_fake_node/launch
[1.084s] -- Up-to-date: /home/asd/ros2_ws9/install/turtlebot3_fake_node/share/turtlebot3_fake_node/launch/rviz2.launch.py
[1.086s] -- Up-to-date: /home/asd/ros2_ws9/install/turtlebot3_fake_node/share/turtlebot3_fake_node/launch/turtlebot3_fake_node.launch.py
[1.087s] -- Up-to-date: /home/asd/ros2_ws9/install/turtlebot3_fake_node/share/turtlebot3_fake_node/param
[1.088s] -- Up-to-date: /home/asd/ros2_ws9/install/turtlebot3_fake_node/share/turtlebot3_fake_node/param/waffle.yaml
[1.088s] -- Up-to-date: /home/asd/ros2_ws9/install/turtlebot3_fake_node/share/turtlebot3_fake_node/param/waffle_pi.yaml
[1.089s] -- Up-to-date: /home/asd/ros2_ws9/install/turtlebot3_fake_node/share/turtlebot3_fake_node/param/burger.yaml
[1.090s] -- Up-to-date: /home/asd/ros2_ws9/install/turtlebot3_fake_node/include/
[1.090s] -- Up-to-date: /home/asd/ros2_ws9/install/turtlebot3_fake_node/include//turtlebot3_fake_node
[1.091s] -- Up-to-date: /home/asd/ros2_ws9/install/turtlebot3_fake_node/include//turtlebot3_fake_node/turtlebot3_fake_node.hpp
[1.091s] -- Up-to-date: /home/asd/ros2_ws9/install/turtlebot3_fake_node/share/ament_index/resource_index/package_run_dependencies/turtlebot3_fake_node
[1.092s] -- Up-to-date: /home/asd/ros2_ws9/install/turtlebot3_fake_node/share/ament_index/resource_index/parent_prefix_path/turtlebot3_fake_node
[1.093s] -- Up-to-date: /home/asd/ros2_ws9/install/turtlebot3_fake_node/share/turtlebot3_fake_node/environment/ament_prefix_path.sh
[1.093s] -- Up-to-date: /home/asd/ros2_ws9/install/turtlebot3_fake_node/share/turtlebot3_fake_node/environment/ament_prefix_path.dsv
[1.094s] -- Up-to-date: /home/asd/ros2_ws9/install/turtlebot3_fake_node/share/turtlebot3_fake_node/environment/path.sh
[1.095s] -- Up-to-date: /home/asd/ros2_ws9/install/turtlebot3_fake_node/share/turtlebot3_fake_node/environment/path.dsv
[1.095s] -- Up-to-date: /home/asd/ros2_ws9/install/turtlebot3_fake_node/share/turtlebot3_fake_node/local_setup.bash
[1.096s] -- Up-to-date: /home/asd/ros2_ws9/install/turtlebot3_fake_node/share/turtlebot3_fake_node/local_setup.sh
[1.096s] -- Up-to-date: /home/asd/ros2_ws9/install/turtlebot3_fake_node/share/turtlebot3_fake_node/local_setup.zsh
[1.097s] -- Up-to-date: /home/asd/ros2_ws9/install/turtlebot3_fake_node/share/turtlebot3_fake_node/local_setup.dsv
[1.098s] -- Installing: /home/asd/ros2_ws9/install/turtlebot3_fake_node/share/turtlebot3_fake_node/package.dsv
[1.099s] -- Up-to-date: /home/asd/ros2_ws9/install/turtlebot3_fake_node/share/ament_index/resource_index/packages/turtlebot3_fake_node
[1.101s] -- Up-to-date: /home/asd/ros2_ws9/install/turtlebot3_fake_node/share/turtlebot3_fake_node/cmake/ament_cmake_export_include_directories-extras.cmake
[1.103s] -- Up-to-date: /home/asd/ros2_ws9/install/turtlebot3_fake_node/share/turtlebot3_fake_node/cmake/ament_cmake_export_dependencies-extras.cmake
[1.104s] -- Up-to-date: /home/asd/ros2_ws9/install/turtlebot3_fake_node/share/turtlebot3_fake_node/cmake/turtlebot3_fake_nodeConfig.cmake
[1.105s] -- Up-to-date: /home/asd/ros2_ws9/install/turtlebot3_fake_node/share/turtlebot3_fake_node/cmake/turtlebot3_fake_nodeConfig-version.cmake
[1.105s] -- Up-to-date: /home/asd/ros2_ws9/install/turtlebot3_fake_node/share/turtlebot3_fake_node/package.xml
[1.148s] Invoked command in '/home/asd/ros2_ws9/build/turtlebot3_fake_node' returned '0': CMAKE_PREFIX_PATH=${CMAKE_PREFIX_PATH}:/home/asd/ros2_ws7/install/my_py_pkg_anscer:/home/asd/ros2_ws4/install/esp_wifi:/home/asd/ros2_ws4/install/maping_odom:/home/asd/ros2_ws/install/turtlesim_catch_them_all:/home/asd/ros2_ws/install/my_py_pkg:/opt/ros/humble /usr/bin/cmake --install /home/asd/ros2_ws9/build/turtlebot3_fake_node
