[0.083s] Invoking command in '/home/asd/ros2_ws9/build/goat_gazebo': CMAKE_PREFIX_PATH=${CMAKE_PREFIX_PATH}:/home/asd/ros2_ws8/install/turtlebot3_simulations:/home/asd/ros2_ws8/install/turtlebot3_gazebo_goat:/home/asd/ros2_ws8/install/turtlebot3_fake_node:/home/asd/ros2_ws8/install/testbed_gazebo_goat:/home/asd/ros2_ws8/install/testbed_description_goat:/home/asd/ros2_ws8/install/my_goat_pkg:/home/asd/ros2_ws8/install/goat_interfaces:/home/asd/ros2_ws8/install/goat_gazebo:/home/asd/ros2_ws7/install/my_py_pkg_anscer:/home/asd/ros2_ws4/install/esp_wifi:/home/asd/ros2_ws4/install/maping_odom:/home/asd/ros2_ws/install/turtlesim_catch_them_all:/home/asd/ros2_ws/install/my_py_pkg:/opt/ros/humble /usr/bin/cmake --build /home/asd/ros2_ws9/build/goat_gazebo -- -j8 -l8
[0.217s] Invoked command in '/home/asd/ros2_ws9/build/goat_gazebo' returned '0': CMAKE_PREFIX_PATH=${CMAKE_PREFIX_PATH}:/home/asd/ros2_ws8/install/turtlebot3_simulations:/home/asd/ros2_ws8/install/turtlebot3_gazebo_goat:/home/asd/ros2_ws8/install/turtlebot3_fake_node:/home/asd/ros2_ws8/install/testbed_gazebo_goat:/home/asd/ros2_ws8/install/testbed_description_goat:/home/asd/ros2_ws8/install/my_goat_pkg:/home/asd/ros2_ws8/install/goat_interfaces:/home/asd/ros2_ws8/install/goat_gazebo:/home/asd/ros2_ws7/install/my_py_pkg_anscer:/home/asd/ros2_ws4/install/esp_wifi:/home/asd/ros2_ws4/install/maping_odom:/home/asd/ros2_ws/install/turtlesim_catch_them_all:/home/asd/ros2_ws/install/my_py_pkg:/opt/ros/humble /usr/bin/cmake --build /home/asd/ros2_ws9/build/goat_gazebo -- -j8 -l8
[0.256s] Invoking command in '/home/asd/ros2_ws9/build/goat_gazebo': CMAKE_PREFIX_PATH=${CMAKE_PREFIX_PATH}:/home/asd/ros2_ws8/install/turtlebot3_simulations:/home/asd/ros2_ws8/install/turtlebot3_gazebo_goat:/home/asd/ros2_ws8/install/turtlebot3_fake_node:/home/asd/ros2_ws8/install/testbed_gazebo_goat:/home/asd/ros2_ws8/install/testbed_description_goat:/home/asd/ros2_ws8/install/my_goat_pkg:/home/asd/ros2_ws8/install/goat_interfaces:/home/asd/ros2_ws8/install/goat_gazebo:/home/asd/ros2_ws7/install/my_py_pkg_anscer:/home/asd/ros2_ws4/install/esp_wifi:/home/asd/ros2_ws4/install/maping_odom:/home/asd/ros2_ws/install/turtlesim_catch_them_all:/home/asd/ros2_ws/install/my_py_pkg:/opt/ros/humble /usr/bin/cmake --install /home/asd/ros2_ws9/build/goat_gazebo
[0.338s] -- Install configuration: ""
[0.338s] -- Up-to-date: /home/asd/ros2_ws9/install/goat_gazebo/share/goat_gazebo//launch
[0.340s] -- Up-to-date: /home/asd/ros2_ws9/install/goat_gazebo/share/goat_gazebo//launch/goat_hotel.launch.py
[0.340s] -- Up-to-date: /home/asd/ros2_ws9/install/goat_gazebo/share/goat_gazebo//maps
[0.341s] -- Up-to-date: /home/asd/ros2_ws9/install/goat_gazebo/share/goat_gazebo//maps/goat_hotel.pgm
[0.341s] -- Up-to-date: /home/asd/ros2_ws9/install/goat_gazebo/share/goat_gazebo//maps/testbed_world.yaml
[0.348s] -- Up-to-date: /home/asd/ros2_ws9/install/goat_gazebo/share/goat_gazebo//maps/testbed_world.pgm
[0.349s] -- Up-to-date: /home/asd/ros2_ws9/install/goat_gazebo/share/goat_gazebo//maps/goat_hotel.yaml
[0.353s] -- Up-to-date: /home/asd/ros2_ws9/install/goat_gazebo/share/ament_index/resource_index/package_run_dependencies/goat_gazebo
[0.353s] -- Up-to-date: /home/asd/ros2_ws9/install/goat_gazebo/share/ament_index/resource_index/parent_prefix_path/goat_gazebo
[0.353s] -- Up-to-date: /home/asd/ros2_ws9/install/goat_gazebo/share/goat_gazebo/environment/ament_prefix_path.sh
[0.354s] -- Up-to-date: /home/asd/ros2_ws9/install/goat_gazebo/share/goat_gazebo/environment/ament_prefix_path.dsv
[0.354s] -- Up-to-date: /home/asd/ros2_ws9/install/goat_gazebo/share/goat_gazebo/environment/path.sh
[0.354s] -- Up-to-date: /home/asd/ros2_ws9/install/goat_gazebo/share/goat_gazebo/environment/path.dsv
[0.354s] -- Up-to-date: /home/asd/ros2_ws9/install/goat_gazebo/share/goat_gazebo/local_setup.bash
[0.355s] -- Up-to-date: /home/asd/ros2_ws9/install/goat_gazebo/share/goat_gazebo/local_setup.sh
[0.355s] -- Up-to-date: /home/asd/ros2_ws9/install/goat_gazebo/share/goat_gazebo/local_setup.zsh
[0.355s] -- Up-to-date: /home/asd/ros2_ws9/install/goat_gazebo/share/goat_gazebo/local_setup.dsv
[0.355s] -- Up-to-date: /home/asd/ros2_ws9/install/goat_gazebo/share/goat_gazebo/package.dsv
[0.355s] -- Up-to-date: /home/asd/ros2_ws9/install/goat_gazebo/share/ament_index/resource_index/packages/goat_gazebo
[0.356s] -- Up-to-date: /home/asd/ros2_ws9/install/goat_gazebo/share/goat_gazebo/cmake/goat_gazeboConfig.cmake
[0.358s] -- Up-to-date: /home/asd/ros2_ws9/install/goat_gazebo/share/goat_gazebo/cmake/goat_gazeboConfig-version.cmake
[0.358s] -- Up-to-date: /home/asd/ros2_ws9/install/goat_gazebo/share/goat_gazebo/package.xml
[0.459s] Invoked command in '/home/asd/ros2_ws9/build/goat_gazebo' returned '0': CMAKE_PREFIX_PATH=${CMAKE_PREFIX_PATH}:/home/asd/ros2_ws8/install/turtlebot3_simulations:/home/asd/ros2_ws8/install/turtlebot3_gazebo_goat:/home/asd/ros2_ws8/install/turtlebot3_fake_node:/home/asd/ros2_ws8/install/testbed_gazebo_goat:/home/asd/ros2_ws8/install/testbed_description_goat:/home/asd/ros2_ws8/install/my_goat_pkg:/home/asd/ros2_ws8/install/goat_interfaces:/home/asd/ros2_ws8/install/goat_gazebo:/home/asd/ros2_ws7/install/my_py_pkg_anscer:/home/asd/ros2_ws4/install/esp_wifi:/home/asd/ros2_ws4/install/maping_odom:/home/asd/ros2_ws/install/turtlesim_catch_them_all:/home/asd/ros2_ws/install/my_py_pkg:/opt/ros/humble /usr/bin/cmake --install /home/asd/ros2_ws9/build/goat_gazebo
